Log file open, 03/17/24 05:16:07
LogWindows: Failed to load 'aqProf.dll' (GetLastError=126)
LogWindows: File 'aqProf.dll' does not exist
LogWindows: Failed to load 'VtuneApi.dll' (GetLastError=126)
LogWindows: File 'VtuneApi.dll' does not exist
LogWindows: Failed to load 'VtuneApi32e.dll' (GetLastError=126)
LogWindows: File 'VtuneApi32e.dll' does not exist
LogConsoleResponse: Display: Failed to find resolution value strings in scalability ini. Falling back to default.
LogConsoleResponse: Display: Failed to find resolution value strings in scalability ini. Falling back to default.
LogInit: Display: Running engine for game: InsectHeaven
LogPlatformFile: Not using cached read wrapper
LogTaskGraph: Started task graph with 5 named threads and 71 total threads with 3 sets of task threads.
LogStats: Stats thread started at 0.270428
LogICUInternationalization: ICU TimeZone Detection - Raw Offset: +9:00, Platform Override: ''
LogInit: Display: Loading text-based GConfig....
LogPluginManager: Mounting plugin MeshPainting
LogPluginManager: Mounting plugin XGEController
LogPluginManager: Mounting plugin Paper2D
LogPluginManager: Mounting plugin AISupport
LogPluginManager: Mounting plugin EnvironmentQueryEditor
LogPluginManager: Mounting plugin LightPropagationVolume
LogPluginManager: Mounting plugin LiveLink
LogPluginManager: Mounting plugin GameplayCameras
LogPluginManager: Mounting plugin CameraShakePreviewer
LogPluginManager: Mounting plugin CodeLiteSourceCodeAccess
LogPluginManager: Mounting plugin GitSourceControl
LogPluginManager: Mounting plugin CLionSourceCodeAccess
LogPluginManager: Mounting plugin NullSourceCodeAccess
LogPluginManager: Mounting plugin KDevelopSourceCodeAccess
LogPluginManager: Mounting plugin AnimationSharing
LogPluginManager: Mounting plugin PerforceSourceControl
LogPluginManager: Mounting plugin PlasticSourceControl
LogPluginManager: Mounting plugin PixWinPlugin
LogPluginManager: Mounting plugin PropertyAccessNode
LogPluginManager: Mounting plugin AssetManagerEditor
LogPluginManager: Mounting plugin SubversionSourceControl
LogPluginManager: Mounting plugin PluginUtils
LogPluginManager: Mounting plugin TextureFormatOodle
LogPluginManager: Mounting plugin UObjectPlugin
LogPluginManager: Mounting plugin RiderSourceCodeAccess
LogPluginManager: Mounting plugin VisualStudioSourceCodeAccess
LogPluginManager: Mounting plugin VisualStudioCodeSourceCodeAccess
LogPluginManager: Mounting plugin XCodeSourceCodeAccess
LogPluginManager: Mounting plugin OodleData
LogPluginManager: Mounting plugin CurveEditorTools
LogPluginManager: Mounting plugin DataValidation
LogPluginManager: Mounting plugin FacialAnimation
LogPluginManager: Mounting plugin OodleNetwork
LogPluginManager: Mounting plugin GameplayTagsEditor
LogPluginManager: Mounting plugin CryptoKeys
LogPluginManager: Mounting plugin GeometryMode
LogPluginManager: Mounting plugin MacGraphicsSwitching
LogPluginManager: Mounting plugin SpeedTreeImporter
LogPluginManager: Mounting plugin PluginBrowser
LogPluginManager: Mounting plugin MobileLauncherProfileWizard
LogPluginManager: Mounting plugin MaterialAnalyzer
LogPluginManager: Mounting plugin VariantManagerContent
LogPluginManager: Mounting plugin AlembicImporter
LogPluginManager: Mounting plugin DatasmithContent
LogPluginManager: Mounting plugin BackChannel
LogPluginManager: Mounting plugin AutomationUtils
LogPluginManager: Mounting plugin ChaosCloth
LogPluginManager: Mounting plugin ChaosEditor
LogPluginManager: Mounting plugin ChaosClothEditor
LogPluginManager: Mounting plugin ChaosSolverPlugin
LogPluginManager: Mounting plugin ChaosNiagara
LogPluginManager: Mounting plugin CharacterAI
LogPluginManager: Mounting plugin Niagara
LogPluginManager: Mounting plugin GeometryCache
LogPluginManager: Mounting plugin GeometryCollectionPlugin
LogPluginManager: Mounting plugin GeometryProcessing
LogPluginManager: Mounting plugin MotoSynth
LogPluginManager: Mounting plugin OpenImageDenoise
LogPluginManager: Mounting plugin PlatformCrypto
LogPluginManager: Mounting plugin PythonScriptPlugin
LogPluginManager: Mounting plugin ProxyLODPlugin
LogPluginManager: Mounting plugin LuminPlatformFeatures
LogPluginManager: Mounting plugin MagicLeap
LogPluginManager: Mounting plugin MagicLeapMedia
LogPluginManager: Mounting plugin MagicLeapLightEstimation
LogPluginManager: Mounting plugin PlanarCut
LogPluginManager: Mounting plugin MagicLeapPassableWorld
LogPluginManager: Mounting plugin SkeletalReduction
LogPluginManager: Mounting plugin AndroidMedia
LogPluginManager: Mounting plugin AvfMedia
LogPluginManager: Mounting plugin ImgMedia
LogPluginManager: Mounting plugin MediaCompositing
LogPluginManager: Mounting plugin MediaPlayerEditor
LogPluginManager: Mounting plugin WebMMedia
LogPluginManager: Mounting plugin WmfMedia
LogPluginManager: Mounting plugin MLSDK
LogPluginManager: Mounting plugin ActorSequence
LogPluginManager: Mounting plugin UdpMessaging
LogPluginManager: Mounting plugin TcpMessaging
LogPluginManager: Mounting plugin LevelSequenceEditor
LogPluginManager: Mounting plugin MatineeToLevelSequence
LogPluginManager: Mounting plugin LauncherChunkInstaller
LogPluginManager: Mounting plugin OnlineSubsystem
LogPluginManager: Mounting plugin OnlineSubsystemNull
LogPluginManager: Mounting plugin TemplateSequence
LogPluginManager: Mounting plugin OnlineSubsystemUtils
LogPluginManager: Mounting plugin ActorLayerUtilities
LogPluginManager: Mounting plugin Takes
LogPluginManager: Mounting plugin AndroidDeviceProfileSelector
LogPluginManager: Mounting plugin AndroidPermission
LogPluginManager: Mounting plugin AndroidMoviePlayer
LogPluginManager: Mounting plugin AppleImageUtils
LogPluginManager: Mounting plugin AppleMoviePlayer
LogPluginManager: Mounting plugin ArchVisCharacter
LogPluginManager: Mounting plugin AssetTags
LogPluginManager: Mounting plugin AudioSynesthesia
LogPluginManager: Mounting plugin CableComponent
LogPluginManager: Mounting plugin ScreenshotTools
LogPluginManager: Mounting plugin ChunkDownloader
LogPluginManager: Mounting plugin CustomMeshComponent
LogPluginManager: Mounting plugin ExampleDeviceProfileSelector
LogPluginManager: Mounting plugin EditableMesh
LogPluginManager: Mounting plugin AudioCapture
LogPluginManager: Mounting plugin GooglePAD
LogPluginManager: Mounting plugin GoogleCloudMessaging
LogPluginManager: Mounting plugin LinuxDeviceProfileSelector
LogPluginManager: Mounting plugin IOSDeviceProfileSelector
LogPluginManager: Mounting plugin LocationServicesBPLibrary
LogPluginManager: Mounting plugin OpenXR
LogPluginManager: Mounting plugin OpenXREyeTracker
LogPluginManager: Mounting plugin OpenXRHandTracking
LogPluginManager: Mounting plugin MobilePatchingUtils
LogPluginManager: Mounting plugin PostSplashScreen
LogPluginManager: Mounting plugin PropertyAccessEditor
LogPluginManager: Mounting plugin PhysXVehicles
LogPluginManager: Mounting plugin ProceduralMeshComponent
LogPluginManager: Mounting plugin RuntimePhysXCooking
LogPluginManager: Mounting plugin SoundFields
LogPluginManager: Mounting plugin SignificanceManager
LogPluginManager: Mounting plugin Synthesis
LogPluginManager: Mounting plugin WebMMoviePlayer
LogPluginManager: Mounting plugin WindowsMoviePlayer
LogPluginManager: Mounting plugin ContentBrowserAssetDataSource
LogPluginManager: Mounting plugin ContentBrowserClassDataSource
LogPluginManager: Mounting plugin ContentBrowserFileDataSource
LogPluginManager: Mounting plugin RiderLink
LogPluginManager: Mounting plugin OnlineSubsystemGooglePlay
LogPluginManager: Mounting plugin OnlineSubsystemIOS
LogPluginManager: Mounting plugin OculusVR
LogPluginManager: Mounting plugin SteamVR
PixWinPlugin: PIX capture plugin failed to initialize! Check that the process is launched from PIX.
LogInit: Using libcurl 7.55.1-DEV
LogInit:  - built for x86_64-pc-win32
LogInit:  - supports SSL with OpenSSL/1.1.1
LogInit:  - supports HTTP deflate (compression) using libz 1.2.8
LogInit:  - other features:
LogInit:      CURL_VERSION_SSL
LogInit:      CURL_VERSION_LIBZ
LogInit:      CURL_VERSION_IPV6
LogInit:      CURL_VERSION_ASYNCHDNS
LogInit:      CURL_VERSION_LARGEFILE
LogInit:      CURL_VERSION_IDN
LogInit:  CurlRequestOptions (configurable via config and command line):
LogInit:  - bVerifyPeer = true  - Libcurl will verify peer certificate
LogInit:  - bUseHttpProxy = false  - Libcurl will NOT use HTTP proxy
LogInit:  - bDontReuseConnections = false  - Libcurl will reuse connections
LogInit:  - MaxHostConnections = 16  - Libcurl will limit the number of connections to a host
LogInit:  - LocalHostAddr = Default
LogInit:  - BufferSize = 65536
LogOnline: OSS: Creating online subsystem instance for: NULL
LogInit: WinSock: version 1.1 (2.2), MaxSocks=32767, MaxUdp=65467
LogOnline: OSS: TryLoadSubsystemAndSetDefault: Loaded subsystem for module [NULL]
LogOculusPluginWrapper: OculusPlugin initialized successfully
LogHMD: Failed initializing OVRPlugin 1.59.0
LogInit: Build: ++UE4+Release-4.27-CL-18319896
LogInit: Engine Version: 4.27.2-18319896+++UE4+Release-4.27
LogInit: Compatible Engine Version: 4.27.0-17155196+++UE4+Release-4.27
LogInit: Net CL: 17155196
LogInit: OS: Windows 10 (Release 2009) (), CPU: AMD Ryzen 9 7900X 12-Core Processor            , GPU: AMD Radeon RX 7900 XTX
LogInit: Compiled (64-bit): Nov 30 2021 07:12:08
LogInit: Compiled with Visual C++: 19.24.28315.00
LogInit: Build Configuration: DebugGame
LogInit: Branch Name: ++UE4+Release-4.27
LogInit: Command Line:  -skipcompile
LogInit: Base Directory: C:/Program Files/UE_4.27/Engine/Binaries/Win64/
LogInit: Allocator: TBB
LogInit: Installed Engine Build: 1
LogDevObjectVersion: Number of dev versions registered: 29
LogDevObjectVersion:   Dev-Blueprints (B0D832E4-1F89-4F0D-ACCF-7EB736FD4AA2): 10
LogDevObjectVersion:   Dev-Build (E1C64328-A22C-4D53-A36C-8E866417BD8C): 0
LogDevObjectVersion:   Dev-Core (375EC13C-06E4-48FB-B500-84F0262A717E): 4
LogDevObjectVersion:   Dev-Editor (E4B068ED-F494-42E9-A231-DA0B2E46BB41): 40
LogDevObjectVersion:   Dev-Framework (CFFC743F-43B0-4480-9391-14DF171D2073): 37
LogDevObjectVersion:   Dev-Mobile (B02B49B5-BB20-44E9-A304-32B752E40360): 3
LogDevObjectVersion:   Dev-Networking (A4E4105C-59A1-49B5-A7C5-40C4547EDFEE): 0
LogDevObjectVersion:   Dev-Online (39C831C9-5AE6-47DC-9A44-9C173E1C8E7C): 0
LogDevObjectVersion:   Dev-Physics (78F01B33-EBEA-4F98-B9B4-84EACCB95AA2): 14
LogDevObjectVersion:   Dev-Platform (6631380F-2D4D-43E0-8009-CF276956A95A): 0
LogDevObjectVersion:   Dev-Rendering (12F88B9F-8875-4AFC-A67C-D90C383ABD29): 45
LogDevObjectVersion:   Dev-Sequencer (7B5AE74C-D270-4C10-A958-57980B212A5A): 13
LogDevObjectVersion:   Dev-VR (D7296918-1DD6-4BDD-9DE2-64A83CC13884): 3
LogDevObjectVersion:   Dev-LoadTimes (C2A15278-BFE7-4AFE-6C17-90FF531DF755): 1
LogDevObjectVersion:   Private-Geometry (6EACA3D4-40EC-4CC1-B786-8BED09428FC5): 3
LogDevObjectVersion:   Dev-AnimPhys (29E575DD-E0A3-4627-9D10-D276232CDCEA): 17
LogDevObjectVersion:   Dev-Anim (AF43A65D-7FD3-4947-9873-3E8ED9C1BB05): 15
LogDevObjectVersion:   Dev-ReflectionCapture (6B266CEC-1EC7-4B8F-A30B-E4D90942FC07): 1
LogDevObjectVersion:   Dev-Automation (0DF73D61-A23F-47EA-B727-89E90C41499A): 1
LogDevObjectVersion:   FortniteMain (601D1886-AC64-4F84-AA16-D3DE0DEAC7D6): 47
LogDevObjectVersion:   FortniteRelease (E7086368-6B23-4C58-8439-1B7016265E91): 1
LogDevObjectVersion:   Dev-Enterprise (9DFFBCD6-494F-0158-E221-12823C92A888): 10
LogDevObjectVersion:   Dev-Niagara (F2AED0AC-9AFE-416F-8664-AA7FFA26D6FC): 1
LogDevObjectVersion:   Dev-Destruction (174F1F0B-B4C6-45A5-B13F-2EE8D0FB917D): 10
LogDevObjectVersion:   Dev-Physics-Ext (35F94A83-E258-406C-A318-09F59610247C): 41
LogDevObjectVersion:   Dev-PhysicsMaterial-Chaos (B68FC16E-8B1B-42E2-B453-215C058844FE): 1
LogDevObjectVersion:   Dev-CineCamera (B2E18506-4273-CFC2-A54E-F4BB758BBA07): 1
LogDevObjectVersion:   Dev-VirtualProduction (64F58936-FD1B-42BA-BA96-7289D5D0FA4E): 1
LogDevObjectVersion:   Dev-MediaFramework (6F0ED827-A609-4895-9C91-998D90180EA4): 2
LogInit: Presizing for max 25165824 objects, including 0 objects not considered by GC, pre-allocating 0 bytes for permanent pool.
LogConfig: Applying CVar settings from Section [/Script/Engine.StreamingSettings] File [C:/Uneal/InsectHeaven/Saved/Config/Windows/Engine.ini]
LogConfig: Setting CVar [[s.MinBulkDataSizeForAsyncLoading:131072]]
LogConfig: Setting CVar [[s.AsyncLoadingThreadEnabled:0]]
LogConfig: Setting CVar [[s.EventDrivenLoaderEnabled:1]]
LogConfig: Setting CVar [[s.WarnIfTimeLimitExceeded:0]]
LogConfig: Setting CVar [[s.TimeLimitExceededMultiplier:1.5]]
LogConfig: Setting CVar [[s.TimeLimitExceededMinTime:0.005]]
LogConfig: Setting CVar [[s.UseBackgroundLevelStreaming:1]]
LogConfig: Setting CVar [[s.PriorityAsyncLoadingExtraTime:15.0]]
LogConfig: Setting CVar [[s.LevelStreamingActorsUpdateTimeLimit:5.0]]
LogConfig: Setting CVar [[s.PriorityLevelStreamingActorsUpdateExtraTime:5.0]]
LogConfig: Setting CVar [[s.LevelStreamingComponentsRegistrationGranularity:10]]
LogConfig: Setting CVar [[s.UnregisterComponentsTimeLimit:1.0]]
LogConfig: Setting CVar [[s.LevelStreamingComponentsUnregistrationGranularity:5]]
LogConfig: Setting CVar [[s.FlushStreamingOnExit:1]]
LogInit: Object subsystem initialized
LogConfig: Setting CVar [[con.DebugEarlyDefault:1]]
LogConfig: Setting CVar [[r.setres:1280x720]]
[2024.03.16-20.16.08:255][  0]LogConfig: Setting CVar [[r.VSync:0]]
[2024.03.16-20.16.08:256][  0]LogConfig: Setting CVar [[r.RHICmdBypass:0]]
[2024.03.16-20.16.08:256][  0]LogConfig: Applying CVar settings from Section [/Script/Engine.RendererSettings] File [C:/Uneal/InsectHeaven/Saved/Config/Windows/Engine.ini]
[2024.03.16-20.16.08:256][  0]LogConfig: Setting CVar [[r.GPUCrashDebugging:0]]
[2024.03.16-20.16.08:256][  0]LogConfig: Applying CVar settings from Section [/Script/Engine.RendererOverrideSettings] File [C:/Uneal/InsectHeaven/Saved/Config/Windows/Engine.ini]
[2024.03.16-20.16.08:256][  0]LogConfig: Applying CVar settings from Section [/Script/Engine.StreamingSettings] File [C:/Uneal/InsectHeaven/Saved/Config/Windows/Engine.ini]
[2024.03.16-20.16.08:256][  0]LogConfig: Setting CVar [[s.MinBulkDataSizeForAsyncLoading:131072]]
[2024.03.16-20.16.08:256][  0]LogConfig: Setting CVar [[s.AsyncLoadingThreadEnabled:0]]
[2024.03.16-20.16.08:256][  0]LogConfig: Setting CVar [[s.EventDrivenLoaderEnabled:1]]
[2024.03.16-20.16.08:256][  0]LogConfig: Setting CVar [[s.WarnIfTimeLimitExceeded:0]]
[2024.03.16-20.16.08:256][  0]LogConfig: Setting CVar [[s.TimeLimitExceededMultiplier:1.5]]
[2024.03.16-20.16.08:257][  0]LogConfig: Setting CVar [[s.TimeLimitExceededMinTime:0.005]]
[2024.03.16-20.16.08:257][  0]LogConfig: Setting CVar [[s.UseBackgroundLevelStreaming:1]]
[2024.03.16-20.16.08:257][  0]LogConfig: Setting CVar [[s.PriorityAsyncLoadingExtraTime:15.0]]
[2024.03.16-20.16.08:257][  0]LogConfig: Setting CVar [[s.LevelStreamingActorsUpdateTimeLimit:5.0]]
[2024.03.16-20.16.08:257][  0]LogConfig: Setting CVar [[s.PriorityLevelStreamingActorsUpdateExtraTime:5.0]]
[2024.03.16-20.16.08:257][  0]LogConfig: Setting CVar [[s.LevelStreamingComponentsRegistrationGranularity:10]]
[2024.03.16-20.16.08:257][  0]LogConfig: Setting CVar [[s.UnregisterComponentsTimeLimit:1.0]]
[2024.03.16-20.16.08:257][  0]LogConfig: Setting CVar [[s.LevelStreamingComponentsUnregistrationGranularity:5]]
[2024.03.16-20.16.08:257][  0]LogConfig: Setting CVar [[s.FlushStreamingOnExit:1]]
[2024.03.16-20.16.08:257][  0]LogConfig: Applying CVar settings from Section [/Script/Engine.GarbageCollectionSettings] File [C:/Uneal/InsectHeaven/Saved/Config/Windows/Engine.ini]
[2024.03.16-20.16.08:258][  0]LogConfig: Setting CVar [[gc.MaxObjectsNotConsideredByGC:1]]
[2024.03.16-20.16.08:258][  0]LogConfig: Setting CVar [[gc.SizeOfPermanentObjectPool:0]]
[2024.03.16-20.16.08:258][  0]LogConfig: Setting CVar [[gc.FlushStreamingOnGC:0]]
[2024.03.16-20.16.08:258][  0]LogConfig: Setting CVar [[gc.NumRetriesBeforeForcingGC:10]]
[2024.03.16-20.16.08:258][  0]LogConfig: Setting CVar [[gc.AllowParallelGC:1]]
[2024.03.16-20.16.08:258][  0]LogConfig: Setting CVar [[gc.TimeBetweenPurgingPendingKillObjects:61.1]]
[2024.03.16-20.16.08:258][  0]LogConfig: Setting CVar [[gc.MaxObjectsInEditor:25165824]]
[2024.03.16-20.16.08:258][  0]LogConfig: Setting CVar [[gc.IncrementalBeginDestroyEnabled:1]]
[2024.03.16-20.16.08:258][  0]LogConfig: Setting CVar [[gc.CreateGCClusters:1]]
[2024.03.16-20.16.08:258][  0]LogConfig: Setting CVar [[gc.MinGCClusterSize:5]]
[2024.03.16-20.16.08:258][  0]LogConfig: Setting CVar [[gc.ActorClusteringEnabled:0]]
[2024.03.16-20.16.08:258][  0]LogConfig: Setting CVar [[gc.BlueprintClusteringEnabled:0]]
[2024.03.16-20.16.08:259][  0]LogConfig: Setting CVar [[gc.UseDisregardForGCOnDedicatedServers:0]]
[2024.03.16-20.16.08:259][  0]LogConfig: Setting CVar [[gc.MultithreadedDestructionEnabled:1]]
[2024.03.16-20.16.08:259][  0]LogConfig: Applying CVar settings from Section [/Script/Engine.NetworkSettings] File [C:/Uneal/InsectHeaven/Saved/Config/Windows/Engine.ini]
[2024.03.16-20.16.08:259][  0]LogConfig: Applying CVar settings from Section [/Script/UnrealEd.CookerSettings] File [C:/Uneal/InsectHeaven/Saved/Config/Windows/Engine.ini]
[2024.03.16-20.16.08:312][  0]LogConfig: Applying CVar settings from Section [ViewDistanceQuality@3] File [C:/Uneal/InsectHeaven/Saved/Config/Windows/Scalability.ini]
[2024.03.16-20.16.08:312][  0]LogConfig: Setting CVar [[r.SkeletalMeshLODBias:0]]
[2024.03.16-20.16.08:312][  0]LogConfig: Setting CVar [[r.ViewDistanceScale:1.0]]
[2024.03.16-20.16.08:312][  0]LogConfig: Applying CVar settings from Section [AntiAliasingQuality@3] File [C:/Uneal/InsectHeaven/Saved/Config/Windows/Scalability.ini]
[2024.03.16-20.16.08:312][  0]LogConfig: Setting CVar [[r.PostProcessAAQuality:4]]
[2024.03.16-20.16.08:312][  0]LogConfig: Applying CVar settings from Section [ShadowQuality@3] File [C:/Uneal/InsectHeaven/Saved/Config/Windows/Scalability.ini]
[2024.03.16-20.16.08:312][  0]LogConfig: Setting CVar [[r.LightFunctionQuality:1]]
[2024.03.16-20.16.08:312][  0]LogConfig: Setting CVar [[r.ShadowQuality:5]]
[2024.03.16-20.16.08:313][  0]LogConfig: Setting CVar [[r.Shadow.CSM.MaxCascades:10]]
[2024.03.16-20.16.08:313][  0]LogConfig: Setting CVar [[r.Shadow.MaxResolution:2048]]
[2024.03.16-20.16.08:313][  0]LogConfig: Setting CVar [[r.Shadow.MaxCSMResolution:2048]]
[2024.03.16-20.16.08:313][  0]LogConfig: Setting CVar [[r.Shadow.RadiusThreshold:0.01]]
[2024.03.16-20.16.08:313][  0]LogConfig: Setting CVar [[r.Shadow.DistanceScale:1.0]]
[2024.03.16-20.16.08:313][  0]LogConfig: Setting CVar [[r.Shadow.CSM.TransitionScale:1.0]]
[2024.03.16-20.16.08:313][  0]LogConfig: Setting CVar [[r.Shadow.PreShadowResolutionFactor:1.0]]
[2024.03.16-20.16.08:313][  0]LogConfig: Setting CVar [[r.DistanceFieldShadowing:1]]
[2024.03.16-20.16.08:313][  0]LogConfig: Setting CVar [[r.DistanceFieldAO:1]]
[2024.03.16-20.16.08:314][  0]LogConfig: Setting CVar [[r.AOQuality:2]]
[2024.03.16-20.16.08:314][  0]LogConfig: Setting CVar [[r.VolumetricFog:1]]
[2024.03.16-20.16.08:314][  0]LogConfig: Setting CVar [[r.VolumetricFog.GridPixelSize:8]]
[2024.03.16-20.16.08:314][  0]LogConfig: Setting CVar [[r.VolumetricFog.GridSizeZ:128]]
[2024.03.16-20.16.08:314][  0]LogConfig: Setting CVar [[r.VolumetricFog.HistoryMissSupersampleCount:4]]
[2024.03.16-20.16.08:314][  0]LogConfig: Setting CVar [[r.LightMaxDrawDistanceScale:1]]
[2024.03.16-20.16.08:314][  0]LogConfig: Setting CVar [[r.CapsuleShadows:1]]
[2024.03.16-20.16.08:314][  0]LogConfig: Applying CVar settings from Section [PostProcessQuality@3] File [C:/Uneal/InsectHeaven/Saved/Config/Windows/Scalability.ini]
[2024.03.16-20.16.08:315][  0]LogConfig: Setting CVar [[r.MotionBlurQuality:4]]
[2024.03.16-20.16.08:315][  0]LogConfig: Setting CVar [[r.AmbientOcclusionMipLevelFactor:0.4]]
[2024.03.16-20.16.08:315][  0]LogConfig: Setting CVar [[r.AmbientOcclusionMaxQuality:100]]
[2024.03.16-20.16.08:315][  0]LogConfig: Setting CVar [[r.AmbientOcclusionLevels:-1]]
[2024.03.16-20.16.08:315][  0]LogConfig: Setting CVar [[r.AmbientOcclusionRadiusScale:1.0]]
[2024.03.16-20.16.08:315][  0]LogConfig: Setting CVar [[r.DepthOfFieldQuality:2]]
[2024.03.16-20.16.08:315][  0]LogConfig: Setting CVar [[r.RenderTargetPoolMin:400]]
[2024.03.16-20.16.08:315][  0]LogConfig: Setting CVar [[r.LensFlareQuality:2]]
[2024.03.16-20.16.08:315][  0]LogConfig: Setting CVar [[r.SceneColorFringeQuality:1]]
[2024.03.16-20.16.08:315][  0]LogConfig: Setting CVar [[r.EyeAdaptationQuality:2]]
[2024.03.16-20.16.08:315][  0]LogConfig: Setting CVar [[r.BloomQuality:5]]
[2024.03.16-20.16.08:316][  0]LogConfig: Setting CVar [[r.FastBlurThreshold:100]]
[2024.03.16-20.16.08:316][  0]LogConfig: Setting CVar [[r.Upscale.Quality:3]]
[2024.03.16-20.16.08:316][  0]LogConfig: Setting CVar [[r.Tonemapper.GrainQuantization:1]]
[2024.03.16-20.16.08:316][  0]LogConfig: Setting CVar [[r.LightShaftQuality:1]]
[2024.03.16-20.16.08:316][  0]LogConfig: Setting CVar [[r.Filter.SizeScale:1]]
[2024.03.16-20.16.08:316][  0]LogConfig: Setting CVar [[r.Tonemapper.Quality:5]]
[2024.03.16-20.16.08:316][  0]LogConfig: Setting CVar [[r.DOF.Gather.AccumulatorQuality:1        ; higher gathering accumulator quality]]
[2024.03.16-20.16.08:316][  0]LogConfig: Setting CVar [[r.DOF.Gather.PostfilterMethod:1          ; Median3x3 postfilering method]]
[2024.03.16-20.16.08:316][  0]LogConfig: Setting CVar [[r.DOF.Gather.EnableBokehSettings:0       ; no bokeh simulation when gathering]]
[2024.03.16-20.16.08:316][  0]LogConfig: Setting CVar [[r.DOF.Gather.RingCount:4                 ; medium number of samples when gathering]]
[2024.03.16-20.16.08:317][  0]LogConfig: Setting CVar [[r.DOF.Scatter.ForegroundCompositing:1    ; additive foreground scattering]]
[2024.03.16-20.16.08:317][  0]LogConfig: Setting CVar [[r.DOF.Scatter.BackgroundCompositing:2    ; additive background scattering]]
[2024.03.16-20.16.08:317][  0]LogConfig: Setting CVar [[r.DOF.Scatter.EnableBokehSettings:1      ; bokeh simulation when scattering]]
[2024.03.16-20.16.08:317][  0]LogConfig: Setting CVar [[r.DOF.Scatter.MaxSpriteRatio:0.1         ; only a maximum of 10% of scattered bokeh]]
[2024.03.16-20.16.08:317][  0]LogConfig: Setting CVar [[r.DOF.Recombine.Quality:1                ; cheap slight out of focus]]
[2024.03.16-20.16.08:317][  0]LogConfig: Setting CVar [[r.DOF.Recombine.EnableBokehSettings:0    ; no bokeh simulation on slight out of focus]]
[2024.03.16-20.16.08:317][  0]LogConfig: Setting CVar [[r.DOF.TemporalAAQuality:1                ; more stable temporal accumulation]]
[2024.03.16-20.16.08:317][  0]LogConfig: Setting CVar [[r.DOF.Kernel.MaxForegroundRadius:0.025]]
[2024.03.16-20.16.08:317][  0]LogConfig: Setting CVar [[r.DOF.Kernel.MaxBackgroundRadius:0.025]]
[2024.03.16-20.16.08:317][  0]LogConfig: Applying CVar settings from Section [TextureQuality@3] File [C:/Uneal/InsectHeaven/Saved/Config/Windows/Scalability.ini]
[2024.03.16-20.16.08:317][  0]LogConfig: Setting CVar [[r.Streaming.MipBias:0]]
[2024.03.16-20.16.08:318][  0]LogConfig: Setting CVar [[r.Streaming.AmortizeCPUToGPUCopy:0]]
[2024.03.16-20.16.08:318][  0]LogConfig: Setting CVar [[r.Streaming.MaxNumTexturesToStreamPerFrame:0]]
[2024.03.16-20.16.08:318][  0]LogConfig: Setting CVar [[r.Streaming.Boost:1]]
[2024.03.16-20.16.08:318][  0]LogConfig: Setting CVar [[r.MaxAnisotropy:8]]
[2024.03.16-20.16.08:318][  0]LogConfig: Setting CVar [[r.VT.MaxAnisotropy:8]]
[2024.03.16-20.16.08:318][  0]LogConfig: Setting CVar [[r.Streaming.LimitPoolSizeToVRAM:0]]
[2024.03.16-20.16.08:318][  0]LogConfig: Setting CVar [[r.Streaming.PoolSize:1000]]
[2024.03.16-20.16.08:318][  0]LogConfig: Setting CVar [[r.Streaming.MaxEffectiveScreenSize:0]]
[2024.03.16-20.16.08:318][  0]LogConfig: Applying CVar settings from Section [EffectsQuality@3] File [C:/Uneal/InsectHeaven/Saved/Config/Windows/Scalability.ini]
[2024.03.16-20.16.08:318][  0]LogConfig: Setting CVar [[r.TranslucencyLightingVolumeDim:64]]
[2024.03.16-20.16.08:319][  0]LogConfig: Setting CVar [[r.RefractionQuality:2]]
[2024.03.16-20.16.08:319][  0]LogConfig: Setting CVar [[r.SSR.Quality:3]]
[2024.03.16-20.16.08:319][  0]LogConfig: Setting CVar [[r.SSR.HalfResSceneColor:0]]
[2024.03.16-20.16.08:319][  0]LogConfig: Setting CVar [[r.SceneColorFormat:4]]
[2024.03.16-20.16.08:319][  0]LogConfig: Setting CVar [[r.DetailMode:2]]
[2024.03.16-20.16.08:319][  0]LogConfig: Setting CVar [[r.TranslucencyVolumeBlur:1]]
[2024.03.16-20.16.08:319][  0]LogConfig: Setting CVar [[r.MaterialQualityLevel:1 ; High quality]]
[2024.03.16-20.16.08:319][  0]LogConfig: Setting CVar [[r.AnisotropicMaterials:1]]
[2024.03.16-20.16.08:319][  0]LogConfig: Setting CVar [[r.SSS.Scale:1]]
[2024.03.16-20.16.08:319][  0]LogConfig: Setting CVar [[r.SSS.SampleSet:2]]
[2024.03.16-20.16.08:319][  0]LogConfig: Setting CVar [[r.SSS.Quality:1]]
[2024.03.16-20.16.08:319][  0]LogConfig: Setting CVar [[r.SSS.HalfRes:0]]
[2024.03.16-20.16.08:320][  0]LogConfig: Setting CVar [[r.SSGI.Quality:3]]
[2024.03.16-20.16.08:320][  0]LogConfig: Setting CVar [[r.EmitterSpawnRateScale:1.0]]
[2024.03.16-20.16.08:320][  0]LogConfig: Setting CVar [[r.ParticleLightQuality:2]]
[2024.03.16-20.16.08:320][  0]LogConfig: Setting CVar [[r.SkyAtmosphere.AerialPerspectiveLUT.FastApplyOnOpaque:1 ; Always have FastSkyLUT 1 in this case to avoid wrong sky]]
[2024.03.16-20.16.08:320][  0]LogConfig: Setting CVar [[r.SkyAtmosphere.AerialPerspectiveLUT.SampleCountMaxPerSlice:4]]
[2024.03.16-20.16.08:320][  0]LogConfig: Setting CVar [[r.SkyAtmosphere.AerialPerspectiveLUT.DepthResolution:16.0]]
[2024.03.16-20.16.08:320][  0]LogConfig: Setting CVar [[r.SkyAtmosphere.FastSkyLUT:1]]
[2024.03.16-20.16.08:320][  0]LogConfig: Setting CVar [[r.SkyAtmosphere.FastSkyLUT.SampleCountMin:4.0]]
[2024.03.16-20.16.08:320][  0]LogConfig: Setting CVar [[r.SkyAtmosphere.FastSkyLUT.SampleCountMax:128.0]]
[2024.03.16-20.16.08:320][  0]LogConfig: Setting CVar [[r.SkyAtmosphere.SampleCountMin:4.0]]
[2024.03.16-20.16.08:320][  0]LogConfig: Setting CVar [[r.SkyAtmosphere.SampleCountMax:128.0]]
[2024.03.16-20.16.08:321][  0]LogConfig: Setting CVar [[r.SkyAtmosphere.TransmittanceLUT.UseSmallFormat:0]]
[2024.03.16-20.16.08:321][  0]LogConfig: Setting CVar [[r.SkyAtmosphere.TransmittanceLUT.SampleCount:10.0]]
[2024.03.16-20.16.08:321][  0]LogConfig: Setting CVar [[r.SkyAtmosphere.MultiScatteringLUT.SampleCount:15.0]]
[2024.03.16-20.16.08:321][  0]LogConfig: Setting CVar [[r.SkyLight.RealTimeReflectionCapture:1]]
[2024.03.16-20.16.08:321][  0]LogConfig: Applying CVar settings from Section [FoliageQuality@3] File [C:/Uneal/InsectHeaven/Saved/Config/Windows/Scalability.ini]
[2024.03.16-20.16.08:321][  0]LogConfig: Setting CVar [[foliage.DensityScale:1.0]]
[2024.03.16-20.16.08:321][  0]LogConfig: Setting CVar [[grass.DensityScale:1.0]]
[2024.03.16-20.16.08:321][  0]LogConfig: Applying CVar settings from Section [ShadingQuality@3] File [C:/Uneal/InsectHeaven/Saved/Config/Windows/Scalability.ini]
[2024.03.16-20.16.08:321][  0]LogConfig: Setting CVar [[r.HairStrands.SkyLighting.IntegrationType:2]]
[2024.03.16-20.16.08:321][  0]LogConfig: Setting CVar [[r.HairStrands.SkyAO.SampleCount:4]]
[2024.03.16-20.16.08:322][  0]LogConfig: Setting CVar [[r.HairStrands.Visibility.MSAA.SamplePerPixel:4]]
[2024.03.16-20.16.08:322][  0]LogInit: Selected Device Profile: [Windows]
[2024.03.16-20.16.08:322][  0]LogInit: Applying CVar settings loaded from the selected device profile: [Windows]
[2024.03.16-20.16.08:322][  0]LogHAL: Display: Platform has ~ 32 GB [33457160192 / 34359738368 / 32], which maps to Largest [LargestMinGB=32, LargerMinGB=12, DefaultMinGB=8, SmallerMinGB=6, SmallestMinGB=0)
[2024.03.16-20.16.08:322][  0]LogInit: Going up to parent DeviceProfile []
[2024.03.16-20.16.08:322][  0]LogConfig: Applying CVar settings from Section [ViewDistanceQuality@3] File [C:/Uneal/InsectHeaven/Saved/Config/Windows/Scalability.ini]
[2024.03.16-20.16.08:322][  0]LogConfig: Setting CVar [[r.SkeletalMeshLODBias:0]]
[2024.03.16-20.16.08:322][  0]LogConfig: Setting CVar [[r.ViewDistanceScale:1.0]]
[2024.03.16-20.16.08:323][  0]LogConfig: Applying CVar settings from Section [AntiAliasingQuality@3] File [C:/Uneal/InsectHeaven/Saved/Config/Windows/Scalability.ini]
[2024.03.16-20.16.08:323][  0]LogConfig: Setting CVar [[r.PostProcessAAQuality:4]]
[2024.03.16-20.16.08:323][  0]LogConfig: Applying CVar settings from Section [ShadowQuality@3] File [C:/Uneal/InsectHeaven/Saved/Config/Windows/Scalability.ini]
[2024.03.16-20.16.08:323][  0]LogConfig: Setting CVar [[r.LightFunctionQuality:1]]
[2024.03.16-20.16.08:323][  0]LogConfig: Setting CVar [[r.ShadowQuality:5]]
[2024.03.16-20.16.08:323][  0]LogConfig: Setting CVar [[r.Shadow.CSM.MaxCascades:10]]
[2024.03.16-20.16.08:323][  0]LogConfig: Setting CVar [[r.Shadow.MaxResolution:2048]]
[2024.03.16-20.16.08:323][  0]LogConfig: Setting CVar [[r.Shadow.MaxCSMResolution:2048]]
[2024.03.16-20.16.08:323][  0]LogConfig: Setting CVar [[r.Shadow.RadiusThreshold:0.01]]
[2024.03.16-20.16.08:323][  0]LogConfig: Setting CVar [[r.Shadow.DistanceScale:1.0]]
[2024.03.16-20.16.08:323][  0]LogConfig: Setting CVar [[r.Shadow.CSM.TransitionScale:1.0]]
[2024.03.16-20.16.08:323][  0]LogConfig: Setting CVar [[r.Shadow.PreShadowResolutionFactor:1.0]]
[2024.03.16-20.16.08:324][  0]LogConfig: Setting CVar [[r.DistanceFieldShadowing:1]]
[2024.03.16-20.16.08:324][  0]LogConfig: Setting CVar [[r.DistanceFieldAO:1]]
[2024.03.16-20.16.08:324][  0]LogConfig: Setting CVar [[r.AOQuality:2]]
[2024.03.16-20.16.08:324][  0]LogConfig: Setting CVar [[r.VolumetricFog:1]]
[2024.03.16-20.16.08:324][  0]LogConfig: Setting CVar [[r.VolumetricFog.GridPixelSize:8]]
[2024.03.16-20.16.08:324][  0]LogConfig: Setting CVar [[r.VolumetricFog.GridSizeZ:128]]
[2024.03.16-20.16.08:324][  0]LogConfig: Setting CVar [[r.VolumetricFog.HistoryMissSupersampleCount:4]]
[2024.03.16-20.16.08:324][  0]LogConfig: Setting CVar [[r.LightMaxDrawDistanceScale:1]]
[2024.03.16-20.16.08:324][  0]LogConfig: Setting CVar [[r.CapsuleShadows:1]]
[2024.03.16-20.16.08:324][  0]LogConfig: Applying CVar settings from Section [PostProcessQuality@3] File [C:/Uneal/InsectHeaven/Saved/Config/Windows/Scalability.ini]
[2024.03.16-20.16.08:324][  0]LogConfig: Setting CVar [[r.MotionBlurQuality:4]]
[2024.03.16-20.16.08:325][  0]LogConfig: Setting CVar [[r.AmbientOcclusionMipLevelFactor:0.4]]
[2024.03.16-20.16.08:325][  0]LogConfig: Setting CVar [[r.AmbientOcclusionMaxQuality:100]]
[2024.03.16-20.16.08:325][  0]LogConfig: Setting CVar [[r.AmbientOcclusionLevels:-1]]
[2024.03.16-20.16.08:325][  0]LogConfig: Setting CVar [[r.AmbientOcclusionRadiusScale:1.0]]
[2024.03.16-20.16.08:325][  0]LogConfig: Setting CVar [[r.DepthOfFieldQuality:2]]
[2024.03.16-20.16.08:325][  0]LogConfig: Setting CVar [[r.RenderTargetPoolMin:400]]
[2024.03.16-20.16.08:325][  0]LogConfig: Setting CVar [[r.LensFlareQuality:2]]
[2024.03.16-20.16.08:325][  0]LogConfig: Setting CVar [[r.SceneColorFringeQuality:1]]
[2024.03.16-20.16.08:325][  0]LogConfig: Setting CVar [[r.EyeAdaptationQuality:2]]
[2024.03.16-20.16.08:325][  0]LogConfig: Setting CVar [[r.BloomQuality:5]]
[2024.03.16-20.16.08:326][  0]LogConfig: Setting CVar [[r.FastBlurThreshold:100]]
[2024.03.16-20.16.08:326][  0]LogConfig: Setting CVar [[r.Upscale.Quality:3]]
[2024.03.16-20.16.08:326][  0]LogConfig: Setting CVar [[r.Tonemapper.GrainQuantization:1]]
[2024.03.16-20.16.08:326][  0]LogConfig: Setting CVar [[r.LightShaftQuality:1]]
[2024.03.16-20.16.08:326][  0]LogConfig: Setting CVar [[r.Filter.SizeScale:1]]
[2024.03.16-20.16.08:326][  0]LogConfig: Setting CVar [[r.Tonemapper.Quality:5]]
[2024.03.16-20.16.08:326][  0]LogConfig: Setting CVar [[r.DOF.Gather.AccumulatorQuality:1        ; higher gathering accumulator quality]]
[2024.03.16-20.16.08:326][  0]LogConfig: Setting CVar [[r.DOF.Gather.PostfilterMethod:1          ; Median3x3 postfilering method]]
[2024.03.16-20.16.08:326][  0]LogConfig: Setting CVar [[r.DOF.Gather.EnableBokehSettings:0       ; no bokeh simulation when gathering]]
[2024.03.16-20.16.08:326][  0]LogConfig: Setting CVar [[r.DOF.Gather.RingCount:4                 ; medium number of samples when gathering]]
[2024.03.16-20.16.08:326][  0]LogConfig: Setting CVar [[r.DOF.Scatter.ForegroundCompositing:1    ; additive foreground scattering]]
[2024.03.16-20.16.08:327][  0]LogConfig: Setting CVar [[r.DOF.Scatter.BackgroundCompositing:2    ; additive background scattering]]
[2024.03.16-20.16.08:327][  0]LogConfig: Setting CVar [[r.DOF.Scatter.EnableBokehSettings:1      ; bokeh simulation when scattering]]
[2024.03.16-20.16.08:327][  0]LogConfig: Setting CVar [[r.DOF.Scatter.MaxSpriteRatio:0.1         ; only a maximum of 10% of scattered bokeh]]
[2024.03.16-20.16.08:327][  0]LogConfig: Setting CVar [[r.DOF.Recombine.Quality:1                ; cheap slight out of focus]]
[2024.03.16-20.16.08:327][  0]LogConfig: Setting CVar [[r.DOF.Recombine.EnableBokehSettings:0    ; no bokeh simulation on slight out of focus]]
[2024.03.16-20.16.08:327][  0]LogConfig: Setting CVar [[r.DOF.TemporalAAQuality:1                ; more stable temporal accumulation]]
[2024.03.16-20.16.08:327][  0]LogConfig: Setting CVar [[r.DOF.Kernel.MaxForegroundRadius:0.025]]
[2024.03.16-20.16.08:327][  0]LogConfig: Setting CVar [[r.DOF.Kernel.MaxBackgroundRadius:0.025]]
[2024.03.16-20.16.08:327][  0]LogConfig: Applying CVar settings from Section [TextureQuality@3] File [C:/Uneal/InsectHeaven/Saved/Config/Windows/Scalability.ini]
[2024.03.16-20.16.08:327][  0]LogConfig: Setting CVar [[r.Streaming.MipBias:0]]
[2024.03.16-20.16.08:327][  0]LogConfig: Setting CVar [[r.Streaming.AmortizeCPUToGPUCopy:0]]
[2024.03.16-20.16.08:327][  0]LogConfig: Setting CVar [[r.Streaming.MaxNumTexturesToStreamPerFrame:0]]
[2024.03.16-20.16.08:328][  0]LogConfig: Setting CVar [[r.Streaming.Boost:1]]
[2024.03.16-20.16.08:328][  0]LogConfig: Setting CVar [[r.MaxAnisotropy:8]]
[2024.03.16-20.16.08:328][  0]LogConfig: Setting CVar [[r.VT.MaxAnisotropy:8]]
[2024.03.16-20.16.08:328][  0]LogConfig: Setting CVar [[r.Streaming.LimitPoolSizeToVRAM:0]]
[2024.03.16-20.16.08:328][  0]LogConfig: Setting CVar [[r.Streaming.PoolSize:1000]]
[2024.03.16-20.16.08:328][  0]LogConfig: Setting CVar [[r.Streaming.MaxEffectiveScreenSize:0]]
[2024.03.16-20.16.08:328][  0]LogConfig: Applying CVar settings from Section [EffectsQuality@3] File [C:/Uneal/InsectHeaven/Saved/Config/Windows/Scalability.ini]
[2024.03.16-20.16.08:328][  0]LogConfig: Setting CVar [[r.TranslucencyLightingVolumeDim:64]]
[2024.03.16-20.16.08:328][  0]LogConfig: Setting CVar [[r.RefractionQuality:2]]
[2024.03.16-20.16.08:328][  0]LogConfig: Setting CVar [[r.SSR.Quality:3]]
[2024.03.16-20.16.08:329][  0]LogConfig: Setting CVar [[r.SSR.HalfResSceneColor:0]]
[2024.03.16-20.16.08:329][  0]LogConfig: Setting CVar [[r.SceneColorFormat:4]]
[2024.03.16-20.16.08:329][  0]LogConfig: Setting CVar [[r.DetailMode:2]]
[2024.03.16-20.16.08:329][  0]LogConfig: Setting CVar [[r.TranslucencyVolumeBlur:1]]
[2024.03.16-20.16.08:329][  0]LogConfig: Setting CVar [[r.MaterialQualityLevel:1 ; High quality]]
[2024.03.16-20.16.08:329][  0]LogConfig: Setting CVar [[r.AnisotropicMaterials:1]]
[2024.03.16-20.16.08:329][  0]LogConfig: Setting CVar [[r.SSS.Scale:1]]
[2024.03.16-20.16.08:329][  0]LogConfig: Setting CVar [[r.SSS.SampleSet:2]]
[2024.03.16-20.16.08:329][  0]LogConfig: Setting CVar [[r.SSS.Quality:1]]
[2024.03.16-20.16.08:329][  0]LogConfig: Setting CVar [[r.SSS.HalfRes:0]]
[2024.03.16-20.16.08:329][  0]LogConfig: Setting CVar [[r.SSGI.Quality:3]]
[2024.03.16-20.16.08:330][  0]LogConfig: Setting CVar [[r.EmitterSpawnRateScale:1.0]]
[2024.03.16-20.16.08:330][  0]LogConfig: Setting CVar [[r.ParticleLightQuality:2]]
[2024.03.16-20.16.08:330][  0]LogConfig: Setting CVar [[r.SkyAtmosphere.AerialPerspectiveLUT.FastApplyOnOpaque:1 ; Always have FastSkyLUT 1 in this case to avoid wrong sky]]
[2024.03.16-20.16.08:330][  0]LogConfig: Setting CVar [[r.SkyAtmosphere.AerialPerspectiveLUT.SampleCountMaxPerSlice:4]]
[2024.03.16-20.16.08:330][  0]LogConfig: Setting CVar [[r.SkyAtmosphere.AerialPerspectiveLUT.DepthResolution:16.0]]
[2024.03.16-20.16.08:330][  0]LogConfig: Setting CVar [[r.SkyAtmosphere.FastSkyLUT:1]]
[2024.03.16-20.16.08:330][  0]LogConfig: Setting CVar [[r.SkyAtmosphere.FastSkyLUT.SampleCountMin:4.0]]
[2024.03.16-20.16.08:330][  0]LogConfig: Setting CVar [[r.SkyAtmosphere.FastSkyLUT.SampleCountMax:128.0]]
[2024.03.16-20.16.08:330][  0]LogConfig: Setting CVar [[r.SkyAtmosphere.SampleCountMin:4.0]]
[2024.03.16-20.16.08:331][  0]LogConfig: Setting CVar [[r.SkyAtmosphere.SampleCountMax:128.0]]
[2024.03.16-20.16.08:331][  0]LogConfig: Setting CVar [[r.SkyAtmosphere.TransmittanceLUT.UseSmallFormat:0]]
[2024.03.16-20.16.08:331][  0]LogConfig: Setting CVar [[r.SkyAtmosphere.TransmittanceLUT.SampleCount:10.0]]
[2024.03.16-20.16.08:331][  0]LogConfig: Setting CVar [[r.SkyAtmosphere.MultiScatteringLUT.SampleCount:15.0]]
[2024.03.16-20.16.08:331][  0]LogConfig: Setting CVar [[r.SkyLight.RealTimeReflectionCapture:1]]
[2024.03.16-20.16.08:331][  0]LogConfig: Applying CVar settings from Section [FoliageQuality@3] File [C:/Uneal/InsectHeaven/Saved/Config/Windows/Scalability.ini]
[2024.03.16-20.16.08:331][  0]LogConfig: Setting CVar [[foliage.DensityScale:1.0]]
[2024.03.16-20.16.08:331][  0]LogConfig: Setting CVar [[grass.DensityScale:1.0]]
[2024.03.16-20.16.08:331][  0]LogConfig: Applying CVar settings from Section [ShadingQuality@3] File [C:/Uneal/InsectHeaven/Saved/Config/Windows/Scalability.ini]
[2024.03.16-20.16.08:332][  0]LogConfig: Setting CVar [[r.HairStrands.SkyLighting.IntegrationType:2]]
[2024.03.16-20.16.08:332][  0]LogConfig: Setting CVar [[r.HairStrands.SkyAO.SampleCount:4]]
[2024.03.16-20.16.08:332][  0]LogConfig: Setting CVar [[r.HairStrands.Visibility.MSAA.SamplePerPixel:4]]
[2024.03.16-20.16.08:332][  0]LogConfig: Applying CVar settings from Section [Startup] File [../../../Engine/Config/ConsoleVariables.ini]
[2024.03.16-20.16.08:332][  0]LogConfig: Setting CVar [[net.UseAdaptiveNetUpdateFrequency:0]]
[2024.03.16-20.16.08:332][  0]LogConfig: Setting CVar [[p.chaos.AllowCreatePhysxBodies:1]]
[2024.03.16-20.16.08:332][  0]LogConfig: Setting CVar [[fx.SkipVectorVMBackendOptimizations:1]]
[2024.03.16-20.16.08:332][  0]LogConfig: Applying CVar settings from Section [ConsoleVariables] File [C:/Uneal/InsectHeaven/Saved/Config/Windows/Engine.ini]
[2024.03.16-20.16.08:333][  0]LogConfig: Applying CVar settings from Section [ConsoleVariables] File [C:/Uneal/InsectHeaven/Saved/Config/Windows/Editor.ini]
[2024.03.16-20.16.08:333][  0]LogInit: Computer: DESKTOP-NS5ONMH
[2024.03.16-20.16.08:333][  0]LogInit: User: nanim
[2024.03.16-20.16.08:333][  0]LogInit: CPU Page size=4096, Cores=12
[2024.03.16-20.16.08:333][  0]LogInit: High frequency timer resolution =10.000000 MHz
[2024.03.16-20.16.08:333][  0]LogMemory: Memory total: Physical=31.2GB (32GB approx)
[2024.03.16-20.16.08:333][  0]LogMemory: Platform Memory Stats for Windows
[2024.03.16-20.16.08:333][  0]LogMemory: Process Physical Memory: 149.33 MB used, 149.34 MB peak
[2024.03.16-20.16.08:333][  0]LogMemory: Process Virtual Memory: 129.71 MB used, 129.71 MB peak
[2024.03.16-20.16.08:334][  0]LogMemory: Physical Memory: 16286.61 MB used,  15620.63 MB free, 31907.23 MB total
[2024.03.16-20.16.08:334][  0]LogMemory: Virtual Memory: 134203680.00 MB used,  14048.04 MB free, 134217728.00 MB total
[2024.03.16-20.16.08:346][  0]LogWindows: WindowsPlatformFeatures enabled
[2024.03.16-20.16.08:445][  0]LogInit: Physics initialised using underlying interface: PhysX
[2024.03.16-20.16.08:446][  0]LogInit: Using OS detected language (ko-KR).
[2024.03.16-20.16.08:446][  0]LogInit: Using OS detected locale (ko-KR).
[2024.03.16-20.16.08:451][  0]LogTextLocalizationManager: No specific localization for 'ko-KR' exists, so the 'ko' localization will be used.
[2024.03.16-20.16.08:517][  0]LogInit: Setting process to per monitor DPI aware
[2024.03.16-20.16.08:639][  0]LogWindowsTextInputMethodSystem: Display: IME system deactivated.
[2024.03.16-20.16.08:658][  0]LogSlate: New Slate User Created.  User Index 0, Is Virtual User: 0
[2024.03.16-20.16.08:658][  0]LogSlate: Slate User Registered.  User Index 0, Is Virtual User: 0
[2024.03.16-20.16.08:797][  0]LogD3D11RHI: Loaded GFSDK_Aftermath_Lib.x64.dll
[2024.03.16-20.16.08:804][  0]LogHMD: Failed to initialize OpenVR with code 110
[2024.03.16-20.16.08:804][  0]LogD3D11RHI: D3D11 min allowed feature level: 11_0
[2024.03.16-20.16.08:804][  0]LogD3D11RHI: D3D11 max allowed feature level: 11_0
[2024.03.16-20.16.08:804][  0]LogD3D11RHI: D3D11 adapters:
[2024.03.16-20.16.08:893][  0]LogD3D11RHI:    0. 'AMD Radeon RX 7900 XTX' (Feature Level 11_0)
[2024.03.16-20.16.08:893][  0]LogD3D11RHI:       24515/0/15953 MB DedicatedVideo/DedicatedSystem/SharedSystem, Outputs:2, VendorId:0x1002
[2024.03.16-20.16.08:950][  0]LogD3D11RHI:    1. 'AMD Radeon(TM) Graphics' (Feature Level 11_0)
[2024.03.16-20.16.08:950][  0]LogD3D11RHI:       485/0/15953 MB DedicatedVideo/DedicatedSystem/SharedSystem, Outputs:0, VendorId:0x1002
[2024.03.16-20.16.08:955][  0]LogD3D11RHI:    2. 'Microsoft Basic Render Driver' (Feature Level 11_0)
[2024.03.16-20.16.08:955][  0]LogD3D11RHI:       0/0/15953 MB DedicatedVideo/DedicatedSystem/SharedSystem, Outputs:0, VendorId:0x1414
[2024.03.16-20.16.08:956][  0]LogD3D11RHI: Chosen D3D11 Adapter:
[2024.03.16-20.16.08:956][  0]LogD3D11RHI:     Description : AMD Radeon RX 7900 XTX
[2024.03.16-20.16.08:956][  0]LogD3D11RHI:     VendorId    : 1002
[2024.03.16-20.16.08:956][  0]LogD3D11RHI:     DeviceId    : 744c
[2024.03.16-20.16.08:956][  0]LogD3D11RHI:     SubSysId    : e3b1002
[2024.03.16-20.16.08:956][  0]LogD3D11RHI:     Revision    : 00c8
[2024.03.16-20.16.08:956][  0]LogD3D11RHI:     DedicatedVideoMemory : 25706012672 bytes
[2024.03.16-20.16.08:956][  0]LogD3D11RHI:     DedicatedSystemMemory : 0 bytes
[2024.03.16-20.16.08:956][  0]LogD3D11RHI:     SharedSystemMemory : 16728580096 bytes
[2024.03.16-20.16.08:956][  0]LogD3D11RHI:     AdapterLuid : 0 70570
[2024.03.16-20.16.08:961][  0]LogD3D11RHI: Creating new Direct3DDevice
[2024.03.16-20.16.08:961][  0]LogD3D11RHI:     GPU DeviceId: 0x744c (for the marketing name, search the web for "GPU Device Id")
[2024.03.16-20.16.08:961][  0]LogWindows: EnumDisplayDevices:
[2024.03.16-20.16.08:961][  0]LogWindows:    0. 'AMD Radeon RX 7900 XTX' (P:1 D:1)
[2024.03.16-20.16.08:962][  0]LogWindows:    1. 'AMD Radeon RX 7900 XTX' (P:0 D:1)
[2024.03.16-20.16.08:963][  0]LogWindows:    2. 'AMD Radeon RX 7900 XTX' (P:0 D:0)
[2024.03.16-20.16.08:964][  0]LogWindows:    3. 'AMD Radeon RX 7900 XTX' (P:0 D:0)
[2024.03.16-20.16.08:964][  0]LogWindows:    4. 'AMD Radeon RX 7900 XTX' (P:0 D:0)
[2024.03.16-20.16.08:965][  0]LogWindows:    5. 'AMD Radeon(TM) Graphics' (P:0 D:0)
[2024.03.16-20.16.08:966][  0]LogWindows:    6. 'AMD Radeon(TM) Graphics' (P:0 D:0)
[2024.03.16-20.16.08:967][  0]LogWindows:    7. 'AMD Radeon(TM) Graphics' (P:0 D:0)
[2024.03.16-20.16.08:968][  0]LogWindows:    8. 'AMD Radeon(TM) Graphics' (P:0 D:0)
[2024.03.16-20.16.08:968][  0]LogWindows:    9. 'AMD Radeon(TM) Graphics' (P:0 D:0)
[2024.03.16-20.16.08:969][  0]LogWindows: DebugString: PrimaryIsNotTheChoosenAdapter PrimaryIsNotTheChoosenAdapter PrimaryIsNotTheChoosenAdapter PrimaryIsNotTheChoosenAdapter PrimaryIsNotTheChoosenAdapter FoundDriverCount:5 
[2024.03.16-20.16.08:969][  0]LogD3D11RHI:     Adapter Name: AMD Radeon RX 7900 XTX
[2024.03.16-20.16.08:969][  0]LogD3D11RHI:   Driver Version: AMD Software: Adrenalin Edition 23.8.1 (internal:31.0.21029.1006, unified:31.0.21029.1006)
[2024.03.16-20.16.08:969][  0]LogD3D11RHI:      Driver Date: 8-14-2023
[2024.03.16-20.16.08:969][  0]LogRHI: Texture pool is 16623 MB (70% of 23747 MB)
[2024.03.16-20.16.09:009][  0]LogD3D11RHI: Creating D3DDevice with AMD AGS, using adapter:
[2024.03.16-20.16.09:009][  0]LogD3D11RHI:     Description : AMD Radeon RX 7900 XTX
[2024.03.16-20.16.09:010][  0]LogD3D11RHI:     VendorId    : 1002
[2024.03.16-20.16.09:010][  0]LogD3D11RHI:     DeviceId    : 744c
[2024.03.16-20.16.09:010][  0]LogD3D11RHI:     SubSysId    : e3b1002
[2024.03.16-20.16.09:010][  0]LogD3D11RHI:     Revision    : 00c8
[2024.03.16-20.16.09:010][  0]LogD3D11RHI:     DedicatedVideoMemory : 25706012672 bytes
[2024.03.16-20.16.09:010][  0]LogD3D11RHI:     DedicatedSystemMemory : 0 bytes
[2024.03.16-20.16.09:010][  0]LogD3D11RHI:     SharedSystemMemory : 16728580096 bytes
[2024.03.16-20.16.09:010][  0]LogD3D11RHI:     AdapterLuid : 0 70570
[2024.03.16-20.16.09:072][  0]LogD3D11RHI: Created device via AGS, feature level 11_0, supported extensions 1fffffbf.
[2024.03.16-20.16.09:073][  0]LogD3D11RHI: RHI has support for 64 bit atomics
[2024.03.16-20.16.09:073][  0]LogD3D11RHI: Async texture creation enabled
[2024.03.16-20.16.09:073][  0]LogD3D11RHI: Array index from any shader is supported
[2024.03.16-20.16.09:084][  0]LogD3D11RHI: GPU Timing Frequency: 100.000000 (Debug: 2 1)
[2024.03.16-20.16.09:317][  0]LogTargetPlatformManager: Display: Loaded TargetPlatform 'AllDesktop'
[2024.03.16-20.16.09:337][  0]LogTargetPlatformManager: Display: Loaded TargetPlatform 'Android'
[2024.03.16-20.16.09:338][  0]LogTargetPlatformManager: Display: Loaded TargetPlatform 'Android_ASTC'
[2024.03.16-20.16.09:338][  0]LogTargetPlatformManager: Display: Loaded TargetPlatform 'Android_DXT'
[2024.03.16-20.16.09:338][  0]LogTargetPlatformManager: Display: Loaded TargetPlatform 'Android_ETC2'
[2024.03.16-20.16.09:338][  0]LogTargetPlatformManager: Display: Loaded TargetPlatform 'AndroidClient'
[2024.03.16-20.16.09:338][  0]LogTargetPlatformManager: Display: Loaded TargetPlatform 'Android_ASTCClient'
[2024.03.16-20.16.09:338][  0]LogTargetPlatformManager: Display: Loaded TargetPlatform 'Android_DXTClient'
[2024.03.16-20.16.09:338][  0]LogTargetPlatformManager: Display: Loaded TargetPlatform 'Android_ETC2Client'
[2024.03.16-20.16.09:338][  0]LogTargetPlatformManager: Display: Loaded TargetPlatform 'Android_Multi'
[2024.03.16-20.16.09:339][  0]LogTargetPlatformManager: Display: Loaded TargetPlatform 'Android_MultiClient'
[2024.03.16-20.16.09:366][  0]LogTargetPlatformManager: Display: Loaded TargetPlatform 'IOSClient'
[2024.03.16-20.16.09:366][  0]LogTargetPlatformManager: Display: Loaded TargetPlatform 'IOS'
[2024.03.16-20.16.09:378][  0]LogTargetPlatformManager: Display: Loaded TargetPlatform 'Linux'
[2024.03.16-20.16.09:385][  0]LogTargetPlatformManager: Display: Loaded TargetPlatform 'LinuxNoEditor'
[2024.03.16-20.16.09:393][  0]LogTargetPlatformManager: Display: Loaded TargetPlatform 'LinuxClient'
[2024.03.16-20.16.09:401][  0]LogTargetPlatformManager: Display: Loaded TargetPlatform 'LinuxServer'
[2024.03.16-20.16.09:412][  0]LogTargetPlatformManager: Display: Loaded TargetPlatform 'LinuxAArch64NoEditor'
[2024.03.16-20.16.09:420][  0]LogTargetPlatformManager: Display: Loaded TargetPlatform 'LinuxAArch64Client'
[2024.03.16-20.16.09:428][  0]LogTargetPlatformManager: Display: Loaded TargetPlatform 'LinuxAArch64Server'
[2024.03.16-20.16.09:449][  0]LogTargetPlatformManager: Display: Loaded TargetPlatform 'Lumin'
[2024.03.16-20.16.09:449][  0]LogTargetPlatformManager: Display: Loaded TargetPlatform 'LuminClient'
[2024.03.16-20.16.09:460][  0]LogTargetPlatformManager: Display: Loaded TargetPlatform 'MacNoEditor'
[2024.03.16-20.16.09:468][  0]LogTargetPlatformManager: Display: Loaded TargetPlatform 'Mac'
[2024.03.16-20.16.09:476][  0]LogTargetPlatformManager: Display: Loaded TargetPlatform 'MacClient'
[2024.03.16-20.16.09:484][  0]LogTargetPlatformManager: Display: Loaded TargetPlatform 'MacServer'
[2024.03.16-20.16.09:495][  0]LogTargetPlatformManager: Display: Loaded TargetPlatform 'TVOSClient'
[2024.03.16-20.16.09:496][  0]LogTargetPlatformManager: Display: Loaded TargetPlatform 'TVOS'
[2024.03.16-20.16.09:506][  0]LogTargetPlatformManager: Display: Loaded TargetPlatform 'WindowsNoEditor'
[2024.03.16-20.16.09:514][  0]LogTargetPlatformManager: Display: Loaded TargetPlatform 'Windows'
[2024.03.16-20.16.09:523][  0]LogTargetPlatformManager: Display: Loaded TargetPlatform 'WindowsClient'
[2024.03.16-20.16.09:530][  0]LogTargetPlatformManager: Display: Loaded TargetPlatform 'WindowsServer'
[2024.03.16-20.16.09:530][  0]LogTargetPlatformManager: Display: Building Assets For Windows
[2024.03.16-20.16.09:558][  0]LogAudioDebug: Display: Lib vorbis DLL was dynamically loaded.
[2024.03.16-20.16.09:648][  0]LogTextureFormatOodle: Display: Oodle Texture 2.9.0 init RDO Off
[2024.03.16-20.16.09:728][  0]LogRendererCore: Ray tracing is disabled. Reason: r.RayTracing=0.
[2024.03.16-20.16.09:728][  0]LogShaderCompilers: Guid format shader working directory is 12 characters bigger than the processId version (../../../../../Uneal/InsectHeaven/Intermediate/Shaders/WorkingDirectory/16656/).
[2024.03.16-20.16.09:728][  0]LogShaderCompilers: Cleaned the shader compiler working directory 'C:/Users/nanim/AppData/Local/Temp/UnrealShaderWorkingDir/431ED2874ABF6203B23B30842C548CA2/'.
[2024.03.16-20.16.09:728][  0]LogXGEController: Cannot use XGE Controller as Incredibuild is not installed on this machine.
[2024.03.16-20.16.09:729][  0]LogShaderCompilers: Cannot use XGE Shader Compiler as Incredibuild is not installed on this machine.
[2024.03.16-20.16.09:729][  0]LogShaderCompilers: Display: Using Local Shader Compiler.
[2024.03.16-20.16.10:177][  0]LogDerivedDataCache: Display: Max Cache Size: 512 MB
[2024.03.16-20.16.10:209][  0]LogDerivedDataCache: Loaded boot cache 0.03s 94MB C:/Users/nanim/AppData/Local/UnrealEngine/4.27/DerivedDataCache/Boot.ddc.
[2024.03.16-20.16.10:209][  0]LogDerivedDataCache: Display: Loaded Boot cache: C:/Users/nanim/AppData/Local/UnrealEngine/4.27/DerivedDataCache/Boot.ddc
[2024.03.16-20.16.10:209][  0]LogDerivedDataCache: FDerivedDataBackendGraph:  Pak pak cache file ../../../../../Uneal/InsectHeaven/DerivedDataCache/DDC.ddp not found, will not use a pak cache.
[2024.03.16-20.16.10:209][  0]LogDerivedDataCache: Unable to find inner node Pak for hierarchical cache Hierarchy.
[2024.03.16-20.16.10:209][  0]LogDerivedDataCache: FDerivedDataBackendGraph:  CompressedPak pak cache file ../../../../../Uneal/InsectHeaven/DerivedDataCache/Compressed.ddp not found, will not use a pak cache.
[2024.03.16-20.16.10:210][  0]LogDerivedDataCache: Unable to find inner node CompressedPak for hierarchical cache Hierarchy.
[2024.03.16-20.16.10:221][  0]LogDerivedDataCache: Display: Pak cache opened for reading ../../../Engine/DerivedDataCache/Compressed.ddp.
[2024.03.16-20.16.10:222][  0]LogDerivedDataCache: FDerivedDataBackendGraph:  EnterprisePak pak cache file ../../../Enterprise/DerivedDataCache/Compressed.ddp not found, will not use a pak cache.
[2024.03.16-20.16.10:222][  0]LogDerivedDataCache: Unable to find inner node EnterprisePak for hierarchical cache Hierarchy.
[2024.03.16-20.16.10:230][  0]LogDerivedDataCache: Speed tests for C:/Users/nanim/AppData/Local/UnrealEngine/Common/DerivedDataCache took 0.01 seconds
[2024.03.16-20.16.10:230][  0]LogDerivedDataCache: Display: Performance to C:/Users/nanim/AppData/Local/UnrealEngine/Common/DerivedDataCache: Latency=0.04ms. RandomReadSpeed=808.42MBs, RandomWriteSpeed=149.47MBs. Assigned SpeedClass 'Local'
[2024.03.16-20.16.10:232][  0]LogDerivedDataCache: Using Local data cache path C:/Users/nanim/AppData/Local/UnrealEngine/Common/DerivedDataCache: Writable
[2024.03.16-20.16.10:232][  0]LogDerivedDataCache: Shared data cache path not found in *engine.ini, will not use an Shared cache.
[2024.03.16-20.16.10:232][  0]LogDerivedDataCache: Unable to find inner node Shared for hierarchical cache Hierarchy.
[2024.03.16-20.16.10:256][  0]LogSlate: Using FreeType 2.10.0
[2024.03.16-20.16.10:257][  0]LogSlate: SlateFontServices - WITH_FREETYPE: 1, WITH_HARFBUZZ: 1
[2024.03.16-20.16.10:277][  0]LogAssetRegistry: FAssetRegistry took 0.0021 seconds to start up
[2024.03.16-20.16.10:411][  0]LogInit: Selected Device Profile: [Windows]
[2024.03.16-20.16.10:411][  0]LogInit: Active device profile: [00000149C65F9200][00000149C1050CC0 49] Windows
[2024.03.16-20.16.10:411][  0]LogInit: Profiles: [00000149C65F9200][00000149C1050CC0 49] Windows, [00000149C65B3000][00000149C48FEE40 49] WindowsNoEditor, [00000149C65FA300][00000149C4902FC0 49] WindowsServer, [00000149C65B3D00][00000149C4907140 49] WindowsClient, [00000149C65FAF00][00000149C490B2C0 49] IOS, [00000149C65B2A00][00000149C490F440 49] iPadAir, [00000149C65FA600][00000149C49135C0 49] iPadAir2, [00000149C654DA00][00000149C491B880 49] IPadPro, [00000149C654DB00][00000149C49178C0 49] iPadAir3, [00000149C65B1A00][00000149C491FA40 49] iPadAir4, [00000149C654E900][00000149C4923BC0 49] iPadMini2, [00000149C65B3B00][00000149C49261C0 49] iPadMini3, [00000149C654F500][00000149C492A340 49] iPadMini4, [00000149C65B2400][00000149C48FA480 49] iPadMini5, [00000149C658D300][00000149C49326C0 49] iPhone6, [00000149C658D400][00000149C492E700 49] iPodTouch6, [00000149C65FA900][00000149C493E9C0 49] iPhone7, [00000149C65F9400][00000149C493AA00 49] iPodTouch7, [00000149C654CF00][00000149C4942B80 49] iPhone5S, [00000149C65F9B00][00000149C4946D00 49] iPhone6Plus, [00000149C654FD00][00000149C494AE80 49] iPhone6S, [00000149C65F9F00][00000149C6BB3000 49] iPhone6SPlus, [00000149C654CC00][00000149C6BB7180 49] iPhone7Plus, [00000149C65F8E00][00000149C6BBB300 49] iPhoneSE, [00000149C654D900][00000149C6BBF480 49] iPhone8, [00000149C654FA00][00000149C6BC3600 49] iPhone8Plus, [00000149C658CB00][00000149C6BC7780 49] iPhoneX, [00000149C654F400][00000149C6BCB900 49] iPhoneXS, [00000149C658FC00][00000149C6BCFA80 49] iPhoneXSMax, [00000149C654C300][00000149C6BD3C00 49] iPhoneXR, [00000149C658F900][00000149C6BD6200 49] iPhone11, [00000149C654DD00][00000149C6BDA380 49] iPhone11Pro, [00000149C658EA00][00000149C6BDE500 49] iPhone11ProMax, [00000149C654EC00][00000149C4936640 49] iPhoneSE2, [00000149C658CA00][00000149C6BE2780 49] iPhone12Mini, [00000149C65F9000][00000149C6BE68C0 49] iPhone12, [00000149C658CD00][00000149C6BEEA40 49] iPhone12Pro, [00000149C65F8100][00000149C6BF2BC0 49] iPhone12ProMax, [00000149C658C800][00000149C6BF6D40 49] iPadPro105, [00000149C65F9600][00000149C6BFAEC0 49] iPadPro129, [00000149C658EE00][00000149C6BFF040 49] iPadPro97, [00000149C65F8400][00000149C6C031C0 49] iPadPro2_129, [00000149C658DF00][00000149C6C07340 49] iPad5, [00000149C65FB100][00000149C6C0B4C0 49] iPad6, [00000149C658EB00][00000149C6C0F640 49] iPad7, [00000149C65FB600][00000149C6C137C0 49] iPad8, [00000149C658E600][00000149C6C17940 49] iPadPro11, [00000149C65F9A00][00000149C6C1BAC0 49] iPadPro2_11, [00000149C658C500][00000149C6C1E0C0 49] iPadPro3_129, [00000149C65FBB00][00000149C6C22240 49] iPadPro4_129, [00000149C658EC00][00000149C6C263C0 49] AppleTV, [00000149C65FA800][00000149C6C2A540 49] AppleTV4K, [00000149C658F400][00000149C6C2E6C0 49] TVOS, [00000149C65F8500][00000149C6BEA800 49] Mac, [00000149C658EF00][00000149C6C32940 49] MacClient, [00000149C65FB900][00000149C6C36A80 49] MacNoEditor, [00000149C658F100][00000149C6C3ABC0 49] MacServer, [00000149C65FB400][00000149C6C42D40 49] Linux, [00000149C658DB00][00000149C6C46EC0 49] LinuxAArch64, [00000149C65FB200][00000149C6C4B040 49] LinuxNoEditor, [00000149C658E800][00000149C6C4F1C0 49] LinuxAArch64NoEditor, [00000149C65FB700][00000149C6C53340 49] LinuxClient, [00000149C658D100][00000149C6C574C0 49] LinuxAArch64Client, [00000149C65FBD00][00000149C6C5B640 49] LinuxServer, [00000149C658F500][00000149C6C5F7C0 49] LinuxAArch64Server, [00000149C65F9D00][00000149C6C63940 49] Android, [00000149C658D000][00000149C6CADAC0 49] Android_Low, [00000149C65FAE00][00000149C6CB00C0 49] Android_Mid, [00000149C658DE00][00000149C6D0A240 49] Android_High, [00000149C65FA400][00000149C6D0E3C0 49] Android_Default, [00000149C658F800][00000149C6D12540 49] Android_Adreno4xx, [00000149C65F8200][00000149C6D1A6C0 49] Android_Adreno5xx_Low, [00000149C658F200][00000149C6D2A840 49] Android_Adreno5xx, [00000149C65F8800][00000149C6C3E980 49] Android_Adreno6xx, [00000149C658E900][00000149BB5B8AC0 49] Android_Adreno6xx_Vulkan, [00000149C65F8F00][00000149BB5BCC00 49] Android_Mali_T6xx, [00000149C658E000][00000149BB5C0D40 49] Android_Mali_T7xx, [00000149C65F9800][00000149BB5C8EC0 49] Android_Mali_T8xx, [00000149C658ED00][00000149BB5CD040 49] Android_Mali_G71, [00000149C65F9500][00000149BB5D91C0 49] Android_Mali_G72, [00000149C658F600][00000149BB5DD340 49] Android_Mali_G72_Vulkan, [00000149C65FA500][00000149BB5E14C0 49] Android_Mali_G76, [00000149C65B2500][00000149BB5E5640 49] Android_Mali_G76_Vulkan, [00000149C654D000][00000149BB5ED7C0 49] Android_Mali_G77, [00000149C65B1300][00000149C6C9D940 49] Android_Mali_G77_Vulkan, [00000149C654E200][00000149C6D07AC0 49] Android_Mali_G78, [00000149C65B2B00][00000149C6CA80C0 49] Android_Mali_G78_Vulkan, [00000149C654D200][00000149BB520240 49] Android_Mali_G710, [00000149C65B1600][00000149BB5743C0 49] Android_Mali_G710_Vulkan, [00000149C654C400][00000149BB578540 49] Android_Vulkan_SM5, [00000149C65B3700][00000149BB2D86C0 49] Android_PowerVR_G6xxx, [00000149C654F600][00000149BB2DC840 49] Android_PowerVR_GT7xxx, [00000149C65B2600][00000149C72169C0 49] Android_PowerVR_GE8xxx, [00000149C654F100][00000149C721AB40 49] Android_PowerVR_GM9xxx, [00000149C65B0700][00000149BB5C4C80 49] Android_PowerVR_GM9xxx_Vulkan, [00000149C654DC00][00000149C722EDC0 49] Android_TegraK1, [00000149C65B3C00][00000149C7232F00 49] Android_Unknown_Vulkan, [00000149C654C600][00000149C7575080 49] Lumin, [00000149C65B2700][00000149C7579200 49] Lumin_Desktop, [00000149C654C500][00000149C757D380 49] HoloLens, 
[2024.03.16-20.16.10:551][  0]LogMeshReduction: Using QuadricMeshReduction for automatic static mesh reduction
[2024.03.16-20.16.10:551][  0]LogMeshReduction: Using SimplygonMeshReduction for automatic skeletal mesh reduction
[2024.03.16-20.16.10:551][  0]LogMeshReduction: Using ProxyLODMeshReduction for automatic mesh merging
[2024.03.16-20.16.10:551][  0]LogMeshReduction: No distributed automatic mesh merging module available
[2024.03.16-20.16.10:551][  0]LogMeshMerging: No distributed automatic mesh merging module available
[2024.03.16-20.16.10:569][  0]LogNetVersion: InsectHeaven 1.0.0, NetCL: 17155196, EngineNetVer: 17, GameNetVer: 0 (Checksum: 3375795940)
[2024.03.16-20.16.10:799][  0]LogTexture: Default maximum texture size for cubemaps generated from long-lat sources has been changed from 512 to unlimited. In order to preserve old behaiour for '/Engine/MapTemplates/Sky/DaylightAmbientCubemap.DaylightAmbientCubemap', its maximum texture size has been explicitly set to 512.
[2024.03.16-20.16.10:830][  0]LogHMD: PokeAHoleMaterial loaded successfully
[2024.03.16-20.16.10:834][  0]LogUObjectArray: 17178 objects as part of root set at end of initial load.
[2024.03.16-20.16.10:835][  0]LogUObjectAllocator: 4302048 out of 0 bytes used by permanent object pool.
[2024.03.16-20.16.10:835][  0]LogUObjectArray: CloseDisregardForGC: 0/0 objects in disregard for GC pool
[2024.03.16-20.16.11:421][  0]LogNiagaraDebuggerClient: Niagara Debugger Client Initialized | Session: 59FD3F7445D304C2124C6BB8462E0099 | Instance: 9E554579470888423821A5990BF0292D (DESKTOP-NS5ONMH-16656).
[2024.03.16-20.16.11:522][  0]LogPython: Using Python 3.7.7
[2024.03.16-20.16.11:989][  0]LogUdpMessaging: Initializing bridge on interface 0.0.0.0:0 to multicast group 230.0.0.1:6666.
[2024.03.16-20.16.12:001][  0]LogTcpMessaging: Initializing TcpMessaging bridge
[2024.03.16-20.16.12:422][  0]SourceControl: 소스 컨트롤이 꺼졌습니다.
[2024.03.16-20.16.12:422][  0]SourceControl: 소스 컨트롤이 꺼졌습니다.
[2024.03.16-20.16.12:447][  0]SourceControl: 소스 컨트롤이 꺼졌습니다.
[2024.03.16-20.16.12:455][  0]SourceControl: 소스 컨트롤이 꺼졌습니다.
[2024.03.16-20.16.12:463][  0]SourceControl: 소스 컨트롤이 꺼졌습니다.
[2024.03.16-20.16.12:498][  0]LogUProjectInfo: Found projects:
[2024.03.16-20.16.12:984][  0]LogOpenImageDenoise: OIDN starting up
[2024.03.16-20.16.13:091][  0]LogAndroidPermission: UAndroidPermissionCallbackProxy::GetInstance
[2024.03.16-20.16.13:190][  0]LogAudioCaptureCore: Display: No Audio Capture implementations found. Audio input will be silent.
[2024.03.16-20.16.13:191][  0]LogAudioCaptureCore: Display: No Audio Capture implementations found. Audio input will be silent.
[2024.03.16-20.16.13:331][  0]LogCollectionManager: Loaded 0 collections in 0.001358 seconds
[2024.03.16-20.16.13:382][  0]LogFileCache: Scanning file cache for directory 'C:/Uneal/InsectHeaven/Saved/Collections/' took 0.00s
[2024.03.16-20.16.13:382][  0]LogFileCache: Scanning file cache for directory 'C:/Uneal/InsectHeaven/Content/Developers/nanim/Collections/' took 0.00s
[2024.03.16-20.16.13:382][  0]LogFileCache: Scanning file cache for directory 'C:/Uneal/InsectHeaven/Content/Collections/' took 0.00s
[2024.03.16-20.16.13:382][  0]LogOcInput: OculusInput pre-init called
[2024.03.16-20.16.13:569][  0]LogClass: Display: IntProperty FResource_Widget::PathFile is not initialized properly. Module:InsectHeaven File:Table/DataStruct/Resource_Widget.h
[2024.03.16-20.16.13:569][  0]LogClass: Display: IntProperty FScript_Local::Test is not initialized properly. Module:InsectHeaven File:Table/DataStruct/Script_Local.h
[2024.03.16-20.16.13:570][  0]LogClass: Display: 2 Uninitialized script struct members found including 0 object properties
[2024.03.16-20.16.13:570][  0]LogEngine: Initializing Engine...
[2024.03.16-20.16.13:578][  0]LogHMD: Failed to enumerate extensions. Please check that you have a valid OpenXR runtime installed.
[2024.03.16-20.16.13:578][  0]LogHMD: Failed to initialize OpenVR with code 110
[2024.03.16-20.16.13:578][  0]LogMagicLeap: Warning: VR disabled because ZI is not enabled.  To enable, in the editor, Edit -> Project Settings -> Plugins -> Magic Leap Plugin -> Enable Zero Iteration
[2024.03.16-20.16.13:579][  0]LogStats: UGameplayTagsManager::InitializeManager -  0.000 s
[2024.03.16-20.16.13:659][  0]LogInit: Initializing FReadOnlyCVARCache
[2024.03.16-20.16.13:670][  0]LogAIModule: Creating AISystem for world Untitled
[2024.03.16-20.16.13:670][  0]LogAudio: Display: Initializing Audio Device Manager...
[2024.03.16-20.16.13:678][  0]LogAudio: Display: Loading Default Audio Settings Objects...
[2024.03.16-20.16.13:679][  0]LogAudio: Display: No default SoundConcurrencyObject specified (or failed to load).
[2024.03.16-20.16.13:679][  0]LogAudio: Display: Audio Device Manager Initialized
[2024.03.16-20.16.13:679][  0]LogAudio: Display: Creating Audio Device:                 Id: 1, Scope: Shared, Realtime: True
[2024.03.16-20.16.13:680][  0]LogAudioMixer: Display: Audio Mixer Platform Settings:
[2024.03.16-20.16.13:680][  0]LogAudioMixer: Display: 	Sample Rate:						  48000
[2024.03.16-20.16.13:680][  0]LogAudioMixer: Display: 	Callback Buffer Frame Size Requested: 1024
[2024.03.16-20.16.13:680][  0]LogAudioMixer: Display: 	Callback Buffer Frame Size To Use:	  1024
[2024.03.16-20.16.13:680][  0]LogAudioMixer: Display: 	Number of buffers to queue:			  2
[2024.03.16-20.16.13:680][  0]LogAudioMixer: Display: 	Max Channels (voices):				  32
[2024.03.16-20.16.13:680][  0]LogAudioMixer: Display: 	Number of Async Source Workers:		  0
[2024.03.16-20.16.13:680][  0]LogAudio: Display: AudioDevice MaxSources: 32
[2024.03.16-20.16.13:681][  0]LogAudio: Display: Audio Spatialization Plugin: None (built-in).
[2024.03.16-20.16.13:681][  0]LogAudio: Display: Audio Reverb Plugin: None (built-in).
[2024.03.16-20.16.13:681][  0]LogAudio: Display: Audio Occlusion Plugin: None (built-in).
[2024.03.16-20.16.13:681][  0]LogAudioMixer: Display: Initializing audio mixer.
[2024.03.16-20.16.13:719][  0]LogAudioMixer: Display: 0: FrontLeft
[2024.03.16-20.16.13:719][  0]LogAudioMixer: Display: 1: FrontRight
[2024.03.16-20.16.13:760][  0]LogAudioMixer: Display: Using Audio Device 스피커(ABKO N550)
[2024.03.16-20.16.13:762][  0]LogAudioMixer: Display: Initializing Sound Submixes...
[2024.03.16-20.16.13:764][  0]LogAudioMixer: Display: Creating Master Submix 'MasterSubmixDefault'
[2024.03.16-20.16.13:765][  0]LogAudioMixer: Display: Creating Master Submix 'MasterReverbSubmixDefault'
[2024.03.16-20.16.13:765][  0]LogAudioMixer: Display: Creating Master Submix 'MasterEQSubmixDefault'
[2024.03.16-20.16.13:765][  0]LogAudioMixer: FMixerPlatformXAudio2::StartAudioStream() called
[2024.03.16-20.16.13:765][  0]LogAudioMixer: Display: Output buffers initialized: Frames=1024, Channels=2, Samples=2048
[2024.03.16-20.16.13:766][  0]LogAudioMixer: Display: Starting AudioMixerPlatformInterface::RunInternal()
[2024.03.16-20.16.13:766][  0]LogAudioMixer: Display: FMixerPlatformXAudio2::SubmitBuffer() called for the first time
[2024.03.16-20.16.13:766][  0]LogInit: FAudioDevice initialized.
[2024.03.16-20.16.13:767][  0]LogAudio: Display: Audio Device (ID: 1) registered with world 'Untitled'.
[2024.03.16-20.16.13:767][  0]LogNetVersion: Set ProjectVersion to 1.0.0.0. Version Checksum will be recalculated on next use.
[2024.03.16-20.16.14:025][  0]LogDerivedDataCache: Saved boot cache 0.26s 94MB C:/Users/nanim/AppData/Local/UnrealEngine/4.27/DerivedDataCache/Boot.ddc.
[2024.03.16-20.16.14:025][  0]LogInit: Texture streaming: Enabled
[2024.03.16-20.16.14:049][  0]LogAnalytics: Display: [UEEditor.Rocket.Release] APIServer = https://datarouter.ol.epicgames.com/. AppVersion = 4.27.2-18319896+++UE4+Release-4.27
[2024.03.16-20.16.14:059][  0]LogEngineSessionManager: EngineSessionManager initialized
[2024.03.16-20.16.14:059][  0]LogEngineSessionManager: EngineSessionManager sent abnormal shutdown report. Type=Debugger, SessionId={15628C14-4775-EBDA-C0E6-31901797CC83}
[2024.03.16-20.16.14:059][  0]LogEditorSessionSummary: Verbose: Initializing EditorSessionSummaryWriter for editor session tracking
[2024.03.16-20.16.14:063][  0]LogEditorSessionSummary: EditorSessionSummaryWriter initialized
[2024.03.16-20.16.14:089][  0]LogInit: Transaction tracking system initialized
[2024.03.16-20.16.14:134][  0]BlueprintLog: New page: 에디터 로드
[2024.03.16-20.16.14:252][  0]LocalizationService: 현지화 서비스가 비활성화되었습니다.
[2024.03.16-20.16.14:310][  0]TimingProfiler: Initialize
[2024.03.16-20.16.14:310][  0]TimingProfiler: OnSessionChanged
[2024.03.16-20.16.14:310][  0]LoadingProfiler: Initialize
[2024.03.16-20.16.14:311][  0]LoadingProfiler: OnSessionChanged
[2024.03.16-20.16.14:311][  0]NetworkingProfiler: Initialize
[2024.03.16-20.16.14:311][  0]NetworkingProfiler: OnSessionChanged
[2024.03.16-20.16.14:311][  0]MemoryProfiler: Initialize
[2024.03.16-20.16.14:311][  0]MemoryProfiler: OnSessionChanged
[2024.03.16-20.16.14:475][  0]LogCook: Display: CookSettings for Memory: MemoryMaxUsedVirtual 0MiB, MemoryMaxUsedPhysical 16384MiB, MemoryMinFreeVirtual 0MiB, MemoryMinFreePhysical 1024MiB
[2024.03.16-20.16.14:475][  0]LogCook: Display: Mobile HDR setting 1
[2024.03.16-20.16.14:824][  0]LogFileCache: Scanning file cache for directory 'C:/Uneal/InsectHeaven/Content/' took 0.01s
[2024.03.16-20.16.14:945][  0]LogInit: Display: Engine is initialized. Leaving FEngineLoop::Init()
[2024.03.16-20.16.14:949][  0]SourceControl: 소스 컨트롤이 꺼졌습니다.
[2024.03.16-20.16.14:949][  0]LogUnrealEdMisc: Loading editor; pre map load, took 8.689
[2024.03.16-20.16.14:949][  0]Cmd: MAP LOAD FILE="../../../../../Uneal/InsectHeaven/Content/Scene/EmptyMainLevel.umap" TEMPLATE=0 SHOWPROGRESS=1 FEATURELEVEL=3
[2024.03.16-20.16.14:949][  0]LightingResults: New page: 라이팅 빌드
[2024.03.16-20.16.14:950][  0]LogWorld: UWorld::CleanupWorld for Untitled, bSessionEnded=true, bCleanupResources=true
[2024.03.16-20.16.14:950][  0]LogSlate: InvalidateAllWidgets triggered.  All widgets were invalidated
[2024.03.16-20.16.14:951][  0]MapCheck: New page: 맵 체크
[2024.03.16-20.16.14:951][  0]LightingResults: New page: 라이팅 빌드
[2024.03.16-20.16.14:955][  0]LogAudio: Display: Audio Device unregistered from world 'None'.
[2024.03.16-20.16.14:957][  0]LogUObjectHash: Compacting FUObjectHashTables data took   0.46ms
[2024.03.16-20.16.14:960][  0]LogAudio: Display: Audio Device (ID: 1) registered with world 'EmptyMainLevel'.
[2024.03.16-20.16.14:961][  0]LogAIModule: Creating AISystem for world EmptyMainLevel
[2024.03.16-20.16.14:961][  0]LogEditorServer: Finished looking for orphan Actors (0.000 secs)
[2024.03.16-20.16.14:964][  0]LogUObjectHash: Compacting FUObjectHashTables data took   0.35ms
[2024.03.16-20.16.14:965][  0]Cmd: MAP CHECKDEP NOCLEARLOG
[2024.03.16-20.16.14:965][  0]MapCheck: 맵 체크 완료: 오류 0 회, 경고 0 회, 소요 시간 0.175ms.
[2024.03.16-20.16.14:965][  0]LogFileHelpers: Loading map 'EmptyMainLevel' took 0.016
[2024.03.16-20.16.14:968][  0]LogUnrealEdMisc: Total Editor Startup Time, took 8.708
[2024.03.16-20.16.15:070][  0]LogSlate: Updating window title bar state: overlay mode, drag disabled, window buttons hidden, title bar hidden
[2024.03.16-20.16.15:073][  0]LogSlate: Updating window title bar state: overlay mode, drag disabled, window buttons hidden, title bar hidden
[2024.03.16-20.16.15:077][  0]LogSlate: Updating window title bar state: overlay mode, drag disabled, window buttons hidden, title bar hidden
[2024.03.16-20.16.15:081][  0]LogSlate: Updating window title bar state: overlay mode, drag disabled, window buttons hidden, title bar hidden
[2024.03.16-20.16.15:091][  0]LogNativeClassHierarchy: Verbose: Native class hierarchy populated in 0.0064 seconds. Added 3841 classes and 938 folders.
[2024.03.16-20.16.15:093][  0]LogNativeClassHierarchy: Verbose: Native class hierarchy updated for 'WidgetCarousel' in 0.0002 seconds. Added 0 classes and 0 folders.
[2024.03.16-20.16.15:095][  0]LogPakFile: PakFile PrimaryIndexSize=187
[2024.03.16-20.16.15:095][  0]LogPakFile: PakFile PathHashIndexSize=101
[2024.03.16-20.16.15:095][  0]LogPakFile: PakFile FullDirectoryIndexSize=148
[2024.03.16-20.16.15:095][  0]LogShaderLibrary: Display: ShaderCodeLibraryPakFileMountedCallback: PakFile 'C:/Program Files/UE_4.27/FeaturePacks/FP_FirstPerson.upack' (chunk index -1, root 'root:/') mounted
[2024.03.16-20.16.15:095][  0]LogShaderLibrary: Display: ShaderCodeLibraryPakFileMountedCallback: pending pak file info (ChunkID:-1 Root:root:/ File:C:/Program Files/UE_4.27/FeaturePacks/FP_FirstPerson.upack)
[2024.03.16-20.16.15:095][  0]LogPakFile: OnPakFileMounted2Time == 0.000342
[2024.03.16-20.16.15:096][  0]LogPakFile: PakFile PrimaryIndexSize=189
[2024.03.16-20.16.15:096][  0]LogPakFile: PakFile PathHashIndexSize=101
[2024.03.16-20.16.15:096][  0]LogPakFile: PakFile FullDirectoryIndexSize=152
[2024.03.16-20.16.15:096][  0]LogShaderLibrary: Display: ShaderCodeLibraryPakFileMountedCallback: PakFile 'C:/Program Files/UE_4.27/FeaturePacks/FP_FirstPersonBP.upack' (chunk index -1, root 'root:/') mounted
[2024.03.16-20.16.15:096][  0]LogShaderLibrary: Display: ShaderCodeLibraryPakFileMountedCallback: pending pak file info (ChunkID:-1 Root:root:/ File:C:/Program Files/UE_4.27/FeaturePacks/FP_FirstPersonBP.upack)
[2024.03.16-20.16.15:096][  0]LogPakFile: OnPakFileMounted2Time == 0.000270
[2024.03.16-20.16.15:097][  0]LogPakFile: PakFile PrimaryIndexSize=191
[2024.03.16-20.16.15:097][  0]LogPakFile: PakFile PathHashIndexSize=101
[2024.03.16-20.16.15:097][  0]LogPakFile: PakFile FullDirectoryIndexSize=160
[2024.03.16-20.16.15:098][  0]LogShaderLibrary: Display: ShaderCodeLibraryPakFileMountedCallback: PakFile 'C:/Program Files/UE_4.27/FeaturePacks/MobileStarterContent.upack' (chunk index -1, root 'root:/') mounted
[2024.03.16-20.16.15:098][  0]LogShaderLibrary: Display: ShaderCodeLibraryPakFileMountedCallback: pending pak file info (ChunkID:-1 Root:root:/ File:C:/Program Files/UE_4.27/FeaturePacks/MobileStarterContent.upack)
[2024.03.16-20.16.15:098][  0]LogPakFile: OnPakFileMounted2Time == 0.000333
[2024.03.16-20.16.15:099][  0]LogPakFile: PakFile PrimaryIndexSize=185
[2024.03.16-20.16.15:099][  0]LogPakFile: PakFile PathHashIndexSize=101
[2024.03.16-20.16.15:099][  0]LogPakFile: PakFile FullDirectoryIndexSize=148
[2024.03.16-20.16.15:099][  0]LogShaderLibrary: Display: ShaderCodeLibraryPakFileMountedCallback: PakFile 'C:/Program Files/UE_4.27/FeaturePacks/StarterContent.upack' (chunk index -1, root 'root:/') mounted
[2024.03.16-20.16.15:099][  0]LogShaderLibrary: Display: ShaderCodeLibraryPakFileMountedCallback: pending pak file info (ChunkID:-1 Root:root:/ File:C:/Program Files/UE_4.27/FeaturePacks/StarterContent.upack)
[2024.03.16-20.16.15:099][  0]LogPakFile: OnPakFileMounted2Time == 0.000290
[2024.03.16-20.16.15:100][  0]LogPakFile: PakFile PrimaryIndexSize=190
[2024.03.16-20.16.15:100][  0]LogPakFile: PakFile PathHashIndexSize=101
[2024.03.16-20.16.15:100][  0]LogPakFile: PakFile FullDirectoryIndexSize=154
[2024.03.16-20.16.15:100][  0]LogShaderLibrary: Display: ShaderCodeLibraryPakFileMountedCallback: PakFile 'C:/Program Files/UE_4.27/FeaturePacks/TP_2DSideScroller.upack' (chunk index -1, root 'root:/') mounted
[2024.03.16-20.16.15:100][  0]LogShaderLibrary: Display: ShaderCodeLibraryPakFileMountedCallback: pending pak file info (ChunkID:-1 Root:root:/ File:C:/Program Files/UE_4.27/FeaturePacks/TP_2DSideScroller.upack)
[2024.03.16-20.16.15:100][  0]LogPakFile: OnPakFileMounted2Time == 0.000257
[2024.03.16-20.16.15:101][  0]LogPakFile: PakFile PrimaryIndexSize=192
[2024.03.16-20.16.15:101][  0]LogPakFile: PakFile PathHashIndexSize=101
[2024.03.16-20.16.15:101][  0]LogPakFile: PakFile FullDirectoryIndexSize=158
[2024.03.16-20.16.15:101][  0]LogShaderLibrary: Display: ShaderCodeLibraryPakFileMountedCallback: PakFile 'C:/Program Files/UE_4.27/FeaturePacks/TP_2DSideScrollerBP.upack' (chunk index -1, root 'root:/') mounted
[2024.03.16-20.16.15:101][  0]LogShaderLibrary: Display: ShaderCodeLibraryPakFileMountedCallback: pending pak file info (ChunkID:-1 Root:root:/ File:C:/Program Files/UE_4.27/FeaturePacks/TP_2DSideScrollerBP.upack)
[2024.03.16-20.16.15:102][  0]LogPakFile: OnPakFileMounted2Time == 0.000226
[2024.03.16-20.16.15:102][  0]LogPakFile: PakFile PrimaryIndexSize=182
[2024.03.16-20.16.15:102][  0]LogPakFile: PakFile PathHashIndexSize=101
[2024.03.16-20.16.15:102][  0]LogPakFile: PakFile FullDirectoryIndexSize=138
[2024.03.16-20.16.15:102][  0]LogShaderLibrary: Display: ShaderCodeLibraryPakFileMountedCallback: PakFile 'C:/Program Files/UE_4.27/FeaturePacks/TP_Flying.upack' (chunk index -1, root 'root:/') mounted
[2024.03.16-20.16.15:103][  0]LogShaderLibrary: Display: ShaderCodeLibraryPakFileMountedCallback: pending pak file info (ChunkID:-1 Root:root:/ File:C:/Program Files/UE_4.27/FeaturePacks/TP_Flying.upack)
[2024.03.16-20.16.15:103][  0]LogPakFile: OnPakFileMounted2Time == 0.000360
[2024.03.16-20.16.15:103][  0]LogPakFile: PakFile PrimaryIndexSize=184
[2024.03.16-20.16.15:104][  0]LogPakFile: PakFile PathHashIndexSize=101
[2024.03.16-20.16.15:104][  0]LogPakFile: PakFile FullDirectoryIndexSize=142
[2024.03.16-20.16.15:104][  0]LogShaderLibrary: Display: ShaderCodeLibraryPakFileMountedCallback: PakFile 'C:/Program Files/UE_4.27/FeaturePacks/TP_FlyingBP.upack' (chunk index -1, root 'root:/') mounted
[2024.03.16-20.16.15:104][  0]LogShaderLibrary: Display: ShaderCodeLibraryPakFileMountedCallback: pending pak file info (ChunkID:-1 Root:root:/ File:C:/Program Files/UE_4.27/FeaturePacks/TP_FlyingBP.upack)
[2024.03.16-20.16.15:104][  0]LogPakFile: OnPakFileMounted2Time == 0.000193
[2024.03.16-20.16.15:105][  0]LogPakFile: PakFile PrimaryIndexSize=188
[2024.03.16-20.16.15:105][  0]LogPakFile: PakFile PathHashIndexSize=101
[2024.03.16-20.16.15:105][  0]LogPakFile: PakFile FullDirectoryIndexSize=150
[2024.03.16-20.16.15:105][  0]LogShaderLibrary: Display: ShaderCodeLibraryPakFileMountedCallback: PakFile 'C:/Program Files/UE_4.27/FeaturePacks/TP_HandheldARBP.upack' (chunk index -1, root 'root:/') mounted
[2024.03.16-20.16.15:105][  0]LogShaderLibrary: Display: ShaderCodeLibraryPakFileMountedCallback: pending pak file info (ChunkID:-1 Root:root:/ File:C:/Program Files/UE_4.27/FeaturePacks/TP_HandheldARBP.upack)
[2024.03.16-20.16.15:105][  0]LogPakFile: OnPakFileMounted2Time == 0.000216
[2024.03.16-20.16.15:106][  0]LogPakFile: PakFile PrimaryIndexSize=182
[2024.03.16-20.16.15:106][  0]LogPakFile: PakFile PathHashIndexSize=101
[2024.03.16-20.16.15:106][  0]LogPakFile: PakFile FullDirectoryIndexSize=138
[2024.03.16-20.16.15:106][  0]LogShaderLibrary: Display: ShaderCodeLibraryPakFileMountedCallback: PakFile 'C:/Program Files/UE_4.27/FeaturePacks/TP_Puzzle.upack' (chunk index -1, root 'root:/') mounted
[2024.03.16-20.16.15:106][  0]LogShaderLibrary: Display: ShaderCodeLibraryPakFileMountedCallback: pending pak file info (ChunkID:-1 Root:root:/ File:C:/Program Files/UE_4.27/FeaturePacks/TP_Puzzle.upack)
[2024.03.16-20.16.15:107][  0]LogPakFile: OnPakFileMounted2Time == 0.000315
[2024.03.16-20.16.15:107][  0]LogPakFile: PakFile PrimaryIndexSize=184
[2024.03.16-20.16.15:107][  0]LogPakFile: PakFile PathHashIndexSize=101
[2024.03.16-20.16.15:107][  0]LogPakFile: PakFile FullDirectoryIndexSize=142
[2024.03.16-20.16.15:107][  0]LogShaderLibrary: Display: ShaderCodeLibraryPakFileMountedCallback: PakFile 'C:/Program Files/UE_4.27/FeaturePacks/TP_PuzzleBP.upack' (chunk index -1, root 'root:/') mounted
[2024.03.16-20.16.15:108][  0]LogShaderLibrary: Display: ShaderCodeLibraryPakFileMountedCallback: pending pak file info (ChunkID:-1 Root:root:/ File:C:/Program Files/UE_4.27/FeaturePacks/TP_PuzzleBP.upack)
[2024.03.16-20.16.15:108][  0]LogPakFile: OnPakFileMounted2Time == 0.000269
[2024.03.16-20.16.15:108][  0]LogPakFile: PakFile PrimaryIndexSize=183
[2024.03.16-20.16.15:108][  0]LogPakFile: PakFile PathHashIndexSize=101
[2024.03.16-20.16.15:108][  0]LogPakFile: PakFile FullDirectoryIndexSize=140
[2024.03.16-20.16.15:108][  0]LogShaderLibrary: Display: ShaderCodeLibraryPakFileMountedCallback: PakFile 'C:/Program Files/UE_4.27/FeaturePacks/TP_Rolling.upack' (chunk index -1, root 'root:/') mounted
[2024.03.16-20.16.15:109][  0]LogShaderLibrary: Display: ShaderCodeLibraryPakFileMountedCallback: pending pak file info (ChunkID:-1 Root:root:/ File:C:/Program Files/UE_4.27/FeaturePacks/TP_Rolling.upack)
[2024.03.16-20.16.15:109][  0]LogPakFile: OnPakFileMounted2Time == 0.000279
[2024.03.16-20.16.15:109][  0]LogPakFile: PakFile PrimaryIndexSize=185
[2024.03.16-20.16.15:109][  0]LogPakFile: PakFile PathHashIndexSize=101
[2024.03.16-20.16.15:109][  0]LogPakFile: PakFile FullDirectoryIndexSize=144
[2024.03.16-20.16.15:110][  0]LogShaderLibrary: Display: ShaderCodeLibraryPakFileMountedCallback: PakFile 'C:/Program Files/UE_4.27/FeaturePacks/TP_RollingBP.upack' (chunk index -1, root 'root:/') mounted
[2024.03.16-20.16.15:110][  0]LogShaderLibrary: Display: ShaderCodeLibraryPakFileMountedCallback: pending pak file info (ChunkID:-1 Root:root:/ File:C:/Program Files/UE_4.27/FeaturePacks/TP_RollingBP.upack)
[2024.03.16-20.16.15:110][  0]LogPakFile: OnPakFileMounted2Time == 0.000288
[2024.03.16-20.16.15:111][  0]LogPakFile: PakFile PrimaryIndexSize=188
[2024.03.16-20.16.15:111][  0]LogPakFile: PakFile PathHashIndexSize=101
[2024.03.16-20.16.15:111][  0]LogPakFile: PakFile FullDirectoryIndexSize=150
[2024.03.16-20.16.15:111][  0]LogShaderLibrary: Display: ShaderCodeLibraryPakFileMountedCallback: PakFile 'C:/Program Files/UE_4.27/FeaturePacks/TP_SideScroller.upack' (chunk index -1, root 'root:/') mounted
[2024.03.16-20.16.15:111][  0]LogShaderLibrary: Display: ShaderCodeLibraryPakFileMountedCallback: pending pak file info (ChunkID:-1 Root:root:/ File:C:/Program Files/UE_4.27/FeaturePacks/TP_SideScroller.upack)
[2024.03.16-20.16.15:111][  0]LogPakFile: OnPakFileMounted2Time == 0.000256
[2024.03.16-20.16.15:112][  0]LogPakFile: PakFile PrimaryIndexSize=190
[2024.03.16-20.16.15:112][  0]LogPakFile: PakFile PathHashIndexSize=101
[2024.03.16-20.16.15:112][  0]LogPakFile: PakFile FullDirectoryIndexSize=154
[2024.03.16-20.16.15:112][  0]LogShaderLibrary: Display: ShaderCodeLibraryPakFileMountedCallback: PakFile 'C:/Program Files/UE_4.27/FeaturePacks/TP_SideScrollerBP.upack' (chunk index -1, root 'root:/') mounted
[2024.03.16-20.16.15:112][  0]LogShaderLibrary: Display: ShaderCodeLibraryPakFileMountedCallback: pending pak file info (ChunkID:-1 Root:root:/ File:C:/Program Files/UE_4.27/FeaturePacks/TP_SideScrollerBP.upack)
[2024.03.16-20.16.15:112][  0]LogPakFile: OnPakFileMounted2Time == 0.000288
[2024.03.16-20.16.15:113][  0]LogPakFile: PakFile PrimaryIndexSize=187
[2024.03.16-20.16.15:113][  0]LogPakFile: PakFile PathHashIndexSize=101
[2024.03.16-20.16.15:113][  0]LogPakFile: PakFile FullDirectoryIndexSize=148
[2024.03.16-20.16.15:113][  0]LogShaderLibrary: Display: ShaderCodeLibraryPakFileMountedCallback: PakFile 'C:/Program Files/UE_4.27/FeaturePacks/TP_ThirdPerson.upack' (chunk index -1, root 'root:/') mounted
[2024.03.16-20.16.15:114][  0]LogShaderLibrary: Display: ShaderCodeLibraryPakFileMountedCallback: pending pak file info (ChunkID:-1 Root:root:/ File:C:/Program Files/UE_4.27/FeaturePacks/TP_ThirdPerson.upack)
[2024.03.16-20.16.15:114][  0]LogPakFile: OnPakFileMounted2Time == 0.000227
[2024.03.16-20.16.15:114][  0]LogPakFile: PakFile PrimaryIndexSize=189
[2024.03.16-20.16.15:115][  0]LogPakFile: PakFile PathHashIndexSize=101
[2024.03.16-20.16.15:115][  0]LogPakFile: PakFile FullDirectoryIndexSize=152
[2024.03.16-20.16.15:115][  0]LogShaderLibrary: Display: ShaderCodeLibraryPakFileMountedCallback: PakFile 'C:/Program Files/UE_4.27/FeaturePacks/TP_ThirdPersonBP.upack' (chunk index -1, root 'root:/') mounted
[2024.03.16-20.16.15:115][  0]LogShaderLibrary: Display: ShaderCodeLibraryPakFileMountedCallback: pending pak file info (ChunkID:-1 Root:root:/ File:C:/Program Files/UE_4.27/FeaturePacks/TP_ThirdPersonBP.upack)
[2024.03.16-20.16.15:115][  0]LogPakFile: OnPakFileMounted2Time == 0.000261
[2024.03.16-20.16.15:116][  0]LogPakFile: PakFile PrimaryIndexSize=183
[2024.03.16-20.16.15:116][  0]LogPakFile: PakFile PathHashIndexSize=101
[2024.03.16-20.16.15:116][  0]LogPakFile: PakFile FullDirectoryIndexSize=140
[2024.03.16-20.16.15:116][  0]LogShaderLibrary: Display: ShaderCodeLibraryPakFileMountedCallback: PakFile 'C:/Program Files/UE_4.27/FeaturePacks/TP_TopDown.upack' (chunk index -1, root 'root:/') mounted
[2024.03.16-20.16.15:116][  0]LogShaderLibrary: Display: ShaderCodeLibraryPakFileMountedCallback: pending pak file info (ChunkID:-1 Root:root:/ File:C:/Program Files/UE_4.27/FeaturePacks/TP_TopDown.upack)
[2024.03.16-20.16.15:116][  0]LogPakFile: OnPakFileMounted2Time == 0.000231
[2024.03.16-20.16.15:117][  0]LogPakFile: PakFile PrimaryIndexSize=185
[2024.03.16-20.16.15:117][  0]LogPakFile: PakFile PathHashIndexSize=101
[2024.03.16-20.16.15:117][  0]LogPakFile: PakFile FullDirectoryIndexSize=144
[2024.03.16-20.16.15:117][  0]LogShaderLibrary: Display: ShaderCodeLibraryPakFileMountedCallback: PakFile 'C:/Program Files/UE_4.27/FeaturePacks/TP_TopDownBP.upack' (chunk index -1, root 'root:/') mounted
[2024.03.16-20.16.15:117][  0]LogShaderLibrary: Display: ShaderCodeLibraryPakFileMountedCallback: pending pak file info (ChunkID:-1 Root:root:/ File:C:/Program Files/UE_4.27/FeaturePacks/TP_TopDownBP.upack)
[2024.03.16-20.16.15:117][  0]LogPakFile: OnPakFileMounted2Time == 0.000198
[2024.03.16-20.16.15:118][  0]LogPakFile: PakFile PrimaryIndexSize=185
[2024.03.16-20.16.15:118][  0]LogPakFile: PakFile PathHashIndexSize=101
[2024.03.16-20.16.15:118][  0]LogPakFile: PakFile FullDirectoryIndexSize=144
[2024.03.16-20.16.15:118][  0]LogShaderLibrary: Display: ShaderCodeLibraryPakFileMountedCallback: PakFile 'C:/Program Files/UE_4.27/FeaturePacks/TP_TwinStick.upack' (chunk index -1, root 'root:/') mounted
[2024.03.16-20.16.15:118][  0]LogShaderLibrary: Display: ShaderCodeLibraryPakFileMountedCallback: pending pak file info (ChunkID:-1 Root:root:/ File:C:/Program Files/UE_4.27/FeaturePacks/TP_TwinStick.upack)
[2024.03.16-20.16.15:118][  0]LogPakFile: OnPakFileMounted2Time == 0.000210
[2024.03.16-20.16.15:119][  0]LogPakFile: PakFile PrimaryIndexSize=187
[2024.03.16-20.16.15:119][  0]LogPakFile: PakFile PathHashIndexSize=101
[2024.03.16-20.16.15:119][  0]LogPakFile: PakFile FullDirectoryIndexSize=148
[2024.03.16-20.16.15:119][  0]LogShaderLibrary: Display: ShaderCodeLibraryPakFileMountedCallback: PakFile 'C:/Program Files/UE_4.27/FeaturePacks/TP_TwinStickBP.upack' (chunk index -1, root 'root:/') mounted
[2024.03.16-20.16.15:119][  0]LogShaderLibrary: Display: ShaderCodeLibraryPakFileMountedCallback: pending pak file info (ChunkID:-1 Root:root:/ File:C:/Program Files/UE_4.27/FeaturePacks/TP_TwinStickBP.upack)
[2024.03.16-20.16.15:119][  0]LogPakFile: OnPakFileMounted2Time == 0.000276
[2024.03.16-20.16.15:120][  0]LogPakFile: PakFile PrimaryIndexSize=183
[2024.03.16-20.16.15:120][  0]LogPakFile: PakFile PathHashIndexSize=101
[2024.03.16-20.16.15:120][  0]LogPakFile: PakFile FullDirectoryIndexSize=140
[2024.03.16-20.16.15:121][  0]LogShaderLibrary: Display: ShaderCodeLibraryPakFileMountedCallback: PakFile 'C:/Program Files/UE_4.27/FeaturePacks/TP_Vehicle.upack' (chunk index -1, root 'root:/') mounted
[2024.03.16-20.16.15:121][  0]LogShaderLibrary: Display: ShaderCodeLibraryPakFileMountedCallback: pending pak file info (ChunkID:-1 Root:root:/ File:C:/Program Files/UE_4.27/FeaturePacks/TP_Vehicle.upack)
[2024.03.16-20.16.15:121][  0]LogPakFile: OnPakFileMounted2Time == 0.000299
[2024.03.16-20.16.15:122][  0]LogPakFile: PakFile PrimaryIndexSize=186
[2024.03.16-20.16.15:122][  0]LogPakFile: PakFile PathHashIndexSize=101
[2024.03.16-20.16.15:122][  0]LogPakFile: PakFile FullDirectoryIndexSize=146
[2024.03.16-20.16.15:122][  0]LogShaderLibrary: Display: ShaderCodeLibraryPakFileMountedCallback: PakFile 'C:/Program Files/UE_4.27/FeaturePacks/TP_VehicleAdv.upack' (chunk index -1, root 'root:/') mounted
[2024.03.16-20.16.15:122][  0]LogShaderLibrary: Display: ShaderCodeLibraryPakFileMountedCallback: pending pak file info (ChunkID:-1 Root:root:/ File:C:/Program Files/UE_4.27/FeaturePacks/TP_VehicleAdv.upack)
[2024.03.16-20.16.15:122][  0]LogPakFile: OnPakFileMounted2Time == 0.000229
[2024.03.16-20.16.15:123][  0]LogPakFile: PakFile PrimaryIndexSize=188
[2024.03.16-20.16.15:123][  0]LogPakFile: PakFile PathHashIndexSize=101
[2024.03.16-20.16.15:123][  0]LogPakFile: PakFile FullDirectoryIndexSize=150
[2024.03.16-20.16.15:123][  0]LogShaderLibrary: Display: ShaderCodeLibraryPakFileMountedCallback: PakFile 'C:/Program Files/UE_4.27/FeaturePacks/TP_VehicleAdvBP.upack' (chunk index -1, root 'root:/') mounted
[2024.03.16-20.16.15:123][  0]LogShaderLibrary: Display: ShaderCodeLibraryPakFileMountedCallback: pending pak file info (ChunkID:-1 Root:root:/ File:C:/Program Files/UE_4.27/FeaturePacks/TP_VehicleAdvBP.upack)
[2024.03.16-20.16.15:123][  0]LogPakFile: OnPakFileMounted2Time == 0.000293
[2024.03.16-20.16.15:124][  0]LogPakFile: PakFile PrimaryIndexSize=185
[2024.03.16-20.16.15:124][  0]LogPakFile: PakFile PathHashIndexSize=101
[2024.03.16-20.16.15:124][  0]LogPakFile: PakFile FullDirectoryIndexSize=144
[2024.03.16-20.16.15:124][  0]LogShaderLibrary: Display: ShaderCodeLibraryPakFileMountedCallback: PakFile 'C:/Program Files/UE_4.27/FeaturePacks/TP_VehicleBP.upack' (chunk index -1, root 'root:/') mounted
[2024.03.16-20.16.15:124][  0]LogShaderLibrary: Display: ShaderCodeLibraryPakFileMountedCallback: pending pak file info (ChunkID:-1 Root:root:/ File:C:/Program Files/UE_4.27/FeaturePacks/TP_VehicleBP.upack)
[2024.03.16-20.16.15:124][  0]LogPakFile: OnPakFileMounted2Time == 0.000305
[2024.03.16-20.16.15:125][  0]LogPakFile: PakFile PrimaryIndexSize=192
[2024.03.16-20.16.15:125][  0]LogPakFile: PakFile PathHashIndexSize=101
[2024.03.16-20.16.15:125][  0]LogPakFile: PakFile FullDirectoryIndexSize=158
[2024.03.16-20.16.15:125][  0]LogShaderLibrary: Display: ShaderCodeLibraryPakFileMountedCallback: PakFile 'C:/Program Files/UE_4.27/FeaturePacks/TP_VirtualRealityBP.upack' (chunk index -1, root 'root:/') mounted
[2024.03.16-20.16.15:125][  0]LogShaderLibrary: Display: ShaderCodeLibraryPakFileMountedCallback: pending pak file info (ChunkID:-1 Root:root:/ File:C:/Program Files/UE_4.27/FeaturePacks/TP_VirtualRealityBP.upack)
[2024.03.16-20.16.15:126][  0]LogPakFile: OnPakFileMounted2Time == 0.000250
[2024.03.16-20.16.15:170][  0]LogNativeClassHierarchy: Verbose: Native class hierarchy updated for 'AddContentDialog' in 0.0002 seconds. Added 0 classes and 0 folders.
[2024.03.16-20.16.15:171][  0]LogNativeClassHierarchy: Verbose: Native class hierarchy updated for 'SceneOutliner' in 0.0001 seconds. Added 2 classes and 0 folders.
[2024.03.16-20.16.15:210][  0]LogSlate: Took 0.000305 seconds to synchronously load lazily loaded font '../../../Engine/Content/Slate/Fonts/Roboto-Regular.ttf' (155K)
[2024.03.16-20.16.15:211][  0]LogSlate: Took 0.000158 seconds to synchronously load lazily loaded font '../../../Engine/Content/Editor/Slate/Fonts/FontAwesome.ttf' (139K)
[2024.03.16-20.16.15:212][  0]LogSlate: Took 0.000833 seconds to synchronously load lazily loaded font '../../../Engine/Content/Editor/Slate/Fonts/NanumGothic.ttf' (4243K)
[2024.03.16-20.16.15:214][  0]LogSlate: Took 0.000824 seconds to synchronously load lazily loaded font '../../../Engine/Content/Editor/Slate/Fonts/NanumGothicBold.ttf' (4188K)
[2024.03.16-20.16.15:214][  0]LogSlate: Took 0.000179 seconds to synchronously load lazily loaded font '../../../Engine/Content/Slate/Fonts/Roboto-Bold.ttf' (160K)
[2024.03.16-20.16.15:266][  0]LogRenderer: Reallocating scene render targets to support 1616x808 Format 10 NumSamples 1 (Frame:1).
[2024.03.16-20.16.15:326][  0]LogNativeClassHierarchy: Verbose: Native class hierarchy updated for 'HierarchicalLODOutliner' in 0.0002 seconds. Added 0 classes and 0 folders.
[2024.03.16-20.16.15:326][  0]LogLoad: (Engine Initialization) Total time: 9.07 seconds
[2024.03.16-20.16.15:327][  0]LogLoad: (Engine Initialization) Total Blueprint compile time: 0.00 seconds
[2024.03.16-20.16.15:362][  0]LogAssetRegistry: Asset discovery search completed in 5.0864 seconds
[2024.03.16-20.16.15:366][  0]LogCollectionManager: Fixed up redirectors for 0 collections in 0.000003 seconds (updated 0 objects)
[2024.03.16-20.16.15:367][  0]LogContentStreaming: Texture pool size now 1000 MB
[2024.03.16-20.16.19:437][297]LogTemp: Repeating last play command: 선택된 뷰포트
[2024.03.16-20.16.19:442][297]LogPlayLevel: PlayLevel: No blueprints needed recompiling
[2024.03.16-20.16.19:442][297]PIE: New page: PIE 세션: EmptyMainLevel (2024. 3. 17. 오후 2:16:19)
[2024.03.16-20.16.19:482][297]LogOnline: OSS: Creating online subsystem instance for: NULL
[2024.03.16-20.16.19:483][297]LogOnline: OSS: TryLoadSubsystemAndSetDefault: Loaded subsystem for module [NULL]
[2024.03.16-20.16.19:484][297]LogPlayLevel: Creating play world package: /Game/Scene/UEDPIE_0_EmptyMainLevel
[2024.03.16-20.16.19:485][297]LogPlayLevel: PIE: StaticDuplicateObject took: (0.000684s)
[2024.03.16-20.16.19:486][297]LogAIModule: Creating AISystem for world EmptyMainLevel
[2024.03.16-20.16.19:486][297]LogPlayLevel: PIE: World Init took: (0.000780s)
[2024.03.16-20.16.19:486][297]LogPlayLevel: PIE: Created PIE world by copying editor world from /Game/Scene/EmptyMainLevel.EmptyMainLevel to /Game/Scene/UEDPIE_0_EmptyMainLevel.EmptyMainLevel (0.001793s)
[2024.03.16-20.16.19:492][297]LogUObjectHash: Compacting FUObjectHashTables data took   0.35ms
[2024.03.16-20.16.19:499][297]LogAudio: Display: Creating Audio Device:                 Id: 2, Scope: Unique, Realtime: True
[2024.03.16-20.16.19:499][297]LogAudioMixer: Display: Audio Mixer Platform Settings:
[2024.03.16-20.16.19:499][297]LogAudioMixer: Display: 	Sample Rate:						  48000
[2024.03.16-20.16.19:499][297]LogAudioMixer: Display: 	Callback Buffer Frame Size Requested: 1024
[2024.03.16-20.16.19:499][297]LogAudioMixer: Display: 	Callback Buffer Frame Size To Use:	  1024
[2024.03.16-20.16.19:499][297]LogAudioMixer: Display: 	Number of buffers to queue:			  2
[2024.03.16-20.16.19:499][297]LogAudioMixer: Display: 	Max Channels (voices):				  32
[2024.03.16-20.16.19:500][297]LogAudioMixer: Display: 	Number of Async Source Workers:		  0
[2024.03.16-20.16.19:500][297]LogAudio: Display: AudioDevice MaxSources: 32
[2024.03.16-20.16.19:500][297]LogAudio: Display: Audio Spatialization Plugin: None (built-in).
[2024.03.16-20.16.19:500][297]LogAudio: Display: Audio Reverb Plugin: None (built-in).
[2024.03.16-20.16.19:500][297]LogAudio: Display: Audio Occlusion Plugin: None (built-in).
[2024.03.16-20.16.19:500][297]LogAudioMixer: Display: Initializing audio mixer.
[2024.03.16-20.16.19:513][297]LogAudioMixer: Display: 0: FrontLeft
[2024.03.16-20.16.19:513][297]LogAudioMixer: Display: 1: FrontRight
[2024.03.16-20.16.19:528][297]LogAudioMixer: Display: Using Audio Device 스피커(ABKO N550)
[2024.03.16-20.16.19:528][297]LogAudioMixer: Display: Initializing Sound Submixes...
[2024.03.16-20.16.19:529][297]LogAudioMixer: Display: Creating Master Submix 'MasterSubmixDefault'
[2024.03.16-20.16.19:529][297]LogAudioMixer: Display: Creating Master Submix 'MasterReverbSubmixDefault'
[2024.03.16-20.16.19:529][297]LogAudioMixer: Display: Creating Master Submix 'MasterEQSubmixDefault'
[2024.03.16-20.16.19:529][297]LogAudioMixer: FMixerPlatformXAudio2::StartAudioStream() called
[2024.03.16-20.16.19:529][297]LogAudioMixer: Display: Output buffers initialized: Frames=1024, Channels=2, Samples=2048
[2024.03.16-20.16.19:530][297]LogAudioMixer: Display: Starting AudioMixerPlatformInterface::RunInternal()
[2024.03.16-20.16.19:530][297]LogAudioMixer: Display: FMixerPlatformXAudio2::SubmitBuffer() called for the first time
[2024.03.16-20.16.19:530][297]LogInit: FAudioDevice initialized.
[2024.03.16-20.16.19:531][297]LogAudio: Display: Audio Device (ID: 2) registered with world 'EmptyMainLevel'.
[2024.03.16-20.16.19:538][297]LogLoad: Game class is 'GameModeBase'
[2024.03.16-20.16.19:539][297]LogWorld: Bringing World /Game/Scene/UEDPIE_0_EmptyMainLevel.EmptyMainLevel up for play (max tick rate 0) at 2024.03.17-05.16.19
[2024.03.16-20.16.19:539][297]LogWorld: Bringing up level for play took: 0.000336
[2024.03.16-20.16.19:539][297]LogOnline: OSS: Creating online subsystem instance for: :Context_1
[2024.03.16-20.16.19:542][297]LogNativeClassHierarchy: Verbose: Native class hierarchy updated for 'MovieSceneCapture' in 0.0003 seconds. Added 20 classes and 0 folders.
[2024.03.16-20.16.19:543][297]PIE: 서버가 로그인했습니다.
[2024.03.16-20.16.19:544][297]PIE: 에디터에서 플레이 총 시작 시간 0.104초입니다.
[2024.03.16-20.16.19:560][298]LogUObjectHash: Compacting FUObjectHashTables data took   0.40ms
[2024.03.16-20.16.23:223][728]LogSlate: Updating window title bar state: overlay mode, drag disabled, window buttons hidden, title bar hidden
[2024.03.16-20.16.23:223][728]LogWorld: BeginTearingDown for /Game/Scene/UEDPIE_0_EmptyMainLevel
[2024.03.16-20.16.23:223][728]LogWorld: UWorld::CleanupWorld for EmptyMainLevel, bSessionEnded=true, bCleanupResources=true
[2024.03.16-20.16.23:224][728]LogSlate: InvalidateAllWidgets triggered.  All widgets were invalidated
[2024.03.16-20.16.23:231][728]LogPlayLevel: Display: Shutting down PIE online subsystems
[2024.03.16-20.16.23:232][728]LogSlate: InvalidateAllWidgets triggered.  All widgets were invalidated
[2024.03.16-20.16.23:235][728]LogAudio: Display: Audio Device unregistered from world 'None'.
[2024.03.16-20.16.23:235][728]LogAudioMixer: FMixerPlatformXAudio2::StopAudioStream() called
[2024.03.16-20.16.23:236][728]LogAudioMixer: FMixerPlatformXAudio2::StopAudioStream() called
[2024.03.16-20.16.23:237][728]LogSlate: Updating window title bar state: overlay mode, drag disabled, window buttons hidden, title bar hidden
[2024.03.16-20.16.23:238][728]LogUObjectHash: Compacting FUObjectHashTables data took   0.38ms
[2024.03.16-20.16.23:282][732]LogPlayLevel: Display: Destroying online subsystem :Context_1
[2024.03.16-20.16.34:053][ 78]LogEditorViewport: Clicking Background
[2024.03.16-20.16.34:520][134]LogTemp: Repeating last play command: 선택된 뷰포트
[2024.03.16-20.16.34:524][134]LogPlayLevel: PlayLevel: No blueprints needed recompiling
[2024.03.16-20.16.34:524][134]PIE: New page: PIE 세션: EmptyMainLevel (2024. 3. 17. 오후 2:16:34)
[2024.03.16-20.16.34:562][134]LogPlayLevel: Creating play world package: /Game/Scene/UEDPIE_0_EmptyMainLevel
[2024.03.16-20.16.34:562][134]LogPlayLevel: PIE: StaticDuplicateObject took: (0.000627s)
[2024.03.16-20.16.34:563][134]LogAIModule: Creating AISystem for world EmptyMainLevel
[2024.03.16-20.16.34:563][134]LogPlayLevel: PIE: World Init took: (0.000767s)
[2024.03.16-20.16.34:563][134]LogPlayLevel: PIE: Created PIE world by copying editor world from /Game/Scene/EmptyMainLevel.EmptyMainLevel to /Game/Scene/UEDPIE_0_EmptyMainLevel.EmptyMainLevel (0.001773s)
[2024.03.16-20.16.34:566][134]LogUObjectHash: Compacting FUObjectHashTables data took   0.35ms
[2024.03.16-20.17.11:844][134]LogAudio: Display: Creating Audio Device:                 Id: 3, Scope: Unique, Realtime: True
[2024.03.16-20.17.11:844][134]LogAudioMixer: Display: Audio Mixer Platform Settings:
[2024.03.16-20.17.11:844][134]LogAudioMixer: Display: 	Sample Rate:						  48000
[2024.03.16-20.17.11:844][134]LogAudioMixer: Display: 	Callback Buffer Frame Size Requested: 1024
[2024.03.16-20.17.11:845][134]LogAudioMixer: Display: 	Callback Buffer Frame Size To Use:	  1024
[2024.03.16-20.17.11:845][134]LogAudioMixer: Display: 	Number of buffers to queue:			  2
[2024.03.16-20.17.11:845][134]LogAudioMixer: Display: 	Max Channels (voices):				  32
[2024.03.16-20.17.11:845][134]LogAudioMixer: Display: 	Number of Async Source Workers:		  0
[2024.03.16-20.17.11:845][134]LogAudio: Display: AudioDevice MaxSources: 32
[2024.03.16-20.17.11:846][134]LogAudio: Display: Audio Spatialization Plugin: None (built-in).
[2024.03.16-20.17.11:846][134]LogAudio: Display: Audio Reverb Plugin: None (built-in).
[2024.03.16-20.17.11:846][134]LogAudio: Display: Audio Occlusion Plugin: None (built-in).
[2024.03.16-20.17.11:846][134]LogAudioMixer: Display: Initializing audio mixer.
[2024.03.16-20.17.11:860][134]LogAudioMixer: Display: 0: FrontLeft
[2024.03.16-20.17.11:860][134]LogAudioMixer: Display: 1: FrontRight
[2024.03.16-20.17.11:875][134]LogAudioMixer: Display: Using Audio Device 스피커(ABKO N550)
[2024.03.16-20.17.11:875][134]LogAudioMixer: Display: Initializing Sound Submixes...
[2024.03.16-20.17.11:875][134]LogAudioMixer: Display: Creating Master Submix 'MasterSubmixDefault'
[2024.03.16-20.17.11:875][134]LogAudioMixer: Display: Creating Master Submix 'MasterReverbSubmixDefault'
[2024.03.16-20.17.11:876][134]LogAudioMixer: Display: Creating Master Submix 'MasterEQSubmixDefault'
[2024.03.16-20.17.11:876][134]LogAudioMixer: FMixerPlatformXAudio2::StartAudioStream() called
[2024.03.16-20.17.11:876][134]LogAudioMixer: Display: Output buffers initialized: Frames=1024, Channels=2, Samples=2048
[2024.03.16-20.17.11:877][134]LogAudioMixer: Display: Starting AudioMixerPlatformInterface::RunInternal()
[2024.03.16-20.17.11:877][134]LogAudioMixer: Display: FMixerPlatformXAudio2::SubmitBuffer() called for the first time
[2024.03.16-20.17.11:877][134]LogInit: FAudioDevice initialized.
[2024.03.16-20.17.11:877][134]LogAudio: Display: Audio Device (ID: 3) registered with world 'EmptyMainLevel'.
[2024.03.16-20.17.11:887][134]LogLoad: Game class is 'GameModeBase'
[2024.03.16-20.17.11:888][134]LogWorld: Bringing World /Game/Scene/UEDPIE_0_EmptyMainLevel.EmptyMainLevel up for play (max tick rate 3) at 2024.03.17-05.17.11
[2024.03.16-20.17.11:888][134]LogWorld: Bringing up level for play took: 0.000304
[2024.03.16-20.17.11:888][134]LogOnline: OSS: Creating online subsystem instance for: :Context_2
[2024.03.16-20.17.11:890][134]PIE: 서버가 로그인했습니다.
[2024.03.16-20.17.11:890][134]PIE: 에디터에서 플레이 총 시작 시간 37.368초입니다.
[2024.03.16-20.17.11:895][134]LogAudioMixer: Resetting audio stream to device id 
[2024.03.16-20.17.11:906][134]LogAudioMixer: Display: 0: FrontLeft
[2024.03.16-20.17.11:906][134]LogAudioMixer: Display: 1: FrontRight
[2024.03.16-20.17.11:963][135]LogUObjectHash: Compacting FUObjectHashTables data took   0.50ms
