Log file open, 07/28/24 19:19:38
LogWindows: Failed to load 'aqProf.dll' (GetLastError=126)
LogWindows: File 'aqProf.dll' does not exist
LogWindows: Failed to load 'VtuneApi.dll' (GetLastError=126)
LogWindows: File 'VtuneApi.dll' does not exist
LogWindows: Failed to load 'VtuneApi32e.dll' (GetLastError=126)
LogWindows: File 'VtuneApi32e.dll' does not exist
LogConsoleResponse: Display: Failed to find resolution value strings in scalability ini. Falling back to default.
LogConsoleResponse: Display: Failed to find resolution value strings in scalability ini. Falling back to default.
LogInit: Display: Running engine for game: InsectHeaven
LogPlatformFile: Not using cached read wrapper
LogTaskGraph: Started task graph with 5 named threads and 71 total threads with 3 sets of task threads.
LogStats: Stats thread started at 0.231771
LogICUInternationalization: ICU TimeZone Detection - Raw Offset: +9:00, Platform Override: ''
LogInit: Display: Loading text-based GConfig....
LogPluginManager: Mounting plugin MeshPainting
LogPluginManager: Mounting plugin XGEController
LogPluginManager: Mounting plugin Paper2D
LogPluginManager: Mounting plugin AISupport
LogPluginManager: Mounting plugin EnvironmentQueryEditor
LogPluginManager: Mounting plugin LightPropagationVolume
LogPluginManager: Mounting plugin LiveLink
LogPluginManager: Mounting plugin OodleNetwork
LogPluginManager: Mounting plugin OodleData
LogPluginManager: Mounting plugin AssetManagerEditor
LogPluginManager: Mounting plugin DatasmithContent
LogPluginManager: Mounting plugin CurveEditorTools
LogPluginManager: Mounting plugin CryptoKeys
LogPluginManager: Mounting plugin FacialAnimation
LogPluginManager: Mounting plugin DataValidation
LogPluginManager: Mounting plugin EditorScriptingUtilities
LogPluginManager: Mounting plugin GameplayTagsEditor
LogPluginManager: Mounting plugin GeometryMode
LogPluginManager: Mounting plugin MaterialAnalyzer
LogPluginManager: Mounting plugin MacGraphicsSwitching
LogPluginManager: Mounting plugin MobileLauncherProfileWizard
LogPluginManager: Mounting plugin PluginBrowser
LogPluginManager: Mounting plugin SpeedTreeImporter
LogPluginManager: Mounting plugin AnimationSharing
LogPluginManager: Mounting plugin VariantManagerContent
LogPluginManager: Mounting plugin CLionSourceCodeAccess
LogPluginManager: Mounting plugin CodeLiteSourceCodeAccess
LogPluginManager: Mounting plugin GitSourceControl
LogPluginManager: Mounting plugin KDevelopSourceCodeAccess
LogPluginManager: Mounting plugin NullSourceCodeAccess
LogPluginManager: Mounting plugin PerforceSourceControl
LogPluginManager: Mounting plugin PixWinPlugin
LogPluginManager: Mounting plugin PlasticSourceControl
LogPluginManager: Mounting plugin PropertyAccessNode
LogPluginManager: Mounting plugin PluginUtils
LogPluginManager: Mounting plugin RiderSourceCodeAccess
LogPluginManager: Mounting plugin SubversionSourceControl
LogPluginManager: Mounting plugin TextureFormatOodle
LogPluginManager: Mounting plugin UObjectPlugin
LogPluginManager: Mounting plugin Niagara
LogPluginManager: Mounting plugin VisualStudioCodeSourceCodeAccess
LogPluginManager: Mounting plugin XCodeSourceCodeAccess
LogPluginManager: Mounting plugin VisualStudioSourceCodeAccess
LogPluginManager: Mounting plugin AndroidMedia
LogPluginManager: Mounting plugin TcpMessaging
LogPluginManager: Mounting plugin UdpMessaging
LogPluginManager: Mounting plugin AvfMedia
LogPluginManager: Mounting plugin ImgMedia
LogPluginManager: Mounting plugin MediaCompositing
LogPluginManager: Mounting plugin MediaPlayerEditor
LogPluginManager: Mounting plugin WebMMedia
LogPluginManager: Mounting plugin WmfMedia
LogPluginManager: Mounting plugin AlembicImporter
LogPluginManager: Mounting plugin BackChannel
LogPluginManager: Mounting plugin AutomationUtils
LogPluginManager: Mounting plugin ChaosCloth
LogPluginManager: Mounting plugin ChaosClothEditor
LogPluginManager: Mounting plugin ChaosNiagara
LogPluginManager: Mounting plugin ChaosSolverPlugin
LogPluginManager: Mounting plugin ChaosEditor
LogPluginManager: Mounting plugin CharacterAI
LogPluginManager: Mounting plugin ActorSequence
LogPluginManager: Mounting plugin MatineeToLevelSequence
LogPluginManager: Mounting plugin LevelSequenceEditor
LogPluginManager: Mounting plugin TemplateSequence
LogPluginManager: Mounting plugin LuminPlatformFeatures
LogPluginManager: Mounting plugin MagicLeap
LogPluginManager: Mounting plugin MagicLeapLightEstimation
LogPluginManager: Mounting plugin MagicLeapMedia
LogPluginManager: Mounting plugin MagicLeapPassableWorld
LogPluginManager: Mounting plugin MLSDK
LogPluginManager: Mounting plugin GeometryCache
LogPluginManager: Mounting plugin GeometryProcessing
LogPluginManager: Mounting plugin GeometryCollectionPlugin
LogPluginManager: Mounting plugin MotoSynth
LogPluginManager: Mounting plugin OpenImageDenoise
LogPluginManager: Mounting plugin PlanarCut
LogPluginManager: Mounting plugin ProxyLODPlugin
LogPluginManager: Mounting plugin PlatformCrypto
LogPluginManager: Mounting plugin PythonScriptPlugin
LogPluginManager: Mounting plugin LauncherChunkInstaller
LogPluginManager: Mounting plugin OnlineSubsystem
LogPluginManager: Mounting plugin OnlineSubsystemNull
LogPluginManager: Mounting plugin OnlineSubsystemUtils
LogPluginManager: Mounting plugin SkeletalReduction
LogPluginManager: Mounting plugin ActorLayerUtilities
LogPluginManager: Mounting plugin AndroidDeviceProfileSelector
LogPluginManager: Mounting plugin AndroidMoviePlayer
LogPluginManager: Mounting plugin AppleMoviePlayer
LogPluginManager: Mounting plugin AndroidPermission
LogPluginManager: Mounting plugin AppleImageUtils
LogPluginManager: Mounting plugin ArchVisCharacter
LogPluginManager: Mounting plugin AudioCapture
LogPluginManager: Mounting plugin AssetTags
LogPluginManager: Mounting plugin AudioSynesthesia
LogPluginManager: Mounting plugin CableComponent
LogPluginManager: Mounting plugin CustomMeshComponent
LogPluginManager: Mounting plugin ChunkDownloader
LogPluginManager: Mounting plugin ExampleDeviceProfileSelector
LogPluginManager: Mounting plugin EditableMesh
LogPluginManager: Mounting plugin ScreenshotTools
LogPluginManager: Mounting plugin GoogleCloudMessaging
LogPluginManager: Mounting plugin GooglePAD
LogPluginManager: Mounting plugin IOSDeviceProfileSelector
LogPluginManager: Mounting plugin LinuxDeviceProfileSelector
LogPluginManager: Mounting plugin LocationServicesBPLibrary
LogPluginManager: Mounting plugin MobilePatchingUtils
LogPluginManager: Mounting plugin OpenXR
LogPluginManager: Mounting plugin OpenXREyeTracker
LogPluginManager: Mounting plugin OpenXRHandTracking
LogPluginManager: Mounting plugin PhysXVehicles
LogPluginManager: Mounting plugin PostSplashScreen
LogPluginManager: Mounting plugin ProceduralMeshComponent
LogPluginManager: Mounting plugin PropertyAccessEditor
LogPluginManager: Mounting plugin RuntimePhysXCooking
LogPluginManager: Mounting plugin SignificanceManager
LogPluginManager: Mounting plugin SoundFields
LogPluginManager: Mounting plugin Synthesis
LogPluginManager: Mounting plugin Takes
LogPluginManager: Mounting plugin WebMMoviePlayer
LogPluginManager: Mounting plugin WindowsMoviePlayer
LogPluginManager: Mounting plugin CameraShakePreviewer
LogPluginManager: Mounting plugin GameplayCameras
LogPluginManager: Mounting plugin ContentBrowserClassDataSource
LogPluginManager: Mounting plugin ContentBrowserAssetDataSource
LogPluginManager: Mounting plugin ContentBrowserFileDataSource
LogPluginManager: Mounting plugin RiderLink
LogPluginManager: Mounting plugin OnlineSubsystemIOS
LogPluginManager: Mounting plugin OnlineSubsystemGooglePlay
LogPluginManager: Mounting plugin OculusVR
LogPluginManager: Mounting plugin SteamVR
PixWinPlugin: PIX capture plugin failed to initialize! Check that the process is launched from PIX.
LogInit: Using libcurl 7.55.1-DEV
LogInit:  - built for x86_64-pc-win32
LogInit:  - supports SSL with OpenSSL/1.1.1
LogInit:  - supports HTTP deflate (compression) using libz 1.2.8
LogInit:  - other features:
LogInit:      CURL_VERSION_SSL
LogInit:      CURL_VERSION_LIBZ
LogInit:      CURL_VERSION_IPV6
LogInit:      CURL_VERSION_ASYNCHDNS
LogInit:      CURL_VERSION_LARGEFILE
LogInit:      CURL_VERSION_IDN
LogInit:  CurlRequestOptions (configurable via config and command line):
LogInit:  - bVerifyPeer = true  - Libcurl will verify peer certificate
LogInit:  - bUseHttpProxy = false  - Libcurl will NOT use HTTP proxy
LogInit:  - bDontReuseConnections = false  - Libcurl will reuse connections
LogInit:  - MaxHostConnections = 16  - Libcurl will limit the number of connections to a host
LogInit:  - LocalHostAddr = Default
LogInit:  - BufferSize = 65536
LogOnline: OSS: Creating online subsystem instance for: NULL
LogInit: WinSock: version 1.1 (2.2), MaxSocks=32767, MaxUdp=65467
LogOnline: OSS: TryLoadSubsystemAndSetDefault: Loaded subsystem for module [NULL]
LogOculusPluginWrapper: OculusPlugin initialized successfully
LogHMD: Failed initializing OVRPlugin 1.59.0
LogInit: Build: ++UE4+Release-4.27-CL-18319896
LogInit: Engine Version: 4.27.2-18319896+++UE4+Release-4.27
LogInit: Compatible Engine Version: 4.27.0-17155196+++UE4+Release-4.27
LogInit: Net CL: 17155196
LogInit: OS: Windows 10 (Release 2009) (), CPU: AMD Ryzen 9 7900X 12-Core Processor            , GPU: AMD Radeon RX 7900 XTX
LogInit: Compiled (64-bit): Nov 30 2021 07:12:08
LogInit: Compiled with Visual C++: 19.24.28315.00
LogInit: Build Configuration: DebugGame
LogInit: Branch Name: ++UE4+Release-4.27
LogInit: Command Line:  -skipcompile
LogInit: Base Directory: C:/Program Files/UE_4.27/Engine/Binaries/Win64/
LogInit: Allocator: TBB
LogInit: Installed Engine Build: 1
LogDevObjectVersion: Number of dev versions registered: 29
LogDevObjectVersion:   Dev-Blueprints (B0D832E4-1F89-4F0D-ACCF-7EB736FD4AA2): 10
LogDevObjectVersion:   Dev-Build (E1C64328-A22C-4D53-A36C-8E866417BD8C): 0
LogDevObjectVersion:   Dev-Core (375EC13C-06E4-48FB-B500-84F0262A717E): 4
LogDevObjectVersion:   Dev-Editor (E4B068ED-F494-42E9-A231-DA0B2E46BB41): 40
LogDevObjectVersion:   Dev-Framework (CFFC743F-43B0-4480-9391-14DF171D2073): 37
LogDevObjectVersion:   Dev-Mobile (B02B49B5-BB20-44E9-A304-32B752E40360): 3
LogDevObjectVersion:   Dev-Networking (A4E4105C-59A1-49B5-A7C5-40C4547EDFEE): 0
LogDevObjectVersion:   Dev-Online (39C831C9-5AE6-47DC-9A44-9C173E1C8E7C): 0
LogDevObjectVersion:   Dev-Physics (78F01B33-EBEA-4F98-B9B4-84EACCB95AA2): 14
LogDevObjectVersion:   Dev-Platform (6631380F-2D4D-43E0-8009-CF276956A95A): 0
LogDevObjectVersion:   Dev-Rendering (12F88B9F-8875-4AFC-A67C-D90C383ABD29): 45
LogDevObjectVersion:   Dev-Sequencer (7B5AE74C-D270-4C10-A958-57980B212A5A): 13
LogDevObjectVersion:   Dev-VR (D7296918-1DD6-4BDD-9DE2-64A83CC13884): 3
LogDevObjectVersion:   Dev-LoadTimes (C2A15278-BFE7-4AFE-6C17-90FF531DF755): 1
LogDevObjectVersion:   Private-Geometry (6EACA3D4-40EC-4CC1-B786-8BED09428FC5): 3
LogDevObjectVersion:   Dev-AnimPhys (29E575DD-E0A3-4627-9D10-D276232CDCEA): 17
LogDevObjectVersion:   Dev-Anim (AF43A65D-7FD3-4947-9873-3E8ED9C1BB05): 15
LogDevObjectVersion:   Dev-ReflectionCapture (6B266CEC-1EC7-4B8F-A30B-E4D90942FC07): 1
LogDevObjectVersion:   Dev-Automation (0DF73D61-A23F-47EA-B727-89E90C41499A): 1
LogDevObjectVersion:   FortniteMain (601D1886-AC64-4F84-AA16-D3DE0DEAC7D6): 47
LogDevObjectVersion:   FortniteRelease (E7086368-6B23-4C58-8439-1B7016265E91): 1
LogDevObjectVersion:   Dev-Enterprise (9DFFBCD6-494F-0158-E221-12823C92A888): 10
LogDevObjectVersion:   Dev-Niagara (F2AED0AC-9AFE-416F-8664-AA7FFA26D6FC): 1
LogDevObjectVersion:   Dev-Destruction (174F1F0B-B4C6-45A5-B13F-2EE8D0FB917D): 10
LogDevObjectVersion:   Dev-Physics-Ext (35F94A83-E258-406C-A318-09F59610247C): 41
LogDevObjectVersion:   Dev-PhysicsMaterial-Chaos (B68FC16E-8B1B-42E2-B453-215C058844FE): 1
LogDevObjectVersion:   Dev-CineCamera (B2E18506-4273-CFC2-A54E-F4BB758BBA07): 1
LogDevObjectVersion:   Dev-VirtualProduction (64F58936-FD1B-42BA-BA96-7289D5D0FA4E): 1
LogDevObjectVersion:   Dev-MediaFramework (6F0ED827-A609-4895-9C91-998D90180EA4): 2
LogInit: Presizing for max 25165824 objects, including 0 objects not considered by GC, pre-allocating 0 bytes for permanent pool.
LogConfig: Applying CVar settings from Section [/Script/Engine.StreamingSettings] File [C:/Users/nanim/GitHub/InsectHeaven/InsectHeaven/Saved/Config/Windows/Engine.ini]
LogConfig: Setting CVar [[s.MinBulkDataSizeForAsyncLoading:131072]]
LogConfig: Setting CVar [[s.AsyncLoadingThreadEnabled:0]]
LogConfig: Setting CVar [[s.EventDrivenLoaderEnabled:1]]
LogConfig: Setting CVar [[s.WarnIfTimeLimitExceeded:0]]
LogConfig: Setting CVar [[s.TimeLimitExceededMultiplier:1.5]]
LogConfig: Setting CVar [[s.TimeLimitExceededMinTime:0.005]]
LogConfig: Setting CVar [[s.UseBackgroundLevelStreaming:1]]
LogConfig: Setting CVar [[s.PriorityAsyncLoadingExtraTime:15.0]]
LogConfig: Setting CVar [[s.LevelStreamingActorsUpdateTimeLimit:5.0]]
LogConfig: Setting CVar [[s.PriorityLevelStreamingActorsUpdateExtraTime:5.0]]
LogConfig: Setting CVar [[s.LevelStreamingComponentsRegistrationGranularity:10]]
LogConfig: Setting CVar [[s.UnregisterComponentsTimeLimit:1.0]]
LogConfig: Setting CVar [[s.LevelStreamingComponentsUnregistrationGranularity:5]]
LogConfig: Setting CVar [[s.FlushStreamingOnExit:1]]
LogInit: Object subsystem initialized
LogConfig: Setting CVar [[con.DebugEarlyDefault:1]]
LogConfig: Setting CVar [[r.setres:1280x720]]
[2024.07.28-10.19.39:769][  0]LogConfig: Setting CVar [[r.VSync:0]]
[2024.07.28-10.19.39:769][  0]LogConfig: Setting CVar [[r.RHICmdBypass:0]]
[2024.07.28-10.19.39:769][  0]LogConfig: Applying CVar settings from Section [/Script/Engine.RendererSettings] File [C:/Users/nanim/GitHub/InsectHeaven/InsectHeaven/Saved/Config/Windows/Engine.ini]
[2024.07.28-10.19.39:769][  0]LogConfig: Setting CVar [[r.GPUCrashDebugging:0]]
[2024.07.28-10.19.39:770][  0]LogConfig: Applying CVar settings from Section [/Script/Engine.RendererOverrideSettings] File [C:/Users/nanim/GitHub/InsectHeaven/InsectHeaven/Saved/Config/Windows/Engine.ini]
[2024.07.28-10.19.39:770][  0]LogConfig: Applying CVar settings from Section [/Script/Engine.StreamingSettings] File [C:/Users/nanim/GitHub/InsectHeaven/InsectHeaven/Saved/Config/Windows/Engine.ini]
[2024.07.28-10.19.39:770][  0]LogConfig: Setting CVar [[s.MinBulkDataSizeForAsyncLoading:131072]]
[2024.07.28-10.19.39:770][  0]LogConfig: Setting CVar [[s.AsyncLoadingThreadEnabled:0]]
[2024.07.28-10.19.39:770][  0]LogConfig: Setting CVar [[s.EventDrivenLoaderEnabled:1]]
[2024.07.28-10.19.39:770][  0]LogConfig: Setting CVar [[s.WarnIfTimeLimitExceeded:0]]
[2024.07.28-10.19.39:770][  0]LogConfig: Setting CVar [[s.TimeLimitExceededMultiplier:1.5]]
[2024.07.28-10.19.39:770][  0]LogConfig: Setting CVar [[s.TimeLimitExceededMinTime:0.005]]
[2024.07.28-10.19.39:771][  0]LogConfig: Setting CVar [[s.UseBackgroundLevelStreaming:1]]
[2024.07.28-10.19.39:771][  0]LogConfig: Setting CVar [[s.PriorityAsyncLoadingExtraTime:15.0]]
[2024.07.28-10.19.39:771][  0]LogConfig: Setting CVar [[s.LevelStreamingActorsUpdateTimeLimit:5.0]]
[2024.07.28-10.19.39:771][  0]LogConfig: Setting CVar [[s.PriorityLevelStreamingActorsUpdateExtraTime:5.0]]
[2024.07.28-10.19.39:771][  0]LogConfig: Setting CVar [[s.LevelStreamingComponentsRegistrationGranularity:10]]
[2024.07.28-10.19.39:771][  0]LogConfig: Setting CVar [[s.UnregisterComponentsTimeLimit:1.0]]
[2024.07.28-10.19.39:771][  0]LogConfig: Setting CVar [[s.LevelStreamingComponentsUnregistrationGranularity:5]]
[2024.07.28-10.19.39:771][  0]LogConfig: Setting CVar [[s.FlushStreamingOnExit:1]]
[2024.07.28-10.19.39:771][  0]LogConfig: Applying CVar settings from Section [/Script/Engine.GarbageCollectionSettings] File [C:/Users/nanim/GitHub/InsectHeaven/InsectHeaven/Saved/Config/Windows/Engine.ini]
[2024.07.28-10.19.39:772][  0]LogConfig: Setting CVar [[gc.MaxObjectsNotConsideredByGC:1]]
[2024.07.28-10.19.39:772][  0]LogConfig: Setting CVar [[gc.SizeOfPermanentObjectPool:0]]
[2024.07.28-10.19.39:772][  0]LogConfig: Setting CVar [[gc.FlushStreamingOnGC:0]]
[2024.07.28-10.19.39:772][  0]LogConfig: Setting CVar [[gc.NumRetriesBeforeForcingGC:10]]
[2024.07.28-10.19.39:772][  0]LogConfig: Setting CVar [[gc.AllowParallelGC:1]]
[2024.07.28-10.19.39:772][  0]LogConfig: Setting CVar [[gc.TimeBetweenPurgingPendingKillObjects:61.1]]
[2024.07.28-10.19.39:772][  0]LogConfig: Setting CVar [[gc.MaxObjectsInEditor:25165824]]
[2024.07.28-10.19.39:772][  0]LogConfig: Setting CVar [[gc.IncrementalBeginDestroyEnabled:1]]
[2024.07.28-10.19.39:772][  0]LogConfig: Setting CVar [[gc.CreateGCClusters:1]]
[2024.07.28-10.19.39:772][  0]LogConfig: Setting CVar [[gc.MinGCClusterSize:5]]
[2024.07.28-10.19.39:773][  0]LogConfig: Setting CVar [[gc.ActorClusteringEnabled:0]]
[2024.07.28-10.19.39:773][  0]LogConfig: Setting CVar [[gc.BlueprintClusteringEnabled:0]]
[2024.07.28-10.19.39:773][  0]LogConfig: Setting CVar [[gc.UseDisregardForGCOnDedicatedServers:0]]
[2024.07.28-10.19.39:773][  0]LogConfig: Setting CVar [[gc.MultithreadedDestructionEnabled:1]]
[2024.07.28-10.19.39:773][  0]LogConfig: Applying CVar settings from Section [/Script/Engine.NetworkSettings] File [C:/Users/nanim/GitHub/InsectHeaven/InsectHeaven/Saved/Config/Windows/Engine.ini]
[2024.07.28-10.19.39:773][  0]LogConfig: Applying CVar settings from Section [/Script/UnrealEd.CookerSettings] File [C:/Users/nanim/GitHub/InsectHeaven/InsectHeaven/Saved/Config/Windows/Engine.ini]
[2024.07.28-10.19.39:813][  0]LogConfig: Applying CVar settings from Section [ViewDistanceQuality@3] File [C:/Users/nanim/GitHub/InsectHeaven/InsectHeaven/Saved/Config/Windows/Scalability.ini]
[2024.07.28-10.19.39:813][  0]LogConfig: Setting CVar [[r.SkeletalMeshLODBias:0]]
[2024.07.28-10.19.39:813][  0]LogConfig: Setting CVar [[r.ViewDistanceScale:1.0]]
[2024.07.28-10.19.39:813][  0]LogConfig: Applying CVar settings from Section [AntiAliasingQuality@3] File [C:/Users/nanim/GitHub/InsectHeaven/InsectHeaven/Saved/Config/Windows/Scalability.ini]
[2024.07.28-10.19.39:813][  0]LogConfig: Setting CVar [[r.PostProcessAAQuality:4]]
[2024.07.28-10.19.39:813][  0]LogConfig: Applying CVar settings from Section [ShadowQuality@3] File [C:/Users/nanim/GitHub/InsectHeaven/InsectHeaven/Saved/Config/Windows/Scalability.ini]
[2024.07.28-10.19.39:814][  0]LogConfig: Setting CVar [[r.LightFunctionQuality:1]]
[2024.07.28-10.19.39:814][  0]LogConfig: Setting CVar [[r.ShadowQuality:5]]
[2024.07.28-10.19.39:814][  0]LogConfig: Setting CVar [[r.Shadow.CSM.MaxCascades:10]]
[2024.07.28-10.19.39:814][  0]LogConfig: Setting CVar [[r.Shadow.MaxResolution:2048]]
[2024.07.28-10.19.39:814][  0]LogConfig: Setting CVar [[r.Shadow.MaxCSMResolution:2048]]
[2024.07.28-10.19.39:814][  0]LogConfig: Setting CVar [[r.Shadow.RadiusThreshold:0.01]]
[2024.07.28-10.19.39:814][  0]LogConfig: Setting CVar [[r.Shadow.DistanceScale:1.0]]
[2024.07.28-10.19.39:814][  0]LogConfig: Setting CVar [[r.Shadow.CSM.TransitionScale:1.0]]
[2024.07.28-10.19.39:814][  0]LogConfig: Setting CVar [[r.Shadow.PreShadowResolutionFactor:1.0]]
[2024.07.28-10.19.39:814][  0]LogConfig: Setting CVar [[r.DistanceFieldShadowing:1]]
[2024.07.28-10.19.39:815][  0]LogConfig: Setting CVar [[r.DistanceFieldAO:1]]
[2024.07.28-10.19.39:815][  0]LogConfig: Setting CVar [[r.AOQuality:2]]
[2024.07.28-10.19.39:815][  0]LogConfig: Setting CVar [[r.VolumetricFog:1]]
[2024.07.28-10.19.39:815][  0]LogConfig: Setting CVar [[r.VolumetricFog.GridPixelSize:8]]
[2024.07.28-10.19.39:815][  0]LogConfig: Setting CVar [[r.VolumetricFog.GridSizeZ:128]]
[2024.07.28-10.19.39:815][  0]LogConfig: Setting CVar [[r.VolumetricFog.HistoryMissSupersampleCount:4]]
[2024.07.28-10.19.39:815][  0]LogConfig: Setting CVar [[r.LightMaxDrawDistanceScale:1]]
[2024.07.28-10.19.39:815][  0]LogConfig: Setting CVar [[r.CapsuleShadows:1]]
[2024.07.28-10.19.39:815][  0]LogConfig: Applying CVar settings from Section [PostProcessQuality@3] File [C:/Users/nanim/GitHub/InsectHeaven/InsectHeaven/Saved/Config/Windows/Scalability.ini]
[2024.07.28-10.19.39:815][  0]LogConfig: Setting CVar [[r.MotionBlurQuality:4]]
[2024.07.28-10.19.39:815][  0]LogConfig: Setting CVar [[r.AmbientOcclusionMipLevelFactor:0.4]]
[2024.07.28-10.19.39:816][  0]LogConfig: Setting CVar [[r.AmbientOcclusionMaxQuality:100]]
[2024.07.28-10.19.39:816][  0]LogConfig: Setting CVar [[r.AmbientOcclusionLevels:-1]]
[2024.07.28-10.19.39:816][  0]LogConfig: Setting CVar [[r.AmbientOcclusionRadiusScale:1.0]]
[2024.07.28-10.19.39:816][  0]LogConfig: Setting CVar [[r.DepthOfFieldQuality:2]]
[2024.07.28-10.19.39:816][  0]LogConfig: Setting CVar [[r.RenderTargetPoolMin:400]]
[2024.07.28-10.19.39:816][  0]LogConfig: Setting CVar [[r.LensFlareQuality:2]]
[2024.07.28-10.19.39:816][  0]LogConfig: Setting CVar [[r.SceneColorFringeQuality:1]]
[2024.07.28-10.19.39:816][  0]LogConfig: Setting CVar [[r.EyeAdaptationQuality:2]]
[2024.07.28-10.19.39:816][  0]LogConfig: Setting CVar [[r.BloomQuality:5]]
[2024.07.28-10.19.39:816][  0]LogConfig: Setting CVar [[r.FastBlurThreshold:100]]
[2024.07.28-10.19.39:817][  0]LogConfig: Setting CVar [[r.Upscale.Quality:3]]
[2024.07.28-10.19.39:817][  0]LogConfig: Setting CVar [[r.Tonemapper.GrainQuantization:1]]
[2024.07.28-10.19.39:817][  0]LogConfig: Setting CVar [[r.LightShaftQuality:1]]
[2024.07.28-10.19.39:817][  0]LogConfig: Setting CVar [[r.Filter.SizeScale:1]]
[2024.07.28-10.19.39:817][  0]LogConfig: Setting CVar [[r.Tonemapper.Quality:5]]
[2024.07.28-10.19.39:817][  0]LogConfig: Setting CVar [[r.DOF.Gather.AccumulatorQuality:1        ; higher gathering accumulator quality]]
[2024.07.28-10.19.39:817][  0]LogConfig: Setting CVar [[r.DOF.Gather.PostfilterMethod:1          ; Median3x3 postfilering method]]
[2024.07.28-10.19.39:817][  0]LogConfig: Setting CVar [[r.DOF.Gather.EnableBokehSettings:0       ; no bokeh simulation when gathering]]
[2024.07.28-10.19.39:817][  0]LogConfig: Setting CVar [[r.DOF.Gather.RingCount:4                 ; medium number of samples when gathering]]
[2024.07.28-10.19.39:817][  0]LogConfig: Setting CVar [[r.DOF.Scatter.ForegroundCompositing:1    ; additive foreground scattering]]
[2024.07.28-10.19.39:818][  0]LogConfig: Setting CVar [[r.DOF.Scatter.BackgroundCompositing:2    ; additive background scattering]]
[2024.07.28-10.19.39:818][  0]LogConfig: Setting CVar [[r.DOF.Scatter.EnableBokehSettings:1      ; bokeh simulation when scattering]]
[2024.07.28-10.19.39:818][  0]LogConfig: Setting CVar [[r.DOF.Scatter.MaxSpriteRatio:0.1         ; only a maximum of 10% of scattered bokeh]]
[2024.07.28-10.19.39:818][  0]LogConfig: Setting CVar [[r.DOF.Recombine.Quality:1                ; cheap slight out of focus]]
[2024.07.28-10.19.39:818][  0]LogConfig: Setting CVar [[r.DOF.Recombine.EnableBokehSettings:0    ; no bokeh simulation on slight out of focus]]
[2024.07.28-10.19.39:818][  0]LogConfig: Setting CVar [[r.DOF.TemporalAAQuality:1                ; more stable temporal accumulation]]
[2024.07.28-10.19.39:818][  0]LogConfig: Setting CVar [[r.DOF.Kernel.MaxForegroundRadius:0.025]]
[2024.07.28-10.19.39:818][  0]LogConfig: Setting CVar [[r.DOF.Kernel.MaxBackgroundRadius:0.025]]
[2024.07.28-10.19.39:818][  0]LogConfig: Applying CVar settings from Section [TextureQuality@3] File [C:/Users/nanim/GitHub/InsectHeaven/InsectHeaven/Saved/Config/Windows/Scalability.ini]
[2024.07.28-10.19.39:818][  0]LogConfig: Setting CVar [[r.Streaming.MipBias:0]]
[2024.07.28-10.19.39:819][  0]LogConfig: Setting CVar [[r.Streaming.AmortizeCPUToGPUCopy:0]]
[2024.07.28-10.19.39:819][  0]LogConfig: Setting CVar [[r.Streaming.MaxNumTexturesToStreamPerFrame:0]]
[2024.07.28-10.19.39:819][  0]LogConfig: Setting CVar [[r.Streaming.Boost:1]]
[2024.07.28-10.19.39:819][  0]LogConfig: Setting CVar [[r.MaxAnisotropy:8]]
[2024.07.28-10.19.39:819][  0]LogConfig: Setting CVar [[r.VT.MaxAnisotropy:8]]
[2024.07.28-10.19.39:819][  0]LogConfig: Setting CVar [[r.Streaming.LimitPoolSizeToVRAM:0]]
[2024.07.28-10.19.39:819][  0]LogConfig: Setting CVar [[r.Streaming.PoolSize:1000]]
[2024.07.28-10.19.39:819][  0]LogConfig: Setting CVar [[r.Streaming.MaxEffectiveScreenSize:0]]
[2024.07.28-10.19.39:819][  0]LogConfig: Applying CVar settings from Section [EffectsQuality@3] File [C:/Users/nanim/GitHub/InsectHeaven/InsectHeaven/Saved/Config/Windows/Scalability.ini]
[2024.07.28-10.19.39:820][  0]LogConfig: Setting CVar [[r.TranslucencyLightingVolumeDim:64]]
[2024.07.28-10.19.39:820][  0]LogConfig: Setting CVar [[r.RefractionQuality:2]]
[2024.07.28-10.19.39:820][  0]LogConfig: Setting CVar [[r.SSR.Quality:3]]
[2024.07.28-10.19.39:820][  0]LogConfig: Setting CVar [[r.SSR.HalfResSceneColor:0]]
[2024.07.28-10.19.39:820][  0]LogConfig: Setting CVar [[r.SceneColorFormat:4]]
[2024.07.28-10.19.39:820][  0]LogConfig: Setting CVar [[r.DetailMode:2]]
[2024.07.28-10.19.39:820][  0]LogConfig: Setting CVar [[r.TranslucencyVolumeBlur:1]]
[2024.07.28-10.19.39:820][  0]LogConfig: Setting CVar [[r.MaterialQualityLevel:1 ; High quality]]
[2024.07.28-10.19.39:820][  0]LogConfig: Setting CVar [[r.AnisotropicMaterials:1]]
[2024.07.28-10.19.39:820][  0]LogConfig: Setting CVar [[r.SSS.Scale:1]]
[2024.07.28-10.19.39:821][  0]LogConfig: Setting CVar [[r.SSS.SampleSet:2]]
[2024.07.28-10.19.39:821][  0]LogConfig: Setting CVar [[r.SSS.Quality:1]]
[2024.07.28-10.19.39:821][  0]LogConfig: Setting CVar [[r.SSS.HalfRes:0]]
[2024.07.28-10.19.39:821][  0]LogConfig: Setting CVar [[r.SSGI.Quality:3]]
[2024.07.28-10.19.39:821][  0]LogConfig: Setting CVar [[r.EmitterSpawnRateScale:1.0]]
[2024.07.28-10.19.39:821][  0]LogConfig: Setting CVar [[r.ParticleLightQuality:2]]
[2024.07.28-10.19.39:821][  0]LogConfig: Setting CVar [[r.SkyAtmosphere.AerialPerspectiveLUT.FastApplyOnOpaque:1 ; Always have FastSkyLUT 1 in this case to avoid wrong sky]]
[2024.07.28-10.19.39:821][  0]LogConfig: Setting CVar [[r.SkyAtmosphere.AerialPerspectiveLUT.SampleCountMaxPerSlice:4]]
[2024.07.28-10.19.39:821][  0]LogConfig: Setting CVar [[r.SkyAtmosphere.AerialPerspectiveLUT.DepthResolution:16.0]]
[2024.07.28-10.19.39:822][  0]LogConfig: Setting CVar [[r.SkyAtmosphere.FastSkyLUT:1]]
[2024.07.28-10.19.39:822][  0]LogConfig: Setting CVar [[r.SkyAtmosphere.FastSkyLUT.SampleCountMin:4.0]]
[2024.07.28-10.19.39:822][  0]LogConfig: Setting CVar [[r.SkyAtmosphere.FastSkyLUT.SampleCountMax:128.0]]
[2024.07.28-10.19.39:822][  0]LogConfig: Setting CVar [[r.SkyAtmosphere.SampleCountMin:4.0]]
[2024.07.28-10.19.39:822][  0]LogConfig: Setting CVar [[r.SkyAtmosphere.SampleCountMax:128.0]]
[2024.07.28-10.19.39:822][  0]LogConfig: Setting CVar [[r.SkyAtmosphere.TransmittanceLUT.UseSmallFormat:0]]
[2024.07.28-10.19.39:822][  0]LogConfig: Setting CVar [[r.SkyAtmosphere.TransmittanceLUT.SampleCount:10.0]]
[2024.07.28-10.19.39:822][  0]LogConfig: Setting CVar [[r.SkyAtmosphere.MultiScatteringLUT.SampleCount:15.0]]
[2024.07.28-10.19.39:822][  0]LogConfig: Setting CVar [[r.SkyLight.RealTimeReflectionCapture:1]]
[2024.07.28-10.19.39:822][  0]LogConfig: Applying CVar settings from Section [FoliageQuality@3] File [C:/Users/nanim/GitHub/InsectHeaven/InsectHeaven/Saved/Config/Windows/Scalability.ini]
[2024.07.28-10.19.39:822][  0]LogConfig: Setting CVar [[foliage.DensityScale:1.0]]
[2024.07.28-10.19.39:823][  0]LogConfig: Setting CVar [[grass.DensityScale:1.0]]
[2024.07.28-10.19.39:823][  0]LogConfig: Applying CVar settings from Section [ShadingQuality@3] File [C:/Users/nanim/GitHub/InsectHeaven/InsectHeaven/Saved/Config/Windows/Scalability.ini]
[2024.07.28-10.19.39:823][  0]LogConfig: Setting CVar [[r.HairStrands.SkyLighting.IntegrationType:2]]
[2024.07.28-10.19.39:823][  0]LogConfig: Setting CVar [[r.HairStrands.SkyAO.SampleCount:4]]
[2024.07.28-10.19.39:823][  0]LogConfig: Setting CVar [[r.HairStrands.Visibility.MSAA.SamplePerPixel:4]]
[2024.07.28-10.19.39:823][  0]LogInit: Selected Device Profile: [Windows]
[2024.07.28-10.19.39:823][  0]LogInit: Applying CVar settings loaded from the selected device profile: [Windows]
[2024.07.28-10.19.39:823][  0]LogHAL: Display: Platform has ~ 32 GB [33457160192 / 34359738368 / 32], which maps to Largest [LargestMinGB=32, LargerMinGB=12, DefaultMinGB=8, SmallerMinGB=6, SmallestMinGB=0)
[2024.07.28-10.19.39:824][  0]LogInit: Going up to parent DeviceProfile []
[2024.07.28-10.19.39:824][  0]LogConfig: Applying CVar settings from Section [ViewDistanceQuality@3] File [C:/Users/nanim/GitHub/InsectHeaven/InsectHeaven/Saved/Config/Windows/Scalability.ini]
[2024.07.28-10.19.39:824][  0]LogConfig: Setting CVar [[r.SkeletalMeshLODBias:0]]
[2024.07.28-10.19.39:824][  0]LogConfig: Setting CVar [[r.ViewDistanceScale:1.0]]
[2024.07.28-10.19.39:824][  0]LogConfig: Applying CVar settings from Section [AntiAliasingQuality@3] File [C:/Users/nanim/GitHub/InsectHeaven/InsectHeaven/Saved/Config/Windows/Scalability.ini]
[2024.07.28-10.19.39:824][  0]LogConfig: Setting CVar [[r.PostProcessAAQuality:4]]
[2024.07.28-10.19.39:824][  0]LogConfig: Applying CVar settings from Section [ShadowQuality@3] File [C:/Users/nanim/GitHub/InsectHeaven/InsectHeaven/Saved/Config/Windows/Scalability.ini]
[2024.07.28-10.19.39:824][  0]LogConfig: Setting CVar [[r.LightFunctionQuality:1]]
[2024.07.28-10.19.39:824][  0]LogConfig: Setting CVar [[r.ShadowQuality:5]]
[2024.07.28-10.19.39:824][  0]LogConfig: Setting CVar [[r.Shadow.CSM.MaxCascades:10]]
[2024.07.28-10.19.39:825][  0]LogConfig: Setting CVar [[r.Shadow.MaxResolution:2048]]
[2024.07.28-10.19.39:825][  0]LogConfig: Setting CVar [[r.Shadow.MaxCSMResolution:2048]]
[2024.07.28-10.19.39:825][  0]LogConfig: Setting CVar [[r.Shadow.RadiusThreshold:0.01]]
[2024.07.28-10.19.39:825][  0]LogConfig: Setting CVar [[r.Shadow.DistanceScale:1.0]]
[2024.07.28-10.19.39:825][  0]LogConfig: Setting CVar [[r.Shadow.CSM.TransitionScale:1.0]]
[2024.07.28-10.19.39:825][  0]LogConfig: Setting CVar [[r.Shadow.PreShadowResolutionFactor:1.0]]
[2024.07.28-10.19.39:825][  0]LogConfig: Setting CVar [[r.DistanceFieldShadowing:1]]
[2024.07.28-10.19.39:825][  0]LogConfig: Setting CVar [[r.DistanceFieldAO:1]]
[2024.07.28-10.19.39:825][  0]LogConfig: Setting CVar [[r.AOQuality:2]]
[2024.07.28-10.19.39:825][  0]LogConfig: Setting CVar [[r.VolumetricFog:1]]
[2024.07.28-10.19.39:825][  0]LogConfig: Setting CVar [[r.VolumetricFog.GridPixelSize:8]]
[2024.07.28-10.19.39:826][  0]LogConfig: Setting CVar [[r.VolumetricFog.GridSizeZ:128]]
[2024.07.28-10.19.39:826][  0]LogConfig: Setting CVar [[r.VolumetricFog.HistoryMissSupersampleCount:4]]
[2024.07.28-10.19.39:826][  0]LogConfig: Setting CVar [[r.LightMaxDrawDistanceScale:1]]
[2024.07.28-10.19.39:826][  0]LogConfig: Setting CVar [[r.CapsuleShadows:1]]
[2024.07.28-10.19.39:826][  0]LogConfig: Applying CVar settings from Section [PostProcessQuality@3] File [C:/Users/nanim/GitHub/InsectHeaven/InsectHeaven/Saved/Config/Windows/Scalability.ini]
[2024.07.28-10.19.39:826][  0]LogConfig: Setting CVar [[r.MotionBlurQuality:4]]
[2024.07.28-10.19.39:826][  0]LogConfig: Setting CVar [[r.AmbientOcclusionMipLevelFactor:0.4]]
[2024.07.28-10.19.39:826][  0]LogConfig: Setting CVar [[r.AmbientOcclusionMaxQuality:100]]
[2024.07.28-10.19.39:826][  0]LogConfig: Setting CVar [[r.AmbientOcclusionLevels:-1]]
[2024.07.28-10.19.39:827][  0]LogConfig: Setting CVar [[r.AmbientOcclusionRadiusScale:1.0]]
[2024.07.28-10.19.39:827][  0]LogConfig: Setting CVar [[r.DepthOfFieldQuality:2]]
[2024.07.28-10.19.39:827][  0]LogConfig: Setting CVar [[r.RenderTargetPoolMin:400]]
[2024.07.28-10.19.39:827][  0]LogConfig: Setting CVar [[r.LensFlareQuality:2]]
[2024.07.28-10.19.39:827][  0]LogConfig: Setting CVar [[r.SceneColorFringeQuality:1]]
[2024.07.28-10.19.39:827][  0]LogConfig: Setting CVar [[r.EyeAdaptationQuality:2]]
[2024.07.28-10.19.39:827][  0]LogConfig: Setting CVar [[r.BloomQuality:5]]
[2024.07.28-10.19.39:827][  0]LogConfig: Setting CVar [[r.FastBlurThreshold:100]]
[2024.07.28-10.19.39:827][  0]LogConfig: Setting CVar [[r.Upscale.Quality:3]]
[2024.07.28-10.19.39:828][  0]LogConfig: Setting CVar [[r.Tonemapper.GrainQuantization:1]]
[2024.07.28-10.19.39:828][  0]LogConfig: Setting CVar [[r.LightShaftQuality:1]]
[2024.07.28-10.19.39:828][  0]LogConfig: Setting CVar [[r.Filter.SizeScale:1]]
[2024.07.28-10.19.39:828][  0]LogConfig: Setting CVar [[r.Tonemapper.Quality:5]]
[2024.07.28-10.19.39:828][  0]LogConfig: Setting CVar [[r.DOF.Gather.AccumulatorQuality:1        ; higher gathering accumulator quality]]
[2024.07.28-10.19.39:828][  0]LogConfig: Setting CVar [[r.DOF.Gather.PostfilterMethod:1          ; Median3x3 postfilering method]]
[2024.07.28-10.19.39:828][  0]LogConfig: Setting CVar [[r.DOF.Gather.EnableBokehSettings:0       ; no bokeh simulation when gathering]]
[2024.07.28-10.19.39:828][  0]LogConfig: Setting CVar [[r.DOF.Gather.RingCount:4                 ; medium number of samples when gathering]]
[2024.07.28-10.19.39:828][  0]LogConfig: Setting CVar [[r.DOF.Scatter.ForegroundCompositing:1    ; additive foreground scattering]]
[2024.07.28-10.19.39:828][  0]LogConfig: Setting CVar [[r.DOF.Scatter.BackgroundCompositing:2    ; additive background scattering]]
[2024.07.28-10.19.39:828][  0]LogConfig: Setting CVar [[r.DOF.Scatter.EnableBokehSettings:1      ; bokeh simulation when scattering]]
[2024.07.28-10.19.39:829][  0]LogConfig: Setting CVar [[r.DOF.Scatter.MaxSpriteRatio:0.1         ; only a maximum of 10% of scattered bokeh]]
[2024.07.28-10.19.39:829][  0]LogConfig: Setting CVar [[r.DOF.Recombine.Quality:1                ; cheap slight out of focus]]
[2024.07.28-10.19.39:829][  0]LogConfig: Setting CVar [[r.DOF.Recombine.EnableBokehSettings:0    ; no bokeh simulation on slight out of focus]]
[2024.07.28-10.19.39:829][  0]LogConfig: Setting CVar [[r.DOF.TemporalAAQuality:1                ; more stable temporal accumulation]]
[2024.07.28-10.19.39:829][  0]LogConfig: Setting CVar [[r.DOF.Kernel.MaxForegroundRadius:0.025]]
[2024.07.28-10.19.39:829][  0]LogConfig: Setting CVar [[r.DOF.Kernel.MaxBackgroundRadius:0.025]]
[2024.07.28-10.19.39:829][  0]LogConfig: Applying CVar settings from Section [TextureQuality@3] File [C:/Users/nanim/GitHub/InsectHeaven/InsectHeaven/Saved/Config/Windows/Scalability.ini]
[2024.07.28-10.19.39:829][  0]LogConfig: Setting CVar [[r.Streaming.MipBias:0]]
[2024.07.28-10.19.39:829][  0]LogConfig: Setting CVar [[r.Streaming.AmortizeCPUToGPUCopy:0]]
[2024.07.28-10.19.39:829][  0]LogConfig: Setting CVar [[r.Streaming.MaxNumTexturesToStreamPerFrame:0]]
[2024.07.28-10.19.39:830][  0]LogConfig: Setting CVar [[r.Streaming.Boost:1]]
[2024.07.28-10.19.39:830][  0]LogConfig: Setting CVar [[r.MaxAnisotropy:8]]
[2024.07.28-10.19.39:830][  0]LogConfig: Setting CVar [[r.VT.MaxAnisotropy:8]]
[2024.07.28-10.19.39:830][  0]LogConfig: Setting CVar [[r.Streaming.LimitPoolSizeToVRAM:0]]
[2024.07.28-10.19.39:830][  0]LogConfig: Setting CVar [[r.Streaming.PoolSize:1000]]
[2024.07.28-10.19.39:830][  0]LogConfig: Setting CVar [[r.Streaming.MaxEffectiveScreenSize:0]]
[2024.07.28-10.19.39:830][  0]LogConfig: Applying CVar settings from Section [EffectsQuality@3] File [C:/Users/nanim/GitHub/InsectHeaven/InsectHeaven/Saved/Config/Windows/Scalability.ini]
[2024.07.28-10.19.39:830][  0]LogConfig: Setting CVar [[r.TranslucencyLightingVolumeDim:64]]
[2024.07.28-10.19.39:830][  0]LogConfig: Setting CVar [[r.RefractionQuality:2]]
[2024.07.28-10.19.39:831][  0]LogConfig: Setting CVar [[r.SSR.Quality:3]]
[2024.07.28-10.19.39:831][  0]LogConfig: Setting CVar [[r.SSR.HalfResSceneColor:0]]
[2024.07.28-10.19.39:831][  0]LogConfig: Setting CVar [[r.SceneColorFormat:4]]
[2024.07.28-10.19.39:831][  0]LogConfig: Setting CVar [[r.DetailMode:2]]
[2024.07.28-10.19.39:831][  0]LogConfig: Setting CVar [[r.TranslucencyVolumeBlur:1]]
[2024.07.28-10.19.39:831][  0]LogConfig: Setting CVar [[r.MaterialQualityLevel:1 ; High quality]]
[2024.07.28-10.19.39:831][  0]LogConfig: Setting CVar [[r.AnisotropicMaterials:1]]
[2024.07.28-10.19.39:831][  0]LogConfig: Setting CVar [[r.SSS.Scale:1]]
[2024.07.28-10.19.39:831][  0]LogConfig: Setting CVar [[r.SSS.SampleSet:2]]
[2024.07.28-10.19.39:831][  0]LogConfig: Setting CVar [[r.SSS.Quality:1]]
[2024.07.28-10.19.39:832][  0]LogConfig: Setting CVar [[r.SSS.HalfRes:0]]
[2024.07.28-10.19.39:832][  0]LogConfig: Setting CVar [[r.SSGI.Quality:3]]
[2024.07.28-10.19.39:832][  0]LogConfig: Setting CVar [[r.EmitterSpawnRateScale:1.0]]
[2024.07.28-10.19.39:832][  0]LogConfig: Setting CVar [[r.ParticleLightQuality:2]]
[2024.07.28-10.19.39:832][  0]LogConfig: Setting CVar [[r.SkyAtmosphere.AerialPerspectiveLUT.FastApplyOnOpaque:1 ; Always have FastSkyLUT 1 in this case to avoid wrong sky]]
[2024.07.28-10.19.39:832][  0]LogConfig: Setting CVar [[r.SkyAtmosphere.AerialPerspectiveLUT.SampleCountMaxPerSlice:4]]
[2024.07.28-10.19.39:832][  0]LogConfig: Setting CVar [[r.SkyAtmosphere.AerialPerspectiveLUT.DepthResolution:16.0]]
[2024.07.28-10.19.39:832][  0]LogConfig: Setting CVar [[r.SkyAtmosphere.FastSkyLUT:1]]
[2024.07.28-10.19.39:832][  0]LogConfig: Setting CVar [[r.SkyAtmosphere.FastSkyLUT.SampleCountMin:4.0]]
[2024.07.28-10.19.39:833][  0]LogConfig: Setting CVar [[r.SkyAtmosphere.FastSkyLUT.SampleCountMax:128.0]]
[2024.07.28-10.19.39:833][  0]LogConfig: Setting CVar [[r.SkyAtmosphere.SampleCountMin:4.0]]
[2024.07.28-10.19.39:833][  0]LogConfig: Setting CVar [[r.SkyAtmosphere.SampleCountMax:128.0]]
[2024.07.28-10.19.39:833][  0]LogConfig: Setting CVar [[r.SkyAtmosphere.TransmittanceLUT.UseSmallFormat:0]]
[2024.07.28-10.19.39:833][  0]LogConfig: Setting CVar [[r.SkyAtmosphere.TransmittanceLUT.SampleCount:10.0]]
[2024.07.28-10.19.39:833][  0]LogConfig: Setting CVar [[r.SkyAtmosphere.MultiScatteringLUT.SampleCount:15.0]]
[2024.07.28-10.19.39:833][  0]LogConfig: Setting CVar [[r.SkyLight.RealTimeReflectionCapture:1]]
[2024.07.28-10.19.39:833][  0]LogConfig: Applying CVar settings from Section [FoliageQuality@3] File [C:/Users/nanim/GitHub/InsectHeaven/InsectHeaven/Saved/Config/Windows/Scalability.ini]
[2024.07.28-10.19.39:833][  0]LogConfig: Setting CVar [[foliage.DensityScale:1.0]]
[2024.07.28-10.19.39:833][  0]LogConfig: Setting CVar [[grass.DensityScale:1.0]]
[2024.07.28-10.19.39:833][  0]LogConfig: Applying CVar settings from Section [ShadingQuality@3] File [C:/Users/nanim/GitHub/InsectHeaven/InsectHeaven/Saved/Config/Windows/Scalability.ini]
[2024.07.28-10.19.39:833][  0]LogConfig: Setting CVar [[r.HairStrands.SkyLighting.IntegrationType:2]]
[2024.07.28-10.19.39:834][  0]LogConfig: Setting CVar [[r.HairStrands.SkyAO.SampleCount:4]]
[2024.07.28-10.19.39:834][  0]LogConfig: Setting CVar [[r.HairStrands.Visibility.MSAA.SamplePerPixel:4]]
[2024.07.28-10.19.39:834][  0]LogConfig: Applying CVar settings from Section [Startup] File [../../../Engine/Config/ConsoleVariables.ini]
[2024.07.28-10.19.39:834][  0]LogConfig: Setting CVar [[net.UseAdaptiveNetUpdateFrequency:0]]
[2024.07.28-10.19.39:834][  0]LogConfig: Setting CVar [[p.chaos.AllowCreatePhysxBodies:1]]
[2024.07.28-10.19.39:834][  0]LogConfig: Setting CVar [[fx.SkipVectorVMBackendOptimizations:1]]
[2024.07.28-10.19.39:834][  0]LogConfig: Applying CVar settings from Section [ConsoleVariables] File [C:/Users/nanim/GitHub/InsectHeaven/InsectHeaven/Saved/Config/Windows/Engine.ini]
[2024.07.28-10.19.39:834][  0]LogConfig: Applying CVar settings from Section [ConsoleVariables] File [C:/Users/nanim/GitHub/InsectHeaven/InsectHeaven/Saved/Config/Windows/Editor.ini]
[2024.07.28-10.19.39:835][  0]LogInit: Computer: DESKTOP-NS5ONMH
[2024.07.28-10.19.39:835][  0]LogInit: User: nanim
[2024.07.28-10.19.39:835][  0]LogInit: CPU Page size=4096, Cores=12
[2024.07.28-10.19.39:835][  0]LogInit: High frequency timer resolution =10.000000 MHz
[2024.07.28-10.19.39:835][  0]LogMemory: Memory total: Physical=31.2GB (32GB approx)
[2024.07.28-10.19.39:835][  0]LogMemory: Platform Memory Stats for Windows
[2024.07.28-10.19.39:835][  0]LogMemory: Process Physical Memory: 151.25 MB used, 151.25 MB peak
[2024.07.28-10.19.39:835][  0]LogMemory: Process Virtual Memory: 123.70 MB used, 123.70 MB peak
[2024.07.28-10.19.39:835][  0]LogMemory: Physical Memory: 15949.25 MB used,  15957.98 MB free, 31907.23 MB total
[2024.07.28-10.19.39:836][  0]LogMemory: Virtual Memory: 134177536.00 MB used,  40194.91 MB free, 134217728.00 MB total
[2024.07.28-10.19.39:848][  0]LogWindows: WindowsPlatformFeatures enabled
[2024.07.28-10.19.39:957][  0]LogInit: Physics initialised using underlying interface: PhysX
[2024.07.28-10.19.39:957][  0]LogInit: Using OS detected language (ko-KR).
[2024.07.28-10.19.39:958][  0]LogInit: Using OS detected locale (ko-KR).
[2024.07.28-10.19.39:963][  0]LogTextLocalizationManager: No specific localization for 'ko-KR' exists, so the 'ko' localization will be used.
[2024.07.28-10.19.40:032][  0]LogInit: Setting process to per monitor DPI aware
[2024.07.28-10.19.40:165][  0]LogWindowsTextInputMethodSystem: Display: IME system deactivated.
[2024.07.28-10.19.40:193][  0]LogSlate: New Slate User Created.  User Index 0, Is Virtual User: 0
[2024.07.28-10.19.40:193][  0]LogSlate: Slate User Registered.  User Index 0, Is Virtual User: 0
[2024.07.28-10.19.40:345][  0]LogD3D11RHI: Loaded GFSDK_Aftermath_Lib.x64.dll
[2024.07.28-10.19.40:352][  0]LogHMD: Failed to initialize OpenVR with code 110
[2024.07.28-10.19.40:352][  0]LogD3D11RHI: D3D11 min allowed feature level: 11_0
[2024.07.28-10.19.40:352][  0]LogD3D11RHI: D3D11 max allowed feature level: 11_0
[2024.07.28-10.19.40:352][  0]LogD3D11RHI: D3D11 adapters:
[2024.07.28-10.19.40:442][  0]LogD3D11RHI:    0. 'AMD Radeon RX 7900 XTX' (Feature Level 11_0)
[2024.07.28-10.19.40:442][  0]LogD3D11RHI:       24515/0/15953 MB DedicatedVideo/DedicatedSystem/SharedSystem, Outputs:2, VendorId:0x1002
[2024.07.28-10.19.40:500][  0]LogD3D11RHI:    1. 'AMD Radeon(TM) Graphics' (Feature Level 11_0)
[2024.07.28-10.19.40:500][  0]LogD3D11RHI:       485/0/15953 MB DedicatedVideo/DedicatedSystem/SharedSystem, Outputs:0, VendorId:0x1002
[2024.07.28-10.19.40:506][  0]LogD3D11RHI:    2. 'Microsoft Basic Render Driver' (Feature Level 11_0)
[2024.07.28-10.19.40:506][  0]LogD3D11RHI:       0/0/15953 MB DedicatedVideo/DedicatedSystem/SharedSystem, Outputs:0, VendorId:0x1414
[2024.07.28-10.19.40:506][  0]LogD3D11RHI: Chosen D3D11 Adapter:
[2024.07.28-10.19.40:506][  0]LogD3D11RHI:     Description : AMD Radeon RX 7900 XTX
[2024.07.28-10.19.40:506][  0]LogD3D11RHI:     VendorId    : 1002
[2024.07.28-10.19.40:506][  0]LogD3D11RHI:     DeviceId    : 744c
[2024.07.28-10.19.40:506][  0]LogD3D11RHI:     SubSysId    : e3b1002
[2024.07.28-10.19.40:506][  0]LogD3D11RHI:     Revision    : 00c8
[2024.07.28-10.19.40:506][  0]LogD3D11RHI:     DedicatedVideoMemory : 25706012672 bytes
[2024.07.28-10.19.40:506][  0]LogD3D11RHI:     DedicatedSystemMemory : 0 bytes
[2024.07.28-10.19.40:506][  0]LogD3D11RHI:     SharedSystemMemory : 16728580096 bytes
[2024.07.28-10.19.40:507][  0]LogD3D11RHI:     AdapterLuid : 0 69666
[2024.07.28-10.19.40:511][  0]LogD3D11RHI: Creating new Direct3DDevice
[2024.07.28-10.19.40:512][  0]LogD3D11RHI:     GPU DeviceId: 0x744c (for the marketing name, search the web for "GPU Device Id")
[2024.07.28-10.19.40:512][  0]LogWindows: EnumDisplayDevices:
[2024.07.28-10.19.40:512][  0]LogWindows:    0. 'AMD Radeon RX 7900 XTX' (P:1 D:1)
[2024.07.28-10.19.40:513][  0]LogWindows:    1. 'AMD Radeon RX 7900 XTX' (P:0 D:1)
[2024.07.28-10.19.40:513][  0]LogWindows:    2. 'AMD Radeon RX 7900 XTX' (P:0 D:0)
[2024.07.28-10.19.40:514][  0]LogWindows:    3. 'AMD Radeon RX 7900 XTX' (P:0 D:0)
[2024.07.28-10.19.40:515][  0]LogWindows:    4. 'AMD Radeon RX 7900 XTX' (P:0 D:0)
[2024.07.28-10.19.40:516][  0]LogWindows:    5. 'AMD Radeon(TM) Graphics' (P:0 D:0)
[2024.07.28-10.19.40:516][  0]LogWindows:    6. 'AMD Radeon(TM) Graphics' (P:0 D:0)
[2024.07.28-10.19.40:517][  0]LogWindows:    7. 'AMD Radeon(TM) Graphics' (P:0 D:0)
[2024.07.28-10.19.40:518][  0]LogWindows:    8. 'AMD Radeon(TM) Graphics' (P:0 D:0)
[2024.07.28-10.19.40:519][  0]LogWindows:    9. 'AMD Radeon(TM) Graphics' (P:0 D:0)
[2024.07.28-10.19.40:519][  0]LogWindows: DebugString: PrimaryIsNotTheChoosenAdapter PrimaryIsNotTheChoosenAdapter PrimaryIsNotTheChoosenAdapter PrimaryIsNotTheChoosenAdapter PrimaryIsNotTheChoosenAdapter FoundDriverCount:5 
[2024.07.28-10.19.40:519][  0]LogD3D11RHI:     Adapter Name: AMD Radeon RX 7900 XTX
[2024.07.28-10.19.40:519][  0]LogD3D11RHI:   Driver Version: AMD Software: Adrenalin Edition 23.8.1 (internal:31.0.21029.1006, unified:31.0.21029.1006)
[2024.07.28-10.19.40:520][  0]LogD3D11RHI:      Driver Date: 8-14-2023
[2024.07.28-10.19.40:520][  0]LogRHI: Texture pool is 16623 MB (70% of 23747 MB)
[2024.07.28-10.19.40:586][  0]LogD3D11RHI: Creating D3DDevice with AMD AGS, using adapter:
[2024.07.28-10.19.40:586][  0]LogD3D11RHI:     Description : AMD Radeon RX 7900 XTX
[2024.07.28-10.19.40:586][  0]LogD3D11RHI:     VendorId    : 1002
[2024.07.28-10.19.40:586][  0]LogD3D11RHI:     DeviceId    : 744c
[2024.07.28-10.19.40:586][  0]LogD3D11RHI:     SubSysId    : e3b1002
[2024.07.28-10.19.40:586][  0]LogD3D11RHI:     Revision    : 00c8
[2024.07.28-10.19.40:586][  0]LogD3D11RHI:     DedicatedVideoMemory : 25706012672 bytes
[2024.07.28-10.19.40:586][  0]LogD3D11RHI:     DedicatedSystemMemory : 0 bytes
[2024.07.28-10.19.40:587][  0]LogD3D11RHI:     SharedSystemMemory : 16728580096 bytes
[2024.07.28-10.19.40:587][  0]LogD3D11RHI:     AdapterLuid : 0 69666
[2024.07.28-10.19.40:651][  0]LogD3D11RHI: Created device via AGS, feature level 11_0, supported extensions 1fffffbf.
[2024.07.28-10.19.40:651][  0]LogD3D11RHI: RHI has support for 64 bit atomics
[2024.07.28-10.19.40:651][  0]LogD3D11RHI: Async texture creation enabled
[2024.07.28-10.19.40:651][  0]LogD3D11RHI: Array index from any shader is supported
[2024.07.28-10.19.40:661][  0]LogD3D11RHI: GPU Timing Frequency: 100.000000 (Debug: 2 1)
[2024.07.28-10.19.40:903][  0]LogTargetPlatformManager: Display: Loaded TargetPlatform 'AllDesktop'
[2024.07.28-10.19.40:925][  0]LogTargetPlatformManager: Display: Loaded TargetPlatform 'Android'
[2024.07.28-10.19.40:925][  0]LogTargetPlatformManager: Display: Loaded TargetPlatform 'Android_ASTC'
[2024.07.28-10.19.40:925][  0]LogTargetPlatformManager: Display: Loaded TargetPlatform 'Android_DXT'
[2024.07.28-10.19.40:925][  0]LogTargetPlatformManager: Display: Loaded TargetPlatform 'Android_ETC2'
[2024.07.28-10.19.40:926][  0]LogTargetPlatformManager: Display: Loaded TargetPlatform 'AndroidClient'
[2024.07.28-10.19.40:926][  0]LogTargetPlatformManager: Display: Loaded TargetPlatform 'Android_ASTCClient'
[2024.07.28-10.19.40:926][  0]LogTargetPlatformManager: Display: Loaded TargetPlatform 'Android_DXTClient'
[2024.07.28-10.19.40:926][  0]LogTargetPlatformManager: Display: Loaded TargetPlatform 'Android_ETC2Client'
[2024.07.28-10.19.40:926][  0]LogTargetPlatformManager: Display: Loaded TargetPlatform 'Android_Multi'
[2024.07.28-10.19.40:926][  0]LogTargetPlatformManager: Display: Loaded TargetPlatform 'Android_MultiClient'
[2024.07.28-10.19.40:955][  0]LogTargetPlatformManager: Display: Loaded TargetPlatform 'IOSClient'
[2024.07.28-10.19.40:955][  0]LogTargetPlatformManager: Display: Loaded TargetPlatform 'IOS'
[2024.07.28-10.19.40:968][  0]LogTargetPlatformManager: Display: Loaded TargetPlatform 'Linux'
[2024.07.28-10.19.40:977][  0]LogTargetPlatformManager: Display: Loaded TargetPlatform 'LinuxNoEditor'
[2024.07.28-10.19.40:985][  0]LogTargetPlatformManager: Display: Loaded TargetPlatform 'LinuxClient'
[2024.07.28-10.19.40:994][  0]LogTargetPlatformManager: Display: Loaded TargetPlatform 'LinuxServer'
[2024.07.28-10.19.41:006][  0]LogTargetPlatformManager: Display: Loaded TargetPlatform 'LinuxAArch64NoEditor'
[2024.07.28-10.19.41:014][  0]LogTargetPlatformManager: Display: Loaded TargetPlatform 'LinuxAArch64Client'
[2024.07.28-10.19.41:023][  0]LogTargetPlatformManager: Display: Loaded TargetPlatform 'LinuxAArch64Server'
[2024.07.28-10.19.41:044][  0]LogTargetPlatformManager: Display: Loaded TargetPlatform 'Lumin'
[2024.07.28-10.19.41:044][  0]LogTargetPlatformManager: Display: Loaded TargetPlatform 'LuminClient'
[2024.07.28-10.19.41:055][  0]LogTargetPlatformManager: Display: Loaded TargetPlatform 'MacNoEditor'
[2024.07.28-10.19.41:064][  0]LogTargetPlatformManager: Display: Loaded TargetPlatform 'Mac'
[2024.07.28-10.19.41:072][  0]LogTargetPlatformManager: Display: Loaded TargetPlatform 'MacClient'
[2024.07.28-10.19.41:080][  0]LogTargetPlatformManager: Display: Loaded TargetPlatform 'MacServer'
[2024.07.28-10.19.41:092][  0]LogTargetPlatformManager: Display: Loaded TargetPlatform 'TVOSClient'
[2024.07.28-10.19.41:092][  0]LogTargetPlatformManager: Display: Loaded TargetPlatform 'TVOS'
[2024.07.28-10.19.41:103][  0]LogTargetPlatformManager: Display: Loaded TargetPlatform 'WindowsNoEditor'
[2024.07.28-10.19.41:112][  0]LogTargetPlatformManager: Display: Loaded TargetPlatform 'Windows'
[2024.07.28-10.19.41:120][  0]LogTargetPlatformManager: Display: Loaded TargetPlatform 'WindowsClient'
[2024.07.28-10.19.41:128][  0]LogTargetPlatformManager: Display: Loaded TargetPlatform 'WindowsServer'
[2024.07.28-10.19.41:128][  0]LogTargetPlatformManager: Display: Building Assets For Windows
[2024.07.28-10.19.41:159][  0]LogAudioDebug: Display: Lib vorbis DLL was dynamically loaded.
[2024.07.28-10.19.41:287][  0]LogTextureFormatOodle: Display: Oodle Texture 2.9.0 init RDO Off
[2024.07.28-10.19.41:380][  0]LogRendererCore: Ray tracing is disabled. Reason: r.RayTracing=0.
[2024.07.28-10.19.41:381][  0]LogShaderCompilers: Guid format shader working directory is -14 characters bigger than the processId version (../../../../../Users/nanim/GitHub/InsectHeaven/InsectHeaven/Intermediate/Shaders/WorkingDirectory/13112/).
[2024.07.28-10.19.41:381][  0]LogShaderCompilers: Cleaned the shader compiler working directory 'C:/Users/nanim/AppData/Local/Temp/UnrealShaderWorkingDir/22148E364439C6AE0D970E8FDB2439F9/'.
[2024.07.28-10.19.41:381][  0]LogXGEController: Cannot use XGE Controller as Incredibuild is not installed on this machine.
[2024.07.28-10.19.41:382][  0]LogShaderCompilers: Cannot use XGE Shader Compiler as Incredibuild is not installed on this machine.
[2024.07.28-10.19.41:382][  0]LogShaderCompilers: Display: Using Local Shader Compiler.
[2024.07.28-10.19.41:859][  0]LogDerivedDataCache: Display: Max Cache Size: 512 MB
[2024.07.28-10.19.41:898][  0]LogDerivedDataCache: Loaded boot cache 0.04s 94MB C:/Users/nanim/AppData/Local/UnrealEngine/4.27/DerivedDataCache/Boot.ddc.
[2024.07.28-10.19.41:898][  0]LogDerivedDataCache: Display: Loaded Boot cache: C:/Users/nanim/AppData/Local/UnrealEngine/4.27/DerivedDataCache/Boot.ddc
[2024.07.28-10.19.41:898][  0]LogDerivedDataCache: FDerivedDataBackendGraph:  Pak pak cache file ../../../../../Users/nanim/GitHub/InsectHeaven/InsectHeaven/DerivedDataCache/DDC.ddp not found, will not use a pak cache.
[2024.07.28-10.19.41:898][  0]LogDerivedDataCache: Unable to find inner node Pak for hierarchical cache Hierarchy.
[2024.07.28-10.19.41:899][  0]LogDerivedDataCache: FDerivedDataBackendGraph:  CompressedPak pak cache file ../../../../../Users/nanim/GitHub/InsectHeaven/InsectHeaven/DerivedDataCache/Compressed.ddp not found, will not use a pak cache.
[2024.07.28-10.19.41:899][  0]LogDerivedDataCache: Unable to find inner node CompressedPak for hierarchical cache Hierarchy.
[2024.07.28-10.19.41:910][  0]LogDerivedDataCache: Display: Pak cache opened for reading ../../../Engine/DerivedDataCache/Compressed.ddp.
[2024.07.28-10.19.41:910][  0]LogDerivedDataCache: FDerivedDataBackendGraph:  EnterprisePak pak cache file ../../../Enterprise/DerivedDataCache/Compressed.ddp not found, will not use a pak cache.
[2024.07.28-10.19.41:911][  0]LogDerivedDataCache: Unable to find inner node EnterprisePak for hierarchical cache Hierarchy.
[2024.07.28-10.19.41:921][  0]LogDerivedDataCache: Speed tests for C:/Users/nanim/AppData/Local/UnrealEngine/Common/DerivedDataCache took 0.01 seconds
[2024.07.28-10.19.41:921][  0]LogDerivedDataCache: Display: Performance to C:/Users/nanim/AppData/Local/UnrealEngine/Common/DerivedDataCache: Latency=0.03ms. RandomReadSpeed=715.47MBs, RandomWriteSpeed=105.68MBs. Assigned SpeedClass 'Local'
[2024.07.28-10.19.41:923][  0]LogDerivedDataCache: Using Local data cache path C:/Users/nanim/AppData/Local/UnrealEngine/Common/DerivedDataCache: Writable
[2024.07.28-10.19.41:923][  0]LogDerivedDataCache: Shared data cache path not found in *engine.ini, will not use an Shared cache.
[2024.07.28-10.19.41:923][  0]LogDerivedDataCache: Unable to find inner node Shared for hierarchical cache Hierarchy.
[2024.07.28-10.19.41:948][  0]LogSlate: Using FreeType 2.10.0
[2024.07.28-10.19.41:949][  0]LogSlate: SlateFontServices - WITH_FREETYPE: 1, WITH_HARFBUZZ: 1
[2024.07.28-10.19.41:971][  0]LogAssetRegistry: FAssetRegistry took 0.0026 seconds to start up
[2024.07.28-10.19.42:121][  0]LogInit: Selected Device Profile: [Windows]
[2024.07.28-10.19.42:121][  0]LogInit: Active device profile: [00000176FB9B1400][00000176FA3AC540 49] Windows
[2024.07.28-10.19.42:121][  0]LogInit: Profiles: [00000176FB9B1400][00000176FA3AC540 49] Windows, [00000176FB94EA00][00000176FC6C4680 49] WindowsNoEditor, [00000176FB9B3100][00000176F9FF27C0 49] WindowsServer, [00000176FB943F00][00000176F9FF6900 49] WindowsClient, [00000176FB94FC00][00000176F9FFEA80 49] IOS, [00000176FB941700][00000176FA002C00 49] iPadAir, [00000176FB94E200][00000176FA006D80 49] iPadAir2, [00000176FB8F8400][00000176FA00F040 49] IPadPro, [00000176FB8F8500][00000176FA00B080 49] iPadAir3, [00000176FB941900][00000176FA013200 49] iPadAir4, [00000176FB8FB000][00000176FA017380 49] iPadMini2, [00000176FB943D00][00000176FA01B500 49] iPadMini3, [00000176FB8F8B00][00000176FA01F680 49] iPadMini4, [00000176FB940A00][00000176FA023800 49] iPadMini5, [00000176FB8DFC00][00000176F4BF7AC0 49] iPhone6, [00000176FB8DFD00][00000176FA027B00 49] iPodTouch6, [00000176FB9B2500][00000176F4BFE240 49] iPhone7, [00000176FB9B2300][00000176F4BFA280 49] iPodTouch7, [00000176FB8DC600][00000176F4C02400 49] iPhone5S, [00000176FB8FAE00][00000176F4C06580 49] iPhone6Plus, [00000176FB8DDF00][00000176F4C0A700 49] iPhone6S, [00000176FB8F9300][00000176F9FFA840 49] iPhone6SPlus, [00000176FB9B1300][00000176F4C0E980 49] iPhone7Plus, [00000176FB8FAA00][00000176F4C12AC0 49] iPhoneSE, [00000176FB9B0B00][00000176F4C1AC40 49] iPhone8, [00000176FB8FA400][00000176F4C1EDC0 49] iPhone8Plus, [00000176FB9B0100][00000176F4C22F40 49] iPhoneX, [00000176FB8F9000][00000176F4C270C0 49] iPhoneXS, [00000176FB9B1800][00000176F4C2B240 49] iPhoneXSMax, [00000176FB8FB800][00000176F4C2F3C0 49] iPhoneXR, [00000176FB9B2D00][00000176F4C33540 49] iPhone11, [00000176FB8F9F00][00000176F4C376C0 49] iPhone11Pro, [00000176FB9B3600][00000176F4C3B840 49] iPhone11ProMax, [00000176FB8F9A00][00000176F4C3F9C0 49] iPhoneSE2, [00000176FB9B1F00][00000176FA1E7B40 49] iPhone12Mini, [00000176FB8F8900][00000176FA1EA140 49] iPhone12, [00000176FB9B1000][00000176FA1EE2C0 49] iPhone12Pro, [00000176FB8F9C00][00000176FA1F2440 49] iPhone12ProMax, [00000176FB9B1B00][00000176FA1F65C0 49] iPadPro105, [00000176FB8F8A00][00000176FA1FA740 49] iPadPro129, [00000176FB9B2700][00000176FA1FE8C0 49] iPadPro97, [00000176FB8F8C00][00000176F4C16A00 49] iPadPro2_129, [00000176FB9B2E00][00000176FA202B40 49] iPad5, [00000176FB8F9E00][00000176FA206C80 49] iPad6, [00000176FB9B2100][00000176FA20ADC0 49] iPad7, [00000176FB8FAF00][00000176FA212F40 49] iPad8, [00000176FB9B0D00][00000176FA2170C0 49] iPadPro11, [00000176FB8FBA00][00000176FA21B240 49] iPadPro2_11, [00000176FB9B0400][00000176FA21F3C0 49] iPadPro3_129, [00000176FB8F9900][00000176FA223540 49] iPadPro4_129, [00000176FB9B3700][00000176FA2276C0 49] AppleTV, [00000176FB8FB900][00000176FA22B840 49] AppleTV4K, [00000176FB9B2800][00000176FA22F9C0 49] TVOS, [00000176FB8FA500][00000176FA279B40 49] Mac, [00000176FB9B3800][00000176FA27C140 49] MacClient, [00000176FB8F9B00][00000176FA2802C0 49] MacNoEditor, [00000176FB9B0600][00000176FA284440 49] MacServer, [00000176FB8FB400][00000176FA28C5C0 49] Linux, [00000176FB9B0200][00000176FA294740 49] LinuxAArch64, [00000176FB8F8300][00000176FC7B08C0 49] LinuxNoEditor, [00000176FB9B3C00][00000176F563AA40 49] LinuxAArch64NoEditor, [00000176FB8F9100][00000176FA20EB80 49] LinuxClient, [00000176FB9B2F00][00000176F563ECC0 49] LinuxAArch64Client, [00000176FB8F8F00][00000176F5642E00 49] LinuxServer, [00000176FB9B1700][00000176F5646F40 49] LinuxAArch64Server, [00000176FB8FA800][00000176F56530C0 49] Android, [00000176FB941B00][00000176F565B240 49] Android_Low, [00000176FB8DC900][00000176F565F3C0 49] Android_Mid, [00000176FB941E00][00000176F5663540 49] Android_High, [00000176FB8DD900][00000176FA25B6C0 49] Android_Default, [00000176FB942B00][00000176FA26F840 49] Android_Adreno4xx, [00000176FB8DD100][00000176FA2739C0 49] Android_Adreno5xx_Low, [00000176FB942100][00000176FD835B40 49] Android_Adreno5xx, [00000176FB8DD600][00000176FD838140 49] Android_Adreno6xx, [00000176FB940B00][00000176FD83C2C0 49] Android_Adreno6xx_Vulkan, [00000176FB8DC300][00000176FDBBA440 49] Android_Mali_T6xx, [00000176FB943C00][00000176FDBBE5C0 49] Android_Mali_T7xx, [00000176FB8DE600][00000176FDBC2740 49] Android_Mali_T8xx, [00000176FB940C00][00000176FDBC68C0 49] Android_Mali_G71, [00000176FB8DF100][00000176FDBCAA40 49] Android_Mali_G72, [00000176FB940900][00000176FC76EBC0 49] Android_Mali_G72_Vulkan, [00000176FB8DF700][00000176FC772D40 49] Android_Mali_G76, [00000176FB942900][00000176F564EE80 49] Android_Mali_G76_Vulkan, [00000176FB8DD800][00000176FC776FC0 49] Android_Mali_G77, [00000176FB943900][00000176F6D09100 49] Android_Mali_G77_Vulkan, [00000176FB8DF000][00000176FC77F280 49] Android_Mali_G78, [00000176FB940500][00000176FD997400 49] Android_Mali_G78_Vulkan, [00000176FB8DCB00][00000176FD9A5580 49] Android_Mali_G710, [00000176FB943B00][00000176FD9A9700 49] Android_Mali_G710_Vulkan, [00000176FB8DCF00][00000176FD9AD880 49] Android_Vulkan_SM5, [00000176FB942000][00000176FD9B1A00 49] Android_PowerVR_G6xxx, [00000176FB8DC200][00000176FD9B5B80 49] Android_PowerVR_GT7xxx, [00000176FB940F00][00000176FDB4A180 49] Android_PowerVR_GE8xxx, [00000176FB8DED00][00000176FDB4E300 49] Android_PowerVR_GM9xxx, [00000176FB8FB200][00000176FDB52480 49] Android_PowerVR_GM9xxx_Vulkan, [00000176FB8DFF00][00000176FDB6A600 49] Android_TegraK1, [00000176FB8FB100][00000176FDB76780 49] Android_Unknown_Vulkan, [00000176FB8DCD00][00000176FDB7A900 49] Lumin, [00000176FB8F9800][00000176FDB7EA80 49] Lumin_Desktop, [00000176FB8DC400][00000176FDA62C00 49] HoloLens, 
[2024.07.28-10.19.42:278][  0]LogMeshReduction: Using QuadricMeshReduction for automatic static mesh reduction
[2024.07.28-10.19.42:278][  0]LogMeshReduction: Using SimplygonMeshReduction for automatic skeletal mesh reduction
[2024.07.28-10.19.42:278][  0]LogMeshReduction: Using ProxyLODMeshReduction for automatic mesh merging
[2024.07.28-10.19.42:278][  0]LogMeshReduction: No distributed automatic mesh merging module available
[2024.07.28-10.19.42:278][  0]LogMeshMerging: No distributed automatic mesh merging module available
[2024.07.28-10.19.42:298][  0]LogNetVersion: InsectHeaven 1.0.0, NetCL: 17155196, EngineNetVer: 17, GameNetVer: 0 (Checksum: 3375795940)
[2024.07.28-10.19.42:540][  0]LogTexture: Default maximum texture size for cubemaps generated from long-lat sources has been changed from 512 to unlimited. In order to preserve old behaiour for '/Engine/MapTemplates/Sky/DaylightAmbientCubemap.DaylightAmbientCubemap', its maximum texture size has been explicitly set to 512.
[2024.07.28-10.19.42:569][  0]LogHMD: PokeAHoleMaterial loaded successfully
[2024.07.28-10.19.42:573][  0]LogUObjectArray: 17178 objects as part of root set at end of initial load.
[2024.07.28-10.19.42:573][  0]LogUObjectAllocator: 4302048 out of 0 bytes used by permanent object pool.
[2024.07.28-10.19.42:573][  0]LogUObjectArray: CloseDisregardForGC: 0/0 objects in disregard for GC pool
[2024.07.28-10.19.43:218][  0]LogNiagaraDebuggerClient: Niagara Debugger Client Initialized | Session: 63131EC04710DE46A1ECA3A0A3E11D06 | Instance: 2123B2744CCA48EC06ED31A45ECA4A82 (DESKTOP-NS5ONMH-13112).
[2024.07.28-10.19.43:320][  0]LogTcpMessaging: Initializing TcpMessaging bridge
[2024.07.28-10.19.43:330][  0]LogUdpMessaging: Initializing bridge on interface 0.0.0.0:0 to multicast group 230.0.0.1:6666.
[2024.07.28-10.19.43:525][  0]LogPython: Using Python 3.7.7
[2024.07.28-10.19.44:525][  0]SourceControl: 소스 컨트롤이 꺼졌습니다.
[2024.07.28-10.19.44:525][  0]SourceControl: 소스 컨트롤이 꺼졌습니다.
[2024.07.28-10.19.44:533][  0]SourceControl: 소스 컨트롤이 꺼졌습니다.
[2024.07.28-10.19.44:541][  0]SourceControl: 소스 컨트롤이 꺼졌습니다.
[2024.07.28-10.19.44:560][  0]SourceControl: 소스 컨트롤이 꺼졌습니다.
[2024.07.28-10.19.44:587][  0]LogUProjectInfo: Found projects:
[2024.07.28-10.19.45:070][  0]LogOpenImageDenoise: OIDN starting up
[2024.07.28-10.19.45:104][  0]LogAndroidPermission: UAndroidPermissionCallbackProxy::GetInstance
[2024.07.28-10.19.45:155][  0]LogAudioCaptureCore: Display: No Audio Capture implementations found. Audio input will be silent.
[2024.07.28-10.19.45:155][  0]LogAudioCaptureCore: Display: No Audio Capture implementations found. Audio input will be silent.
[2024.07.28-10.19.45:376][  0]LogCollectionManager: Loaded 0 collections in 0.001367 seconds
[2024.07.28-10.19.45:444][  0]LogFileCache: Scanning file cache for directory 'C:/Users/nanim/GitHub/InsectHeaven/InsectHeaven/Saved/Collections/' took 0.00s
[2024.07.28-10.19.45:444][  0]LogFileCache: Scanning file cache for directory 'C:/Users/nanim/GitHub/InsectHeaven/InsectHeaven/Content/Developers/nanim/Collections/' took 0.00s
[2024.07.28-10.19.45:444][  0]LogFileCache: Scanning file cache for directory 'C:/Users/nanim/GitHub/InsectHeaven/InsectHeaven/Content/Collections/' took 0.00s
[2024.07.28-10.19.45:444][  0]LogOcInput: OculusInput pre-init called
[2024.07.28-10.19.45:655][  0]LogClass: Warning: ObjectProperty FDialogueClip::formerAction is not initialized properly. Module:InsectHeaven File:Library/Dialogue/DialogueEditToolWidget.h
[2024.07.28-10.19.45:655][  0]LogClass: Warning: ObjectProperty FDialogueClip::nowAction is not initialized properly. Module:InsectHeaven File:Library/Dialogue/DialogueEditToolWidget.h
[2024.07.28-10.19.45:655][  0]LogClass: Display: IntProperty FCharacter_2D::Name is not initialized properly. Module:InsectHeaven File:Table/DataStruct/Character_2D.h
[2024.07.28-10.19.45:655][  0]LogClass: Display: IntProperty FCharacter_2D::ImageID is not initialized properly. Module:InsectHeaven File:Table/DataStruct/Character_2D.h
[2024.07.28-10.19.45:656][  0]LogClass: Display: IntProperty FResource_Widget::PathFile is not initialized properly. Module:InsectHeaven File:Table/DataStruct/Resource_Widget.h
[2024.07.28-10.19.45:656][  0]LogClass: Display: IntProperty FScript_Local::Test is not initialized properly. Module:InsectHeaven File:Table/DataStruct/Script_Local.h
[2024.07.28-10.19.45:656][  0]LogClass: Display: 6 Uninitialized script struct members found including 2 object properties
[2024.07.28-10.19.45:657][  0]LogAutomationTest: Warning: ObjectProperty FDialogueClip::formerAction is not initialized properly. Module:InsectHeaven File:Library/Dialogue/DialogueEditToolWidget.h
[2024.07.28-10.19.45:657][  0]LogAutomationTest: Warning: ObjectProperty FDialogueClip::nowAction is not initialized properly. Module:InsectHeaven File:Library/Dialogue/DialogueEditToolWidget.h
[2024.07.28-10.19.45:658][  0]LogEngine: Initializing Engine...
[2024.07.28-10.19.45:667][  0]LogHMD: Failed to enumerate extensions. Please check that you have a valid OpenXR runtime installed.
[2024.07.28-10.19.45:668][  0]LogHMD: Failed to initialize OpenVR with code 110
[2024.07.28-10.19.45:668][  0]LogMagicLeap: Warning: VR disabled because ZI is not enabled.  To enable, in the editor, Edit -> Project Settings -> Plugins -> Magic Leap Plugin -> Enable Zero Iteration
[2024.07.28-10.19.45:668][  0]LogStats: UGameplayTagsManager::InitializeManager -  0.000 s
[2024.07.28-10.19.45:750][  0]LogInit: Initializing FReadOnlyCVARCache
[2024.07.28-10.19.45:762][  0]LogAIModule: Creating AISystem for world Untitled
[2024.07.28-10.19.45:763][  0]LogAudio: Display: Initializing Audio Device Manager...
[2024.07.28-10.19.45:771][  0]LogAudio: Display: Loading Default Audio Settings Objects...
[2024.07.28-10.19.45:772][  0]LogAudio: Display: No default SoundConcurrencyObject specified (or failed to load).
[2024.07.28-10.19.45:772][  0]LogAudio: Display: Audio Device Manager Initialized
[2024.07.28-10.19.45:772][  0]LogAudio: Display: Creating Audio Device:                 Id: 1, Scope: Shared, Realtime: True
[2024.07.28-10.19.45:772][  0]LogAudioMixer: Display: Audio Mixer Platform Settings:
[2024.07.28-10.19.45:772][  0]LogAudioMixer: Display: 	Sample Rate:						  48000
[2024.07.28-10.19.45:772][  0]LogAudioMixer: Display: 	Callback Buffer Frame Size Requested: 1024
[2024.07.28-10.19.45:773][  0]LogAudioMixer: Display: 	Callback Buffer Frame Size To Use:	  1024
[2024.07.28-10.19.45:773][  0]LogAudioMixer: Display: 	Number of buffers to queue:			  2
[2024.07.28-10.19.45:773][  0]LogAudioMixer: Display: 	Max Channels (voices):				  32
[2024.07.28-10.19.45:773][  0]LogAudioMixer: Display: 	Number of Async Source Workers:		  0
[2024.07.28-10.19.45:773][  0]LogAudio: Display: AudioDevice MaxSources: 32
[2024.07.28-10.19.45:774][  0]LogAudio: Display: Audio Spatialization Plugin: None (built-in).
[2024.07.28-10.19.45:774][  0]LogAudio: Display: Audio Reverb Plugin: None (built-in).
[2024.07.28-10.19.45:774][  0]LogAudio: Display: Audio Occlusion Plugin: None (built-in).
[2024.07.28-10.19.45:774][  0]LogAudioMixer: Display: Initializing audio mixer.
[2024.07.28-10.19.45:813][  0]LogAudioMixer: Display: 0: FrontLeft
[2024.07.28-10.19.45:813][  0]LogAudioMixer: Display: 1: FrontRight
[2024.07.28-10.19.45:851][  0]LogAudioMixer: Display: Using Audio Device 스피커(ABKO N550)
[2024.07.28-10.19.45:853][  0]LogAudioMixer: Display: Initializing Sound Submixes...
[2024.07.28-10.19.45:855][  0]LogAudioMixer: Display: Creating Master Submix 'MasterSubmixDefault'
[2024.07.28-10.19.45:856][  0]LogAudioMixer: Display: Creating Master Submix 'MasterReverbSubmixDefault'
[2024.07.28-10.19.45:856][  0]LogAudioMixer: Display: Creating Master Submix 'MasterEQSubmixDefault'
[2024.07.28-10.19.45:856][  0]LogAudioMixer: FMixerPlatformXAudio2::StartAudioStream() called
[2024.07.28-10.19.45:856][  0]LogAudioMixer: Display: Output buffers initialized: Frames=1024, Channels=2, Samples=2048
[2024.07.28-10.19.45:857][  0]LogAudioMixer: Display: Starting AudioMixerPlatformInterface::RunInternal()
[2024.07.28-10.19.45:858][  0]LogAudioMixer: Display: FMixerPlatformXAudio2::SubmitBuffer() called for the first time
[2024.07.28-10.19.45:858][  0]LogInit: FAudioDevice initialized.
[2024.07.28-10.19.45:858][  0]LogAudio: Display: Audio Device (ID: 1) registered with world 'Untitled'.
[2024.07.28-10.19.45:858][  0]LogNetVersion: Set ProjectVersion to 1.0.0.0. Version Checksum will be recalculated on next use.
[2024.07.28-10.19.46:282][  0]LogDerivedDataCache: Saved boot cache 0.42s 94MB C:/Users/nanim/AppData/Local/UnrealEngine/4.27/DerivedDataCache/Boot.ddc.
[2024.07.28-10.19.46:283][  0]LogInit: Texture streaming: Enabled
[2024.07.28-10.19.46:307][  0]LogAnalytics: Display: [UEEditor.Rocket.Release] APIServer = https://datarouter.ol.epicgames.com/. AppVersion = 4.27.2-18319896+++UE4+Release-4.27
[2024.07.28-10.19.46:315][  0]LogEngineSessionManager: EngineSessionManager initialized
[2024.07.28-10.19.46:316][  0]LogEditorSessionSummary: Verbose: Initializing EditorSessionSummaryWriter for editor session tracking
[2024.07.28-10.19.46:319][  0]LogEditorSessionSummary: EditorSessionSummaryWriter initialized
[2024.07.28-10.19.46:346][  0]LogInit: Transaction tracking system initialized
[2024.07.28-10.19.46:391][  0]BlueprintLog: New page: 에디터 로드
[2024.07.28-10.19.46:510][  0]LocalizationService: 현지화 서비스가 비활성화되었습니다.
[2024.07.28-10.19.46:570][  0]TimingProfiler: Initialize
[2024.07.28-10.19.46:570][  0]TimingProfiler: OnSessionChanged
[2024.07.28-10.19.46:570][  0]LoadingProfiler: Initialize
[2024.07.28-10.19.46:571][  0]LoadingProfiler: OnSessionChanged
[2024.07.28-10.19.46:571][  0]NetworkingProfiler: Initialize
[2024.07.28-10.19.46:571][  0]NetworkingProfiler: OnSessionChanged
[2024.07.28-10.19.46:571][  0]MemoryProfiler: Initialize
[2024.07.28-10.19.46:571][  0]MemoryProfiler: OnSessionChanged
[2024.07.28-10.19.46:735][  0]LogCook: Display: CookSettings for Memory: MemoryMaxUsedVirtual 0MiB, MemoryMaxUsedPhysical 16384MiB, MemoryMinFreeVirtual 0MiB, MemoryMinFreePhysical 1024MiB
[2024.07.28-10.19.46:735][  0]LogCook: Display: Mobile HDR setting 1
[2024.07.28-10.19.47:119][  0]LogFileCache: Scanning file cache for directory 'C:/Users/nanim/GitHub/InsectHeaven/InsectHeaven/Content/' took 0.01s
[2024.07.28-10.19.47:250][  0]LogInit: Display: Engine is initialized. Leaving FEngineLoop::Init()
[2024.07.28-10.19.47:254][  0]SourceControl: 소스 컨트롤이 꺼졌습니다.
[2024.07.28-10.19.47:254][  0]LogUnrealEdMisc: Loading editor; pre map load, took 9.228
[2024.07.28-10.19.47:255][  0]Cmd: MAP LOAD FILE="../../../../../Users/nanim/GitHub/InsectHeaven/InsectHeaven/Content/Scene/EmptyMainLevel.umap" TEMPLATE=0 SHOWPROGRESS=1 FEATURELEVEL=3
[2024.07.28-10.19.47:255][  0]LightingResults: New page: 라이팅 빌드
[2024.07.28-10.19.47:257][  0]LogWorld: UWorld::CleanupWorld for Untitled, bSessionEnded=true, bCleanupResources=true
[2024.07.28-10.19.47:257][  0]LogSlate: InvalidateAllWidgets triggered.  All widgets were invalidated
[2024.07.28-10.19.47:257][  0]MapCheck: New page: 맵 체크
[2024.07.28-10.19.47:257][  0]LightingResults: New page: 라이팅 빌드
[2024.07.28-10.19.47:290][  0]LogAudio: Display: Audio Device unregistered from world 'None'.
[2024.07.28-10.19.47:293][  0]LogUObjectHash: Compacting FUObjectHashTables data took   0.53ms
[2024.07.28-10.19.47:297][  0]LogAudio: Display: Audio Device (ID: 1) registered with world 'EmptyMainLevel'.
[2024.07.28-10.19.47:298][  0]LogAIModule: Creating AISystem for world EmptyMainLevel
[2024.07.28-10.19.47:298][  0]LogEditorServer: Finished looking for orphan Actors (0.000 secs)
[2024.07.28-10.19.47:302][  0]LogUObjectHash: Compacting FUObjectHashTables data took   0.35ms
[2024.07.28-10.19.47:302][  0]Cmd: MAP CHECKDEP NOCLEARLOG
[2024.07.28-10.19.47:302][  0]MapCheck: 맵 체크 완료: 오류 0 회, 경고 0 회, 소요 시간 0.176ms.
[2024.07.28-10.19.47:302][  0]LogFileHelpers: Loading map 'EmptyMainLevel' took 0.048
[2024.07.28-10.19.47:307][  0]LogUnrealEdMisc: Total Editor Startup Time, took 9.281
[2024.07.28-10.19.47:435][  0]LogSlate: Updating window title bar state: overlay mode, drag disabled, window buttons hidden, title bar hidden
[2024.07.28-10.19.47:438][  0]LogSlate: Updating window title bar state: overlay mode, drag disabled, window buttons hidden, title bar hidden
[2024.07.28-10.19.47:441][  0]LogSlate: Updating window title bar state: overlay mode, drag disabled, window buttons hidden, title bar hidden
[2024.07.28-10.19.47:444][  0]LogSlate: Updating window title bar state: overlay mode, drag disabled, window buttons hidden, title bar hidden
[2024.07.28-10.19.47:455][  0]LogNativeClassHierarchy: Verbose: Native class hierarchy populated in 0.0066 seconds. Added 3866 classes and 945 folders.
[2024.07.28-10.19.47:457][  0]LogNativeClassHierarchy: Verbose: Native class hierarchy updated for 'WidgetCarousel' in 0.0002 seconds. Added 0 classes and 0 folders.
[2024.07.28-10.19.47:458][  0]LogPakFile: PakFile PrimaryIndexSize=187
[2024.07.28-10.19.47:458][  0]LogPakFile: PakFile PathHashIndexSize=101
[2024.07.28-10.19.47:458][  0]LogPakFile: PakFile FullDirectoryIndexSize=148
[2024.07.28-10.19.47:458][  0]LogShaderLibrary: Display: ShaderCodeLibraryPakFileMountedCallback: PakFile 'C:/Program Files/UE_4.27/FeaturePacks/FP_FirstPerson.upack' (chunk index -1, root 'root:/') mounted
[2024.07.28-10.19.47:459][  0]LogShaderLibrary: Display: ShaderCodeLibraryPakFileMountedCallback: pending pak file info (ChunkID:-1 Root:root:/ File:C:/Program Files/UE_4.27/FeaturePacks/FP_FirstPerson.upack)
[2024.07.28-10.19.47:459][  0]LogPakFile: OnPakFileMounted2Time == 0.000230
[2024.07.28-10.19.47:459][  0]LogPakFile: PakFile PrimaryIndexSize=189
[2024.07.28-10.19.47:459][  0]LogPakFile: PakFile PathHashIndexSize=101
[2024.07.28-10.19.47:459][  0]LogPakFile: PakFile FullDirectoryIndexSize=152
[2024.07.28-10.19.47:460][  0]LogShaderLibrary: Display: ShaderCodeLibraryPakFileMountedCallback: PakFile 'C:/Program Files/UE_4.27/FeaturePacks/FP_FirstPersonBP.upack' (chunk index -1, root 'root:/') mounted
[2024.07.28-10.19.47:460][  0]LogShaderLibrary: Display: ShaderCodeLibraryPakFileMountedCallback: pending pak file info (ChunkID:-1 Root:root:/ File:C:/Program Files/UE_4.27/FeaturePacks/FP_FirstPersonBP.upack)
[2024.07.28-10.19.47:460][  0]LogPakFile: OnPakFileMounted2Time == 0.000312
[2024.07.28-10.19.47:461][  0]LogPakFile: PakFile PrimaryIndexSize=191
[2024.07.28-10.19.47:461][  0]LogPakFile: PakFile PathHashIndexSize=101
[2024.07.28-10.19.47:461][  0]LogPakFile: PakFile FullDirectoryIndexSize=160
[2024.07.28-10.19.47:461][  0]LogShaderLibrary: Display: ShaderCodeLibraryPakFileMountedCallback: PakFile 'C:/Program Files/UE_4.27/FeaturePacks/MobileStarterContent.upack' (chunk index -1, root 'root:/') mounted
[2024.07.28-10.19.47:461][  0]LogShaderLibrary: Display: ShaderCodeLibraryPakFileMountedCallback: pending pak file info (ChunkID:-1 Root:root:/ File:C:/Program Files/UE_4.27/FeaturePacks/MobileStarterContent.upack)
[2024.07.28-10.19.47:461][  0]LogPakFile: OnPakFileMounted2Time == 0.000275
[2024.07.28-10.19.47:462][  0]LogPakFile: PakFile PrimaryIndexSize=185
[2024.07.28-10.19.47:462][  0]LogPakFile: PakFile PathHashIndexSize=101
[2024.07.28-10.19.47:462][  0]LogPakFile: PakFile FullDirectoryIndexSize=148
[2024.07.28-10.19.47:462][  0]LogShaderLibrary: Display: ShaderCodeLibraryPakFileMountedCallback: PakFile 'C:/Program Files/UE_4.27/FeaturePacks/StarterContent.upack' (chunk index -1, root 'root:/') mounted
[2024.07.28-10.19.47:462][  0]LogShaderLibrary: Display: ShaderCodeLibraryPakFileMountedCallback: pending pak file info (ChunkID:-1 Root:root:/ File:C:/Program Files/UE_4.27/FeaturePacks/StarterContent.upack)
[2024.07.28-10.19.47:462][  0]LogPakFile: OnPakFileMounted2Time == 0.000239
[2024.07.28-10.19.47:463][  0]LogPakFile: PakFile PrimaryIndexSize=190
[2024.07.28-10.19.47:463][  0]LogPakFile: PakFile PathHashIndexSize=101
[2024.07.28-10.19.47:463][  0]LogPakFile: PakFile FullDirectoryIndexSize=154
[2024.07.28-10.19.47:463][  0]LogShaderLibrary: Display: ShaderCodeLibraryPakFileMountedCallback: PakFile 'C:/Program Files/UE_4.27/FeaturePacks/TP_2DSideScroller.upack' (chunk index -1, root 'root:/') mounted
[2024.07.28-10.19.47:463][  0]LogShaderLibrary: Display: ShaderCodeLibraryPakFileMountedCallback: pending pak file info (ChunkID:-1 Root:root:/ File:C:/Program Files/UE_4.27/FeaturePacks/TP_2DSideScroller.upack)
[2024.07.28-10.19.47:463][  0]LogPakFile: OnPakFileMounted2Time == 0.000223
[2024.07.28-10.19.47:464][  0]LogPakFile: PakFile PrimaryIndexSize=192
[2024.07.28-10.19.47:464][  0]LogPakFile: PakFile PathHashIndexSize=101
[2024.07.28-10.19.47:464][  0]LogPakFile: PakFile FullDirectoryIndexSize=158
[2024.07.28-10.19.47:464][  0]LogShaderLibrary: Display: ShaderCodeLibraryPakFileMountedCallback: PakFile 'C:/Program Files/UE_4.27/FeaturePacks/TP_2DSideScrollerBP.upack' (chunk index -1, root 'root:/') mounted
[2024.07.28-10.19.47:464][  0]LogShaderLibrary: Display: ShaderCodeLibraryPakFileMountedCallback: pending pak file info (ChunkID:-1 Root:root:/ File:C:/Program Files/UE_4.27/FeaturePacks/TP_2DSideScrollerBP.upack)
[2024.07.28-10.19.47:464][  0]LogPakFile: OnPakFileMounted2Time == 0.000280
[2024.07.28-10.19.47:465][  0]LogPakFile: PakFile PrimaryIndexSize=182
[2024.07.28-10.19.47:465][  0]LogPakFile: PakFile PathHashIndexSize=101
[2024.07.28-10.19.47:465][  0]LogPakFile: PakFile FullDirectoryIndexSize=138
[2024.07.28-10.19.47:465][  0]LogShaderLibrary: Display: ShaderCodeLibraryPakFileMountedCallback: PakFile 'C:/Program Files/UE_4.27/FeaturePacks/TP_Flying.upack' (chunk index -1, root 'root:/') mounted
[2024.07.28-10.19.47:465][  0]LogShaderLibrary: Display: ShaderCodeLibraryPakFileMountedCallback: pending pak file info (ChunkID:-1 Root:root:/ File:C:/Program Files/UE_4.27/FeaturePacks/TP_Flying.upack)
[2024.07.28-10.19.47:466][  0]LogPakFile: OnPakFileMounted2Time == 0.000288
[2024.07.28-10.19.47:466][  0]LogPakFile: PakFile PrimaryIndexSize=184
[2024.07.28-10.19.47:466][  0]LogPakFile: PakFile PathHashIndexSize=101
[2024.07.28-10.19.47:466][  0]LogPakFile: PakFile FullDirectoryIndexSize=142
[2024.07.28-10.19.47:467][  0]LogShaderLibrary: Display: ShaderCodeLibraryPakFileMountedCallback: PakFile 'C:/Program Files/UE_4.27/FeaturePacks/TP_FlyingBP.upack' (chunk index -1, root 'root:/') mounted
[2024.07.28-10.19.47:467][  0]LogShaderLibrary: Display: ShaderCodeLibraryPakFileMountedCallback: pending pak file info (ChunkID:-1 Root:root:/ File:C:/Program Files/UE_4.27/FeaturePacks/TP_FlyingBP.upack)
[2024.07.28-10.19.47:467][  0]LogPakFile: OnPakFileMounted2Time == 0.000291
[2024.07.28-10.19.47:467][  0]LogPakFile: PakFile PrimaryIndexSize=188
[2024.07.28-10.19.47:468][  0]LogPakFile: PakFile PathHashIndexSize=101
[2024.07.28-10.19.47:468][  0]LogPakFile: PakFile FullDirectoryIndexSize=150
[2024.07.28-10.19.47:468][  0]LogShaderLibrary: Display: ShaderCodeLibraryPakFileMountedCallback: PakFile 'C:/Program Files/UE_4.27/FeaturePacks/TP_HandheldARBP.upack' (chunk index -1, root 'root:/') mounted
[2024.07.28-10.19.47:468][  0]LogShaderLibrary: Display: ShaderCodeLibraryPakFileMountedCallback: pending pak file info (ChunkID:-1 Root:root:/ File:C:/Program Files/UE_4.27/FeaturePacks/TP_HandheldARBP.upack)
[2024.07.28-10.19.47:468][  0]LogPakFile: OnPakFileMounted2Time == 0.000238
[2024.07.28-10.19.47:469][  0]LogPakFile: PakFile PrimaryIndexSize=182
[2024.07.28-10.19.47:469][  0]LogPakFile: PakFile PathHashIndexSize=101
[2024.07.28-10.19.47:469][  0]LogPakFile: PakFile FullDirectoryIndexSize=138
[2024.07.28-10.19.47:469][  0]LogShaderLibrary: Display: ShaderCodeLibraryPakFileMountedCallback: PakFile 'C:/Program Files/UE_4.27/FeaturePacks/TP_Puzzle.upack' (chunk index -1, root 'root:/') mounted
[2024.07.28-10.19.47:469][  0]LogShaderLibrary: Display: ShaderCodeLibraryPakFileMountedCallback: pending pak file info (ChunkID:-1 Root:root:/ File:C:/Program Files/UE_4.27/FeaturePacks/TP_Puzzle.upack)
[2024.07.28-10.19.47:469][  0]LogPakFile: OnPakFileMounted2Time == 0.000289
[2024.07.28-10.19.47:470][  0]LogPakFile: PakFile PrimaryIndexSize=184
[2024.07.28-10.19.47:470][  0]LogPakFile: PakFile PathHashIndexSize=101
[2024.07.28-10.19.47:470][  0]LogPakFile: PakFile FullDirectoryIndexSize=142
[2024.07.28-10.19.47:470][  0]LogShaderLibrary: Display: ShaderCodeLibraryPakFileMountedCallback: PakFile 'C:/Program Files/UE_4.27/FeaturePacks/TP_PuzzleBP.upack' (chunk index -1, root 'root:/') mounted
[2024.07.28-10.19.47:470][  0]LogShaderLibrary: Display: ShaderCodeLibraryPakFileMountedCallback: pending pak file info (ChunkID:-1 Root:root:/ File:C:/Program Files/UE_4.27/FeaturePacks/TP_PuzzleBP.upack)
[2024.07.28-10.19.47:470][  0]LogPakFile: OnPakFileMounted2Time == 0.000280
[2024.07.28-10.19.47:471][  0]LogPakFile: PakFile PrimaryIndexSize=183
[2024.07.28-10.19.47:471][  0]LogPakFile: PakFile PathHashIndexSize=101
[2024.07.28-10.19.47:471][  0]LogPakFile: PakFile FullDirectoryIndexSize=140
[2024.07.28-10.19.47:471][  0]LogShaderLibrary: Display: ShaderCodeLibraryPakFileMountedCallback: PakFile 'C:/Program Files/UE_4.27/FeaturePacks/TP_Rolling.upack' (chunk index -1, root 'root:/') mounted
[2024.07.28-10.19.47:471][  0]LogShaderLibrary: Display: ShaderCodeLibraryPakFileMountedCallback: pending pak file info (ChunkID:-1 Root:root:/ File:C:/Program Files/UE_4.27/FeaturePacks/TP_Rolling.upack)
[2024.07.28-10.19.47:472][  0]LogPakFile: OnPakFileMounted2Time == 0.000223
[2024.07.28-10.19.47:472][  0]LogPakFile: PakFile PrimaryIndexSize=185
[2024.07.28-10.19.47:472][  0]LogPakFile: PakFile PathHashIndexSize=101
[2024.07.28-10.19.47:472][  0]LogPakFile: PakFile FullDirectoryIndexSize=144
[2024.07.28-10.19.47:472][  0]LogShaderLibrary: Display: ShaderCodeLibraryPakFileMountedCallback: PakFile 'C:/Program Files/UE_4.27/FeaturePacks/TP_RollingBP.upack' (chunk index -1, root 'root:/') mounted
[2024.07.28-10.19.47:473][  0]LogShaderLibrary: Display: ShaderCodeLibraryPakFileMountedCallback: pending pak file info (ChunkID:-1 Root:root:/ File:C:/Program Files/UE_4.27/FeaturePacks/TP_RollingBP.upack)
[2024.07.28-10.19.47:473][  0]LogPakFile: OnPakFileMounted2Time == 0.000283
[2024.07.28-10.19.47:473][  0]LogPakFile: PakFile PrimaryIndexSize=188
[2024.07.28-10.19.47:473][  0]LogPakFile: PakFile PathHashIndexSize=101
[2024.07.28-10.19.47:473][  0]LogPakFile: PakFile FullDirectoryIndexSize=150
[2024.07.28-10.19.47:474][  0]LogShaderLibrary: Display: ShaderCodeLibraryPakFileMountedCallback: PakFile 'C:/Program Files/UE_4.27/FeaturePacks/TP_SideScroller.upack' (chunk index -1, root 'root:/') mounted
[2024.07.28-10.19.47:474][  0]LogShaderLibrary: Display: ShaderCodeLibraryPakFileMountedCallback: pending pak file info (ChunkID:-1 Root:root:/ File:C:/Program Files/UE_4.27/FeaturePacks/TP_SideScroller.upack)
[2024.07.28-10.19.47:474][  0]LogPakFile: OnPakFileMounted2Time == 0.000260
[2024.07.28-10.19.47:474][  0]LogPakFile: PakFile PrimaryIndexSize=190
[2024.07.28-10.19.47:474][  0]LogPakFile: PakFile PathHashIndexSize=101
[2024.07.28-10.19.47:474][  0]LogPakFile: PakFile FullDirectoryIndexSize=154
[2024.07.28-10.19.47:475][  0]LogShaderLibrary: Display: ShaderCodeLibraryPakFileMountedCallback: PakFile 'C:/Program Files/UE_4.27/FeaturePacks/TP_SideScrollerBP.upack' (chunk index -1, root 'root:/') mounted
[2024.07.28-10.19.47:475][  0]LogShaderLibrary: Display: ShaderCodeLibraryPakFileMountedCallback: pending pak file info (ChunkID:-1 Root:root:/ File:C:/Program Files/UE_4.27/FeaturePacks/TP_SideScrollerBP.upack)
[2024.07.28-10.19.47:475][  0]LogPakFile: OnPakFileMounted2Time == 0.000278
[2024.07.28-10.19.47:475][  0]LogPakFile: PakFile PrimaryIndexSize=187
[2024.07.28-10.19.47:476][  0]LogPakFile: PakFile PathHashIndexSize=101
[2024.07.28-10.19.47:476][  0]LogPakFile: PakFile FullDirectoryIndexSize=148
[2024.07.28-10.19.47:476][  0]LogShaderLibrary: Display: ShaderCodeLibraryPakFileMountedCallback: PakFile 'C:/Program Files/UE_4.27/FeaturePacks/TP_ThirdPerson.upack' (chunk index -1, root 'root:/') mounted
[2024.07.28-10.19.47:476][  0]LogShaderLibrary: Display: ShaderCodeLibraryPakFileMountedCallback: pending pak file info (ChunkID:-1 Root:root:/ File:C:/Program Files/UE_4.27/FeaturePacks/TP_ThirdPerson.upack)
[2024.07.28-10.19.47:476][  0]LogPakFile: OnPakFileMounted2Time == 0.000275
[2024.07.28-10.19.47:477][  0]LogPakFile: PakFile PrimaryIndexSize=189
[2024.07.28-10.19.47:477][  0]LogPakFile: PakFile PathHashIndexSize=101
[2024.07.28-10.19.47:477][  0]LogPakFile: PakFile FullDirectoryIndexSize=152
[2024.07.28-10.19.47:477][  0]LogShaderLibrary: Display: ShaderCodeLibraryPakFileMountedCallback: PakFile 'C:/Program Files/UE_4.27/FeaturePacks/TP_ThirdPersonBP.upack' (chunk index -1, root 'root:/') mounted
[2024.07.28-10.19.47:477][  0]LogShaderLibrary: Display: ShaderCodeLibraryPakFileMountedCallback: pending pak file info (ChunkID:-1 Root:root:/ File:C:/Program Files/UE_4.27/FeaturePacks/TP_ThirdPersonBP.upack)
[2024.07.28-10.19.47:477][  0]LogPakFile: OnPakFileMounted2Time == 0.000238
[2024.07.28-10.19.47:478][  0]LogPakFile: PakFile PrimaryIndexSize=183
[2024.07.28-10.19.47:478][  0]LogPakFile: PakFile PathHashIndexSize=101
[2024.07.28-10.19.47:478][  0]LogPakFile: PakFile FullDirectoryIndexSize=140
[2024.07.28-10.19.47:478][  0]LogShaderLibrary: Display: ShaderCodeLibraryPakFileMountedCallback: PakFile 'C:/Program Files/UE_4.27/FeaturePacks/TP_TopDown.upack' (chunk index -1, root 'root:/') mounted
[2024.07.28-10.19.47:478][  0]LogShaderLibrary: Display: ShaderCodeLibraryPakFileMountedCallback: pending pak file info (ChunkID:-1 Root:root:/ File:C:/Program Files/UE_4.27/FeaturePacks/TP_TopDown.upack)
[2024.07.28-10.19.47:478][  0]LogPakFile: OnPakFileMounted2Time == 0.000274
[2024.07.28-10.19.47:479][  0]LogPakFile: PakFile PrimaryIndexSize=185
[2024.07.28-10.19.47:479][  0]LogPakFile: PakFile PathHashIndexSize=101
[2024.07.28-10.19.47:479][  0]LogPakFile: PakFile FullDirectoryIndexSize=144
[2024.07.28-10.19.47:479][  0]LogShaderLibrary: Display: ShaderCodeLibraryPakFileMountedCallback: PakFile 'C:/Program Files/UE_4.27/FeaturePacks/TP_TopDownBP.upack' (chunk index -1, root 'root:/') mounted
[2024.07.28-10.19.47:479][  0]LogShaderLibrary: Display: ShaderCodeLibraryPakFileMountedCallback: pending pak file info (ChunkID:-1 Root:root:/ File:C:/Program Files/UE_4.27/FeaturePacks/TP_TopDownBP.upack)
[2024.07.28-10.19.47:479][  0]LogPakFile: OnPakFileMounted2Time == 0.000235
[2024.07.28-10.19.47:480][  0]LogPakFile: PakFile PrimaryIndexSize=185
[2024.07.28-10.19.47:480][  0]LogPakFile: PakFile PathHashIndexSize=101
[2024.07.28-10.19.47:480][  0]LogPakFile: PakFile FullDirectoryIndexSize=144
[2024.07.28-10.19.47:480][  0]LogShaderLibrary: Display: ShaderCodeLibraryPakFileMountedCallback: PakFile 'C:/Program Files/UE_4.27/FeaturePacks/TP_TwinStick.upack' (chunk index -1, root 'root:/') mounted
[2024.07.28-10.19.47:480][  0]LogShaderLibrary: Display: ShaderCodeLibraryPakFileMountedCallback: pending pak file info (ChunkID:-1 Root:root:/ File:C:/Program Files/UE_4.27/FeaturePacks/TP_TwinStick.upack)
[2024.07.28-10.19.47:480][  0]LogPakFile: OnPakFileMounted2Time == 0.000250
[2024.07.28-10.19.47:481][  0]LogPakFile: PakFile PrimaryIndexSize=187
[2024.07.28-10.19.47:481][  0]LogPakFile: PakFile PathHashIndexSize=101
[2024.07.28-10.19.47:481][  0]LogPakFile: PakFile FullDirectoryIndexSize=148
[2024.07.28-10.19.47:481][  0]LogShaderLibrary: Display: ShaderCodeLibraryPakFileMountedCallback: PakFile 'C:/Program Files/UE_4.27/FeaturePacks/TP_TwinStickBP.upack' (chunk index -1, root 'root:/') mounted
[2024.07.28-10.19.47:481][  0]LogShaderLibrary: Display: ShaderCodeLibraryPakFileMountedCallback: pending pak file info (ChunkID:-1 Root:root:/ File:C:/Program Files/UE_4.27/FeaturePacks/TP_TwinStickBP.upack)
[2024.07.28-10.19.47:482][  0]LogPakFile: OnPakFileMounted2Time == 0.000277
[2024.07.28-10.19.47:482][  0]LogPakFile: PakFile PrimaryIndexSize=183
[2024.07.28-10.19.47:482][  0]LogPakFile: PakFile PathHashIndexSize=101
[2024.07.28-10.19.47:482][  0]LogPakFile: PakFile FullDirectoryIndexSize=140
[2024.07.28-10.19.47:483][  0]LogShaderLibrary: Display: ShaderCodeLibraryPakFileMountedCallback: PakFile 'C:/Program Files/UE_4.27/FeaturePacks/TP_Vehicle.upack' (chunk index -1, root 'root:/') mounted
[2024.07.28-10.19.47:483][  0]LogShaderLibrary: Display: ShaderCodeLibraryPakFileMountedCallback: pending pak file info (ChunkID:-1 Root:root:/ File:C:/Program Files/UE_4.27/FeaturePacks/TP_Vehicle.upack)
[2024.07.28-10.19.47:483][  0]LogPakFile: OnPakFileMounted2Time == 0.000269
[2024.07.28-10.19.47:483][  0]LogPakFile: PakFile PrimaryIndexSize=186
[2024.07.28-10.19.47:484][  0]LogPakFile: PakFile PathHashIndexSize=101
[2024.07.28-10.19.47:484][  0]LogPakFile: PakFile FullDirectoryIndexSize=146
[2024.07.28-10.19.47:484][  0]LogShaderLibrary: Display: ShaderCodeLibraryPakFileMountedCallback: PakFile 'C:/Program Files/UE_4.27/FeaturePacks/TP_VehicleAdv.upack' (chunk index -1, root 'root:/') mounted
[2024.07.28-10.19.47:484][  0]LogShaderLibrary: Display: ShaderCodeLibraryPakFileMountedCallback: pending pak file info (ChunkID:-1 Root:root:/ File:C:/Program Files/UE_4.27/FeaturePacks/TP_VehicleAdv.upack)
[2024.07.28-10.19.47:484][  0]LogPakFile: OnPakFileMounted2Time == 0.000245
[2024.07.28-10.19.47:484][  0]LogPakFile: PakFile PrimaryIndexSize=188
[2024.07.28-10.19.47:485][  0]LogPakFile: PakFile PathHashIndexSize=101
[2024.07.28-10.19.47:485][  0]LogPakFile: PakFile FullDirectoryIndexSize=150
[2024.07.28-10.19.47:485][  0]LogShaderLibrary: Display: ShaderCodeLibraryPakFileMountedCallback: PakFile 'C:/Program Files/UE_4.27/FeaturePacks/TP_VehicleAdvBP.upack' (chunk index -1, root 'root:/') mounted
[2024.07.28-10.19.47:485][  0]LogShaderLibrary: Display: ShaderCodeLibraryPakFileMountedCallback: pending pak file info (ChunkID:-1 Root:root:/ File:C:/Program Files/UE_4.27/FeaturePacks/TP_VehicleAdvBP.upack)
[2024.07.28-10.19.47:485][  0]LogPakFile: OnPakFileMounted2Time == 0.000183
[2024.07.28-10.19.47:486][  0]LogPakFile: PakFile PrimaryIndexSize=185
[2024.07.28-10.19.47:486][  0]LogPakFile: PakFile PathHashIndexSize=101
[2024.07.28-10.19.47:486][  0]LogPakFile: PakFile FullDirectoryIndexSize=144
[2024.07.28-10.19.47:486][  0]LogShaderLibrary: Display: ShaderCodeLibraryPakFileMountedCallback: PakFile 'C:/Program Files/UE_4.27/FeaturePacks/TP_VehicleBP.upack' (chunk index -1, root 'root:/') mounted
[2024.07.28-10.19.47:486][  0]LogShaderLibrary: Display: ShaderCodeLibraryPakFileMountedCallback: pending pak file info (ChunkID:-1 Root:root:/ File:C:/Program Files/UE_4.27/FeaturePacks/TP_VehicleBP.upack)
[2024.07.28-10.19.47:486][  0]LogPakFile: OnPakFileMounted2Time == 0.000316
[2024.07.28-10.19.47:487][  0]LogPakFile: PakFile PrimaryIndexSize=192
[2024.07.28-10.19.47:487][  0]LogPakFile: PakFile PathHashIndexSize=101
[2024.07.28-10.19.47:487][  0]LogPakFile: PakFile FullDirectoryIndexSize=158
[2024.07.28-10.19.47:487][  0]LogShaderLibrary: Display: ShaderCodeLibraryPakFileMountedCallback: PakFile 'C:/Program Files/UE_4.27/FeaturePacks/TP_VirtualRealityBP.upack' (chunk index -1, root 'root:/') mounted
[2024.07.28-10.19.47:487][  0]LogShaderLibrary: Display: ShaderCodeLibraryPakFileMountedCallback: pending pak file info (ChunkID:-1 Root:root:/ File:C:/Program Files/UE_4.27/FeaturePacks/TP_VirtualRealityBP.upack)
[2024.07.28-10.19.47:487][  0]LogPakFile: OnPakFileMounted2Time == 0.000318
[2024.07.28-10.19.47:534][  0]LogNativeClassHierarchy: Verbose: Native class hierarchy updated for 'AddContentDialog' in 0.0002 seconds. Added 0 classes and 0 folders.
[2024.07.28-10.19.47:535][  0]LogNativeClassHierarchy: Verbose: Native class hierarchy updated for 'SceneOutliner' in 0.0001 seconds. Added 2 classes and 0 folders.
[2024.07.28-10.19.47:577][  0]LogSlate: Took 0.000487 seconds to synchronously load lazily loaded font '../../../Engine/Content/Slate/Fonts/Roboto-Regular.ttf' (155K)
[2024.07.28-10.19.47:578][  0]LogSlate: Took 0.000248 seconds to synchronously load lazily loaded font '../../../Engine/Content/Editor/Slate/Fonts/FontAwesome.ttf' (139K)
[2024.07.28-10.19.47:580][  0]LogSlate: Took 0.001061 seconds to synchronously load lazily loaded font '../../../Engine/Content/Editor/Slate/Fonts/NanumGothic.ttf' (4243K)
[2024.07.28-10.19.47:581][  0]LogSlate: Took 0.001232 seconds to synchronously load lazily loaded font '../../../Engine/Content/Editor/Slate/Fonts/NanumGothicBold.ttf' (4188K)
[2024.07.28-10.19.47:582][  0]LogSlate: Took 0.000228 seconds to synchronously load lazily loaded font '../../../Engine/Content/Slate/Fonts/Roboto-Bold.ttf' (160K)
[2024.07.28-10.19.47:645][  0]LogRenderer: Reallocating scene render targets to support 1208x572 Format 10 NumSamples 1 (Frame:1).
[2024.07.28-10.19.47:714][  0]LogNativeClassHierarchy: Verbose: Native class hierarchy updated for 'HierarchicalLODOutliner' in 0.0002 seconds. Added 0 classes and 0 folders.
[2024.07.28-10.19.47:715][  0]LogLoad: (Engine Initialization) Total time: 9.69 seconds
[2024.07.28-10.19.47:715][  0]LogLoad: (Engine Initialization) Total Blueprint compile time: 0.00 seconds
[2024.07.28-10.19.47:745][  0]LogAssetRegistry: Asset discovery search completed in 5.7758 seconds
[2024.07.28-10.19.47:750][  0]LogCollectionManager: Fixed up redirectors for 0 collections in 0.000003 seconds (updated 0 objects)
[2024.07.28-10.19.47:752][  0]LogContentStreaming: Texture pool size now 1000 MB
