Log file open, 05/21/24 01:26:27
LogWindows: Failed to load 'aqProf.dll' (GetLastError=126)
LogWindows: File 'aqProf.dll' does not exist
LogWindows: Failed to load 'VtuneApi.dll' (GetLastError=126)
LogWindows: File 'VtuneApi.dll' does not exist
LogWindows: Failed to load 'VtuneApi32e.dll' (GetLastError=126)
LogWindows: File 'VtuneApi32e.dll' does not exist
LogConsoleResponse: Display: Failed to find resolution value strings in scalability ini. Falling back to default.
LogConsoleResponse: Display: Failed to find resolution value strings in scalability ini. Falling back to default.
LogInit: Display: Running engine for game: InsectHeaven
LogPlatformFile: Not using cached read wrapper
LogTaskGraph: Started task graph with 5 named threads and 71 total threads with 3 sets of task threads.
LogStats: Stats thread started at 0.421447
LogICUInternationalization: ICU TimeZone Detection - Raw Offset: +9:00, Platform Override: ''
LogInit: Display: Loading text-based GConfig....
LogPluginManager: Mounting plugin MeshPainting
LogPluginManager: Mounting plugin XGEController
LogPluginManager: Mounting plugin AISupport
LogPluginManager: Mounting plugin Paper2D
LogPluginManager: Mounting plugin LightPropagationVolume
LogPluginManager: Mounting plugin EnvironmentQueryEditor
LogPluginManager: Mounting plugin LiveLink
LogPluginManager: Mounting plugin CameraShakePreviewer
LogPluginManager: Mounting plugin GameplayCameras
LogPluginManager: Mounting plugin OodleData
LogPluginManager: Mounting plugin AssetManagerEditor
LogPluginManager: Mounting plugin OodleNetwork
LogPluginManager: Mounting plugin DataValidation
LogPluginManager: Mounting plugin CurveEditorTools
LogPluginManager: Mounting plugin CryptoKeys
LogPluginManager: Mounting plugin EditorScriptingUtilities
LogPluginManager: Mounting plugin GameplayTagsEditor
LogPluginManager: Mounting plugin FacialAnimation
LogPluginManager: Mounting plugin GeometryMode
LogPluginManager: Mounting plugin MacGraphicsSwitching
LogPluginManager: Mounting plugin MaterialAnalyzer
LogPluginManager: Mounting plugin MobileLauncherProfileWizard
LogPluginManager: Mounting plugin PluginBrowser
LogPluginManager: Mounting plugin SpeedTreeImporter
LogPluginManager: Mounting plugin AnimationSharing
LogPluginManager: Mounting plugin Niagara
LogPluginManager: Mounting plugin CLionSourceCodeAccess
LogPluginManager: Mounting plugin AlembicImporter
LogPluginManager: Mounting plugin CodeLiteSourceCodeAccess
LogPluginManager: Mounting plugin AutomationUtils
LogPluginManager: Mounting plugin KDevelopSourceCodeAccess
LogPluginManager: Mounting plugin GitSourceControl
LogPluginManager: Mounting plugin BackChannel
LogPluginManager: Mounting plugin NullSourceCodeAccess
LogPluginManager: Mounting plugin ChaosCloth
LogPluginManager: Mounting plugin PerforceSourceControl
LogPluginManager: Mounting plugin ChaosClothEditor
LogPluginManager: Mounting plugin PixWinPlugin
LogPluginManager: Mounting plugin ChaosEditor
LogPluginManager: Mounting plugin PlasticSourceControl
LogPluginManager: Mounting plugin PluginUtils
LogPluginManager: Mounting plugin ChaosNiagara
LogPluginManager: Mounting plugin ChaosSolverPlugin
LogPluginManager: Mounting plugin PropertyAccessNode
LogPluginManager: Mounting plugin RiderSourceCodeAccess
LogPluginManager: Mounting plugin TextureFormatOodle
LogPluginManager: Mounting plugin SubversionSourceControl
LogPluginManager: Mounting plugin UObjectPlugin
LogPluginManager: Mounting plugin VisualStudioCodeSourceCodeAccess
LogPluginManager: Mounting plugin CharacterAI
LogPluginManager: Mounting plugin VisualStudioSourceCodeAccess
LogPluginManager: Mounting plugin XCodeSourceCodeAccess
LogPluginManager: Mounting plugin GeometryCache
LogPluginManager: Mounting plugin GeometryCollectionPlugin
LogPluginManager: Mounting plugin GeometryProcessing
LogPluginManager: Mounting plugin OpenImageDenoise
LogPluginManager: Mounting plugin MotoSynth
LogPluginManager: Mounting plugin PlanarCut
LogPluginManager: Mounting plugin ProxyLODPlugin
LogPluginManager: Mounting plugin PlatformCrypto
LogPluginManager: Mounting plugin PythonScriptPlugin
LogPluginManager: Mounting plugin SkeletalReduction
LogPluginManager: Mounting plugin LuminPlatformFeatures
LogPluginManager: Mounting plugin MagicLeap
LogPluginManager: Mounting plugin MagicLeapLightEstimation
LogPluginManager: Mounting plugin MagicLeapMedia
LogPluginManager: Mounting plugin MLSDK
LogPluginManager: Mounting plugin MagicLeapPassableWorld
LogPluginManager: Mounting plugin AndroidMedia
LogPluginManager: Mounting plugin AvfMedia
LogPluginManager: Mounting plugin DatasmithContent
LogPluginManager: Mounting plugin VariantManagerContent
LogPluginManager: Mounting plugin ImgMedia
LogPluginManager: Mounting plugin MediaCompositing
LogPluginManager: Mounting plugin WmfMedia
LogPluginManager: Mounting plugin UdpMessaging
LogPluginManager: Mounting plugin TcpMessaging
LogPluginManager: Mounting plugin WebMMedia
LogPluginManager: Mounting plugin MatineeToLevelSequence
LogPluginManager: Mounting plugin LevelSequenceEditor
LogPluginManager: Mounting plugin ActorSequence
LogPluginManager: Mounting plugin TemplateSequence
LogPluginManager: Mounting plugin MediaPlayerEditor
LogPluginManager: Mounting plugin OnlineSubsystem
LogPluginManager: Mounting plugin OnlineSubsystemNull
LogPluginManager: Mounting plugin LauncherChunkInstaller
LogPluginManager: Mounting plugin OnlineSubsystemUtils
LogPluginManager: Mounting plugin ActorLayerUtilities
LogPluginManager: Mounting plugin AndroidDeviceProfileSelector
LogPluginManager: Mounting plugin AndroidMoviePlayer
LogPluginManager: Mounting plugin AndroidPermission
LogPluginManager: Mounting plugin AppleImageUtils
LogPluginManager: Mounting plugin AudioCapture
LogPluginManager: Mounting plugin AudioSynesthesia
LogPluginManager: Mounting plugin AssetTags
LogPluginManager: Mounting plugin AppleMoviePlayer
LogPluginManager: Mounting plugin ArchVisCharacter
LogPluginManager: Mounting plugin CableComponent
LogPluginManager: Mounting plugin ExampleDeviceProfileSelector
LogPluginManager: Mounting plugin EditableMesh
LogPluginManager: Mounting plugin CustomMeshComponent
LogPluginManager: Mounting plugin ChunkDownloader
LogPluginManager: Mounting plugin GoogleCloudMessaging
LogPluginManager: Mounting plugin GooglePAD
LogPluginManager: Mounting plugin IOSDeviceProfileSelector
LogPluginManager: Mounting plugin LinuxDeviceProfileSelector
LogPluginManager: Mounting plugin LocationServicesBPLibrary
LogPluginManager: Mounting plugin MobilePatchingUtils
LogPluginManager: Mounting plugin OpenXRHandTracking
LogPluginManager: Mounting plugin OpenXREyeTracker
LogPluginManager: Mounting plugin OpenXR
LogPluginManager: Mounting plugin PhysXVehicles
LogPluginManager: Mounting plugin PostSplashScreen
LogPluginManager: Mounting plugin ProceduralMeshComponent
LogPluginManager: Mounting plugin ScreenshotTools
LogPluginManager: Mounting plugin PropertyAccessEditor
LogPluginManager: Mounting plugin RuntimePhysXCooking
LogPluginManager: Mounting plugin SignificanceManager
LogPluginManager: Mounting plugin SoundFields
LogPluginManager: Mounting plugin Takes
LogPluginManager: Mounting plugin Synthesis
LogPluginManager: Mounting plugin WebMMoviePlayer
LogPluginManager: Mounting plugin WindowsMoviePlayer
LogPluginManager: Mounting plugin ContentBrowserAssetDataSource
LogPluginManager: Mounting plugin ContentBrowserClassDataSource
LogPluginManager: Mounting plugin ContentBrowserFileDataSource
LogPluginManager: Mounting plugin RiderLink
LogPluginManager: Mounting plugin OnlineSubsystemIOS
LogPluginManager: Mounting plugin OnlineSubsystemGooglePlay
LogPluginManager: Mounting plugin OculusVR
LogPluginManager: Mounting plugin SteamVR
PixWinPlugin: PIX capture plugin failed to initialize! Check that the process is launched from PIX.
LogInit: Using libcurl 7.55.1-DEV
LogInit:  - built for x86_64-pc-win32
LogInit:  - supports SSL with OpenSSL/1.1.1
LogInit:  - supports HTTP deflate (compression) using libz 1.2.8
LogInit:  - other features:
LogInit:      CURL_VERSION_SSL
LogInit:      CURL_VERSION_LIBZ
LogInit:      CURL_VERSION_IPV6
LogInit:      CURL_VERSION_ASYNCHDNS
LogInit:      CURL_VERSION_LARGEFILE
LogInit:      CURL_VERSION_IDN
LogInit:  CurlRequestOptions (configurable via config and command line):
LogInit:  - bVerifyPeer = true  - Libcurl will verify peer certificate
LogInit:  - bUseHttpProxy = false  - Libcurl will NOT use HTTP proxy
LogInit:  - bDontReuseConnections = false  - Libcurl will reuse connections
LogInit:  - MaxHostConnections = 16  - Libcurl will limit the number of connections to a host
LogInit:  - LocalHostAddr = Default
LogInit:  - BufferSize = 65536
LogOnline: OSS: Creating online subsystem instance for: NULL
LogInit: WinSock: version 1.1 (2.2), MaxSocks=32767, MaxUdp=65467
LogOnline: OSS: TryLoadSubsystemAndSetDefault: Loaded subsystem for module [NULL]
LogOculusPluginWrapper: OculusPlugin initialized successfully
LogHMD: Failed initializing OVRPlugin 1.59.0
LogInit: Build: ++UE4+Release-4.27-CL-18319896
LogInit: Engine Version: 4.27.2-18319896+++UE4+Release-4.27
LogInit: Compatible Engine Version: 4.27.0-17155196+++UE4+Release-4.27
LogInit: Net CL: 17155196
LogInit: OS: Windows 10 (Release 2009) (), CPU: AMD Ryzen 9 7900X 12-Core Processor            , GPU: AMD Radeon RX 7900 XTX
LogInit: Compiled (64-bit): Nov 30 2021 07:12:08
LogInit: Compiled with Visual C++: 19.24.28315.00
LogInit: Build Configuration: DebugGame
LogInit: Branch Name: ++UE4+Release-4.27
LogInit: Command Line:  -skipcompile
LogInit: Base Directory: C:/Program Files/UE_4.27/Engine/Binaries/Win64/
LogInit: Allocator: TBB
LogInit: Installed Engine Build: 1
LogDevObjectVersion: Number of dev versions registered: 29
LogDevObjectVersion:   Dev-Blueprints (B0D832E4-1F89-4F0D-ACCF-7EB736FD4AA2): 10
LogDevObjectVersion:   Dev-Build (E1C64328-A22C-4D53-A36C-8E866417BD8C): 0
LogDevObjectVersion:   Dev-Core (375EC13C-06E4-48FB-B500-84F0262A717E): 4
LogDevObjectVersion:   Dev-Editor (E4B068ED-F494-42E9-A231-DA0B2E46BB41): 40
LogDevObjectVersion:   Dev-Framework (CFFC743F-43B0-4480-9391-14DF171D2073): 37
LogDevObjectVersion:   Dev-Mobile (B02B49B5-BB20-44E9-A304-32B752E40360): 3
LogDevObjectVersion:   Dev-Networking (A4E4105C-59A1-49B5-A7C5-40C4547EDFEE): 0
LogDevObjectVersion:   Dev-Online (39C831C9-5AE6-47DC-9A44-9C173E1C8E7C): 0
LogDevObjectVersion:   Dev-Physics (78F01B33-EBEA-4F98-B9B4-84EACCB95AA2): 14
LogDevObjectVersion:   Dev-Platform (6631380F-2D4D-43E0-8009-CF276956A95A): 0
LogDevObjectVersion:   Dev-Rendering (12F88B9F-8875-4AFC-A67C-D90C383ABD29): 45
LogDevObjectVersion:   Dev-Sequencer (7B5AE74C-D270-4C10-A958-57980B212A5A): 13
LogDevObjectVersion:   Dev-VR (D7296918-1DD6-4BDD-9DE2-64A83CC13884): 3
LogDevObjectVersion:   Dev-LoadTimes (C2A15278-BFE7-4AFE-6C17-90FF531DF755): 1
LogDevObjectVersion:   Private-Geometry (6EACA3D4-40EC-4CC1-B786-8BED09428FC5): 3
LogDevObjectVersion:   Dev-AnimPhys (29E575DD-E0A3-4627-9D10-D276232CDCEA): 17
LogDevObjectVersion:   Dev-Anim (AF43A65D-7FD3-4947-9873-3E8ED9C1BB05): 15
LogDevObjectVersion:   Dev-ReflectionCapture (6B266CEC-1EC7-4B8F-A30B-E4D90942FC07): 1
LogDevObjectVersion:   Dev-Automation (0DF73D61-A23F-47EA-B727-89E90C41499A): 1
LogDevObjectVersion:   FortniteMain (601D1886-AC64-4F84-AA16-D3DE0DEAC7D6): 47
LogDevObjectVersion:   FortniteRelease (E7086368-6B23-4C58-8439-1B7016265E91): 1
LogDevObjectVersion:   Dev-Enterprise (9DFFBCD6-494F-0158-E221-12823C92A888): 10
LogDevObjectVersion:   Dev-Niagara (F2AED0AC-9AFE-416F-8664-AA7FFA26D6FC): 1
LogDevObjectVersion:   Dev-Destruction (174F1F0B-B4C6-45A5-B13F-2EE8D0FB917D): 10
LogDevObjectVersion:   Dev-Physics-Ext (35F94A83-E258-406C-A318-09F59610247C): 41
LogDevObjectVersion:   Dev-PhysicsMaterial-Chaos (B68FC16E-8B1B-42E2-B453-215C058844FE): 1
LogDevObjectVersion:   Dev-CineCamera (B2E18506-4273-CFC2-A54E-F4BB758BBA07): 1
LogDevObjectVersion:   Dev-VirtualProduction (64F58936-FD1B-42BA-BA96-7289D5D0FA4E): 1
LogDevObjectVersion:   Dev-MediaFramework (6F0ED827-A609-4895-9C91-998D90180EA4): 2
LogInit: Presizing for max 25165824 objects, including 0 objects not considered by GC, pre-allocating 0 bytes for permanent pool.
LogConfig: Applying CVar settings from Section [/Script/Engine.StreamingSettings] File [C:/Users/nanim/GitHub/InsectHeaven/InsectHeaven/Saved/Config/Windows/Engine.ini]
LogConfig: Setting CVar [[s.MinBulkDataSizeForAsyncLoading:131072]]
LogConfig: Setting CVar [[s.AsyncLoadingThreadEnabled:0]]
LogConfig: Setting CVar [[s.EventDrivenLoaderEnabled:1]]
LogConfig: Setting CVar [[s.WarnIfTimeLimitExceeded:0]]
LogConfig: Setting CVar [[s.TimeLimitExceededMultiplier:1.5]]
LogConfig: Setting CVar [[s.TimeLimitExceededMinTime:0.005]]
LogConfig: Setting CVar [[s.UseBackgroundLevelStreaming:1]]
LogConfig: Setting CVar [[s.PriorityAsyncLoadingExtraTime:15.0]]
LogConfig: Setting CVar [[s.LevelStreamingActorsUpdateTimeLimit:5.0]]
LogConfig: Setting CVar [[s.PriorityLevelStreamingActorsUpdateExtraTime:5.0]]
LogConfig: Setting CVar [[s.LevelStreamingComponentsRegistrationGranularity:10]]
LogConfig: Setting CVar [[s.UnregisterComponentsTimeLimit:1.0]]
LogConfig: Setting CVar [[s.LevelStreamingComponentsUnregistrationGranularity:5]]
LogConfig: Setting CVar [[s.FlushStreamingOnExit:1]]
LogInit: Object subsystem initialized
LogConfig: Setting CVar [[con.DebugEarlyDefault:1]]
LogConfig: Setting CVar [[r.setres:1280x720]]
[2024.05.20-16.26.28:697][  0]LogConfig: Setting CVar [[r.VSync:0]]
[2024.05.20-16.26.28:697][  0]LogConfig: Setting CVar [[r.RHICmdBypass:0]]
[2024.05.20-16.26.28:697][  0]LogConfig: Applying CVar settings from Section [/Script/Engine.RendererSettings] File [C:/Users/nanim/GitHub/InsectHeaven/InsectHeaven/Saved/Config/Windows/Engine.ini]
[2024.05.20-16.26.28:697][  0]LogConfig: Setting CVar [[r.GPUCrashDebugging:0]]
[2024.05.20-16.26.28:697][  0]LogConfig: Applying CVar settings from Section [/Script/Engine.RendererOverrideSettings] File [C:/Users/nanim/GitHub/InsectHeaven/InsectHeaven/Saved/Config/Windows/Engine.ini]
[2024.05.20-16.26.28:698][  0]LogConfig: Applying CVar settings from Section [/Script/Engine.StreamingSettings] File [C:/Users/nanim/GitHub/InsectHeaven/InsectHeaven/Saved/Config/Windows/Engine.ini]
[2024.05.20-16.26.28:698][  0]LogConfig: Setting CVar [[s.MinBulkDataSizeForAsyncLoading:131072]]
[2024.05.20-16.26.28:698][  0]LogConfig: Setting CVar [[s.AsyncLoadingThreadEnabled:0]]
[2024.05.20-16.26.28:698][  0]LogConfig: Setting CVar [[s.EventDrivenLoaderEnabled:1]]
[2024.05.20-16.26.28:698][  0]LogConfig: Setting CVar [[s.WarnIfTimeLimitExceeded:0]]
[2024.05.20-16.26.28:698][  0]LogConfig: Setting CVar [[s.TimeLimitExceededMultiplier:1.5]]
[2024.05.20-16.26.28:698][  0]LogConfig: Setting CVar [[s.TimeLimitExceededMinTime:0.005]]
[2024.05.20-16.26.28:698][  0]LogConfig: Setting CVar [[s.UseBackgroundLevelStreaming:1]]
[2024.05.20-16.26.28:698][  0]LogConfig: Setting CVar [[s.PriorityAsyncLoadingExtraTime:15.0]]
[2024.05.20-16.26.28:699][  0]LogConfig: Setting CVar [[s.LevelStreamingActorsUpdateTimeLimit:5.0]]
[2024.05.20-16.26.28:699][  0]LogConfig: Setting CVar [[s.PriorityLevelStreamingActorsUpdateExtraTime:5.0]]
[2024.05.20-16.26.28:699][  0]LogConfig: Setting CVar [[s.LevelStreamingComponentsRegistrationGranularity:10]]
[2024.05.20-16.26.28:699][  0]LogConfig: Setting CVar [[s.UnregisterComponentsTimeLimit:1.0]]
[2024.05.20-16.26.28:699][  0]LogConfig: Setting CVar [[s.LevelStreamingComponentsUnregistrationGranularity:5]]
[2024.05.20-16.26.28:699][  0]LogConfig: Setting CVar [[s.FlushStreamingOnExit:1]]
[2024.05.20-16.26.28:699][  0]LogConfig: Applying CVar settings from Section [/Script/Engine.GarbageCollectionSettings] File [C:/Users/nanim/GitHub/InsectHeaven/InsectHeaven/Saved/Config/Windows/Engine.ini]
[2024.05.20-16.26.28:699][  0]LogConfig: Setting CVar [[gc.MaxObjectsNotConsideredByGC:1]]
[2024.05.20-16.26.28:699][  0]LogConfig: Setting CVar [[gc.SizeOfPermanentObjectPool:0]]
[2024.05.20-16.26.28:700][  0]LogConfig: Setting CVar [[gc.FlushStreamingOnGC:0]]
[2024.05.20-16.26.28:700][  0]LogConfig: Setting CVar [[gc.NumRetriesBeforeForcingGC:10]]
[2024.05.20-16.26.28:700][  0]LogConfig: Setting CVar [[gc.AllowParallelGC:1]]
[2024.05.20-16.26.28:700][  0]LogConfig: Setting CVar [[gc.TimeBetweenPurgingPendingKillObjects:61.1]]
[2024.05.20-16.26.28:700][  0]LogConfig: Setting CVar [[gc.MaxObjectsInEditor:25165824]]
[2024.05.20-16.26.28:700][  0]LogConfig: Setting CVar [[gc.IncrementalBeginDestroyEnabled:1]]
[2024.05.20-16.26.28:700][  0]LogConfig: Setting CVar [[gc.CreateGCClusters:1]]
[2024.05.20-16.26.28:700][  0]LogConfig: Setting CVar [[gc.MinGCClusterSize:5]]
[2024.05.20-16.26.28:700][  0]LogConfig: Setting CVar [[gc.ActorClusteringEnabled:0]]
[2024.05.20-16.26.28:700][  0]LogConfig: Setting CVar [[gc.BlueprintClusteringEnabled:0]]
[2024.05.20-16.26.28:701][  0]LogConfig: Setting CVar [[gc.UseDisregardForGCOnDedicatedServers:0]]
[2024.05.20-16.26.28:701][  0]LogConfig: Setting CVar [[gc.MultithreadedDestructionEnabled:1]]
[2024.05.20-16.26.28:701][  0]LogConfig: Applying CVar settings from Section [/Script/Engine.NetworkSettings] File [C:/Users/nanim/GitHub/InsectHeaven/InsectHeaven/Saved/Config/Windows/Engine.ini]
[2024.05.20-16.26.28:701][  0]LogConfig: Applying CVar settings from Section [/Script/UnrealEd.CookerSettings] File [C:/Users/nanim/GitHub/InsectHeaven/InsectHeaven/Saved/Config/Windows/Engine.ini]
[2024.05.20-16.26.28:758][  0]LogConfig: Applying CVar settings from Section [ViewDistanceQuality@3] File [C:/Users/nanim/GitHub/InsectHeaven/InsectHeaven/Saved/Config/Windows/Scalability.ini]
[2024.05.20-16.26.28:758][  0]LogConfig: Setting CVar [[r.SkeletalMeshLODBias:0]]
[2024.05.20-16.26.28:758][  0]LogConfig: Setting CVar [[r.ViewDistanceScale:1.0]]
[2024.05.20-16.26.28:758][  0]LogConfig: Applying CVar settings from Section [AntiAliasingQuality@3] File [C:/Users/nanim/GitHub/InsectHeaven/InsectHeaven/Saved/Config/Windows/Scalability.ini]
[2024.05.20-16.26.28:759][  0]LogConfig: Setting CVar [[r.PostProcessAAQuality:4]]
[2024.05.20-16.26.28:759][  0]LogConfig: Applying CVar settings from Section [ShadowQuality@3] File [C:/Users/nanim/GitHub/InsectHeaven/InsectHeaven/Saved/Config/Windows/Scalability.ini]
[2024.05.20-16.26.28:759][  0]LogConfig: Setting CVar [[r.LightFunctionQuality:1]]
[2024.05.20-16.26.28:759][  0]LogConfig: Setting CVar [[r.ShadowQuality:5]]
[2024.05.20-16.26.28:759][  0]LogConfig: Setting CVar [[r.Shadow.CSM.MaxCascades:10]]
[2024.05.20-16.26.28:759][  0]LogConfig: Setting CVar [[r.Shadow.MaxResolution:2048]]
[2024.05.20-16.26.28:759][  0]LogConfig: Setting CVar [[r.Shadow.MaxCSMResolution:2048]]
[2024.05.20-16.26.28:759][  0]LogConfig: Setting CVar [[r.Shadow.RadiusThreshold:0.01]]
[2024.05.20-16.26.28:759][  0]LogConfig: Setting CVar [[r.Shadow.DistanceScale:1.0]]
[2024.05.20-16.26.28:760][  0]LogConfig: Setting CVar [[r.Shadow.CSM.TransitionScale:1.0]]
[2024.05.20-16.26.28:760][  0]LogConfig: Setting CVar [[r.Shadow.PreShadowResolutionFactor:1.0]]
[2024.05.20-16.26.28:760][  0]LogConfig: Setting CVar [[r.DistanceFieldShadowing:1]]
[2024.05.20-16.26.28:760][  0]LogConfig: Setting CVar [[r.DistanceFieldAO:1]]
[2024.05.20-16.26.28:760][  0]LogConfig: Setting CVar [[r.AOQuality:2]]
[2024.05.20-16.26.28:760][  0]LogConfig: Setting CVar [[r.VolumetricFog:1]]
[2024.05.20-16.26.28:760][  0]LogConfig: Setting CVar [[r.VolumetricFog.GridPixelSize:8]]
[2024.05.20-16.26.28:760][  0]LogConfig: Setting CVar [[r.VolumetricFog.GridSizeZ:128]]
[2024.05.20-16.26.28:760][  0]LogConfig: Setting CVar [[r.VolumetricFog.HistoryMissSupersampleCount:4]]
[2024.05.20-16.26.28:761][  0]LogConfig: Setting CVar [[r.LightMaxDrawDistanceScale:1]]
[2024.05.20-16.26.28:761][  0]LogConfig: Setting CVar [[r.CapsuleShadows:1]]
[2024.05.20-16.26.28:761][  0]LogConfig: Applying CVar settings from Section [PostProcessQuality@3] File [C:/Users/nanim/GitHub/InsectHeaven/InsectHeaven/Saved/Config/Windows/Scalability.ini]
[2024.05.20-16.26.28:761][  0]LogConfig: Setting CVar [[r.MotionBlurQuality:4]]
[2024.05.20-16.26.28:761][  0]LogConfig: Setting CVar [[r.AmbientOcclusionMipLevelFactor:0.4]]
[2024.05.20-16.26.28:761][  0]LogConfig: Setting CVar [[r.AmbientOcclusionMaxQuality:100]]
[2024.05.20-16.26.28:761][  0]LogConfig: Setting CVar [[r.AmbientOcclusionLevels:-1]]
[2024.05.20-16.26.28:761][  0]LogConfig: Setting CVar [[r.AmbientOcclusionRadiusScale:1.0]]
[2024.05.20-16.26.28:761][  0]LogConfig: Setting CVar [[r.DepthOfFieldQuality:2]]
[2024.05.20-16.26.28:761][  0]LogConfig: Setting CVar [[r.RenderTargetPoolMin:400]]
[2024.05.20-16.26.28:762][  0]LogConfig: Setting CVar [[r.LensFlareQuality:2]]
[2024.05.20-16.26.28:762][  0]LogConfig: Setting CVar [[r.SceneColorFringeQuality:1]]
[2024.05.20-16.26.28:762][  0]LogConfig: Setting CVar [[r.EyeAdaptationQuality:2]]
[2024.05.20-16.26.28:762][  0]LogConfig: Setting CVar [[r.BloomQuality:5]]
[2024.05.20-16.26.28:762][  0]LogConfig: Setting CVar [[r.FastBlurThreshold:100]]
[2024.05.20-16.26.28:762][  0]LogConfig: Setting CVar [[r.Upscale.Quality:3]]
[2024.05.20-16.26.28:762][  0]LogConfig: Setting CVar [[r.Tonemapper.GrainQuantization:1]]
[2024.05.20-16.26.28:762][  0]LogConfig: Setting CVar [[r.LightShaftQuality:1]]
[2024.05.20-16.26.28:762][  0]LogConfig: Setting CVar [[r.Filter.SizeScale:1]]
[2024.05.20-16.26.28:762][  0]LogConfig: Setting CVar [[r.Tonemapper.Quality:5]]
[2024.05.20-16.26.28:763][  0]LogConfig: Setting CVar [[r.DOF.Gather.AccumulatorQuality:1        ; higher gathering accumulator quality]]
[2024.05.20-16.26.28:763][  0]LogConfig: Setting CVar [[r.DOF.Gather.PostfilterMethod:1          ; Median3x3 postfilering method]]
[2024.05.20-16.26.28:763][  0]LogConfig: Setting CVar [[r.DOF.Gather.EnableBokehSettings:0       ; no bokeh simulation when gathering]]
[2024.05.20-16.26.28:763][  0]LogConfig: Setting CVar [[r.DOF.Gather.RingCount:4                 ; medium number of samples when gathering]]
[2024.05.20-16.26.28:763][  0]LogConfig: Setting CVar [[r.DOF.Scatter.ForegroundCompositing:1    ; additive foreground scattering]]
[2024.05.20-16.26.28:763][  0]LogConfig: Setting CVar [[r.DOF.Scatter.BackgroundCompositing:2    ; additive background scattering]]
[2024.05.20-16.26.28:764][  0]LogConfig: Setting CVar [[r.DOF.Scatter.EnableBokehSettings:1      ; bokeh simulation when scattering]]
[2024.05.20-16.26.28:764][  0]LogConfig: Setting CVar [[r.DOF.Scatter.MaxSpriteRatio:0.1         ; only a maximum of 10% of scattered bokeh]]
[2024.05.20-16.26.28:764][  0]LogConfig: Setting CVar [[r.DOF.Recombine.Quality:1                ; cheap slight out of focus]]
[2024.05.20-16.26.28:764][  0]LogConfig: Setting CVar [[r.DOF.Recombine.EnableBokehSettings:0    ; no bokeh simulation on slight out of focus]]
[2024.05.20-16.26.28:764][  0]LogConfig: Setting CVar [[r.DOF.TemporalAAQuality:1                ; more stable temporal accumulation]]
[2024.05.20-16.26.28:764][  0]LogConfig: Setting CVar [[r.DOF.Kernel.MaxForegroundRadius:0.025]]
[2024.05.20-16.26.28:764][  0]LogConfig: Setting CVar [[r.DOF.Kernel.MaxBackgroundRadius:0.025]]
[2024.05.20-16.26.28:765][  0]LogConfig: Applying CVar settings from Section [TextureQuality@3] File [C:/Users/nanim/GitHub/InsectHeaven/InsectHeaven/Saved/Config/Windows/Scalability.ini]
[2024.05.20-16.26.28:765][  0]LogConfig: Setting CVar [[r.Streaming.MipBias:0]]
[2024.05.20-16.26.28:765][  0]LogConfig: Setting CVar [[r.Streaming.AmortizeCPUToGPUCopy:0]]
[2024.05.20-16.26.28:765][  0]LogConfig: Setting CVar [[r.Streaming.MaxNumTexturesToStreamPerFrame:0]]
[2024.05.20-16.26.28:765][  0]LogConfig: Setting CVar [[r.Streaming.Boost:1]]
[2024.05.20-16.26.28:765][  0]LogConfig: Setting CVar [[r.MaxAnisotropy:8]]
[2024.05.20-16.26.28:766][  0]LogConfig: Setting CVar [[r.VT.MaxAnisotropy:8]]
[2024.05.20-16.26.28:766][  0]LogConfig: Setting CVar [[r.Streaming.LimitPoolSizeToVRAM:0]]
[2024.05.20-16.26.28:766][  0]LogConfig: Setting CVar [[r.Streaming.PoolSize:1000]]
[2024.05.20-16.26.28:766][  0]LogConfig: Setting CVar [[r.Streaming.MaxEffectiveScreenSize:0]]
[2024.05.20-16.26.28:766][  0]LogConfig: Applying CVar settings from Section [EffectsQuality@3] File [C:/Users/nanim/GitHub/InsectHeaven/InsectHeaven/Saved/Config/Windows/Scalability.ini]
[2024.05.20-16.26.28:766][  0]LogConfig: Setting CVar [[r.TranslucencyLightingVolumeDim:64]]
[2024.05.20-16.26.28:766][  0]LogConfig: Setting CVar [[r.RefractionQuality:2]]
[2024.05.20-16.26.28:767][  0]LogConfig: Setting CVar [[r.SSR.Quality:3]]
[2024.05.20-16.26.28:767][  0]LogConfig: Setting CVar [[r.SSR.HalfResSceneColor:0]]
[2024.05.20-16.26.28:767][  0]LogConfig: Setting CVar [[r.SceneColorFormat:4]]
[2024.05.20-16.26.28:767][  0]LogConfig: Setting CVar [[r.DetailMode:2]]
[2024.05.20-16.26.28:767][  0]LogConfig: Setting CVar [[r.TranslucencyVolumeBlur:1]]
[2024.05.20-16.26.28:767][  0]LogConfig: Setting CVar [[r.MaterialQualityLevel:1 ; High quality]]
[2024.05.20-16.26.28:767][  0]LogConfig: Setting CVar [[r.AnisotropicMaterials:1]]
[2024.05.20-16.26.28:767][  0]LogConfig: Setting CVar [[r.SSS.Scale:1]]
[2024.05.20-16.26.28:767][  0]LogConfig: Setting CVar [[r.SSS.SampleSet:2]]
[2024.05.20-16.26.28:768][  0]LogConfig: Setting CVar [[r.SSS.Quality:1]]
[2024.05.20-16.26.28:768][  0]LogConfig: Setting CVar [[r.SSS.HalfRes:0]]
[2024.05.20-16.26.28:768][  0]LogConfig: Setting CVar [[r.SSGI.Quality:3]]
[2024.05.20-16.26.28:768][  0]LogConfig: Setting CVar [[r.EmitterSpawnRateScale:1.0]]
[2024.05.20-16.26.28:768][  0]LogConfig: Setting CVar [[r.ParticleLightQuality:2]]
[2024.05.20-16.26.28:768][  0]LogConfig: Setting CVar [[r.SkyAtmosphere.AerialPerspectiveLUT.FastApplyOnOpaque:1 ; Always have FastSkyLUT 1 in this case to avoid wrong sky]]
[2024.05.20-16.26.28:768][  0]LogConfig: Setting CVar [[r.SkyAtmosphere.AerialPerspectiveLUT.SampleCountMaxPerSlice:4]]
[2024.05.20-16.26.28:768][  0]LogConfig: Setting CVar [[r.SkyAtmosphere.AerialPerspectiveLUT.DepthResolution:16.0]]
[2024.05.20-16.26.28:768][  0]LogConfig: Setting CVar [[r.SkyAtmosphere.FastSkyLUT:1]]
[2024.05.20-16.26.28:768][  0]LogConfig: Setting CVar [[r.SkyAtmosphere.FastSkyLUT.SampleCountMin:4.0]]
[2024.05.20-16.26.28:769][  0]LogConfig: Setting CVar [[r.SkyAtmosphere.FastSkyLUT.SampleCountMax:128.0]]
[2024.05.20-16.26.28:769][  0]LogConfig: Setting CVar [[r.SkyAtmosphere.SampleCountMin:4.0]]
[2024.05.20-16.26.28:769][  0]LogConfig: Setting CVar [[r.SkyAtmosphere.SampleCountMax:128.0]]
[2024.05.20-16.26.28:769][  0]LogConfig: Setting CVar [[r.SkyAtmosphere.TransmittanceLUT.UseSmallFormat:0]]
[2024.05.20-16.26.28:769][  0]LogConfig: Setting CVar [[r.SkyAtmosphere.TransmittanceLUT.SampleCount:10.0]]
[2024.05.20-16.26.28:769][  0]LogConfig: Setting CVar [[r.SkyAtmosphere.MultiScatteringLUT.SampleCount:15.0]]
[2024.05.20-16.26.28:770][  0]LogConfig: Setting CVar [[r.SkyLight.RealTimeReflectionCapture:1]]
[2024.05.20-16.26.28:770][  0]LogConfig: Applying CVar settings from Section [FoliageQuality@3] File [C:/Users/nanim/GitHub/InsectHeaven/InsectHeaven/Saved/Config/Windows/Scalability.ini]
[2024.05.20-16.26.28:770][  0]LogConfig: Setting CVar [[foliage.DensityScale:1.0]]
[2024.05.20-16.26.28:770][  0]LogConfig: Setting CVar [[grass.DensityScale:1.0]]
[2024.05.20-16.26.28:770][  0]LogConfig: Applying CVar settings from Section [ShadingQuality@3] File [C:/Users/nanim/GitHub/InsectHeaven/InsectHeaven/Saved/Config/Windows/Scalability.ini]
[2024.05.20-16.26.28:770][  0]LogConfig: Setting CVar [[r.HairStrands.SkyLighting.IntegrationType:2]]
[2024.05.20-16.26.28:770][  0]LogConfig: Setting CVar [[r.HairStrands.SkyAO.SampleCount:4]]
[2024.05.20-16.26.28:770][  0]LogConfig: Setting CVar [[r.HairStrands.Visibility.MSAA.SamplePerPixel:4]]
[2024.05.20-16.26.28:771][  0]LogInit: Selected Device Profile: [Windows]
[2024.05.20-16.26.28:771][  0]LogInit: Applying CVar settings loaded from the selected device profile: [Windows]
[2024.05.20-16.26.28:771][  0]LogHAL: Display: Platform has ~ 32 GB [33457160192 / 34359738368 / 32], which maps to Largest [LargestMinGB=32, LargerMinGB=12, DefaultMinGB=8, SmallerMinGB=6, SmallestMinGB=0)
[2024.05.20-16.26.28:771][  0]LogInit: Going up to parent DeviceProfile []
[2024.05.20-16.26.28:771][  0]LogConfig: Applying CVar settings from Section [ViewDistanceQuality@3] File [C:/Users/nanim/GitHub/InsectHeaven/InsectHeaven/Saved/Config/Windows/Scalability.ini]
[2024.05.20-16.26.28:771][  0]LogConfig: Setting CVar [[r.SkeletalMeshLODBias:0]]
[2024.05.20-16.26.28:771][  0]LogConfig: Setting CVar [[r.ViewDistanceScale:1.0]]
[2024.05.20-16.26.28:771][  0]LogConfig: Applying CVar settings from Section [AntiAliasingQuality@3] File [C:/Users/nanim/GitHub/InsectHeaven/InsectHeaven/Saved/Config/Windows/Scalability.ini]
[2024.05.20-16.26.28:772][  0]LogConfig: Setting CVar [[r.PostProcessAAQuality:4]]
[2024.05.20-16.26.28:772][  0]LogConfig: Applying CVar settings from Section [ShadowQuality@3] File [C:/Users/nanim/GitHub/InsectHeaven/InsectHeaven/Saved/Config/Windows/Scalability.ini]
[2024.05.20-16.26.28:772][  0]LogConfig: Setting CVar [[r.LightFunctionQuality:1]]
[2024.05.20-16.26.28:772][  0]LogConfig: Setting CVar [[r.ShadowQuality:5]]
[2024.05.20-16.26.28:772][  0]LogConfig: Setting CVar [[r.Shadow.CSM.MaxCascades:10]]
[2024.05.20-16.26.28:772][  0]LogConfig: Setting CVar [[r.Shadow.MaxResolution:2048]]
[2024.05.20-16.26.28:772][  0]LogConfig: Setting CVar [[r.Shadow.MaxCSMResolution:2048]]
[2024.05.20-16.26.28:772][  0]LogConfig: Setting CVar [[r.Shadow.RadiusThreshold:0.01]]
[2024.05.20-16.26.28:773][  0]LogConfig: Setting CVar [[r.Shadow.DistanceScale:1.0]]
[2024.05.20-16.26.28:773][  0]LogConfig: Setting CVar [[r.Shadow.CSM.TransitionScale:1.0]]
[2024.05.20-16.26.28:773][  0]LogConfig: Setting CVar [[r.Shadow.PreShadowResolutionFactor:1.0]]
[2024.05.20-16.26.28:773][  0]LogConfig: Setting CVar [[r.DistanceFieldShadowing:1]]
[2024.05.20-16.26.28:773][  0]LogConfig: Setting CVar [[r.DistanceFieldAO:1]]
[2024.05.20-16.26.28:773][  0]LogConfig: Setting CVar [[r.AOQuality:2]]
[2024.05.20-16.26.28:773][  0]LogConfig: Setting CVar [[r.VolumetricFog:1]]
[2024.05.20-16.26.28:773][  0]LogConfig: Setting CVar [[r.VolumetricFog.GridPixelSize:8]]
[2024.05.20-16.26.28:773][  0]LogConfig: Setting CVar [[r.VolumetricFog.GridSizeZ:128]]
[2024.05.20-16.26.28:773][  0]LogConfig: Setting CVar [[r.VolumetricFog.HistoryMissSupersampleCount:4]]
[2024.05.20-16.26.28:774][  0]LogConfig: Setting CVar [[r.LightMaxDrawDistanceScale:1]]
[2024.05.20-16.26.28:774][  0]LogConfig: Setting CVar [[r.CapsuleShadows:1]]
[2024.05.20-16.26.28:774][  0]LogConfig: Applying CVar settings from Section [PostProcessQuality@3] File [C:/Users/nanim/GitHub/InsectHeaven/InsectHeaven/Saved/Config/Windows/Scalability.ini]
[2024.05.20-16.26.28:774][  0]LogConfig: Setting CVar [[r.MotionBlurQuality:4]]
[2024.05.20-16.26.28:774][  0]LogConfig: Setting CVar [[r.AmbientOcclusionMipLevelFactor:0.4]]
[2024.05.20-16.26.28:774][  0]LogConfig: Setting CVar [[r.AmbientOcclusionMaxQuality:100]]
[2024.05.20-16.26.28:774][  0]LogConfig: Setting CVar [[r.AmbientOcclusionLevels:-1]]
[2024.05.20-16.26.28:774][  0]LogConfig: Setting CVar [[r.AmbientOcclusionRadiusScale:1.0]]
[2024.05.20-16.26.28:774][  0]LogConfig: Setting CVar [[r.DepthOfFieldQuality:2]]
[2024.05.20-16.26.28:774][  0]LogConfig: Setting CVar [[r.RenderTargetPoolMin:400]]
[2024.05.20-16.26.28:775][  0]LogConfig: Setting CVar [[r.LensFlareQuality:2]]
[2024.05.20-16.26.28:775][  0]LogConfig: Setting CVar [[r.SceneColorFringeQuality:1]]
[2024.05.20-16.26.28:775][  0]LogConfig: Setting CVar [[r.EyeAdaptationQuality:2]]
[2024.05.20-16.26.28:775][  0]LogConfig: Setting CVar [[r.BloomQuality:5]]
[2024.05.20-16.26.28:775][  0]LogConfig: Setting CVar [[r.FastBlurThreshold:100]]
[2024.05.20-16.26.28:775][  0]LogConfig: Setting CVar [[r.Upscale.Quality:3]]
[2024.05.20-16.26.28:775][  0]LogConfig: Setting CVar [[r.Tonemapper.GrainQuantization:1]]
[2024.05.20-16.26.28:775][  0]LogConfig: Setting CVar [[r.LightShaftQuality:1]]
[2024.05.20-16.26.28:775][  0]LogConfig: Setting CVar [[r.Filter.SizeScale:1]]
[2024.05.20-16.26.28:775][  0]LogConfig: Setting CVar [[r.Tonemapper.Quality:5]]
[2024.05.20-16.26.28:776][  0]LogConfig: Setting CVar [[r.DOF.Gather.AccumulatorQuality:1        ; higher gathering accumulator quality]]
[2024.05.20-16.26.28:776][  0]LogConfig: Setting CVar [[r.DOF.Gather.PostfilterMethod:1          ; Median3x3 postfilering method]]
[2024.05.20-16.26.28:776][  0]LogConfig: Setting CVar [[r.DOF.Gather.EnableBokehSettings:0       ; no bokeh simulation when gathering]]
[2024.05.20-16.26.28:776][  0]LogConfig: Setting CVar [[r.DOF.Gather.RingCount:4                 ; medium number of samples when gathering]]
[2024.05.20-16.26.28:776][  0]LogConfig: Setting CVar [[r.DOF.Scatter.ForegroundCompositing:1    ; additive foreground scattering]]
[2024.05.20-16.26.28:776][  0]LogConfig: Setting CVar [[r.DOF.Scatter.BackgroundCompositing:2    ; additive background scattering]]
[2024.05.20-16.26.28:776][  0]LogConfig: Setting CVar [[r.DOF.Scatter.EnableBokehSettings:1      ; bokeh simulation when scattering]]
[2024.05.20-16.26.28:776][  0]LogConfig: Setting CVar [[r.DOF.Scatter.MaxSpriteRatio:0.1         ; only a maximum of 10% of scattered bokeh]]
[2024.05.20-16.26.28:777][  0]LogConfig: Setting CVar [[r.DOF.Recombine.Quality:1                ; cheap slight out of focus]]
[2024.05.20-16.26.28:777][  0]LogConfig: Setting CVar [[r.DOF.Recombine.EnableBokehSettings:0    ; no bokeh simulation on slight out of focus]]
[2024.05.20-16.26.28:777][  0]LogConfig: Setting CVar [[r.DOF.TemporalAAQuality:1                ; more stable temporal accumulation]]
[2024.05.20-16.26.28:777][  0]LogConfig: Setting CVar [[r.DOF.Kernel.MaxForegroundRadius:0.025]]
[2024.05.20-16.26.28:777][  0]LogConfig: Setting CVar [[r.DOF.Kernel.MaxBackgroundRadius:0.025]]
[2024.05.20-16.26.28:777][  0]LogConfig: Applying CVar settings from Section [TextureQuality@3] File [C:/Users/nanim/GitHub/InsectHeaven/InsectHeaven/Saved/Config/Windows/Scalability.ini]
[2024.05.20-16.26.28:777][  0]LogConfig: Setting CVar [[r.Streaming.MipBias:0]]
[2024.05.20-16.26.28:777][  0]LogConfig: Setting CVar [[r.Streaming.AmortizeCPUToGPUCopy:0]]
[2024.05.20-16.26.28:777][  0]LogConfig: Setting CVar [[r.Streaming.MaxNumTexturesToStreamPerFrame:0]]
[2024.05.20-16.26.28:777][  0]LogConfig: Setting CVar [[r.Streaming.Boost:1]]
[2024.05.20-16.26.28:778][  0]LogConfig: Setting CVar [[r.MaxAnisotropy:8]]
[2024.05.20-16.26.28:778][  0]LogConfig: Setting CVar [[r.VT.MaxAnisotropy:8]]
[2024.05.20-16.26.28:778][  0]LogConfig: Setting CVar [[r.Streaming.LimitPoolSizeToVRAM:0]]
[2024.05.20-16.26.28:778][  0]LogConfig: Setting CVar [[r.Streaming.PoolSize:1000]]
[2024.05.20-16.26.28:778][  0]LogConfig: Setting CVar [[r.Streaming.MaxEffectiveScreenSize:0]]
[2024.05.20-16.26.28:778][  0]LogConfig: Applying CVar settings from Section [EffectsQuality@3] File [C:/Users/nanim/GitHub/InsectHeaven/InsectHeaven/Saved/Config/Windows/Scalability.ini]
[2024.05.20-16.26.28:778][  0]LogConfig: Setting CVar [[r.TranslucencyLightingVolumeDim:64]]
[2024.05.20-16.26.28:778][  0]LogConfig: Setting CVar [[r.RefractionQuality:2]]
[2024.05.20-16.26.28:778][  0]LogConfig: Setting CVar [[r.SSR.Quality:3]]
[2024.05.20-16.26.28:779][  0]LogConfig: Setting CVar [[r.SSR.HalfResSceneColor:0]]
[2024.05.20-16.26.28:779][  0]LogConfig: Setting CVar [[r.SceneColorFormat:4]]
[2024.05.20-16.26.28:779][  0]LogConfig: Setting CVar [[r.DetailMode:2]]
[2024.05.20-16.26.28:779][  0]LogConfig: Setting CVar [[r.TranslucencyVolumeBlur:1]]
[2024.05.20-16.26.28:779][  0]LogConfig: Setting CVar [[r.MaterialQualityLevel:1 ; High quality]]
[2024.05.20-16.26.28:779][  0]LogConfig: Setting CVar [[r.AnisotropicMaterials:1]]
[2024.05.20-16.26.28:779][  0]LogConfig: Setting CVar [[r.SSS.Scale:1]]
[2024.05.20-16.26.28:779][  0]LogConfig: Setting CVar [[r.SSS.SampleSet:2]]
[2024.05.20-16.26.28:779][  0]LogConfig: Setting CVar [[r.SSS.Quality:1]]
[2024.05.20-16.26.28:780][  0]LogConfig: Setting CVar [[r.SSS.HalfRes:0]]
[2024.05.20-16.26.28:780][  0]LogConfig: Setting CVar [[r.SSGI.Quality:3]]
[2024.05.20-16.26.28:780][  0]LogConfig: Setting CVar [[r.EmitterSpawnRateScale:1.0]]
[2024.05.20-16.26.28:780][  0]LogConfig: Setting CVar [[r.ParticleLightQuality:2]]
[2024.05.20-16.26.28:780][  0]LogConfig: Setting CVar [[r.SkyAtmosphere.AerialPerspectiveLUT.FastApplyOnOpaque:1 ; Always have FastSkyLUT 1 in this case to avoid wrong sky]]
[2024.05.20-16.26.28:780][  0]LogConfig: Setting CVar [[r.SkyAtmosphere.AerialPerspectiveLUT.SampleCountMaxPerSlice:4]]
[2024.05.20-16.26.28:780][  0]LogConfig: Setting CVar [[r.SkyAtmosphere.AerialPerspectiveLUT.DepthResolution:16.0]]
[2024.05.20-16.26.28:780][  0]LogConfig: Setting CVar [[r.SkyAtmosphere.FastSkyLUT:1]]
[2024.05.20-16.26.28:781][  0]LogConfig: Setting CVar [[r.SkyAtmosphere.FastSkyLUT.SampleCountMin:4.0]]
[2024.05.20-16.26.28:781][  0]LogConfig: Setting CVar [[r.SkyAtmosphere.FastSkyLUT.SampleCountMax:128.0]]
[2024.05.20-16.26.28:781][  0]LogConfig: Setting CVar [[r.SkyAtmosphere.SampleCountMin:4.0]]
[2024.05.20-16.26.28:781][  0]LogConfig: Setting CVar [[r.SkyAtmosphere.SampleCountMax:128.0]]
[2024.05.20-16.26.28:781][  0]LogConfig: Setting CVar [[r.SkyAtmosphere.TransmittanceLUT.UseSmallFormat:0]]
[2024.05.20-16.26.28:781][  0]LogConfig: Setting CVar [[r.SkyAtmosphere.TransmittanceLUT.SampleCount:10.0]]
[2024.05.20-16.26.28:781][  0]LogConfig: Setting CVar [[r.SkyAtmosphere.MultiScatteringLUT.SampleCount:15.0]]
[2024.05.20-16.26.28:781][  0]LogConfig: Setting CVar [[r.SkyLight.RealTimeReflectionCapture:1]]
[2024.05.20-16.26.28:781][  0]LogConfig: Applying CVar settings from Section [FoliageQuality@3] File [C:/Users/nanim/GitHub/InsectHeaven/InsectHeaven/Saved/Config/Windows/Scalability.ini]
[2024.05.20-16.26.28:781][  0]LogConfig: Setting CVar [[foliage.DensityScale:1.0]]
[2024.05.20-16.26.28:781][  0]LogConfig: Setting CVar [[grass.DensityScale:1.0]]
[2024.05.20-16.26.28:782][  0]LogConfig: Applying CVar settings from Section [ShadingQuality@3] File [C:/Users/nanim/GitHub/InsectHeaven/InsectHeaven/Saved/Config/Windows/Scalability.ini]
[2024.05.20-16.26.28:782][  0]LogConfig: Setting CVar [[r.HairStrands.SkyLighting.IntegrationType:2]]
[2024.05.20-16.26.28:782][  0]LogConfig: Setting CVar [[r.HairStrands.SkyAO.SampleCount:4]]
[2024.05.20-16.26.28:782][  0]LogConfig: Setting CVar [[r.HairStrands.Visibility.MSAA.SamplePerPixel:4]]
[2024.05.20-16.26.28:782][  0]LogConfig: Applying CVar settings from Section [Startup] File [../../../Engine/Config/ConsoleVariables.ini]
[2024.05.20-16.26.28:782][  0]LogConfig: Setting CVar [[net.UseAdaptiveNetUpdateFrequency:0]]
[2024.05.20-16.26.28:782][  0]LogConfig: Setting CVar [[p.chaos.AllowCreatePhysxBodies:1]]
[2024.05.20-16.26.28:783][  0]LogConfig: Setting CVar [[fx.SkipVectorVMBackendOptimizations:1]]
[2024.05.20-16.26.28:783][  0]LogConfig: Applying CVar settings from Section [ConsoleVariables] File [C:/Users/nanim/GitHub/InsectHeaven/InsectHeaven/Saved/Config/Windows/Engine.ini]
[2024.05.20-16.26.28:783][  0]LogConfig: Applying CVar settings from Section [ConsoleVariables] File [C:/Users/nanim/GitHub/InsectHeaven/InsectHeaven/Saved/Config/Windows/Editor.ini]
[2024.05.20-16.26.28:783][  0]LogInit: Computer: DESKTOP-NS5ONMH
[2024.05.20-16.26.28:783][  0]LogInit: User: nanim
[2024.05.20-16.26.28:783][  0]LogInit: CPU Page size=4096, Cores=12
[2024.05.20-16.26.28:783][  0]LogInit: High frequency timer resolution =10.000000 MHz
[2024.05.20-16.26.28:783][  0]LogMemory: Memory total: Physical=31.2GB (32GB approx)
[2024.05.20-16.26.28:783][  0]LogMemory: Platform Memory Stats for Windows
[2024.05.20-16.26.28:784][  0]LogMemory: Process Physical Memory: 152.68 MB used, 152.68 MB peak
[2024.05.20-16.26.28:784][  0]LogMemory: Process Virtual Memory: 131.83 MB used, 131.83 MB peak
[2024.05.20-16.26.28:784][  0]LogMemory: Physical Memory: 19663.15 MB used,  12244.08 MB free, 31907.23 MB total
[2024.05.20-16.26.28:784][  0]LogMemory: Virtual Memory: 134203144.00 MB used,  14586.73 MB free, 134217728.00 MB total
[2024.05.20-16.26.28:800][  0]LogWindows: WindowsPlatformFeatures enabled
[2024.05.20-16.26.28:937][  0]LogInit: Physics initialised using underlying interface: PhysX
[2024.05.20-16.26.28:938][  0]LogInit: Using OS detected language (ko-KR).
[2024.05.20-16.26.28:938][  0]LogInit: Using OS detected locale (ko-KR).
[2024.05.20-16.26.28:944][  0]LogTextLocalizationManager: No specific localization for 'ko-KR' exists, so the 'ko' localization will be used.
[2024.05.20-16.26.29:021][  0]LogInit: Setting process to per monitor DPI aware
[2024.05.20-16.26.29:159][  0]LogWindowsTextInputMethodSystem: Display: IME system deactivated.
[2024.05.20-16.26.29:178][  0]LogSlate: New Slate User Created.  User Index 0, Is Virtual User: 0
[2024.05.20-16.26.29:178][  0]LogSlate: Slate User Registered.  User Index 0, Is Virtual User: 0
[2024.05.20-16.26.29:316][  0]LogD3D11RHI: Loaded GFSDK_Aftermath_Lib.x64.dll
[2024.05.20-16.26.29:323][  0]LogHMD: Failed to initialize OpenVR with code 110
[2024.05.20-16.26.29:323][  0]LogD3D11RHI: D3D11 min allowed feature level: 11_0
[2024.05.20-16.26.29:323][  0]LogD3D11RHI: D3D11 max allowed feature level: 11_0
[2024.05.20-16.26.29:323][  0]LogD3D11RHI: D3D11 adapters:
[2024.05.20-16.26.29:413][  0]LogD3D11RHI:    0. 'AMD Radeon RX 7900 XTX' (Feature Level 11_0)
[2024.05.20-16.26.29:414][  0]LogD3D11RHI:       24515/0/15953 MB DedicatedVideo/DedicatedSystem/SharedSystem, Outputs:2, VendorId:0x1002
[2024.05.20-16.26.29:472][  0]LogD3D11RHI:    1. 'AMD Radeon(TM) Graphics' (Feature Level 11_0)
[2024.05.20-16.26.29:472][  0]LogD3D11RHI:       485/0/15953 MB DedicatedVideo/DedicatedSystem/SharedSystem, Outputs:0, VendorId:0x1002
[2024.05.20-16.26.29:478][  0]LogD3D11RHI:    2. 'Microsoft Basic Render Driver' (Feature Level 11_0)
[2024.05.20-16.26.29:478][  0]LogD3D11RHI:       0/0/15953 MB DedicatedVideo/DedicatedSystem/SharedSystem, Outputs:0, VendorId:0x1414
[2024.05.20-16.26.29:478][  0]LogD3D11RHI: Chosen D3D11 Adapter:
[2024.05.20-16.26.29:478][  0]LogD3D11RHI:     Description : AMD Radeon RX 7900 XTX
[2024.05.20-16.26.29:478][  0]LogD3D11RHI:     VendorId    : 1002
[2024.05.20-16.26.29:478][  0]LogD3D11RHI:     DeviceId    : 744c
[2024.05.20-16.26.29:479][  0]LogD3D11RHI:     SubSysId    : e3b1002
[2024.05.20-16.26.29:479][  0]LogD3D11RHI:     Revision    : 00c8
[2024.05.20-16.26.29:479][  0]LogD3D11RHI:     DedicatedVideoMemory : 25706012672 bytes
[2024.05.20-16.26.29:479][  0]LogD3D11RHI:     DedicatedSystemMemory : 0 bytes
[2024.05.20-16.26.29:479][  0]LogD3D11RHI:     SharedSystemMemory : 16728580096 bytes
[2024.05.20-16.26.29:479][  0]LogD3D11RHI:     AdapterLuid : 0 70536
[2024.05.20-16.26.29:485][  0]LogD3D11RHI: Creating new Direct3DDevice
[2024.05.20-16.26.29:485][  0]LogD3D11RHI:     GPU DeviceId: 0x744c (for the marketing name, search the web for "GPU Device Id")
[2024.05.20-16.26.29:485][  0]LogWindows: EnumDisplayDevices:
[2024.05.20-16.26.29:485][  0]LogWindows:    0. 'AMD Radeon RX 7900 XTX' (P:1 D:1)
[2024.05.20-16.26.29:486][  0]LogWindows:    1. 'AMD Radeon RX 7900 XTX' (P:0 D:1)
[2024.05.20-16.26.29:487][  0]LogWindows:    2. 'AMD Radeon RX 7900 XTX' (P:0 D:0)
[2024.05.20-16.26.29:488][  0]LogWindows:    3. 'AMD Radeon RX 7900 XTX' (P:0 D:0)
[2024.05.20-16.26.29:489][  0]LogWindows:    4. 'AMD Radeon RX 7900 XTX' (P:0 D:0)
[2024.05.20-16.26.29:489][  0]LogWindows:    5. 'AMD Radeon(TM) Graphics' (P:0 D:0)
[2024.05.20-16.26.29:490][  0]LogWindows:    6. 'AMD Radeon(TM) Graphics' (P:0 D:0)
[2024.05.20-16.26.29:491][  0]LogWindows:    7. 'AMD Radeon(TM) Graphics' (P:0 D:0)
[2024.05.20-16.26.29:491][  0]LogWindows:    8. 'AMD Radeon(TM) Graphics' (P:0 D:0)
[2024.05.20-16.26.29:492][  0]LogWindows:    9. 'AMD Radeon(TM) Graphics' (P:0 D:0)
[2024.05.20-16.26.29:493][  0]LogWindows: DebugString: PrimaryIsNotTheChoosenAdapter PrimaryIsNotTheChoosenAdapter PrimaryIsNotTheChoosenAdapter PrimaryIsNotTheChoosenAdapter PrimaryIsNotTheChoosenAdapter FoundDriverCount:5 
[2024.05.20-16.26.29:493][  0]LogD3D11RHI:     Adapter Name: AMD Radeon RX 7900 XTX
[2024.05.20-16.26.29:493][  0]LogD3D11RHI:   Driver Version: AMD Software: Adrenalin Edition 23.8.1 (internal:31.0.21029.1006, unified:31.0.21029.1006)
[2024.05.20-16.26.29:493][  0]LogD3D11RHI:      Driver Date: 8-14-2023
[2024.05.20-16.26.29:493][  0]LogRHI: Texture pool is 16623 MB (70% of 23747 MB)
[2024.05.20-16.26.29:535][  0]LogD3D11RHI: Creating D3DDevice with AMD AGS, using adapter:
[2024.05.20-16.26.29:536][  0]LogD3D11RHI:     Description : AMD Radeon RX 7900 XTX
[2024.05.20-16.26.29:536][  0]LogD3D11RHI:     VendorId    : 1002
[2024.05.20-16.26.29:536][  0]LogD3D11RHI:     DeviceId    : 744c
[2024.05.20-16.26.29:536][  0]LogD3D11RHI:     SubSysId    : e3b1002
[2024.05.20-16.26.29:536][  0]LogD3D11RHI:     Revision    : 00c8
[2024.05.20-16.26.29:536][  0]LogD3D11RHI:     DedicatedVideoMemory : 25706012672 bytes
[2024.05.20-16.26.29:536][  0]LogD3D11RHI:     DedicatedSystemMemory : 0 bytes
[2024.05.20-16.26.29:536][  0]LogD3D11RHI:     SharedSystemMemory : 16728580096 bytes
[2024.05.20-16.26.29:536][  0]LogD3D11RHI:     AdapterLuid : 0 70536
[2024.05.20-16.26.29:603][  0]LogD3D11RHI: Created device via AGS, feature level 11_0, supported extensions 1fffffbf.
[2024.05.20-16.26.29:603][  0]LogD3D11RHI: RHI has support for 64 bit atomics
[2024.05.20-16.26.29:603][  0]LogD3D11RHI: Async texture creation enabled
[2024.05.20-16.26.29:603][  0]LogD3D11RHI: Array index from any shader is supported
[2024.05.20-16.26.29:613][  0]LogD3D11RHI: GPU Timing Frequency: 100.000000 (Debug: 2 1)
[2024.05.20-16.26.29:846][  0]LogTargetPlatformManager: Display: Loaded TargetPlatform 'AllDesktop'
[2024.05.20-16.26.29:866][  0]LogTargetPlatformManager: Display: Loaded TargetPlatform 'Android'
[2024.05.20-16.26.29:866][  0]LogTargetPlatformManager: Display: Loaded TargetPlatform 'Android_ASTC'
[2024.05.20-16.26.29:866][  0]LogTargetPlatformManager: Display: Loaded TargetPlatform 'Android_DXT'
[2024.05.20-16.26.29:866][  0]LogTargetPlatformManager: Display: Loaded TargetPlatform 'Android_ETC2'
[2024.05.20-16.26.29:866][  0]LogTargetPlatformManager: Display: Loaded TargetPlatform 'AndroidClient'
[2024.05.20-16.26.29:866][  0]LogTargetPlatformManager: Display: Loaded TargetPlatform 'Android_ASTCClient'
[2024.05.20-16.26.29:866][  0]LogTargetPlatformManager: Display: Loaded TargetPlatform 'Android_DXTClient'
[2024.05.20-16.26.29:866][  0]LogTargetPlatformManager: Display: Loaded TargetPlatform 'Android_ETC2Client'
[2024.05.20-16.26.29:867][  0]LogTargetPlatformManager: Display: Loaded TargetPlatform 'Android_Multi'
[2024.05.20-16.26.29:867][  0]LogTargetPlatformManager: Display: Loaded TargetPlatform 'Android_MultiClient'
[2024.05.20-16.26.29:895][  0]LogTargetPlatformManager: Display: Loaded TargetPlatform 'IOSClient'
[2024.05.20-16.26.29:895][  0]LogTargetPlatformManager: Display: Loaded TargetPlatform 'IOS'
[2024.05.20-16.26.29:907][  0]LogTargetPlatformManager: Display: Loaded TargetPlatform 'Linux'
[2024.05.20-16.26.29:915][  0]LogTargetPlatformManager: Display: Loaded TargetPlatform 'LinuxNoEditor'
[2024.05.20-16.26.29:924][  0]LogTargetPlatformManager: Display: Loaded TargetPlatform 'LinuxClient'
[2024.05.20-16.26.29:932][  0]LogTargetPlatformManager: Display: Loaded TargetPlatform 'LinuxServer'
[2024.05.20-16.26.29:943][  0]LogTargetPlatformManager: Display: Loaded TargetPlatform 'LinuxAArch64NoEditor'
[2024.05.20-16.26.29:952][  0]LogTargetPlatformManager: Display: Loaded TargetPlatform 'LinuxAArch64Client'
[2024.05.20-16.26.29:961][  0]LogTargetPlatformManager: Display: Loaded TargetPlatform 'LinuxAArch64Server'
[2024.05.20-16.26.29:981][  0]LogTargetPlatformManager: Display: Loaded TargetPlatform 'Lumin'
[2024.05.20-16.26.29:981][  0]LogTargetPlatformManager: Display: Loaded TargetPlatform 'LuminClient'
[2024.05.20-16.26.29:992][  0]LogTargetPlatformManager: Display: Loaded TargetPlatform 'MacNoEditor'
[2024.05.20-16.26.30:000][  0]LogTargetPlatformManager: Display: Loaded TargetPlatform 'Mac'
[2024.05.20-16.26.30:008][  0]LogTargetPlatformManager: Display: Loaded TargetPlatform 'MacClient'
[2024.05.20-16.26.30:015][  0]LogTargetPlatformManager: Display: Loaded TargetPlatform 'MacServer'
[2024.05.20-16.26.30:027][  0]LogTargetPlatformManager: Display: Loaded TargetPlatform 'TVOSClient'
[2024.05.20-16.26.30:029][  0]LogTargetPlatformManager: Display: Loaded TargetPlatform 'TVOS'
[2024.05.20-16.26.30:039][  0]LogTargetPlatformManager: Display: Loaded TargetPlatform 'WindowsNoEditor'
[2024.05.20-16.26.30:048][  0]LogTargetPlatformManager: Display: Loaded TargetPlatform 'Windows'
[2024.05.20-16.26.30:056][  0]LogTargetPlatformManager: Display: Loaded TargetPlatform 'WindowsClient'
[2024.05.20-16.26.30:063][  0]LogTargetPlatformManager: Display: Loaded TargetPlatform 'WindowsServer'
[2024.05.20-16.26.30:064][  0]LogTargetPlatformManager: Display: Building Assets For Windows
[2024.05.20-16.26.30:094][  0]LogAudioDebug: Display: Lib vorbis DLL was dynamically loaded.
[2024.05.20-16.26.30:543][  0]LogTextureFormatOodle: Display: Oodle Texture 2.9.0 init RDO Off
[2024.05.20-16.26.30:628][  0]LogRendererCore: Ray tracing is disabled. Reason: r.RayTracing=0.
[2024.05.20-16.26.30:628][  0]LogShaderCompilers: Guid format shader working directory is -14 characters bigger than the processId version (../../../../../Users/nanim/GitHub/InsectHeaven/InsectHeaven/Intermediate/Shaders/WorkingDirectory/21528/).
[2024.05.20-16.26.30:628][  0]LogShaderCompilers: Cleaned the shader compiler working directory 'C:/Users/nanim/AppData/Local/Temp/UnrealShaderWorkingDir/8047A06F42643B68301FEA99DB6B037E/'.
[2024.05.20-16.26.30:629][  0]LogXGEController: Cannot use XGE Controller as Incredibuild is not installed on this machine.
[2024.05.20-16.26.30:629][  0]LogShaderCompilers: Cannot use XGE Shader Compiler as Incredibuild is not installed on this machine.
[2024.05.20-16.26.30:629][  0]LogShaderCompilers: Display: Using Local Shader Compiler.
[2024.05.20-16.26.31:074][  0]LogDerivedDataCache: Display: Max Cache Size: 512 MB
[2024.05.20-16.26.31:107][  0]LogDerivedDataCache: Loaded boot cache 0.03s 94MB C:/Users/nanim/AppData/Local/UnrealEngine/4.27/DerivedDataCache/Boot.ddc.
[2024.05.20-16.26.31:107][  0]LogDerivedDataCache: Display: Loaded Boot cache: C:/Users/nanim/AppData/Local/UnrealEngine/4.27/DerivedDataCache/Boot.ddc
[2024.05.20-16.26.31:107][  0]LogDerivedDataCache: FDerivedDataBackendGraph:  Pak pak cache file ../../../../../Users/nanim/GitHub/InsectHeaven/InsectHeaven/DerivedDataCache/DDC.ddp not found, will not use a pak cache.
[2024.05.20-16.26.31:107][  0]LogDerivedDataCache: Unable to find inner node Pak for hierarchical cache Hierarchy.
[2024.05.20-16.26.31:107][  0]LogDerivedDataCache: FDerivedDataBackendGraph:  CompressedPak pak cache file ../../../../../Users/nanim/GitHub/InsectHeaven/InsectHeaven/DerivedDataCache/Compressed.ddp not found, will not use a pak cache.
[2024.05.20-16.26.31:107][  0]LogDerivedDataCache: Unable to find inner node CompressedPak for hierarchical cache Hierarchy.
[2024.05.20-16.26.31:119][  0]LogDerivedDataCache: Display: Pak cache opened for reading ../../../Engine/DerivedDataCache/Compressed.ddp.
[2024.05.20-16.26.31:119][  0]LogDerivedDataCache: FDerivedDataBackendGraph:  EnterprisePak pak cache file ../../../Enterprise/DerivedDataCache/Compressed.ddp not found, will not use a pak cache.
[2024.05.20-16.26.31:119][  0]LogDerivedDataCache: Unable to find inner node EnterprisePak for hierarchical cache Hierarchy.
[2024.05.20-16.26.31:147][  0]LogDerivedDataCache: Speed tests for C:/Users/nanim/AppData/Local/UnrealEngine/Common/DerivedDataCache took 0.03 seconds
[2024.05.20-16.26.31:147][  0]LogDerivedDataCache: Display: Performance to C:/Users/nanim/AppData/Local/UnrealEngine/Common/DerivedDataCache: Latency=0.04ms. RandomReadSpeed=823.53MBs, RandomWriteSpeed=35.02MBs. Assigned SpeedClass 'Local'
[2024.05.20-16.26.31:149][  0]LogDerivedDataCache: Using Local data cache path C:/Users/nanim/AppData/Local/UnrealEngine/Common/DerivedDataCache: Writable
[2024.05.20-16.26.31:149][  0]LogDerivedDataCache: Shared data cache path not found in *engine.ini, will not use an Shared cache.
[2024.05.20-16.26.31:149][  0]LogDerivedDataCache: Unable to find inner node Shared for hierarchical cache Hierarchy.
[2024.05.20-16.26.31:174][  0]LogSlate: Using FreeType 2.10.0
[2024.05.20-16.26.31:174][  0]LogSlate: SlateFontServices - WITH_FREETYPE: 1, WITH_HARFBUZZ: 1
[2024.05.20-16.26.31:196][  0]LogAssetRegistry: FAssetRegistry took 0.0022 seconds to start up
[2024.05.20-16.26.31:332][  0]LogInit: Selected Device Profile: [Windows]
[2024.05.20-16.26.31:332][  0]LogInit: Active device profile: [000001F735201400][000001F73210E5C0 49] Windows
[2024.05.20-16.26.31:333][  0]LogInit: Profiles: [000001F735201400][000001F73210E5C0 49] Windows, [000001F7351AAA00][000001F7335FC700 49] WindowsNoEditor, [000001F735203100][000001F73590A840 49] WindowsServer, [000001F7351BFF00][000001F73590E980 49] WindowsClient, [000001F7351ABC00][000001F735916B00 49] IOS, [000001F7351BD700][000001F73591AC80 49] iPadAir, [000001F7351AA200][000001F73591EE00 49] iPadAir2, [000001F735144400][000001F7359270C0 49] IPadPro, [000001F735144500][000001F735923100 49] iPadAir3, [000001F7351BD900][000001F73592B280 49] iPadAir4, [000001F735147000][000001F73592F400 49] iPadMini2, [000001F7351BFD00][000001F735933580 49] iPadMini3, [000001F735144B00][000001F735937700 49] iPadMini4, [000001F7351BCA00][000001F73593B880 49] iPadMini5, [000001F73513FC00][000001F735943B40 49] iPhone6, [000001F73513FD00][000001F73593FB80 49] iPodTouch6, [000001F735202500][000001F73594A2C0 49] iPhone7, [000001F735202300][000001F735946300 49] iPodTouch7, [000001F73513C600][000001F73594E480 49] iPhone5S, [000001F735146E00][000001F735952600 49] iPhone6Plus, [000001F73513DF00][000001F735912740 49] iPhone6S, [000001F735145300][000001F735956880 49] iPhone6SPlus, [000001F735201300][000001F73595A9C0 49] iPhone7Plus, [000001F735146A00][000001F73595EB00 49] iPhoneSE, [000001F735200B00][000001F735966C80 49] iPhone8, [000001F735146400][000001F73596AE00 49] iPhone8Plus, [000001F735200100][000001F73596EF80 49] iPhoneX, [000001F735145000][000001F735973100 49] iPhoneXS, [000001F735201800][000001F735977280 49] iPhoneXSMax, [000001F735147800][000001F73597B400 49] iPhoneXR, [000001F735202D00][000001F73597F580 49] iPhone11, [000001F735145F00][000001F735983700 49] iPhone11Pro, [000001F735203600][000001F735987880 49] iPhone11ProMax, [000001F735145A00][000001F73598BA00 49] iPhoneSE2, [000001F735201F00][000001F73598FB80 49] iPhone12Mini, [000001F735144900][000001F735992180 49] iPhone12, [000001F735201000][000001F735996300 49] iPhone12Pro, [000001F735145C00][000001F73599A480 49] iPhone12ProMax, [000001F735201B00][000001F73599E600 49] iPadPro105, [000001F735144A00][000001F7359A2780 49] iPadPro129, [000001F735202700][000001F7359A6900 49] iPadPro97, [000001F735144C00][000001F735962A40 49] iPadPro2_129, [000001F735202E00][000001F7359AAB80 49] iPad5, [000001F735145E00][000001F7359AECC0 49] iPad6, [000001F735202100][000001F7359B6E40 49] iPad7, [000001F735146F00][000001F7359BAFC0 49] iPad8, [000001F735200D00][000001F7359BF140 49] iPadPro11, [000001F735147A00][000001F7359C32C0 49] iPadPro2_11, [000001F735200400][000001F7359C7440 49] iPadPro3_129, [000001F735145900][000001F7359CB5C0 49] iPadPro4_129, [000001F735203700][000001F7359CF740 49] AppleTV, [000001F735147900][000001F7359D38C0 49] AppleTV4K, [000001F735202800][000001F7359D7A40 49] TVOS, [000001F735146500][000001F7359DBBC0 49] Mac, [000001F735203800][000001F7359DE1C0 49] MacClient, [000001F735145B00][000001F7359E2340 49] MacNoEditor, [000001F735200600][000001F7359E64C0 49] MacServer, [000001F735147400][000001F7359EA640 49] Linux, [000001F735200200][000001F7359EE7C0 49] LinuxAArch64, [000001F735144300][000001F7359F2940 49] LinuxNoEditor, [000001F735203C00][000001F7359F6AC0 49] LinuxAArch64NoEditor, [000001F735145100][000001F7359B2C00 49] LinuxClient, [000001F735202F00][000001F7359FAD40 49] LinuxAArch64Client, [000001F735144F00][000001F7359FEE80 49] LinuxServer, [000001F735201700][000001F735A02FC0 49] LinuxAArch64Server, [000001F735146800][000001F735A0B140 49] Android, [000001F7351BDB00][000001F735A692C0 49] Android_Low, [000001F73513C900][000001F735AC5440 49] Android_Mid, [000001F7351BDE00][000001F735B315C0 49] Android_High, [000001F73513D900][000001F735B35740 49] Android_Default, [000001F7351BEB00][000001F735B3D8C0 49] Android_Adreno4xx, [000001F73513D100][000001F735B45A40 49] Android_Adreno5xx_Low, [000001F7351BE100][000001F733211BC0 49] Android_Adreno5xx, [000001F73513D600][000001F72A2401C0 49] Android_Adreno6xx, [000001F7351BCB00][000001F72A244340 49] Android_Adreno6xx_Vulkan, [000001F73513C300][000001F72A2484C0 49] Android_Mali_T6xx, [000001F7351BFC00][000001F735DD4640 49] Android_Mali_T7xx, [000001F73513E600][000001F735DDC7C0 49] Android_Mali_T8xx, [000001F7351BCC00][000001F735DE8940 49] Android_Mali_G71, [000001F73513F100][000001F735DF0AC0 49] Android_Mali_G72, [000001F7351BC900][000001F735DF4C40 49] Android_Mali_G72_Vulkan, [000001F73513F700][000001F735A06D80 49] Android_Mali_G76, [000001F7351BE900][000001F733238EC0 49] Android_Mali_G76_Vulkan, [000001F73513D800][000001F735A49000 49] Android_Mali_G77, [000001F7351BF900][000001F733269140 49] Android_Mali_G77_Vulkan, [000001F73513F000][000001F72DB2F2C0 49] Android_Mali_G78, [000001F7351BC500][000001F72DB6D440 49] Android_Mali_G78_Vulkan, [000001F73513CB00][000001F72A2715C0 49] Android_Mali_G710, [000001F7351BFB00][000001F72A275740 49] Android_Mali_G710_Vulkan, [000001F73513CF00][000001F72A2E78C0 49] Android_Vulkan_SM5, [000001F7351BE000][000001F72A2EBA40 49] Android_PowerVR_G6xxx, [000001F73513C200][000001F72A2EFBC0 49] Android_PowerVR_GT7xxx, [000001F7351BCF00][000001F72A2F21C0 49] Android_PowerVR_GE8xxx, [000001F73513ED00][000001F735EF6340 49] Android_PowerVR_GM9xxx, [000001F735147200][000001F72A3064C0 49] Android_PowerVR_GM9xxx_Vulkan, [000001F73513FF00][000001F72A30A640 49] Android_TegraK1, [000001F735147100][000001F72A30E7C0 49] Android_Unknown_Vulkan, [000001F73513CD00][000001F72A312940 49] Lumin, [000001F735145800][000001F72A316AC0 49] Lumin_Desktop, [000001F73513C400][000001F7361CEC40 49] HoloLens, 
[2024.05.20-16.26.31:477][  0]LogMeshReduction: Using QuadricMeshReduction for automatic static mesh reduction
[2024.05.20-16.26.31:478][  0]LogMeshReduction: Using SimplygonMeshReduction for automatic skeletal mesh reduction
[2024.05.20-16.26.31:478][  0]LogMeshReduction: Using ProxyLODMeshReduction for automatic mesh merging
[2024.05.20-16.26.31:478][  0]LogMeshReduction: No distributed automatic mesh merging module available
[2024.05.20-16.26.31:478][  0]LogMeshMerging: No distributed automatic mesh merging module available
[2024.05.20-16.26.31:495][  0]LogNetVersion: InsectHeaven 1.0.0, NetCL: 17155196, EngineNetVer: 17, GameNetVer: 0 (Checksum: 3375795940)
[2024.05.20-16.26.31:726][  0]LogTexture: Default maximum texture size for cubemaps generated from long-lat sources has been changed from 512 to unlimited. In order to preserve old behaiour for '/Engine/MapTemplates/Sky/DaylightAmbientCubemap.DaylightAmbientCubemap', its maximum texture size has been explicitly set to 512.
[2024.05.20-16.26.31:756][  0]LogHMD: PokeAHoleMaterial loaded successfully
[2024.05.20-16.26.31:760][  0]LogUObjectArray: 17178 objects as part of root set at end of initial load.
[2024.05.20-16.26.31:760][  0]LogUObjectAllocator: 4302048 out of 0 bytes used by permanent object pool.
[2024.05.20-16.26.31:761][  0]LogUObjectArray: CloseDisregardForGC: 0/0 objects in disregard for GC pool
[2024.05.20-16.26.32:363][  0]LogNiagaraDebuggerClient: Niagara Debugger Client Initialized | Session: 6D48BCC446A77F39CC577D9A271BE689 | Instance: 3775DDF142FC50096A69DB979DBFAE15 (DESKTOP-NS5ONMH-21528).
[2024.05.20-16.26.32:605][  0]LogPython: Using Python 3.7.7
[2024.05.20-16.26.33:063][  0]LogUdpMessaging: Initializing bridge on interface 0.0.0.0:0 to multicast group 230.0.0.1:6666.
[2024.05.20-16.26.33:074][  0]LogTcpMessaging: Initializing TcpMessaging bridge
[2024.05.20-16.26.33:809][  0]SourceControl: 소스 컨트롤이 꺼졌습니다.
[2024.05.20-16.26.33:809][  0]SourceControl: 소스 컨트롤이 꺼졌습니다.
[2024.05.20-16.26.33:827][  0]SourceControl: 소스 컨트롤이 꺼졌습니다.
[2024.05.20-16.26.34:001][  0]SourceControl: 소스 컨트롤이 꺼졌습니다.
[2024.05.20-16.26.34:042][  0]SourceControl: 소스 컨트롤이 꺼졌습니다.
[2024.05.20-16.26.34:058][  0]LogUProjectInfo: Found projects:
[2024.05.20-16.26.34:127][  0]LogOpenImageDenoise: OIDN starting up
[2024.05.20-16.26.34:282][  0]LogAndroidPermission: UAndroidPermissionCallbackProxy::GetInstance
[2024.05.20-16.26.34:319][  0]LogAudioCaptureCore: Display: No Audio Capture implementations found. Audio input will be silent.
[2024.05.20-16.26.34:319][  0]LogAudioCaptureCore: Display: No Audio Capture implementations found. Audio input will be silent.
[2024.05.20-16.26.34:552][  0]LogCollectionManager: Loaded 0 collections in 0.001484 seconds
[2024.05.20-16.26.34:655][  0]LogFileCache: Scanning file cache for directory 'C:/Users/nanim/GitHub/InsectHeaven/InsectHeaven/Saved/Collections/' took 0.00s
[2024.05.20-16.26.34:655][  0]LogFileCache: Scanning file cache for directory 'C:/Users/nanim/GitHub/InsectHeaven/InsectHeaven/Content/Developers/nanim/Collections/' took 0.00s
[2024.05.20-16.26.34:655][  0]LogFileCache: Scanning file cache for directory 'C:/Users/nanim/GitHub/InsectHeaven/InsectHeaven/Content/Collections/' took 0.00s
[2024.05.20-16.26.34:656][  0]LogOcInput: OculusInput pre-init called
[2024.05.20-16.26.34:863][  0]LogClass: Display: IntProperty FCharacter_2D::Name is not initialized properly. Module:InsectHeaven File:Table/DataStruct/Character_2D.h
[2024.05.20-16.26.34:863][  0]LogClass: Display: IntProperty FCharacter_2D::ImageID is not initialized properly. Module:InsectHeaven File:Table/DataStruct/Character_2D.h
[2024.05.20-16.26.34:863][  0]LogClass: Display: IntProperty FResource_Widget::PathFile is not initialized properly. Module:InsectHeaven File:Table/DataStruct/Resource_Widget.h
[2024.05.20-16.26.34:863][  0]LogClass: Display: IntProperty FScript_Local::Test is not initialized properly. Module:InsectHeaven File:Table/DataStruct/Script_Local.h
[2024.05.20-16.26.34:864][  0]LogClass: Display: 4 Uninitialized script struct members found including 0 object properties
[2024.05.20-16.26.34:865][  0]LogEngine: Initializing Engine...
[2024.05.20-16.26.34:872][  0]LogHMD: Failed to enumerate extensions. Please check that you have a valid OpenXR runtime installed.
[2024.05.20-16.26.34:873][  0]LogHMD: Failed to initialize OpenVR with code 110
[2024.05.20-16.26.34:873][  0]LogMagicLeap: Warning: VR disabled because ZI is not enabled.  To enable, in the editor, Edit -> Project Settings -> Plugins -> Magic Leap Plugin -> Enable Zero Iteration
[2024.05.20-16.26.34:874][  0]LogStats: UGameplayTagsManager::InitializeManager -  0.000 s
[2024.05.20-16.26.34:957][  0]LogInit: Initializing FReadOnlyCVARCache
[2024.05.20-16.26.34:970][  0]LogAIModule: Creating AISystem for world Untitled
[2024.05.20-16.26.34:971][  0]LogAudio: Display: Initializing Audio Device Manager...
[2024.05.20-16.26.34:979][  0]LogAudio: Display: Loading Default Audio Settings Objects...
[2024.05.20-16.26.34:979][  0]LogAudio: Display: No default SoundConcurrencyObject specified (or failed to load).
[2024.05.20-16.26.34:980][  0]LogAudio: Display: Audio Device Manager Initialized
[2024.05.20-16.26.34:980][  0]LogAudio: Display: Creating Audio Device:                 Id: 1, Scope: Shared, Realtime: True
[2024.05.20-16.26.34:980][  0]LogAudioMixer: Display: Audio Mixer Platform Settings:
[2024.05.20-16.26.34:980][  0]LogAudioMixer: Display: 	Sample Rate:						  48000
[2024.05.20-16.26.34:980][  0]LogAudioMixer: Display: 	Callback Buffer Frame Size Requested: 1024
[2024.05.20-16.26.34:980][  0]LogAudioMixer: Display: 	Callback Buffer Frame Size To Use:	  1024
[2024.05.20-16.26.34:981][  0]LogAudioMixer: Display: 	Number of buffers to queue:			  2
[2024.05.20-16.26.34:981][  0]LogAudioMixer: Display: 	Max Channels (voices):				  32
[2024.05.20-16.26.34:981][  0]LogAudioMixer: Display: 	Number of Async Source Workers:		  0
[2024.05.20-16.26.34:981][  0]LogAudio: Display: AudioDevice MaxSources: 32
[2024.05.20-16.26.34:981][  0]LogAudio: Display: Audio Spatialization Plugin: None (built-in).
[2024.05.20-16.26.34:981][  0]LogAudio: Display: Audio Reverb Plugin: None (built-in).
[2024.05.20-16.26.34:982][  0]LogAudio: Display: Audio Occlusion Plugin: None (built-in).
[2024.05.20-16.26.34:982][  0]LogAudioMixer: Display: Initializing audio mixer.
[2024.05.20-16.26.35:031][  0]LogAudioMixer: Display: 0: FrontLeft
[2024.05.20-16.26.35:031][  0]LogAudioMixer: Display: 1: FrontRight
[2024.05.20-16.26.35:076][  0]LogAudioMixer: Display: Using Audio Device 스피커(ABKO N550)
[2024.05.20-16.26.35:076][  0]LogAudioMixer: Display: Initializing Sound Submixes...
[2024.05.20-16.26.35:078][  0]LogAudioMixer: Display: Creating Master Submix 'MasterSubmixDefault'
[2024.05.20-16.26.35:078][  0]LogAudioMixer: Display: Creating Master Submix 'MasterReverbSubmixDefault'
[2024.05.20-16.26.35:079][  0]LogAudioMixer: Display: Creating Master Submix 'MasterEQSubmixDefault'
[2024.05.20-16.26.35:079][  0]LogAudioMixer: FMixerPlatformXAudio2::StartAudioStream() called
[2024.05.20-16.26.35:079][  0]LogAudioMixer: Display: Output buffers initialized: Frames=1024, Channels=2, Samples=2048
[2024.05.20-16.26.35:080][  0]LogAudioMixer: Display: Starting AudioMixerPlatformInterface::RunInternal()
[2024.05.20-16.26.35:080][  0]LogAudioMixer: Display: FMixerPlatformXAudio2::SubmitBuffer() called for the first time
[2024.05.20-16.26.35:080][  0]LogInit: FAudioDevice initialized.
[2024.05.20-16.26.35:081][  0]LogAudio: Display: Audio Device (ID: 1) registered with world 'Untitled'.
[2024.05.20-16.26.35:081][  0]LogNetVersion: Set ProjectVersion to 1.0.0.0. Version Checksum will be recalculated on next use.
[2024.05.20-16.26.35:558][  0]LogDerivedDataCache: Saved boot cache 0.48s 94MB C:/Users/nanim/AppData/Local/UnrealEngine/4.27/DerivedDataCache/Boot.ddc.
[2024.05.20-16.26.35:559][  0]LogInit: Texture streaming: Enabled
[2024.05.20-16.26.35:583][  0]LogAnalytics: Display: [UEEditor.Rocket.Release] APIServer = https://datarouter.ol.epicgames.com/. AppVersion = 4.27.2-18319896+++UE4+Release-4.27
[2024.05.20-16.26.35:594][  0]LogEngineSessionManager: EngineSessionManager initialized
[2024.05.20-16.26.35:594][  0]LogEngineSessionManager: EngineSessionManager sent abnormal shutdown report. Type=Debugger, SessionId={A9E01624-4B67-97AE-C0E1-8B8A59E1C2B6}
[2024.05.20-16.26.35:594][  0]LogEngineSessionManager: EngineSessionManager sent abnormal shutdown report. Type=Debugger, SessionId={18C74E9C-4E9C-084B-AD1E-6794BF5E4645}
[2024.05.20-16.26.35:595][  0]LogEditorSessionSummary: Verbose: Initializing EditorSessionSummaryWriter for editor session tracking
[2024.05.20-16.26.35:598][  0]LogEditorSessionSummary: EditorSessionSummaryWriter initialized
[2024.05.20-16.26.35:625][  0]LogInit: Transaction tracking system initialized
[2024.05.20-16.26.35:670][  0]BlueprintLog: New page: 에디터 로드
[2024.05.20-16.26.35:787][  0]LocalizationService: 현지화 서비스가 비활성화되었습니다.
[2024.05.20-16.26.35:843][  0]TimingProfiler: Initialize
[2024.05.20-16.26.35:843][  0]TimingProfiler: OnSessionChanged
[2024.05.20-16.26.35:843][  0]LoadingProfiler: Initialize
[2024.05.20-16.26.35:844][  0]LoadingProfiler: OnSessionChanged
[2024.05.20-16.26.35:844][  0]NetworkingProfiler: Initialize
[2024.05.20-16.26.35:844][  0]NetworkingProfiler: OnSessionChanged
[2024.05.20-16.26.35:844][  0]MemoryProfiler: Initialize
[2024.05.20-16.26.35:844][  0]MemoryProfiler: OnSessionChanged
[2024.05.20-16.26.36:007][  0]LogCook: Display: CookSettings for Memory: MemoryMaxUsedVirtual 0MiB, MemoryMaxUsedPhysical 16384MiB, MemoryMinFreeVirtual 0MiB, MemoryMinFreePhysical 1024MiB
[2024.05.20-16.26.36:007][  0]LogCook: Display: Mobile HDR setting 1
[2024.05.20-16.26.36:116][  0]LogFileCache: Scanning file cache for directory 'C:/Users/nanim/GitHub/InsectHeaven/InsectHeaven/Content/' took 0.01s
[2024.05.20-16.26.36:512][  0]LogInit: Display: Engine is initialized. Leaving FEngineLoop::Init()
[2024.05.20-16.26.36:515][  0]SourceControl: 소스 컨트롤이 꺼졌습니다.
[2024.05.20-16.26.36:515][  0]LogUnrealEdMisc: Loading editor; pre map load, took 12.695
[2024.05.20-16.26.36:515][  0]Cmd: MAP LOAD FILE="../../../../../Users/nanim/GitHub/InsectHeaven/InsectHeaven/Content/Scene/EmptyMainLevel.umap" TEMPLATE=0 SHOWPROGRESS=1 FEATURELEVEL=3
[2024.05.20-16.26.36:516][  0]LightingResults: New page: 라이팅 빌드
[2024.05.20-16.26.36:517][  0]LogWorld: UWorld::CleanupWorld for Untitled, bSessionEnded=true, bCleanupResources=true
[2024.05.20-16.26.36:517][  0]LogSlate: InvalidateAllWidgets triggered.  All widgets were invalidated
[2024.05.20-16.26.36:517][  0]MapCheck: New page: 맵 체크
[2024.05.20-16.26.36:517][  0]LightingResults: New page: 라이팅 빌드
[2024.05.20-16.26.36:522][  0]LogAudio: Display: Audio Device unregistered from world 'None'.
[2024.05.20-16.26.36:525][  0]LogUObjectHash: Compacting FUObjectHashTables data took   0.48ms
[2024.05.20-16.26.36:528][  0]LogAudio: Display: Audio Device (ID: 1) registered with world 'EmptyMainLevel'.
[2024.05.20-16.26.36:529][  0]LogAIModule: Creating AISystem for world EmptyMainLevel
[2024.05.20-16.26.36:529][  0]LogEditorServer: Finished looking for orphan Actors (0.000 secs)
[2024.05.20-16.26.36:533][  0]LogUObjectHash: Compacting FUObjectHashTables data took   0.34ms
[2024.05.20-16.26.36:533][  0]Cmd: MAP CHECKDEP NOCLEARLOG
[2024.05.20-16.26.36:533][  0]MapCheck: 맵 체크 완료: 오류 0 회, 경고 0 회, 소요 시간 0.13ms.
[2024.05.20-16.26.36:533][  0]LogFileHelpers: Loading map 'EmptyMainLevel' took 0.017
[2024.05.20-16.26.36:537][  0]LogUnrealEdMisc: Total Editor Startup Time, took 12.716
[2024.05.20-16.26.36:664][  0]LogSlate: Updating window title bar state: overlay mode, drag disabled, window buttons hidden, title bar hidden
[2024.05.20-16.26.36:667][  0]LogSlate: Updating window title bar state: overlay mode, drag disabled, window buttons hidden, title bar hidden
[2024.05.20-16.26.36:670][  0]LogSlate: Updating window title bar state: overlay mode, drag disabled, window buttons hidden, title bar hidden
[2024.05.20-16.26.36:672][  0]LogSlate: Updating window title bar state: overlay mode, drag disabled, window buttons hidden, title bar hidden
[2024.05.20-16.26.36:682][  0]LogNativeClassHierarchy: Verbose: Native class hierarchy populated in 0.0062 seconds. Added 3858 classes and 945 folders.
[2024.05.20-16.26.36:684][  0]LogNativeClassHierarchy: Verbose: Native class hierarchy updated for 'WidgetCarousel' in 0.0002 seconds. Added 0 classes and 0 folders.
[2024.05.20-16.26.36:685][  0]LogPakFile: PakFile PrimaryIndexSize=187
[2024.05.20-16.26.36:685][  0]LogPakFile: PakFile PathHashIndexSize=101
[2024.05.20-16.26.36:685][  0]LogPakFile: PakFile FullDirectoryIndexSize=148
[2024.05.20-16.26.36:685][  0]LogShaderLibrary: Display: ShaderCodeLibraryPakFileMountedCallback: PakFile 'C:/Program Files/UE_4.27/FeaturePacks/FP_FirstPerson.upack' (chunk index -1, root 'root:/') mounted
[2024.05.20-16.26.36:685][  0]LogShaderLibrary: Display: ShaderCodeLibraryPakFileMountedCallback: pending pak file info (ChunkID:-1 Root:root:/ File:C:/Program Files/UE_4.27/FeaturePacks/FP_FirstPerson.upack)
[2024.05.20-16.26.36:686][  0]LogPakFile: OnPakFileMounted2Time == 0.000325
[2024.05.20-16.26.36:686][  0]LogPakFile: PakFile PrimaryIndexSize=189
[2024.05.20-16.26.36:686][  0]LogPakFile: PakFile PathHashIndexSize=101
[2024.05.20-16.26.36:686][  0]LogPakFile: PakFile FullDirectoryIndexSize=152
[2024.05.20-16.26.36:686][  0]LogShaderLibrary: Display: ShaderCodeLibraryPakFileMountedCallback: PakFile 'C:/Program Files/UE_4.27/FeaturePacks/FP_FirstPersonBP.upack' (chunk index -1, root 'root:/') mounted
[2024.05.20-16.26.36:687][  0]LogShaderLibrary: Display: ShaderCodeLibraryPakFileMountedCallback: pending pak file info (ChunkID:-1 Root:root:/ File:C:/Program Files/UE_4.27/FeaturePacks/FP_FirstPersonBP.upack)
[2024.05.20-16.26.36:687][  0]LogPakFile: OnPakFileMounted2Time == 0.000345
[2024.05.20-16.26.36:688][  0]LogPakFile: PakFile PrimaryIndexSize=191
[2024.05.20-16.26.36:688][  0]LogPakFile: PakFile PathHashIndexSize=101
[2024.05.20-16.26.36:688][  0]LogPakFile: PakFile FullDirectoryIndexSize=160
[2024.05.20-16.26.36:688][  0]LogShaderLibrary: Display: ShaderCodeLibraryPakFileMountedCallback: PakFile 'C:/Program Files/UE_4.27/FeaturePacks/MobileStarterContent.upack' (chunk index -1, root 'root:/') mounted
[2024.05.20-16.26.36:688][  0]LogShaderLibrary: Display: ShaderCodeLibraryPakFileMountedCallback: pending pak file info (ChunkID:-1 Root:root:/ File:C:/Program Files/UE_4.27/FeaturePacks/MobileStarterContent.upack)
[2024.05.20-16.26.36:688][  0]LogPakFile: OnPakFileMounted2Time == 0.000279
[2024.05.20-16.26.36:689][  0]LogPakFile: PakFile PrimaryIndexSize=185
[2024.05.20-16.26.36:689][  0]LogPakFile: PakFile PathHashIndexSize=101
[2024.05.20-16.26.36:689][  0]LogPakFile: PakFile FullDirectoryIndexSize=148
[2024.05.20-16.26.36:689][  0]LogShaderLibrary: Display: ShaderCodeLibraryPakFileMountedCallback: PakFile 'C:/Program Files/UE_4.27/FeaturePacks/StarterContent.upack' (chunk index -1, root 'root:/') mounted
[2024.05.20-16.26.36:689][  0]LogShaderLibrary: Display: ShaderCodeLibraryPakFileMountedCallback: pending pak file info (ChunkID:-1 Root:root:/ File:C:/Program Files/UE_4.27/FeaturePacks/StarterContent.upack)
[2024.05.20-16.26.36:689][  0]LogPakFile: OnPakFileMounted2Time == 0.000256
[2024.05.20-16.26.36:690][  0]LogPakFile: PakFile PrimaryIndexSize=190
[2024.05.20-16.26.36:690][  0]LogPakFile: PakFile PathHashIndexSize=101
[2024.05.20-16.26.36:690][  0]LogPakFile: PakFile FullDirectoryIndexSize=154
[2024.05.20-16.26.36:690][  0]LogShaderLibrary: Display: ShaderCodeLibraryPakFileMountedCallback: PakFile 'C:/Program Files/UE_4.27/FeaturePacks/TP_2DSideScroller.upack' (chunk index -1, root 'root:/') mounted
[2024.05.20-16.26.36:690][  0]LogShaderLibrary: Display: ShaderCodeLibraryPakFileMountedCallback: pending pak file info (ChunkID:-1 Root:root:/ File:C:/Program Files/UE_4.27/FeaturePacks/TP_2DSideScroller.upack)
[2024.05.20-16.26.36:690][  0]LogPakFile: OnPakFileMounted2Time == 0.000203
[2024.05.20-16.26.36:691][  0]LogPakFile: PakFile PrimaryIndexSize=192
[2024.05.20-16.26.36:691][  0]LogPakFile: PakFile PathHashIndexSize=101
[2024.05.20-16.26.36:691][  0]LogPakFile: PakFile FullDirectoryIndexSize=158
[2024.05.20-16.26.36:691][  0]LogShaderLibrary: Display: ShaderCodeLibraryPakFileMountedCallback: PakFile 'C:/Program Files/UE_4.27/FeaturePacks/TP_2DSideScrollerBP.upack' (chunk index -1, root 'root:/') mounted
[2024.05.20-16.26.36:692][  0]LogShaderLibrary: Display: ShaderCodeLibraryPakFileMountedCallback: pending pak file info (ChunkID:-1 Root:root:/ File:C:/Program Files/UE_4.27/FeaturePacks/TP_2DSideScrollerBP.upack)
[2024.05.20-16.26.36:692][  0]LogPakFile: OnPakFileMounted2Time == 0.000255
[2024.05.20-16.26.36:692][  0]LogPakFile: PakFile PrimaryIndexSize=182
[2024.05.20-16.26.36:692][  0]LogPakFile: PakFile PathHashIndexSize=101
[2024.05.20-16.26.36:692][  0]LogPakFile: PakFile FullDirectoryIndexSize=138
[2024.05.20-16.26.36:693][  0]LogShaderLibrary: Display: ShaderCodeLibraryPakFileMountedCallback: PakFile 'C:/Program Files/UE_4.27/FeaturePacks/TP_Flying.upack' (chunk index -1, root 'root:/') mounted
[2024.05.20-16.26.36:693][  0]LogShaderLibrary: Display: ShaderCodeLibraryPakFileMountedCallback: pending pak file info (ChunkID:-1 Root:root:/ File:C:/Program Files/UE_4.27/FeaturePacks/TP_Flying.upack)
[2024.05.20-16.26.36:693][  0]LogPakFile: OnPakFileMounted2Time == 0.000223
[2024.05.20-16.26.36:693][  0]LogPakFile: PakFile PrimaryIndexSize=184
[2024.05.20-16.26.36:693][  0]LogPakFile: PakFile PathHashIndexSize=101
[2024.05.20-16.26.36:694][  0]LogPakFile: PakFile FullDirectoryIndexSize=142
[2024.05.20-16.26.36:694][  0]LogShaderLibrary: Display: ShaderCodeLibraryPakFileMountedCallback: PakFile 'C:/Program Files/UE_4.27/FeaturePacks/TP_FlyingBP.upack' (chunk index -1, root 'root:/') mounted
[2024.05.20-16.26.36:694][  0]LogShaderLibrary: Display: ShaderCodeLibraryPakFileMountedCallback: pending pak file info (ChunkID:-1 Root:root:/ File:C:/Program Files/UE_4.27/FeaturePacks/TP_FlyingBP.upack)
[2024.05.20-16.26.36:694][  0]LogPakFile: OnPakFileMounted2Time == 0.000236
[2024.05.20-16.26.36:695][  0]LogPakFile: PakFile PrimaryIndexSize=188
[2024.05.20-16.26.36:695][  0]LogPakFile: PakFile PathHashIndexSize=101
[2024.05.20-16.26.36:695][  0]LogPakFile: PakFile FullDirectoryIndexSize=150
[2024.05.20-16.26.36:695][  0]LogShaderLibrary: Display: ShaderCodeLibraryPakFileMountedCallback: PakFile 'C:/Program Files/UE_4.27/FeaturePacks/TP_HandheldARBP.upack' (chunk index -1, root 'root:/') mounted
[2024.05.20-16.26.36:695][  0]LogShaderLibrary: Display: ShaderCodeLibraryPakFileMountedCallback: pending pak file info (ChunkID:-1 Root:root:/ File:C:/Program Files/UE_4.27/FeaturePacks/TP_HandheldARBP.upack)
[2024.05.20-16.26.36:695][  0]LogPakFile: OnPakFileMounted2Time == 0.000249
[2024.05.20-16.26.36:696][  0]LogPakFile: PakFile PrimaryIndexSize=182
[2024.05.20-16.26.36:696][  0]LogPakFile: PakFile PathHashIndexSize=101
[2024.05.20-16.26.36:696][  0]LogPakFile: PakFile FullDirectoryIndexSize=138
[2024.05.20-16.26.36:696][  0]LogShaderLibrary: Display: ShaderCodeLibraryPakFileMountedCallback: PakFile 'C:/Program Files/UE_4.27/FeaturePacks/TP_Puzzle.upack' (chunk index -1, root 'root:/') mounted
[2024.05.20-16.26.36:696][  0]LogShaderLibrary: Display: ShaderCodeLibraryPakFileMountedCallback: pending pak file info (ChunkID:-1 Root:root:/ File:C:/Program Files/UE_4.27/FeaturePacks/TP_Puzzle.upack)
[2024.05.20-16.26.36:696][  0]LogPakFile: OnPakFileMounted2Time == 0.000271
[2024.05.20-16.26.36:697][  0]LogPakFile: PakFile PrimaryIndexSize=184
[2024.05.20-16.26.36:697][  0]LogPakFile: PakFile PathHashIndexSize=101
[2024.05.20-16.26.36:697][  0]LogPakFile: PakFile FullDirectoryIndexSize=142
[2024.05.20-16.26.36:697][  0]LogShaderLibrary: Display: ShaderCodeLibraryPakFileMountedCallback: PakFile 'C:/Program Files/UE_4.27/FeaturePacks/TP_PuzzleBP.upack' (chunk index -1, root 'root:/') mounted
[2024.05.20-16.26.36:697][  0]LogShaderLibrary: Display: ShaderCodeLibraryPakFileMountedCallback: pending pak file info (ChunkID:-1 Root:root:/ File:C:/Program Files/UE_4.27/FeaturePacks/TP_PuzzleBP.upack)
[2024.05.20-16.26.36:698][  0]LogPakFile: OnPakFileMounted2Time == 0.000350
[2024.05.20-16.26.36:698][  0]LogPakFile: PakFile PrimaryIndexSize=183
[2024.05.20-16.26.36:698][  0]LogPakFile: PakFile PathHashIndexSize=101
[2024.05.20-16.26.36:698][  0]LogPakFile: PakFile FullDirectoryIndexSize=140
[2024.05.20-16.26.36:698][  0]LogShaderLibrary: Display: ShaderCodeLibraryPakFileMountedCallback: PakFile 'C:/Program Files/UE_4.27/FeaturePacks/TP_Rolling.upack' (chunk index -1, root 'root:/') mounted
[2024.05.20-16.26.36:699][  0]LogShaderLibrary: Display: ShaderCodeLibraryPakFileMountedCallback: pending pak file info (ChunkID:-1 Root:root:/ File:C:/Program Files/UE_4.27/FeaturePacks/TP_Rolling.upack)
[2024.05.20-16.26.36:699][  0]LogPakFile: OnPakFileMounted2Time == 0.000265
[2024.05.20-16.26.36:699][  0]LogPakFile: PakFile PrimaryIndexSize=185
[2024.05.20-16.26.36:699][  0]LogPakFile: PakFile PathHashIndexSize=101
[2024.05.20-16.26.36:699][  0]LogPakFile: PakFile FullDirectoryIndexSize=144
[2024.05.20-16.26.36:700][  0]LogShaderLibrary: Display: ShaderCodeLibraryPakFileMountedCallback: PakFile 'C:/Program Files/UE_4.27/FeaturePacks/TP_RollingBP.upack' (chunk index -1, root 'root:/') mounted
[2024.05.20-16.26.36:700][  0]LogShaderLibrary: Display: ShaderCodeLibraryPakFileMountedCallback: pending pak file info (ChunkID:-1 Root:root:/ File:C:/Program Files/UE_4.27/FeaturePacks/TP_RollingBP.upack)
[2024.05.20-16.26.36:700][  0]LogPakFile: OnPakFileMounted2Time == 0.000277
[2024.05.20-16.26.36:700][  0]LogPakFile: PakFile PrimaryIndexSize=188
[2024.05.20-16.26.36:701][  0]LogPakFile: PakFile PathHashIndexSize=101
[2024.05.20-16.26.36:701][  0]LogPakFile: PakFile FullDirectoryIndexSize=150
[2024.05.20-16.26.36:701][  0]LogShaderLibrary: Display: ShaderCodeLibraryPakFileMountedCallback: PakFile 'C:/Program Files/UE_4.27/FeaturePacks/TP_SideScroller.upack' (chunk index -1, root 'root:/') mounted
[2024.05.20-16.26.36:701][  0]LogShaderLibrary: Display: ShaderCodeLibraryPakFileMountedCallback: pending pak file info (ChunkID:-1 Root:root:/ File:C:/Program Files/UE_4.27/FeaturePacks/TP_SideScroller.upack)
[2024.05.20-16.26.36:701][  0]LogPakFile: OnPakFileMounted2Time == 0.000294
[2024.05.20-16.26.36:702][  0]LogPakFile: PakFile PrimaryIndexSize=190
[2024.05.20-16.26.36:702][  0]LogPakFile: PakFile PathHashIndexSize=101
[2024.05.20-16.26.36:702][  0]LogPakFile: PakFile FullDirectoryIndexSize=154
[2024.05.20-16.26.36:702][  0]LogShaderLibrary: Display: ShaderCodeLibraryPakFileMountedCallback: PakFile 'C:/Program Files/UE_4.27/FeaturePacks/TP_SideScrollerBP.upack' (chunk index -1, root 'root:/') mounted
[2024.05.20-16.26.36:702][  0]LogShaderLibrary: Display: ShaderCodeLibraryPakFileMountedCallback: pending pak file info (ChunkID:-1 Root:root:/ File:C:/Program Files/UE_4.27/FeaturePacks/TP_SideScrollerBP.upack)
[2024.05.20-16.26.36:702][  0]LogPakFile: OnPakFileMounted2Time == 0.000301
[2024.05.20-16.26.36:703][  0]LogPakFile: PakFile PrimaryIndexSize=187
[2024.05.20-16.26.36:703][  0]LogPakFile: PakFile PathHashIndexSize=101
[2024.05.20-16.26.36:703][  0]LogPakFile: PakFile FullDirectoryIndexSize=148
[2024.05.20-16.26.36:703][  0]LogShaderLibrary: Display: ShaderCodeLibraryPakFileMountedCallback: PakFile 'C:/Program Files/UE_4.27/FeaturePacks/TP_ThirdPerson.upack' (chunk index -1, root 'root:/') mounted
[2024.05.20-16.26.36:703][  0]LogShaderLibrary: Display: ShaderCodeLibraryPakFileMountedCallback: pending pak file info (ChunkID:-1 Root:root:/ File:C:/Program Files/UE_4.27/FeaturePacks/TP_ThirdPerson.upack)
[2024.05.20-16.26.36:703][  0]LogPakFile: OnPakFileMounted2Time == 0.000291
[2024.05.20-16.26.36:704][  0]LogPakFile: PakFile PrimaryIndexSize=189
[2024.05.20-16.26.36:704][  0]LogPakFile: PakFile PathHashIndexSize=101
[2024.05.20-16.26.36:704][  0]LogPakFile: PakFile FullDirectoryIndexSize=152
[2024.05.20-16.26.36:704][  0]LogShaderLibrary: Display: ShaderCodeLibraryPakFileMountedCallback: PakFile 'C:/Program Files/UE_4.27/FeaturePacks/TP_ThirdPersonBP.upack' (chunk index -1, root 'root:/') mounted
[2024.05.20-16.26.36:704][  0]LogShaderLibrary: Display: ShaderCodeLibraryPakFileMountedCallback: pending pak file info (ChunkID:-1 Root:root:/ File:C:/Program Files/UE_4.27/FeaturePacks/TP_ThirdPersonBP.upack)
[2024.05.20-16.26.36:705][  0]LogPakFile: OnPakFileMounted2Time == 0.000278
[2024.05.20-16.26.36:705][  0]LogPakFile: PakFile PrimaryIndexSize=183
[2024.05.20-16.26.36:705][  0]LogPakFile: PakFile PathHashIndexSize=101
[2024.05.20-16.26.36:705][  0]LogPakFile: PakFile FullDirectoryIndexSize=140
[2024.05.20-16.26.36:705][  0]LogShaderLibrary: Display: ShaderCodeLibraryPakFileMountedCallback: PakFile 'C:/Program Files/UE_4.27/FeaturePacks/TP_TopDown.upack' (chunk index -1, root 'root:/') mounted
[2024.05.20-16.26.36:706][  0]LogShaderLibrary: Display: ShaderCodeLibraryPakFileMountedCallback: pending pak file info (ChunkID:-1 Root:root:/ File:C:/Program Files/UE_4.27/FeaturePacks/TP_TopDown.upack)
[2024.05.20-16.26.36:706][  0]LogPakFile: OnPakFileMounted2Time == 0.000254
[2024.05.20-16.26.36:706][  0]LogPakFile: PakFile PrimaryIndexSize=185
[2024.05.20-16.26.36:706][  0]LogPakFile: PakFile PathHashIndexSize=101
[2024.05.20-16.26.36:706][  0]LogPakFile: PakFile FullDirectoryIndexSize=144
[2024.05.20-16.26.36:707][  0]LogShaderLibrary: Display: ShaderCodeLibraryPakFileMountedCallback: PakFile 'C:/Program Files/UE_4.27/FeaturePacks/TP_TopDownBP.upack' (chunk index -1, root 'root:/') mounted
[2024.05.20-16.26.36:707][  0]LogShaderLibrary: Display: ShaderCodeLibraryPakFileMountedCallback: pending pak file info (ChunkID:-1 Root:root:/ File:C:/Program Files/UE_4.27/FeaturePacks/TP_TopDownBP.upack)
[2024.05.20-16.26.36:707][  0]LogPakFile: OnPakFileMounted2Time == 0.000333
[2024.05.20-16.26.36:708][  0]LogPakFile: PakFile PrimaryIndexSize=185
[2024.05.20-16.26.36:708][  0]LogPakFile: PakFile PathHashIndexSize=101
[2024.05.20-16.26.36:708][  0]LogPakFile: PakFile FullDirectoryIndexSize=144
[2024.05.20-16.26.36:708][  0]LogShaderLibrary: Display: ShaderCodeLibraryPakFileMountedCallback: PakFile 'C:/Program Files/UE_4.27/FeaturePacks/TP_TwinStick.upack' (chunk index -1, root 'root:/') mounted
[2024.05.20-16.26.36:708][  0]LogShaderLibrary: Display: ShaderCodeLibraryPakFileMountedCallback: pending pak file info (ChunkID:-1 Root:root:/ File:C:/Program Files/UE_4.27/FeaturePacks/TP_TwinStick.upack)
[2024.05.20-16.26.36:708][  0]LogPakFile: OnPakFileMounted2Time == 0.000353
[2024.05.20-16.26.36:709][  0]LogPakFile: PakFile PrimaryIndexSize=187
[2024.05.20-16.26.36:709][  0]LogPakFile: PakFile PathHashIndexSize=101
[2024.05.20-16.26.36:709][  0]LogPakFile: PakFile FullDirectoryIndexSize=148
[2024.05.20-16.26.36:709][  0]LogShaderLibrary: Display: ShaderCodeLibraryPakFileMountedCallback: PakFile 'C:/Program Files/UE_4.27/FeaturePacks/TP_TwinStickBP.upack' (chunk index -1, root 'root:/') mounted
[2024.05.20-16.26.36:709][  0]LogShaderLibrary: Display: ShaderCodeLibraryPakFileMountedCallback: pending pak file info (ChunkID:-1 Root:root:/ File:C:/Program Files/UE_4.27/FeaturePacks/TP_TwinStickBP.upack)
[2024.05.20-16.26.36:709][  0]LogPakFile: OnPakFileMounted2Time == 0.000253
[2024.05.20-16.26.36:710][  0]LogPakFile: PakFile PrimaryIndexSize=183
[2024.05.20-16.26.36:710][  0]LogPakFile: PakFile PathHashIndexSize=101
[2024.05.20-16.26.36:710][  0]LogPakFile: PakFile FullDirectoryIndexSize=140
[2024.05.20-16.26.36:710][  0]LogShaderLibrary: Display: ShaderCodeLibraryPakFileMountedCallback: PakFile 'C:/Program Files/UE_4.27/FeaturePacks/TP_Vehicle.upack' (chunk index -1, root 'root:/') mounted
[2024.05.20-16.26.36:710][  0]LogShaderLibrary: Display: ShaderCodeLibraryPakFileMountedCallback: pending pak file info (ChunkID:-1 Root:root:/ File:C:/Program Files/UE_4.27/FeaturePacks/TP_Vehicle.upack)
[2024.05.20-16.26.36:711][  0]LogPakFile: OnPakFileMounted2Time == 0.000265
[2024.05.20-16.26.36:711][  0]LogPakFile: PakFile PrimaryIndexSize=186
[2024.05.20-16.26.36:711][  0]LogPakFile: PakFile PathHashIndexSize=101
[2024.05.20-16.26.36:711][  0]LogPakFile: PakFile FullDirectoryIndexSize=146
[2024.05.20-16.26.36:711][  0]LogShaderLibrary: Display: ShaderCodeLibraryPakFileMountedCallback: PakFile 'C:/Program Files/UE_4.27/FeaturePacks/TP_VehicleAdv.upack' (chunk index -1, root 'root:/') mounted
[2024.05.20-16.26.36:712][  0]LogShaderLibrary: Display: ShaderCodeLibraryPakFileMountedCallback: pending pak file info (ChunkID:-1 Root:root:/ File:C:/Program Files/UE_4.27/FeaturePacks/TP_VehicleAdv.upack)
[2024.05.20-16.26.36:712][  0]LogPakFile: OnPakFileMounted2Time == 0.000239
[2024.05.20-16.26.36:712][  0]LogPakFile: PakFile PrimaryIndexSize=188
[2024.05.20-16.26.36:712][  0]LogPakFile: PakFile PathHashIndexSize=101
[2024.05.20-16.26.36:712][  0]LogPakFile: PakFile FullDirectoryIndexSize=150
[2024.05.20-16.26.36:713][  0]LogShaderLibrary: Display: ShaderCodeLibraryPakFileMountedCallback: PakFile 'C:/Program Files/UE_4.27/FeaturePacks/TP_VehicleAdvBP.upack' (chunk index -1, root 'root:/') mounted
[2024.05.20-16.26.36:713][  0]LogShaderLibrary: Display: ShaderCodeLibraryPakFileMountedCallback: pending pak file info (ChunkID:-1 Root:root:/ File:C:/Program Files/UE_4.27/FeaturePacks/TP_VehicleAdvBP.upack)
[2024.05.20-16.26.36:713][  0]LogPakFile: OnPakFileMounted2Time == 0.000242
[2024.05.20-16.26.36:713][  0]LogPakFile: PakFile PrimaryIndexSize=185
[2024.05.20-16.26.36:714][  0]LogPakFile: PakFile PathHashIndexSize=101
[2024.05.20-16.26.36:714][  0]LogPakFile: PakFile FullDirectoryIndexSize=144
[2024.05.20-16.26.36:714][  0]LogShaderLibrary: Display: ShaderCodeLibraryPakFileMountedCallback: PakFile 'C:/Program Files/UE_4.27/FeaturePacks/TP_VehicleBP.upack' (chunk index -1, root 'root:/') mounted
[2024.05.20-16.26.36:714][  0]LogShaderLibrary: Display: ShaderCodeLibraryPakFileMountedCallback: pending pak file info (ChunkID:-1 Root:root:/ File:C:/Program Files/UE_4.27/FeaturePacks/TP_VehicleBP.upack)
[2024.05.20-16.26.36:714][  0]LogPakFile: OnPakFileMounted2Time == 0.000260
[2024.05.20-16.26.36:715][  0]LogPakFile: PakFile PrimaryIndexSize=192
[2024.05.20-16.26.36:715][  0]LogPakFile: PakFile PathHashIndexSize=101
[2024.05.20-16.26.36:715][  0]LogPakFile: PakFile FullDirectoryIndexSize=158
[2024.05.20-16.26.36:715][  0]LogShaderLibrary: Display: ShaderCodeLibraryPakFileMountedCallback: PakFile 'C:/Program Files/UE_4.27/FeaturePacks/TP_VirtualRealityBP.upack' (chunk index -1, root 'root:/') mounted
[2024.05.20-16.26.36:715][  0]LogShaderLibrary: Display: ShaderCodeLibraryPakFileMountedCallback: pending pak file info (ChunkID:-1 Root:root:/ File:C:/Program Files/UE_4.27/FeaturePacks/TP_VirtualRealityBP.upack)
[2024.05.20-16.26.36:715][  0]LogPakFile: OnPakFileMounted2Time == 0.000275
[2024.05.20-16.26.36:758][  0]LogNativeClassHierarchy: Verbose: Native class hierarchy updated for 'AddContentDialog' in 0.0002 seconds. Added 0 classes and 0 folders.
[2024.05.20-16.26.36:759][  0]LogNativeClassHierarchy: Verbose: Native class hierarchy updated for 'SceneOutliner' in 0.0001 seconds. Added 2 classes and 0 folders.
[2024.05.20-16.26.36:792][  0]LogSlate: Took 0.000328 seconds to synchronously load lazily loaded font '../../../Engine/Content/Slate/Fonts/Roboto-Regular.ttf' (155K)
[2024.05.20-16.26.36:793][  0]LogSlate: Took 0.000200 seconds to synchronously load lazily loaded font '../../../Engine/Content/Editor/Slate/Fonts/FontAwesome.ttf' (139K)
[2024.05.20-16.26.36:795][  0]LogSlate: Took 0.001059 seconds to synchronously load lazily loaded font '../../../Engine/Content/Editor/Slate/Fonts/NanumGothic.ttf' (4243K)
[2024.05.20-16.26.36:796][  0]LogSlate: Took 0.000884 seconds to synchronously load lazily loaded font '../../../Engine/Content/Editor/Slate/Fonts/NanumGothicBold.ttf' (4188K)
[2024.05.20-16.26.36:796][  0]LogSlate: Took 0.000172 seconds to synchronously load lazily loaded font '../../../Engine/Content/Slate/Fonts/Roboto-Bold.ttf' (160K)
[2024.05.20-16.26.36:846][  0]LogRenderer: Reallocating scene render targets to support 1616x808 Format 10 NumSamples 1 (Frame:1).
[2024.05.20-16.26.36:909][  0]LogNativeClassHierarchy: Verbose: Native class hierarchy updated for 'HierarchicalLODOutliner' in 0.0002 seconds. Added 0 classes and 0 folders.
[2024.05.20-16.26.36:909][  0]LogLoad: (Engine Initialization) Total time: 13.09 seconds
[2024.05.20-16.26.36:909][  0]LogLoad: (Engine Initialization) Total Blueprint compile time: 0.00 seconds
[2024.05.20-16.26.36:952][  0]LogAssetRegistry: Asset discovery search completed in 5.7574 seconds
[2024.05.20-16.26.36:957][  0]LogCollectionManager: Fixed up redirectors for 0 collections in 0.000001 seconds (updated 0 objects)
[2024.05.20-16.26.36:957][  0]LogContentStreaming: Texture pool size now 1000 MB
[2024.05.20-16.26.49:258][265]LogSlate: Window 'DialogueTool' being destroyed
[2024.05.20-16.26.49:263][265]LogSlate: Window 'DialogueTool' being destroyed
[2024.05.20-16.26.50:257][384]LogSlate: Took 0.000243 seconds to synchronously load lazily loaded font '../../../Engine/Content/Slate/Fonts/Roboto-Light.ttf' (167K)
[2024.05.20-16.26.50:274][384]LogAssetEditorSubsystem: Opening Asset editor for EditorUtilityWidgetBlueprint /Game/Widget/Dialogue/DialogueTool.DialogueTool
[2024.05.20-16.26.50:410][384]LogNativeClassHierarchy: Verbose: Native class hierarchy updated for 'BlueprintGraph' in 0.0004 seconds. Added 126 classes and 0 folders.
[2024.05.20-16.26.51:009][384]LogSlate: Took 0.000286 seconds to synchronously load lazily loaded font '../../../Engine/Content/Slate/Fonts/Roboto-BoldCondensed.ttf' (158K)
[2024.05.20-16.26.55:018][837]Cmd: OBJ SAVEPACKAGE PACKAGE="/Game/Widget/Dialogue/DialogueTool" FILE="../../../../../Users/nanim/GitHub/InsectHeaven/InsectHeaven/Content/Widget/Dialogue/DialogueTool.uasset" SILENT=true
[2024.05.20-16.26.55:036][837]LogSavePackage: Moving '../../../../../Users/nanim/GitHub/InsectHeaven/InsectHeaven/Saved/DialogueTool5F98BFD540A023F9782AF685563AE8E2.tmp' to '../../../../../Users/nanim/GitHub/InsectHeaven/InsectHeaven/Content/Widget/Dialogue/DialogueTool.uasset'
[2024.05.20-16.26.55:048][837]AssetCheck: New page: 에셋 저장:  DialogueTool
[2024.05.20-16.26.55:048][837]LogContentValidation: Display: EditorUtilityWidgetBlueprint /Game/Widget/Dialogue/DialogueTool.DialogueTool 유효성 검사 중
[2024.05.20-16.26.55:359][873]BlueprintLog: New page: DialogueTool 컴파일
[2024.05.20-16.26.55:362][873]LogUObjectGlobals: Warning: Guid referenced by DialogueTool_C /Game/Scene/EmptyMainLevel.EmptyMainLevel:DialogueTool_C_0 is already used by REINST_DialogueTool_C_4 /Game/Scene/EmptyMainLevel.EmptyMainLevel:REINST_DialogueTool_C_0, which should never happen in the editor but could happen at runtime with duplicate level loading or PIE
[2024.05.20-16.26.55:401][873]LogUObjectHash: Compacting FUObjectHashTables data took   2.21ms
[2024.05.20-16.26.55:423][873]LogSlate: Took 0.000286 seconds to synchronously load lazily loaded font '../../../Engine/Content/Slate/Fonts/DroidSansMono.ttf' (77K)
[2024.05.20-16.26.55:424][873]LogSlate: Took 0.001016 seconds to synchronously load lazily loaded font '../../../Engine/Content/Editor/Slate/Fonts/NanumGothicExtraBold.ttf' (4074K)
[2024.05.20-16.26.56:959][ 57]LogSlate: Window 'DialogueTool' being destroyed
[2024.05.20-16.26.56:964][ 57]LogSlate: Window 'DialogueTool' being destroyed
[2024.05.20-16.26.56:967][ 57]LogWorld: UWorld::CleanupWorld for World_1, bSessionEnded=true, bCleanupResources=true
[2024.05.20-16.26.56:967][ 57]LogSlate: InvalidateAllWidgets triggered.  All widgets were invalidated
[2024.05.20-16.26.56:972][ 57]LogWorld: UWorld::CleanupWorld for World_0, bSessionEnded=true, bCleanupResources=true
[2024.05.20-16.26.56:972][ 57]LogSlate: InvalidateAllWidgets triggered.  All widgets were invalidated
[2024.05.20-16.26.58:123][190]LogAssetEditorSubsystem: Opening Asset editor for EditorUtilityWidgetBlueprint /Game/Widget/Dialogue/DialogueTool.DialogueTool
[2024.05.20-16.26.59:658][337]LogSlate: Window 'DialogueTool' being destroyed
[2024.05.20-16.26.59:663][337]LogSlate: Window 'DialogueTool' being destroyed
[2024.05.20-16.26.59:666][337]LogWorld: UWorld::CleanupWorld for World_4, bSessionEnded=true, bCleanupResources=true
[2024.05.20-16.26.59:666][337]LogSlate: InvalidateAllWidgets triggered.  All widgets were invalidated
[2024.05.20-16.26.59:671][337]LogWorld: UWorld::CleanupWorld for World_3, bSessionEnded=true, bCleanupResources=true
[2024.05.20-16.26.59:671][337]LogSlate: InvalidateAllWidgets triggered.  All widgets were invalidated
[2024.05.20-16.27.25:072][138]LogSlate: Window 'DialogueTool' being destroyed
[2024.05.20-16.27.25:077][138]LogSlate: Window 'DialogueTool' being destroyed
[2024.05.20-16.27.32:791][998]LogSlate: Window 'DialogueTool' being destroyed
[2024.05.20-16.27.32:796][998]LogSlate: Window 'DialogueTool' being destroyed
[2024.05.20-16.36.37:283][755]LogUObjectHash: Compacting FUObjectHashTables data took   2.31ms
[2024.05.20-16.36.37:292][755]LogSavePackage: Moving '../../../../../Users/nanim/GitHub/InsectHeaven/InsectHeaven/Saved/EmptyMainLevel_Auto17DC3B13C442736589F046D8AE1D8926E.tmp' to '../../../../../Users/nanim/GitHub/InsectHeaven/InsectHeaven/Saved/Autosaves/Game/Scene/EmptyMainLevel_Auto1.umap'
[2024.05.20-16.36.37:294][755]LogFileHelpers: Editor autosave (incl. external actors) for '/Game/Scene/EmptyMainLevel' took 0.046
[2024.05.20-16.36.37:294][755]LogFileHelpers: Editor autosave (incl. sublevels & external actors) for all levels took 0.046
