Log file open, 06/23/24 20:22:09
LogWindows: Failed to load 'aqProf.dll' (GetLastError=126)
LogWindows: File 'aqProf.dll' does not exist
LogWindows: Failed to load 'VtuneApi.dll' (GetLastError=126)
LogWindows: File 'VtuneApi.dll' does not exist
LogWindows: Failed to load 'VtuneApi32e.dll' (GetLastError=126)
LogWindows: File 'VtuneApi32e.dll' does not exist
LogConsoleResponse: Display: Failed to find resolution value strings in scalability ini. Falling back to default.
LogConsoleResponse: Display: Failed to find resolution value strings in scalability ini. Falling back to default.
LogInit: Display: Running engine for game: InsectHeaven
LogPlatformFile: Not using cached read wrapper
LogTaskGraph: Started task graph with 5 named threads and 71 total threads with 3 sets of task threads.
LogStats: Stats thread started at 0.226511
LogICUInternationalization: ICU TimeZone Detection - Raw Offset: +9:00, Platform Override: ''
LogInit: Display: Loading text-based GConfig....
LogPluginManager: Mounting plugin MeshPainting
LogPluginManager: Mounting plugin XGEController
LogPluginManager: Mounting plugin AISupport
LogPluginManager: Mounting plugin EnvironmentQueryEditor
LogPluginManager: Mounting plugin Paper2D
LogPluginManager: Mounting plugin LiveLink
LogPluginManager: Mounting plugin LightPropagationVolume
LogPluginManager: Mounting plugin CameraShakePreviewer
LogPluginManager: Mounting plugin OodleData
LogPluginManager: Mounting plugin GameplayCameras
LogPluginManager: Mounting plugin OodleNetwork
LogPluginManager: Mounting plugin AnimationSharing
LogPluginManager: Mounting plugin CLionSourceCodeAccess
LogPluginManager: Mounting plugin CodeLiteSourceCodeAccess
LogPluginManager: Mounting plugin GitSourceControl
LogPluginManager: Mounting plugin KDevelopSourceCodeAccess
LogPluginManager: Mounting plugin NullSourceCodeAccess
LogPluginManager: Mounting plugin PixWinPlugin
LogPluginManager: Mounting plugin PerforceSourceControl
LogPluginManager: Mounting plugin PlasticSourceControl
LogPluginManager: Mounting plugin PluginUtils
LogPluginManager: Mounting plugin SubversionSourceControl
LogPluginManager: Mounting plugin PropertyAccessNode
LogPluginManager: Mounting plugin TextureFormatOodle
LogPluginManager: Mounting plugin RiderSourceCodeAccess
LogPluginManager: Mounting plugin UObjectPlugin
LogPluginManager: Mounting plugin VisualStudioCodeSourceCodeAccess
LogPluginManager: Mounting plugin XCodeSourceCodeAccess
LogPluginManager: Mounting plugin AssetManagerEditor
LogPluginManager: Mounting plugin VisualStudioSourceCodeAccess
LogPluginManager: Mounting plugin CurveEditorTools
LogPluginManager: Mounting plugin CryptoKeys
LogPluginManager: Mounting plugin DataValidation
LogPluginManager: Mounting plugin EditorScriptingUtilities
LogPluginManager: Mounting plugin FacialAnimation
LogPluginManager: Mounting plugin GeometryMode
LogPluginManager: Mounting plugin GameplayTagsEditor
LogPluginManager: Mounting plugin MacGraphicsSwitching
LogPluginManager: Mounting plugin MobileLauncherProfileWizard
LogPluginManager: Mounting plugin MaterialAnalyzer
LogPluginManager: Mounting plugin PluginBrowser
LogPluginManager: Mounting plugin SpeedTreeImporter
LogPluginManager: Mounting plugin DatasmithContent
LogPluginManager: Mounting plugin VariantManagerContent
LogPluginManager: Mounting plugin Niagara
LogPluginManager: Mounting plugin AlembicImporter
LogPluginManager: Mounting plugin AutomationUtils
LogPluginManager: Mounting plugin BackChannel
LogPluginManager: Mounting plugin ChaosCloth
LogPluginManager: Mounting plugin ChaosClothEditor
LogPluginManager: Mounting plugin ChaosSolverPlugin
LogPluginManager: Mounting plugin ChaosEditor
LogPluginManager: Mounting plugin ChaosNiagara
LogPluginManager: Mounting plugin CharacterAI
LogPluginManager: Mounting plugin AndroidMedia
LogPluginManager: Mounting plugin AvfMedia
LogPluginManager: Mounting plugin ImgMedia
LogPluginManager: Mounting plugin MediaCompositing
LogPluginManager: Mounting plugin MediaPlayerEditor
LogPluginManager: Mounting plugin WebMMedia
LogPluginManager: Mounting plugin WmfMedia
LogPluginManager: Mounting plugin TcpMessaging
LogPluginManager: Mounting plugin UdpMessaging
LogPluginManager: Mounting plugin LuminPlatformFeatures
LogPluginManager: Mounting plugin MagicLeap
LogPluginManager: Mounting plugin MagicLeapLightEstimation
LogPluginManager: Mounting plugin MagicLeapMedia
LogPluginManager: Mounting plugin MagicLeapPassableWorld
LogPluginManager: Mounting plugin MLSDK
LogPluginManager: Mounting plugin GeometryCache
LogPluginManager: Mounting plugin GeometryCollectionPlugin
LogPluginManager: Mounting plugin GeometryProcessing
LogPluginManager: Mounting plugin OpenImageDenoise
LogPluginManager: Mounting plugin MotoSynth
LogPluginManager: Mounting plugin PlanarCut
LogPluginManager: Mounting plugin PlatformCrypto
LogPluginManager: Mounting plugin ProxyLODPlugin
LogPluginManager: Mounting plugin PythonScriptPlugin
LogPluginManager: Mounting plugin LauncherChunkInstaller
LogPluginManager: Mounting plugin SkeletalReduction
LogPluginManager: Mounting plugin OnlineSubsystem
LogPluginManager: Mounting plugin OnlineSubsystemNull
LogPluginManager: Mounting plugin OnlineSubsystemUtils
LogPluginManager: Mounting plugin ScreenshotTools
LogPluginManager: Mounting plugin ActorLayerUtilities
LogPluginManager: Mounting plugin AndroidDeviceProfileSelector
LogPluginManager: Mounting plugin AndroidMoviePlayer
LogPluginManager: Mounting plugin AndroidPermission
LogPluginManager: Mounting plugin AppleImageUtils
LogPluginManager: Mounting plugin AppleMoviePlayer
LogPluginManager: Mounting plugin ArchVisCharacter
LogPluginManager: Mounting plugin AssetTags
LogPluginManager: Mounting plugin AudioCapture
LogPluginManager: Mounting plugin CableComponent
LogPluginManager: Mounting plugin AudioSynesthesia
LogPluginManager: Mounting plugin ChunkDownloader
LogPluginManager: Mounting plugin CustomMeshComponent
LogPluginManager: Mounting plugin EditableMesh
LogPluginManager: Mounting plugin ExampleDeviceProfileSelector
LogPluginManager: Mounting plugin ActorSequence
LogPluginManager: Mounting plugin LevelSequenceEditor
LogPluginManager: Mounting plugin MatineeToLevelSequence
LogPluginManager: Mounting plugin TemplateSequence
LogPluginManager: Mounting plugin GoogleCloudMessaging
LogPluginManager: Mounting plugin GooglePAD
LogPluginManager: Mounting plugin LinuxDeviceProfileSelector
LogPluginManager: Mounting plugin IOSDeviceProfileSelector
LogPluginManager: Mounting plugin LocationServicesBPLibrary
LogPluginManager: Mounting plugin MobilePatchingUtils
LogPluginManager: Mounting plugin OpenXREyeTracker
LogPluginManager: Mounting plugin OpenXR
LogPluginManager: Mounting plugin Takes
LogPluginManager: Mounting plugin OpenXRHandTracking
LogPluginManager: Mounting plugin PhysXVehicles
LogPluginManager: Mounting plugin PostSplashScreen
LogPluginManager: Mounting plugin PropertyAccessEditor
LogPluginManager: Mounting plugin ProceduralMeshComponent
LogPluginManager: Mounting plugin RuntimePhysXCooking
LogPluginManager: Mounting plugin SoundFields
LogPluginManager: Mounting plugin SignificanceManager
LogPluginManager: Mounting plugin Synthesis
LogPluginManager: Mounting plugin WebMMoviePlayer
LogPluginManager: Mounting plugin WindowsMoviePlayer
LogPluginManager: Mounting plugin ContentBrowserAssetDataSource
LogPluginManager: Mounting plugin ContentBrowserClassDataSource
LogPluginManager: Mounting plugin ContentBrowserFileDataSource
LogPluginManager: Mounting plugin RiderLink
LogPluginManager: Mounting plugin OnlineSubsystemGooglePlay
LogPluginManager: Mounting plugin OnlineSubsystemIOS
LogPluginManager: Mounting plugin OculusVR
LogPluginManager: Mounting plugin SteamVR
PixWinPlugin: PIX capture plugin failed to initialize! Check that the process is launched from PIX.
LogInit: Using libcurl 7.55.1-DEV
LogInit:  - built for x86_64-pc-win32
LogInit:  - supports SSL with OpenSSL/1.1.1
LogInit:  - supports HTTP deflate (compression) using libz 1.2.8
LogInit:  - other features:
LogInit:      CURL_VERSION_SSL
LogInit:      CURL_VERSION_LIBZ
LogInit:      CURL_VERSION_IPV6
LogInit:      CURL_VERSION_ASYNCHDNS
LogInit:      CURL_VERSION_LARGEFILE
LogInit:      CURL_VERSION_IDN
LogInit:  CurlRequestOptions (configurable via config and command line):
LogInit:  - bVerifyPeer = true  - Libcurl will verify peer certificate
LogInit:  - bUseHttpProxy = false  - Libcurl will NOT use HTTP proxy
LogInit:  - bDontReuseConnections = false  - Libcurl will reuse connections
LogInit:  - MaxHostConnections = 16  - Libcurl will limit the number of connections to a host
LogInit:  - LocalHostAddr = Default
LogInit:  - BufferSize = 65536
LogOnline: OSS: Creating online subsystem instance for: NULL
LogInit: WinSock: version 1.1 (2.2), MaxSocks=32767, MaxUdp=65467
LogOnline: OSS: TryLoadSubsystemAndSetDefault: Loaded subsystem for module [NULL]
LogOculusPluginWrapper: OculusPlugin initialized successfully
LogHMD: Failed initializing OVRPlugin 1.59.0
LogInit: Build: ++UE4+Release-4.27-CL-18319896
LogInit: Engine Version: 4.27.2-18319896+++UE4+Release-4.27
LogInit: Compatible Engine Version: 4.27.0-17155196+++UE4+Release-4.27
LogInit: Net CL: 17155196
LogInit: OS: Windows 10 (Release 2009) (), CPU: AMD Ryzen 9 7900X 12-Core Processor            , GPU: AMD Radeon RX 7900 XTX
LogInit: Compiled (64-bit): Nov 30 2021 07:12:08
LogInit: Compiled with Visual C++: 19.24.28315.00
LogInit: Build Configuration: DebugGame
LogInit: Branch Name: ++UE4+Release-4.27
LogInit: Command Line:  -skipcompile
LogInit: Base Directory: C:/Program Files/UE_4.27/Engine/Binaries/Win64/
LogInit: Allocator: TBB
LogInit: Installed Engine Build: 1
LogDevObjectVersion: Number of dev versions registered: 29
LogDevObjectVersion:   Dev-Blueprints (B0D832E4-1F89-4F0D-ACCF-7EB736FD4AA2): 10
LogDevObjectVersion:   Dev-Build (E1C64328-A22C-4D53-A36C-8E866417BD8C): 0
LogDevObjectVersion:   Dev-Core (375EC13C-06E4-48FB-B500-84F0262A717E): 4
LogDevObjectVersion:   Dev-Editor (E4B068ED-F494-42E9-A231-DA0B2E46BB41): 40
LogDevObjectVersion:   Dev-Framework (CFFC743F-43B0-4480-9391-14DF171D2073): 37
LogDevObjectVersion:   Dev-Mobile (B02B49B5-BB20-44E9-A304-32B752E40360): 3
LogDevObjectVersion:   Dev-Networking (A4E4105C-59A1-49B5-A7C5-40C4547EDFEE): 0
LogDevObjectVersion:   Dev-Online (39C831C9-5AE6-47DC-9A44-9C173E1C8E7C): 0
LogDevObjectVersion:   Dev-Physics (78F01B33-EBEA-4F98-B9B4-84EACCB95AA2): 14
LogDevObjectVersion:   Dev-Platform (6631380F-2D4D-43E0-8009-CF276956A95A): 0
LogDevObjectVersion:   Dev-Rendering (12F88B9F-8875-4AFC-A67C-D90C383ABD29): 45
LogDevObjectVersion:   Dev-Sequencer (7B5AE74C-D270-4C10-A958-57980B212A5A): 13
LogDevObjectVersion:   Dev-VR (D7296918-1DD6-4BDD-9DE2-64A83CC13884): 3
LogDevObjectVersion:   Dev-LoadTimes (C2A15278-BFE7-4AFE-6C17-90FF531DF755): 1
LogDevObjectVersion:   Private-Geometry (6EACA3D4-40EC-4CC1-B786-8BED09428FC5): 3
LogDevObjectVersion:   Dev-AnimPhys (29E575DD-E0A3-4627-9D10-D276232CDCEA): 17
LogDevObjectVersion:   Dev-Anim (AF43A65D-7FD3-4947-9873-3E8ED9C1BB05): 15
LogDevObjectVersion:   Dev-ReflectionCapture (6B266CEC-1EC7-4B8F-A30B-E4D90942FC07): 1
LogDevObjectVersion:   Dev-Automation (0DF73D61-A23F-47EA-B727-89E90C41499A): 1
LogDevObjectVersion:   FortniteMain (601D1886-AC64-4F84-AA16-D3DE0DEAC7D6): 47
LogDevObjectVersion:   FortniteRelease (E7086368-6B23-4C58-8439-1B7016265E91): 1
LogDevObjectVersion:   Dev-Enterprise (9DFFBCD6-494F-0158-E221-12823C92A888): 10
LogDevObjectVersion:   Dev-Niagara (F2AED0AC-9AFE-416F-8664-AA7FFA26D6FC): 1
LogDevObjectVersion:   Dev-Destruction (174F1F0B-B4C6-45A5-B13F-2EE8D0FB917D): 10
LogDevObjectVersion:   Dev-Physics-Ext (35F94A83-E258-406C-A318-09F59610247C): 41
LogDevObjectVersion:   Dev-PhysicsMaterial-Chaos (B68FC16E-8B1B-42E2-B453-215C058844FE): 1
LogDevObjectVersion:   Dev-CineCamera (B2E18506-4273-CFC2-A54E-F4BB758BBA07): 1
LogDevObjectVersion:   Dev-VirtualProduction (64F58936-FD1B-42BA-BA96-7289D5D0FA4E): 1
LogDevObjectVersion:   Dev-MediaFramework (6F0ED827-A609-4895-9C91-998D90180EA4): 2
LogInit: Presizing for max 25165824 objects, including 0 objects not considered by GC, pre-allocating 0 bytes for permanent pool.
LogConfig: Applying CVar settings from Section [/Script/Engine.StreamingSettings] File [C:/Users/nanim/GitHub/InsectHeaven/InsectHeaven/Saved/Config/Windows/Engine.ini]
LogConfig: Setting CVar [[s.MinBulkDataSizeForAsyncLoading:131072]]
LogConfig: Setting CVar [[s.AsyncLoadingThreadEnabled:0]]
LogConfig: Setting CVar [[s.EventDrivenLoaderEnabled:1]]
LogConfig: Setting CVar [[s.WarnIfTimeLimitExceeded:0]]
LogConfig: Setting CVar [[s.TimeLimitExceededMultiplier:1.5]]
LogConfig: Setting CVar [[s.TimeLimitExceededMinTime:0.005]]
LogConfig: Setting CVar [[s.UseBackgroundLevelStreaming:1]]
LogConfig: Setting CVar [[s.PriorityAsyncLoadingExtraTime:15.0]]
LogConfig: Setting CVar [[s.LevelStreamingActorsUpdateTimeLimit:5.0]]
LogConfig: Setting CVar [[s.PriorityLevelStreamingActorsUpdateExtraTime:5.0]]
LogConfig: Setting CVar [[s.LevelStreamingComponentsRegistrationGranularity:10]]
LogConfig: Setting CVar [[s.UnregisterComponentsTimeLimit:1.0]]
LogConfig: Setting CVar [[s.LevelStreamingComponentsUnregistrationGranularity:5]]
LogConfig: Setting CVar [[s.FlushStreamingOnExit:1]]
LogInit: Object subsystem initialized
LogConfig: Setting CVar [[con.DebugEarlyDefault:1]]
LogConfig: Setting CVar [[r.setres:1280x720]]
[2024.06.23-11.22.10:271][  0]LogConfig: Setting CVar [[r.VSync:0]]
[2024.06.23-11.22.10:271][  0]LogConfig: Setting CVar [[r.RHICmdBypass:0]]
[2024.06.23-11.22.10:271][  0]LogConfig: Applying CVar settings from Section [/Script/Engine.RendererSettings] File [C:/Users/nanim/GitHub/InsectHeaven/InsectHeaven/Saved/Config/Windows/Engine.ini]
[2024.06.23-11.22.10:271][  0]LogConfig: Setting CVar [[r.GPUCrashDebugging:0]]
[2024.06.23-11.22.10:271][  0]LogConfig: Applying CVar settings from Section [/Script/Engine.RendererOverrideSettings] File [C:/Users/nanim/GitHub/InsectHeaven/InsectHeaven/Saved/Config/Windows/Engine.ini]
[2024.06.23-11.22.10:271][  0]LogConfig: Applying CVar settings from Section [/Script/Engine.StreamingSettings] File [C:/Users/nanim/GitHub/InsectHeaven/InsectHeaven/Saved/Config/Windows/Engine.ini]
[2024.06.23-11.22.10:271][  0]LogConfig: Setting CVar [[s.MinBulkDataSizeForAsyncLoading:131072]]
[2024.06.23-11.22.10:272][  0]LogConfig: Setting CVar [[s.AsyncLoadingThreadEnabled:0]]
[2024.06.23-11.22.10:272][  0]LogConfig: Setting CVar [[s.EventDrivenLoaderEnabled:1]]
[2024.06.23-11.22.10:272][  0]LogConfig: Setting CVar [[s.WarnIfTimeLimitExceeded:0]]
[2024.06.23-11.22.10:272][  0]LogConfig: Setting CVar [[s.TimeLimitExceededMultiplier:1.5]]
[2024.06.23-11.22.10:272][  0]LogConfig: Setting CVar [[s.TimeLimitExceededMinTime:0.005]]
[2024.06.23-11.22.10:272][  0]LogConfig: Setting CVar [[s.UseBackgroundLevelStreaming:1]]
[2024.06.23-11.22.10:272][  0]LogConfig: Setting CVar [[s.PriorityAsyncLoadingExtraTime:15.0]]
[2024.06.23-11.22.10:272][  0]LogConfig: Setting CVar [[s.LevelStreamingActorsUpdateTimeLimit:5.0]]
[2024.06.23-11.22.10:272][  0]LogConfig: Setting CVar [[s.PriorityLevelStreamingActorsUpdateExtraTime:5.0]]
[2024.06.23-11.22.10:272][  0]LogConfig: Setting CVar [[s.LevelStreamingComponentsRegistrationGranularity:10]]
[2024.06.23-11.22.10:273][  0]LogConfig: Setting CVar [[s.UnregisterComponentsTimeLimit:1.0]]
[2024.06.23-11.22.10:273][  0]LogConfig: Setting CVar [[s.LevelStreamingComponentsUnregistrationGranularity:5]]
[2024.06.23-11.22.10:273][  0]LogConfig: Setting CVar [[s.FlushStreamingOnExit:1]]
[2024.06.23-11.22.10:273][  0]LogConfig: Applying CVar settings from Section [/Script/Engine.GarbageCollectionSettings] File [C:/Users/nanim/GitHub/InsectHeaven/InsectHeaven/Saved/Config/Windows/Engine.ini]
[2024.06.23-11.22.10:273][  0]LogConfig: Setting CVar [[gc.MaxObjectsNotConsideredByGC:1]]
[2024.06.23-11.22.10:273][  0]LogConfig: Setting CVar [[gc.SizeOfPermanentObjectPool:0]]
[2024.06.23-11.22.10:273][  0]LogConfig: Setting CVar [[gc.FlushStreamingOnGC:0]]
[2024.06.23-11.22.10:273][  0]LogConfig: Setting CVar [[gc.NumRetriesBeforeForcingGC:10]]
[2024.06.23-11.22.10:273][  0]LogConfig: Setting CVar [[gc.AllowParallelGC:1]]
[2024.06.23-11.22.10:273][  0]LogConfig: Setting CVar [[gc.TimeBetweenPurgingPendingKillObjects:61.1]]
[2024.06.23-11.22.10:274][  0]LogConfig: Setting CVar [[gc.MaxObjectsInEditor:25165824]]
[2024.06.23-11.22.10:274][  0]LogConfig: Setting CVar [[gc.IncrementalBeginDestroyEnabled:1]]
[2024.06.23-11.22.10:274][  0]LogConfig: Setting CVar [[gc.CreateGCClusters:1]]
[2024.06.23-11.22.10:274][  0]LogConfig: Setting CVar [[gc.MinGCClusterSize:5]]
[2024.06.23-11.22.10:274][  0]LogConfig: Setting CVar [[gc.ActorClusteringEnabled:0]]
[2024.06.23-11.22.10:274][  0]LogConfig: Setting CVar [[gc.BlueprintClusteringEnabled:0]]
[2024.06.23-11.22.10:274][  0]LogConfig: Setting CVar [[gc.UseDisregardForGCOnDedicatedServers:0]]
[2024.06.23-11.22.10:274][  0]LogConfig: Setting CVar [[gc.MultithreadedDestructionEnabled:1]]
[2024.06.23-11.22.10:274][  0]LogConfig: Applying CVar settings from Section [/Script/Engine.NetworkSettings] File [C:/Users/nanim/GitHub/InsectHeaven/InsectHeaven/Saved/Config/Windows/Engine.ini]
[2024.06.23-11.22.10:274][  0]LogConfig: Applying CVar settings from Section [/Script/UnrealEd.CookerSettings] File [C:/Users/nanim/GitHub/InsectHeaven/InsectHeaven/Saved/Config/Windows/Engine.ini]
[2024.06.23-11.22.10:326][  0]LogConfig: Applying CVar settings from Section [ViewDistanceQuality@3] File [C:/Users/nanim/GitHub/InsectHeaven/InsectHeaven/Saved/Config/Windows/Scalability.ini]
[2024.06.23-11.22.10:326][  0]LogConfig: Setting CVar [[r.SkeletalMeshLODBias:0]]
[2024.06.23-11.22.10:326][  0]LogConfig: Setting CVar [[r.ViewDistanceScale:1.0]]
[2024.06.23-11.22.10:326][  0]LogConfig: Applying CVar settings from Section [AntiAliasingQuality@3] File [C:/Users/nanim/GitHub/InsectHeaven/InsectHeaven/Saved/Config/Windows/Scalability.ini]
[2024.06.23-11.22.10:326][  0]LogConfig: Setting CVar [[r.PostProcessAAQuality:4]]
[2024.06.23-11.22.10:326][  0]LogConfig: Applying CVar settings from Section [ShadowQuality@3] File [C:/Users/nanim/GitHub/InsectHeaven/InsectHeaven/Saved/Config/Windows/Scalability.ini]
[2024.06.23-11.22.10:326][  0]LogConfig: Setting CVar [[r.LightFunctionQuality:1]]
[2024.06.23-11.22.10:326][  0]LogConfig: Setting CVar [[r.ShadowQuality:5]]
[2024.06.23-11.22.10:327][  0]LogConfig: Setting CVar [[r.Shadow.CSM.MaxCascades:10]]
[2024.06.23-11.22.10:327][  0]LogConfig: Setting CVar [[r.Shadow.MaxResolution:2048]]
[2024.06.23-11.22.10:327][  0]LogConfig: Setting CVar [[r.Shadow.MaxCSMResolution:2048]]
[2024.06.23-11.22.10:327][  0]LogConfig: Setting CVar [[r.Shadow.RadiusThreshold:0.01]]
[2024.06.23-11.22.10:327][  0]LogConfig: Setting CVar [[r.Shadow.DistanceScale:1.0]]
[2024.06.23-11.22.10:327][  0]LogConfig: Setting CVar [[r.Shadow.CSM.TransitionScale:1.0]]
[2024.06.23-11.22.10:327][  0]LogConfig: Setting CVar [[r.Shadow.PreShadowResolutionFactor:1.0]]
[2024.06.23-11.22.10:327][  0]LogConfig: Setting CVar [[r.DistanceFieldShadowing:1]]
[2024.06.23-11.22.10:328][  0]LogConfig: Setting CVar [[r.DistanceFieldAO:1]]
[2024.06.23-11.22.10:328][  0]LogConfig: Setting CVar [[r.AOQuality:2]]
[2024.06.23-11.22.10:328][  0]LogConfig: Setting CVar [[r.VolumetricFog:1]]
[2024.06.23-11.22.10:328][  0]LogConfig: Setting CVar [[r.VolumetricFog.GridPixelSize:8]]
[2024.06.23-11.22.10:328][  0]LogConfig: Setting CVar [[r.VolumetricFog.GridSizeZ:128]]
[2024.06.23-11.22.10:328][  0]LogConfig: Setting CVar [[r.VolumetricFog.HistoryMissSupersampleCount:4]]
[2024.06.23-11.22.10:328][  0]LogConfig: Setting CVar [[r.LightMaxDrawDistanceScale:1]]
[2024.06.23-11.22.10:328][  0]LogConfig: Setting CVar [[r.CapsuleShadows:1]]
[2024.06.23-11.22.10:329][  0]LogConfig: Applying CVar settings from Section [PostProcessQuality@3] File [C:/Users/nanim/GitHub/InsectHeaven/InsectHeaven/Saved/Config/Windows/Scalability.ini]
[2024.06.23-11.22.10:329][  0]LogConfig: Setting CVar [[r.MotionBlurQuality:4]]
[2024.06.23-11.22.10:329][  0]LogConfig: Setting CVar [[r.AmbientOcclusionMipLevelFactor:0.4]]
[2024.06.23-11.22.10:329][  0]LogConfig: Setting CVar [[r.AmbientOcclusionMaxQuality:100]]
[2024.06.23-11.22.10:329][  0]LogConfig: Setting CVar [[r.AmbientOcclusionLevels:-1]]
[2024.06.23-11.22.10:329][  0]LogConfig: Setting CVar [[r.AmbientOcclusionRadiusScale:1.0]]
[2024.06.23-11.22.10:329][  0]LogConfig: Setting CVar [[r.DepthOfFieldQuality:2]]
[2024.06.23-11.22.10:329][  0]LogConfig: Setting CVar [[r.RenderTargetPoolMin:400]]
[2024.06.23-11.22.10:330][  0]LogConfig: Setting CVar [[r.LensFlareQuality:2]]
[2024.06.23-11.22.10:330][  0]LogConfig: Setting CVar [[r.SceneColorFringeQuality:1]]
[2024.06.23-11.22.10:330][  0]LogConfig: Setting CVar [[r.EyeAdaptationQuality:2]]
[2024.06.23-11.22.10:330][  0]LogConfig: Setting CVar [[r.BloomQuality:5]]
[2024.06.23-11.22.10:330][  0]LogConfig: Setting CVar [[r.FastBlurThreshold:100]]
[2024.06.23-11.22.10:330][  0]LogConfig: Setting CVar [[r.Upscale.Quality:3]]
[2024.06.23-11.22.10:330][  0]LogConfig: Setting CVar [[r.Tonemapper.GrainQuantization:1]]
[2024.06.23-11.22.10:330][  0]LogConfig: Setting CVar [[r.LightShaftQuality:1]]
[2024.06.23-11.22.10:331][  0]LogConfig: Setting CVar [[r.Filter.SizeScale:1]]
[2024.06.23-11.22.10:331][  0]LogConfig: Setting CVar [[r.Tonemapper.Quality:5]]
[2024.06.23-11.22.10:331][  0]LogConfig: Setting CVar [[r.DOF.Gather.AccumulatorQuality:1        ; higher gathering accumulator quality]]
[2024.06.23-11.22.10:331][  0]LogConfig: Setting CVar [[r.DOF.Gather.PostfilterMethod:1          ; Median3x3 postfilering method]]
[2024.06.23-11.22.10:331][  0]LogConfig: Setting CVar [[r.DOF.Gather.EnableBokehSettings:0       ; no bokeh simulation when gathering]]
[2024.06.23-11.22.10:331][  0]LogConfig: Setting CVar [[r.DOF.Gather.RingCount:4                 ; medium number of samples when gathering]]
[2024.06.23-11.22.10:331][  0]LogConfig: Setting CVar [[r.DOF.Scatter.ForegroundCompositing:1    ; additive foreground scattering]]
[2024.06.23-11.22.10:331][  0]LogConfig: Setting CVar [[r.DOF.Scatter.BackgroundCompositing:2    ; additive background scattering]]
[2024.06.23-11.22.10:331][  0]LogConfig: Setting CVar [[r.DOF.Scatter.EnableBokehSettings:1      ; bokeh simulation when scattering]]
[2024.06.23-11.22.10:332][  0]LogConfig: Setting CVar [[r.DOF.Scatter.MaxSpriteRatio:0.1         ; only a maximum of 10% of scattered bokeh]]
[2024.06.23-11.22.10:332][  0]LogConfig: Setting CVar [[r.DOF.Recombine.Quality:1                ; cheap slight out of focus]]
[2024.06.23-11.22.10:332][  0]LogConfig: Setting CVar [[r.DOF.Recombine.EnableBokehSettings:0    ; no bokeh simulation on slight out of focus]]
[2024.06.23-11.22.10:332][  0]LogConfig: Setting CVar [[r.DOF.TemporalAAQuality:1                ; more stable temporal accumulation]]
[2024.06.23-11.22.10:332][  0]LogConfig: Setting CVar [[r.DOF.Kernel.MaxForegroundRadius:0.025]]
[2024.06.23-11.22.10:332][  0]LogConfig: Setting CVar [[r.DOF.Kernel.MaxBackgroundRadius:0.025]]
[2024.06.23-11.22.10:332][  0]LogConfig: Applying CVar settings from Section [TextureQuality@3] File [C:/Users/nanim/GitHub/InsectHeaven/InsectHeaven/Saved/Config/Windows/Scalability.ini]
[2024.06.23-11.22.10:332][  0]LogConfig: Setting CVar [[r.Streaming.MipBias:0]]
[2024.06.23-11.22.10:332][  0]LogConfig: Setting CVar [[r.Streaming.AmortizeCPUToGPUCopy:0]]
[2024.06.23-11.22.10:332][  0]LogConfig: Setting CVar [[r.Streaming.MaxNumTexturesToStreamPerFrame:0]]
[2024.06.23-11.22.10:332][  0]LogConfig: Setting CVar [[r.Streaming.Boost:1]]
[2024.06.23-11.22.10:333][  0]LogConfig: Setting CVar [[r.MaxAnisotropy:8]]
[2024.06.23-11.22.10:333][  0]LogConfig: Setting CVar [[r.VT.MaxAnisotropy:8]]
[2024.06.23-11.22.10:333][  0]LogConfig: Setting CVar [[r.Streaming.LimitPoolSizeToVRAM:0]]
[2024.06.23-11.22.10:333][  0]LogConfig: Setting CVar [[r.Streaming.PoolSize:1000]]
[2024.06.23-11.22.10:333][  0]LogConfig: Setting CVar [[r.Streaming.MaxEffectiveScreenSize:0]]
[2024.06.23-11.22.10:333][  0]LogConfig: Applying CVar settings from Section [EffectsQuality@3] File [C:/Users/nanim/GitHub/InsectHeaven/InsectHeaven/Saved/Config/Windows/Scalability.ini]
[2024.06.23-11.22.10:333][  0]LogConfig: Setting CVar [[r.TranslucencyLightingVolumeDim:64]]
[2024.06.23-11.22.10:333][  0]LogConfig: Setting CVar [[r.RefractionQuality:2]]
[2024.06.23-11.22.10:333][  0]LogConfig: Setting CVar [[r.SSR.Quality:3]]
[2024.06.23-11.22.10:333][  0]LogConfig: Setting CVar [[r.SSR.HalfResSceneColor:0]]
[2024.06.23-11.22.10:334][  0]LogConfig: Setting CVar [[r.SceneColorFormat:4]]
[2024.06.23-11.22.10:334][  0]LogConfig: Setting CVar [[r.DetailMode:2]]
[2024.06.23-11.22.10:334][  0]LogConfig: Setting CVar [[r.TranslucencyVolumeBlur:1]]
[2024.06.23-11.22.10:334][  0]LogConfig: Setting CVar [[r.MaterialQualityLevel:1 ; High quality]]
[2024.06.23-11.22.10:334][  0]LogConfig: Setting CVar [[r.AnisotropicMaterials:1]]
[2024.06.23-11.22.10:334][  0]LogConfig: Setting CVar [[r.SSS.Scale:1]]
[2024.06.23-11.22.10:334][  0]LogConfig: Setting CVar [[r.SSS.SampleSet:2]]
[2024.06.23-11.22.10:334][  0]LogConfig: Setting CVar [[r.SSS.Quality:1]]
[2024.06.23-11.22.10:334][  0]LogConfig: Setting CVar [[r.SSS.HalfRes:0]]
[2024.06.23-11.22.10:335][  0]LogConfig: Setting CVar [[r.SSGI.Quality:3]]
[2024.06.23-11.22.10:335][  0]LogConfig: Setting CVar [[r.EmitterSpawnRateScale:1.0]]
[2024.06.23-11.22.10:335][  0]LogConfig: Setting CVar [[r.ParticleLightQuality:2]]
[2024.06.23-11.22.10:335][  0]LogConfig: Setting CVar [[r.SkyAtmosphere.AerialPerspectiveLUT.FastApplyOnOpaque:1 ; Always have FastSkyLUT 1 in this case to avoid wrong sky]]
[2024.06.23-11.22.10:335][  0]LogConfig: Setting CVar [[r.SkyAtmosphere.AerialPerspectiveLUT.SampleCountMaxPerSlice:4]]
[2024.06.23-11.22.10:335][  0]LogConfig: Setting CVar [[r.SkyAtmosphere.AerialPerspectiveLUT.DepthResolution:16.0]]
[2024.06.23-11.22.10:335][  0]LogConfig: Setting CVar [[r.SkyAtmosphere.FastSkyLUT:1]]
[2024.06.23-11.22.10:335][  0]LogConfig: Setting CVar [[r.SkyAtmosphere.FastSkyLUT.SampleCountMin:4.0]]
[2024.06.23-11.22.10:335][  0]LogConfig: Setting CVar [[r.SkyAtmosphere.FastSkyLUT.SampleCountMax:128.0]]
[2024.06.23-11.22.10:336][  0]LogConfig: Setting CVar [[r.SkyAtmosphere.SampleCountMin:4.0]]
[2024.06.23-11.22.10:336][  0]LogConfig: Setting CVar [[r.SkyAtmosphere.SampleCountMax:128.0]]
[2024.06.23-11.22.10:336][  0]LogConfig: Setting CVar [[r.SkyAtmosphere.TransmittanceLUT.UseSmallFormat:0]]
[2024.06.23-11.22.10:336][  0]LogConfig: Setting CVar [[r.SkyAtmosphere.TransmittanceLUT.SampleCount:10.0]]
[2024.06.23-11.22.10:336][  0]LogConfig: Setting CVar [[r.SkyAtmosphere.MultiScatteringLUT.SampleCount:15.0]]
[2024.06.23-11.22.10:336][  0]LogConfig: Setting CVar [[r.SkyLight.RealTimeReflectionCapture:1]]
[2024.06.23-11.22.10:336][  0]LogConfig: Applying CVar settings from Section [FoliageQuality@3] File [C:/Users/nanim/GitHub/InsectHeaven/InsectHeaven/Saved/Config/Windows/Scalability.ini]
[2024.06.23-11.22.10:336][  0]LogConfig: Setting CVar [[foliage.DensityScale:1.0]]
[2024.06.23-11.22.10:336][  0]LogConfig: Setting CVar [[grass.DensityScale:1.0]]
[2024.06.23-11.22.10:336][  0]LogConfig: Applying CVar settings from Section [ShadingQuality@3] File [C:/Users/nanim/GitHub/InsectHeaven/InsectHeaven/Saved/Config/Windows/Scalability.ini]
[2024.06.23-11.22.10:336][  0]LogConfig: Setting CVar [[r.HairStrands.SkyLighting.IntegrationType:2]]
[2024.06.23-11.22.10:337][  0]LogConfig: Setting CVar [[r.HairStrands.SkyAO.SampleCount:4]]
[2024.06.23-11.22.10:337][  0]LogConfig: Setting CVar [[r.HairStrands.Visibility.MSAA.SamplePerPixel:4]]
[2024.06.23-11.22.10:337][  0]LogInit: Selected Device Profile: [Windows]
[2024.06.23-11.22.10:337][  0]LogInit: Applying CVar settings loaded from the selected device profile: [Windows]
[2024.06.23-11.22.10:337][  0]LogHAL: Display: Platform has ~ 32 GB [33457160192 / 34359738368 / 32], which maps to Largest [LargestMinGB=32, LargerMinGB=12, DefaultMinGB=8, SmallerMinGB=6, SmallestMinGB=0)
[2024.06.23-11.22.10:337][  0]LogInit: Going up to parent DeviceProfile []
[2024.06.23-11.22.10:337][  0]LogConfig: Applying CVar settings from Section [ViewDistanceQuality@3] File [C:/Users/nanim/GitHub/InsectHeaven/InsectHeaven/Saved/Config/Windows/Scalability.ini]
[2024.06.23-11.22.10:337][  0]LogConfig: Setting CVar [[r.SkeletalMeshLODBias:0]]
[2024.06.23-11.22.10:337][  0]LogConfig: Setting CVar [[r.ViewDistanceScale:1.0]]
[2024.06.23-11.22.10:338][  0]LogConfig: Applying CVar settings from Section [AntiAliasingQuality@3] File [C:/Users/nanim/GitHub/InsectHeaven/InsectHeaven/Saved/Config/Windows/Scalability.ini]
[2024.06.23-11.22.10:338][  0]LogConfig: Setting CVar [[r.PostProcessAAQuality:4]]
[2024.06.23-11.22.10:338][  0]LogConfig: Applying CVar settings from Section [ShadowQuality@3] File [C:/Users/nanim/GitHub/InsectHeaven/InsectHeaven/Saved/Config/Windows/Scalability.ini]
[2024.06.23-11.22.10:338][  0]LogConfig: Setting CVar [[r.LightFunctionQuality:1]]
[2024.06.23-11.22.10:338][  0]LogConfig: Setting CVar [[r.ShadowQuality:5]]
[2024.06.23-11.22.10:338][  0]LogConfig: Setting CVar [[r.Shadow.CSM.MaxCascades:10]]
[2024.06.23-11.22.10:338][  0]LogConfig: Setting CVar [[r.Shadow.MaxResolution:2048]]
[2024.06.23-11.22.10:338][  0]LogConfig: Setting CVar [[r.Shadow.MaxCSMResolution:2048]]
[2024.06.23-11.22.10:338][  0]LogConfig: Setting CVar [[r.Shadow.RadiusThreshold:0.01]]
[2024.06.23-11.22.10:338][  0]LogConfig: Setting CVar [[r.Shadow.DistanceScale:1.0]]
[2024.06.23-11.22.10:338][  0]LogConfig: Setting CVar [[r.Shadow.CSM.TransitionScale:1.0]]
[2024.06.23-11.22.10:339][  0]LogConfig: Setting CVar [[r.Shadow.PreShadowResolutionFactor:1.0]]
[2024.06.23-11.22.10:339][  0]LogConfig: Setting CVar [[r.DistanceFieldShadowing:1]]
[2024.06.23-11.22.10:339][  0]LogConfig: Setting CVar [[r.DistanceFieldAO:1]]
[2024.06.23-11.22.10:339][  0]LogConfig: Setting CVar [[r.AOQuality:2]]
[2024.06.23-11.22.10:339][  0]LogConfig: Setting CVar [[r.VolumetricFog:1]]
[2024.06.23-11.22.10:339][  0]LogConfig: Setting CVar [[r.VolumetricFog.GridPixelSize:8]]
[2024.06.23-11.22.10:339][  0]LogConfig: Setting CVar [[r.VolumetricFog.GridSizeZ:128]]
[2024.06.23-11.22.10:339][  0]LogConfig: Setting CVar [[r.VolumetricFog.HistoryMissSupersampleCount:4]]
[2024.06.23-11.22.10:339][  0]LogConfig: Setting CVar [[r.LightMaxDrawDistanceScale:1]]
[2024.06.23-11.22.10:339][  0]LogConfig: Setting CVar [[r.CapsuleShadows:1]]
[2024.06.23-11.22.10:340][  0]LogConfig: Applying CVar settings from Section [PostProcessQuality@3] File [C:/Users/nanim/GitHub/InsectHeaven/InsectHeaven/Saved/Config/Windows/Scalability.ini]
[2024.06.23-11.22.10:340][  0]LogConfig: Setting CVar [[r.MotionBlurQuality:4]]
[2024.06.23-11.22.10:340][  0]LogConfig: Setting CVar [[r.AmbientOcclusionMipLevelFactor:0.4]]
[2024.06.23-11.22.10:340][  0]LogConfig: Setting CVar [[r.AmbientOcclusionMaxQuality:100]]
[2024.06.23-11.22.10:340][  0]LogConfig: Setting CVar [[r.AmbientOcclusionLevels:-1]]
[2024.06.23-11.22.10:340][  0]LogConfig: Setting CVar [[r.AmbientOcclusionRadiusScale:1.0]]
[2024.06.23-11.22.10:340][  0]LogConfig: Setting CVar [[r.DepthOfFieldQuality:2]]
[2024.06.23-11.22.10:340][  0]LogConfig: Setting CVar [[r.RenderTargetPoolMin:400]]
[2024.06.23-11.22.10:340][  0]LogConfig: Setting CVar [[r.LensFlareQuality:2]]
[2024.06.23-11.22.10:340][  0]LogConfig: Setting CVar [[r.SceneColorFringeQuality:1]]
[2024.06.23-11.22.10:341][  0]LogConfig: Setting CVar [[r.EyeAdaptationQuality:2]]
[2024.06.23-11.22.10:341][  0]LogConfig: Setting CVar [[r.BloomQuality:5]]
[2024.06.23-11.22.10:341][  0]LogConfig: Setting CVar [[r.FastBlurThreshold:100]]
[2024.06.23-11.22.10:341][  0]LogConfig: Setting CVar [[r.Upscale.Quality:3]]
[2024.06.23-11.22.10:341][  0]LogConfig: Setting CVar [[r.Tonemapper.GrainQuantization:1]]
[2024.06.23-11.22.10:341][  0]LogConfig: Setting CVar [[r.LightShaftQuality:1]]
[2024.06.23-11.22.10:341][  0]LogConfig: Setting CVar [[r.Filter.SizeScale:1]]
[2024.06.23-11.22.10:341][  0]LogConfig: Setting CVar [[r.Tonemapper.Quality:5]]
[2024.06.23-11.22.10:341][  0]LogConfig: Setting CVar [[r.DOF.Gather.AccumulatorQuality:1        ; higher gathering accumulator quality]]
[2024.06.23-11.22.10:341][  0]LogConfig: Setting CVar [[r.DOF.Gather.PostfilterMethod:1          ; Median3x3 postfilering method]]
[2024.06.23-11.22.10:341][  0]LogConfig: Setting CVar [[r.DOF.Gather.EnableBokehSettings:0       ; no bokeh simulation when gathering]]
[2024.06.23-11.22.10:342][  0]LogConfig: Setting CVar [[r.DOF.Gather.RingCount:4                 ; medium number of samples when gathering]]
[2024.06.23-11.22.10:342][  0]LogConfig: Setting CVar [[r.DOF.Scatter.ForegroundCompositing:1    ; additive foreground scattering]]
[2024.06.23-11.22.10:342][  0]LogConfig: Setting CVar [[r.DOF.Scatter.BackgroundCompositing:2    ; additive background scattering]]
[2024.06.23-11.22.10:342][  0]LogConfig: Setting CVar [[r.DOF.Scatter.EnableBokehSettings:1      ; bokeh simulation when scattering]]
[2024.06.23-11.22.10:342][  0]LogConfig: Setting CVar [[r.DOF.Scatter.MaxSpriteRatio:0.1         ; only a maximum of 10% of scattered bokeh]]
[2024.06.23-11.22.10:342][  0]LogConfig: Setting CVar [[r.DOF.Recombine.Quality:1                ; cheap slight out of focus]]
[2024.06.23-11.22.10:342][  0]LogConfig: Setting CVar [[r.DOF.Recombine.EnableBokehSettings:0    ; no bokeh simulation on slight out of focus]]
[2024.06.23-11.22.10:342][  0]LogConfig: Setting CVar [[r.DOF.TemporalAAQuality:1                ; more stable temporal accumulation]]
[2024.06.23-11.22.10:342][  0]LogConfig: Setting CVar [[r.DOF.Kernel.MaxForegroundRadius:0.025]]
[2024.06.23-11.22.10:342][  0]LogConfig: Setting CVar [[r.DOF.Kernel.MaxBackgroundRadius:0.025]]
[2024.06.23-11.22.10:342][  0]LogConfig: Applying CVar settings from Section [TextureQuality@3] File [C:/Users/nanim/GitHub/InsectHeaven/InsectHeaven/Saved/Config/Windows/Scalability.ini]
[2024.06.23-11.22.10:343][  0]LogConfig: Setting CVar [[r.Streaming.MipBias:0]]
[2024.06.23-11.22.10:343][  0]LogConfig: Setting CVar [[r.Streaming.AmortizeCPUToGPUCopy:0]]
[2024.06.23-11.22.10:343][  0]LogConfig: Setting CVar [[r.Streaming.MaxNumTexturesToStreamPerFrame:0]]
[2024.06.23-11.22.10:343][  0]LogConfig: Setting CVar [[r.Streaming.Boost:1]]
[2024.06.23-11.22.10:343][  0]LogConfig: Setting CVar [[r.MaxAnisotropy:8]]
[2024.06.23-11.22.10:343][  0]LogConfig: Setting CVar [[r.VT.MaxAnisotropy:8]]
[2024.06.23-11.22.10:343][  0]LogConfig: Setting CVar [[r.Streaming.LimitPoolSizeToVRAM:0]]
[2024.06.23-11.22.10:343][  0]LogConfig: Setting CVar [[r.Streaming.PoolSize:1000]]
[2024.06.23-11.22.10:343][  0]LogConfig: Setting CVar [[r.Streaming.MaxEffectiveScreenSize:0]]
[2024.06.23-11.22.10:343][  0]LogConfig: Applying CVar settings from Section [EffectsQuality@3] File [C:/Users/nanim/GitHub/InsectHeaven/InsectHeaven/Saved/Config/Windows/Scalability.ini]
[2024.06.23-11.22.10:344][  0]LogConfig: Setting CVar [[r.TranslucencyLightingVolumeDim:64]]
[2024.06.23-11.22.10:344][  0]LogConfig: Setting CVar [[r.RefractionQuality:2]]
[2024.06.23-11.22.10:344][  0]LogConfig: Setting CVar [[r.SSR.Quality:3]]
[2024.06.23-11.22.10:344][  0]LogConfig: Setting CVar [[r.SSR.HalfResSceneColor:0]]
[2024.06.23-11.22.10:344][  0]LogConfig: Setting CVar [[r.SceneColorFormat:4]]
[2024.06.23-11.22.10:344][  0]LogConfig: Setting CVar [[r.DetailMode:2]]
[2024.06.23-11.22.10:344][  0]LogConfig: Setting CVar [[r.TranslucencyVolumeBlur:1]]
[2024.06.23-11.22.10:344][  0]LogConfig: Setting CVar [[r.MaterialQualityLevel:1 ; High quality]]
[2024.06.23-11.22.10:344][  0]LogConfig: Setting CVar [[r.AnisotropicMaterials:1]]
[2024.06.23-11.22.10:344][  0]LogConfig: Setting CVar [[r.SSS.Scale:1]]
[2024.06.23-11.22.10:345][  0]LogConfig: Setting CVar [[r.SSS.SampleSet:2]]
[2024.06.23-11.22.10:345][  0]LogConfig: Setting CVar [[r.SSS.Quality:1]]
[2024.06.23-11.22.10:345][  0]LogConfig: Setting CVar [[r.SSS.HalfRes:0]]
[2024.06.23-11.22.10:345][  0]LogConfig: Setting CVar [[r.SSGI.Quality:3]]
[2024.06.23-11.22.10:345][  0]LogConfig: Setting CVar [[r.EmitterSpawnRateScale:1.0]]
[2024.06.23-11.22.10:345][  0]LogConfig: Setting CVar [[r.ParticleLightQuality:2]]
[2024.06.23-11.22.10:345][  0]LogConfig: Setting CVar [[r.SkyAtmosphere.AerialPerspectiveLUT.FastApplyOnOpaque:1 ; Always have FastSkyLUT 1 in this case to avoid wrong sky]]
[2024.06.23-11.22.10:345][  0]LogConfig: Setting CVar [[r.SkyAtmosphere.AerialPerspectiveLUT.SampleCountMaxPerSlice:4]]
[2024.06.23-11.22.10:345][  0]LogConfig: Setting CVar [[r.SkyAtmosphere.AerialPerspectiveLUT.DepthResolution:16.0]]
[2024.06.23-11.22.10:345][  0]LogConfig: Setting CVar [[r.SkyAtmosphere.FastSkyLUT:1]]
[2024.06.23-11.22.10:345][  0]LogConfig: Setting CVar [[r.SkyAtmosphere.FastSkyLUT.SampleCountMin:4.0]]
[2024.06.23-11.22.10:346][  0]LogConfig: Setting CVar [[r.SkyAtmosphere.FastSkyLUT.SampleCountMax:128.0]]
[2024.06.23-11.22.10:346][  0]LogConfig: Setting CVar [[r.SkyAtmosphere.SampleCountMin:4.0]]
[2024.06.23-11.22.10:346][  0]LogConfig: Setting CVar [[r.SkyAtmosphere.SampleCountMax:128.0]]
[2024.06.23-11.22.10:346][  0]LogConfig: Setting CVar [[r.SkyAtmosphere.TransmittanceLUT.UseSmallFormat:0]]
[2024.06.23-11.22.10:346][  0]LogConfig: Setting CVar [[r.SkyAtmosphere.TransmittanceLUT.SampleCount:10.0]]
[2024.06.23-11.22.10:346][  0]LogConfig: Setting CVar [[r.SkyAtmosphere.MultiScatteringLUT.SampleCount:15.0]]
[2024.06.23-11.22.10:346][  0]LogConfig: Setting CVar [[r.SkyLight.RealTimeReflectionCapture:1]]
[2024.06.23-11.22.10:346][  0]LogConfig: Applying CVar settings from Section [FoliageQuality@3] File [C:/Users/nanim/GitHub/InsectHeaven/InsectHeaven/Saved/Config/Windows/Scalability.ini]
[2024.06.23-11.22.10:346][  0]LogConfig: Setting CVar [[foliage.DensityScale:1.0]]
[2024.06.23-11.22.10:346][  0]LogConfig: Setting CVar [[grass.DensityScale:1.0]]
[2024.06.23-11.22.10:347][  0]LogConfig: Applying CVar settings from Section [ShadingQuality@3] File [C:/Users/nanim/GitHub/InsectHeaven/InsectHeaven/Saved/Config/Windows/Scalability.ini]
[2024.06.23-11.22.10:347][  0]LogConfig: Setting CVar [[r.HairStrands.SkyLighting.IntegrationType:2]]
[2024.06.23-11.22.10:347][  0]LogConfig: Setting CVar [[r.HairStrands.SkyAO.SampleCount:4]]
[2024.06.23-11.22.10:347][  0]LogConfig: Setting CVar [[r.HairStrands.Visibility.MSAA.SamplePerPixel:4]]
[2024.06.23-11.22.10:347][  0]LogConfig: Applying CVar settings from Section [Startup] File [../../../Engine/Config/ConsoleVariables.ini]
[2024.06.23-11.22.10:347][  0]LogConfig: Setting CVar [[net.UseAdaptiveNetUpdateFrequency:0]]
[2024.06.23-11.22.10:347][  0]LogConfig: Setting CVar [[p.chaos.AllowCreatePhysxBodies:1]]
[2024.06.23-11.22.10:347][  0]LogConfig: Setting CVar [[fx.SkipVectorVMBackendOptimizations:1]]
[2024.06.23-11.22.10:348][  0]LogConfig: Applying CVar settings from Section [ConsoleVariables] File [C:/Users/nanim/GitHub/InsectHeaven/InsectHeaven/Saved/Config/Windows/Engine.ini]
[2024.06.23-11.22.10:348][  0]LogConfig: Applying CVar settings from Section [ConsoleVariables] File [C:/Users/nanim/GitHub/InsectHeaven/InsectHeaven/Saved/Config/Windows/Editor.ini]
[2024.06.23-11.22.10:348][  0]LogInit: Computer: DESKTOP-NS5ONMH
[2024.06.23-11.22.10:348][  0]LogInit: User: nanim
[2024.06.23-11.22.10:348][  0]LogInit: CPU Page size=4096, Cores=12
[2024.06.23-11.22.10:348][  0]LogInit: High frequency timer resolution =10.000000 MHz
[2024.06.23-11.22.10:348][  0]LogMemory: Memory total: Physical=31.2GB (32GB approx)
[2024.06.23-11.22.10:348][  0]LogMemory: Platform Memory Stats for Windows
[2024.06.23-11.22.10:348][  0]LogMemory: Process Physical Memory: 154.12 MB used, 154.12 MB peak
[2024.06.23-11.22.10:348][  0]LogMemory: Process Virtual Memory: 134.02 MB used, 134.02 MB peak
[2024.06.23-11.22.10:349][  0]LogMemory: Physical Memory: 18050.64 MB used,  13856.59 MB free, 31907.23 MB total
[2024.06.23-11.22.10:349][  0]LogMemory: Virtual Memory: 134177912.00 MB used,  39815.17 MB free, 134217728.00 MB total
[2024.06.23-11.22.10:361][  0]LogWindows: WindowsPlatformFeatures enabled
[2024.06.23-11.22.10:467][  0]LogInit: Physics initialised using underlying interface: PhysX
[2024.06.23-11.22.10:467][  0]LogInit: Using OS detected language (ko-KR).
[2024.06.23-11.22.10:467][  0]LogInit: Using OS detected locale (ko-KR).
[2024.06.23-11.22.10:472][  0]LogTextLocalizationManager: No specific localization for 'ko-KR' exists, so the 'ko' localization will be used.
[2024.06.23-11.22.10:540][  0]LogInit: Setting process to per monitor DPI aware
[2024.06.23-11.22.10:663][  0]LogWindowsTextInputMethodSystem: Display: IME system deactivated.
[2024.06.23-11.22.10:688][  0]LogSlate: New Slate User Created.  User Index 0, Is Virtual User: 0
[2024.06.23-11.22.10:688][  0]LogSlate: Slate User Registered.  User Index 0, Is Virtual User: 0
[2024.06.23-11.22.10:824][  0]LogD3D11RHI: Loaded GFSDK_Aftermath_Lib.x64.dll
[2024.06.23-11.22.10:831][  0]LogHMD: Failed to initialize OpenVR with code 110
[2024.06.23-11.22.10:831][  0]LogD3D11RHI: D3D11 min allowed feature level: 11_0
[2024.06.23-11.22.10:831][  0]LogD3D11RHI: D3D11 max allowed feature level: 11_0
[2024.06.23-11.22.10:831][  0]LogD3D11RHI: D3D11 adapters:
[2024.06.23-11.22.10:926][  0]LogD3D11RHI:    0. 'AMD Radeon RX 7900 XTX' (Feature Level 11_0)
[2024.06.23-11.22.10:926][  0]LogD3D11RHI:       24515/0/15953 MB DedicatedVideo/DedicatedSystem/SharedSystem, Outputs:2, VendorId:0x1002
[2024.06.23-11.22.10:986][  0]LogD3D11RHI:    1. 'AMD Radeon(TM) Graphics' (Feature Level 11_0)
[2024.06.23-11.22.10:986][  0]LogD3D11RHI:       485/0/15953 MB DedicatedVideo/DedicatedSystem/SharedSystem, Outputs:0, VendorId:0x1002
[2024.06.23-11.22.10:991][  0]LogD3D11RHI:    2. 'Microsoft Basic Render Driver' (Feature Level 11_0)
[2024.06.23-11.22.10:991][  0]LogD3D11RHI:       0/0/15953 MB DedicatedVideo/DedicatedSystem/SharedSystem, Outputs:0, VendorId:0x1414
[2024.06.23-11.22.10:991][  0]LogD3D11RHI: Chosen D3D11 Adapter:
[2024.06.23-11.22.10:991][  0]LogD3D11RHI:     Description : AMD Radeon RX 7900 XTX
[2024.06.23-11.22.10:991][  0]LogD3D11RHI:     VendorId    : 1002
[2024.06.23-11.22.10:991][  0]LogD3D11RHI:     DeviceId    : 744c
[2024.06.23-11.22.10:992][  0]LogD3D11RHI:     SubSysId    : e3b1002
[2024.06.23-11.22.10:992][  0]LogD3D11RHI:     Revision    : 00c8
[2024.06.23-11.22.10:992][  0]LogD3D11RHI:     DedicatedVideoMemory : 25706012672 bytes
[2024.06.23-11.22.10:992][  0]LogD3D11RHI:     DedicatedSystemMemory : 0 bytes
[2024.06.23-11.22.10:992][  0]LogD3D11RHI:     SharedSystemMemory : 16728580096 bytes
[2024.06.23-11.22.10:992][  0]LogD3D11RHI:     AdapterLuid : 0 69774
[2024.06.23-11.22.10:998][  0]LogD3D11RHI: Creating new Direct3DDevice
[2024.06.23-11.22.10:998][  0]LogD3D11RHI:     GPU DeviceId: 0x744c (for the marketing name, search the web for "GPU Device Id")
[2024.06.23-11.22.10:998][  0]LogWindows: EnumDisplayDevices:
[2024.06.23-11.22.10:998][  0]LogWindows:    0. 'AMD Radeon RX 7900 XTX' (P:1 D:1)
[2024.06.23-11.22.10:999][  0]LogWindows:    1. 'AMD Radeon RX 7900 XTX' (P:0 D:1)
[2024.06.23-11.22.11:000][  0]LogWindows:    2. 'AMD Radeon RX 7900 XTX' (P:0 D:0)
[2024.06.23-11.22.11:001][  0]LogWindows:    3. 'AMD Radeon RX 7900 XTX' (P:0 D:0)
[2024.06.23-11.22.11:001][  0]LogWindows:    4. 'AMD Radeon RX 7900 XTX' (P:0 D:0)
[2024.06.23-11.22.11:002][  0]LogWindows:    5. 'AMD Radeon(TM) Graphics' (P:0 D:0)
[2024.06.23-11.22.11:003][  0]LogWindows:    6. 'AMD Radeon(TM) Graphics' (P:0 D:0)
[2024.06.23-11.22.11:004][  0]LogWindows:    7. 'AMD Radeon(TM) Graphics' (P:0 D:0)
[2024.06.23-11.22.11:005][  0]LogWindows:    8. 'AMD Radeon(TM) Graphics' (P:0 D:0)
[2024.06.23-11.22.11:005][  0]LogWindows:    9. 'AMD Radeon(TM) Graphics' (P:0 D:0)
[2024.06.23-11.22.11:006][  0]LogWindows: DebugString: PrimaryIsNotTheChoosenAdapter PrimaryIsNotTheChoosenAdapter PrimaryIsNotTheChoosenAdapter PrimaryIsNotTheChoosenAdapter PrimaryIsNotTheChoosenAdapter FoundDriverCount:5 
[2024.06.23-11.22.11:006][  0]LogD3D11RHI:     Adapter Name: AMD Radeon RX 7900 XTX
[2024.06.23-11.22.11:006][  0]LogD3D11RHI:   Driver Version: AMD Software: Adrenalin Edition 23.8.1 (internal:31.0.21029.1006, unified:31.0.21029.1006)
[2024.06.23-11.22.11:006][  0]LogD3D11RHI:      Driver Date: 8-14-2023
[2024.06.23-11.22.11:006][  0]LogRHI: Texture pool is 16623 MB (70% of 23747 MB)
[2024.06.23-11.22.11:047][  0]LogD3D11RHI: Creating D3DDevice with AMD AGS, using adapter:
[2024.06.23-11.22.11:047][  0]LogD3D11RHI:     Description : AMD Radeon RX 7900 XTX
[2024.06.23-11.22.11:048][  0]LogD3D11RHI:     VendorId    : 1002
[2024.06.23-11.22.11:048][  0]LogD3D11RHI:     DeviceId    : 744c
[2024.06.23-11.22.11:048][  0]LogD3D11RHI:     SubSysId    : e3b1002
[2024.06.23-11.22.11:048][  0]LogD3D11RHI:     Revision    : 00c8
[2024.06.23-11.22.11:048][  0]LogD3D11RHI:     DedicatedVideoMemory : 25706012672 bytes
[2024.06.23-11.22.11:048][  0]LogD3D11RHI:     DedicatedSystemMemory : 0 bytes
[2024.06.23-11.22.11:048][  0]LogD3D11RHI:     SharedSystemMemory : 16728580096 bytes
[2024.06.23-11.22.11:048][  0]LogD3D11RHI:     AdapterLuid : 0 69774
[2024.06.23-11.22.11:113][  0]LogD3D11RHI: Created device via AGS, feature level 11_0, supported extensions 1fffffbf.
[2024.06.23-11.22.11:113][  0]LogD3D11RHI: RHI has support for 64 bit atomics
[2024.06.23-11.22.11:113][  0]LogD3D11RHI: Async texture creation enabled
[2024.06.23-11.22.11:113][  0]LogD3D11RHI: Array index from any shader is supported
[2024.06.23-11.22.11:124][  0]LogD3D11RHI: GPU Timing Frequency: 100.000000 (Debug: 2 1)
[2024.06.23-11.22.11:368][  0]LogTargetPlatformManager: Display: Loaded TargetPlatform 'AllDesktop'
[2024.06.23-11.22.11:389][  0]LogTargetPlatformManager: Display: Loaded TargetPlatform 'Android'
[2024.06.23-11.22.11:390][  0]LogTargetPlatformManager: Display: Loaded TargetPlatform 'Android_ASTC'
[2024.06.23-11.22.11:390][  0]LogTargetPlatformManager: Display: Loaded TargetPlatform 'Android_DXT'
[2024.06.23-11.22.11:390][  0]LogTargetPlatformManager: Display: Loaded TargetPlatform 'Android_ETC2'
[2024.06.23-11.22.11:390][  0]LogTargetPlatformManager: Display: Loaded TargetPlatform 'AndroidClient'
[2024.06.23-11.22.11:390][  0]LogTargetPlatformManager: Display: Loaded TargetPlatform 'Android_ASTCClient'
[2024.06.23-11.22.11:390][  0]LogTargetPlatformManager: Display: Loaded TargetPlatform 'Android_DXTClient'
[2024.06.23-11.22.11:390][  0]LogTargetPlatformManager: Display: Loaded TargetPlatform 'Android_ETC2Client'
[2024.06.23-11.22.11:390][  0]LogTargetPlatformManager: Display: Loaded TargetPlatform 'Android_Multi'
[2024.06.23-11.22.11:391][  0]LogTargetPlatformManager: Display: Loaded TargetPlatform 'Android_MultiClient'
[2024.06.23-11.22.11:418][  0]LogTargetPlatformManager: Display: Loaded TargetPlatform 'IOSClient'
[2024.06.23-11.22.11:418][  0]LogTargetPlatformManager: Display: Loaded TargetPlatform 'IOS'
[2024.06.23-11.22.11:430][  0]LogTargetPlatformManager: Display: Loaded TargetPlatform 'Linux'
[2024.06.23-11.22.11:438][  0]LogTargetPlatformManager: Display: Loaded TargetPlatform 'LinuxNoEditor'
[2024.06.23-11.22.11:446][  0]LogTargetPlatformManager: Display: Loaded TargetPlatform 'LinuxClient'
[2024.06.23-11.22.11:455][  0]LogTargetPlatformManager: Display: Loaded TargetPlatform 'LinuxServer'
[2024.06.23-11.22.11:466][  0]LogTargetPlatformManager: Display: Loaded TargetPlatform 'LinuxAArch64NoEditor'
[2024.06.23-11.22.11:475][  0]LogTargetPlatformManager: Display: Loaded TargetPlatform 'LinuxAArch64Client'
[2024.06.23-11.22.11:483][  0]LogTargetPlatformManager: Display: Loaded TargetPlatform 'LinuxAArch64Server'
[2024.06.23-11.22.11:504][  0]LogTargetPlatformManager: Display: Loaded TargetPlatform 'Lumin'
[2024.06.23-11.22.11:504][  0]LogTargetPlatformManager: Display: Loaded TargetPlatform 'LuminClient'
[2024.06.23-11.22.11:514][  0]LogTargetPlatformManager: Display: Loaded TargetPlatform 'MacNoEditor'
[2024.06.23-11.22.11:523][  0]LogTargetPlatformManager: Display: Loaded TargetPlatform 'Mac'
[2024.06.23-11.22.11:530][  0]LogTargetPlatformManager: Display: Loaded TargetPlatform 'MacClient'
[2024.06.23-11.22.11:538][  0]LogTargetPlatformManager: Display: Loaded TargetPlatform 'MacServer'
[2024.06.23-11.22.11:550][  0]LogTargetPlatformManager: Display: Loaded TargetPlatform 'TVOSClient'
[2024.06.23-11.22.11:550][  0]LogTargetPlatformManager: Display: Loaded TargetPlatform 'TVOS'
[2024.06.23-11.22.11:561][  0]LogTargetPlatformManager: Display: Loaded TargetPlatform 'WindowsNoEditor'
[2024.06.23-11.22.11:570][  0]LogTargetPlatformManager: Display: Loaded TargetPlatform 'Windows'
[2024.06.23-11.22.11:579][  0]LogTargetPlatformManager: Display: Loaded TargetPlatform 'WindowsClient'
[2024.06.23-11.22.11:587][  0]LogTargetPlatformManager: Display: Loaded TargetPlatform 'WindowsServer'
[2024.06.23-11.22.11:587][  0]LogTargetPlatformManager: Display: Building Assets For Windows
[2024.06.23-11.22.11:615][  0]LogAudioDebug: Display: Lib vorbis DLL was dynamically loaded.
[2024.06.23-11.22.11:706][  0]LogTextureFormatOodle: Display: Oodle Texture 2.9.0 init RDO Off
[2024.06.23-11.22.11:787][  0]LogRendererCore: Ray tracing is disabled. Reason: r.RayTracing=0.
[2024.06.23-11.22.11:787][  0]LogShaderCompilers: Guid format shader working directory is -13 characters bigger than the processId version (../../../../../Users/nanim/GitHub/InsectHeaven/InsectHeaven/Intermediate/Shaders/WorkingDirectory/3628/).
[2024.06.23-11.22.11:787][  0]LogShaderCompilers: Cleaned the shader compiler working directory 'C:/Users/nanim/AppData/Local/Temp/UnrealShaderWorkingDir/4DC04A7346D7355563A59290F6F790FF/'.
[2024.06.23-11.22.11:788][  0]LogXGEController: Cannot use XGE Controller as Incredibuild is not installed on this machine.
[2024.06.23-11.22.11:788][  0]LogShaderCompilers: Cannot use XGE Shader Compiler as Incredibuild is not installed on this machine.
[2024.06.23-11.22.11:788][  0]LogShaderCompilers: Display: Using Local Shader Compiler.
[2024.06.23-11.22.12:234][  0]LogDerivedDataCache: Display: Max Cache Size: 512 MB
[2024.06.23-11.22.12:270][  0]LogDerivedDataCache: Loaded boot cache 0.04s 94MB C:/Users/nanim/AppData/Local/UnrealEngine/4.27/DerivedDataCache/Boot.ddc.
[2024.06.23-11.22.12:270][  0]LogDerivedDataCache: Display: Loaded Boot cache: C:/Users/nanim/AppData/Local/UnrealEngine/4.27/DerivedDataCache/Boot.ddc
[2024.06.23-11.22.12:271][  0]LogDerivedDataCache: FDerivedDataBackendGraph:  Pak pak cache file ../../../../../Users/nanim/GitHub/InsectHeaven/InsectHeaven/DerivedDataCache/DDC.ddp not found, will not use a pak cache.
[2024.06.23-11.22.12:271][  0]LogDerivedDataCache: Unable to find inner node Pak for hierarchical cache Hierarchy.
[2024.06.23-11.22.12:271][  0]LogDerivedDataCache: FDerivedDataBackendGraph:  CompressedPak pak cache file ../../../../../Users/nanim/GitHub/InsectHeaven/InsectHeaven/DerivedDataCache/Compressed.ddp not found, will not use a pak cache.
[2024.06.23-11.22.12:271][  0]LogDerivedDataCache: Unable to find inner node CompressedPak for hierarchical cache Hierarchy.
[2024.06.23-11.22.12:282][  0]LogDerivedDataCache: Display: Pak cache opened for reading ../../../Engine/DerivedDataCache/Compressed.ddp.
[2024.06.23-11.22.12:283][  0]LogDerivedDataCache: FDerivedDataBackendGraph:  EnterprisePak pak cache file ../../../Enterprise/DerivedDataCache/Compressed.ddp not found, will not use a pak cache.
[2024.06.23-11.22.12:283][  0]LogDerivedDataCache: Unable to find inner node EnterprisePak for hierarchical cache Hierarchy.
[2024.06.23-11.22.12:291][  0]LogDerivedDataCache: Speed tests for C:/Users/nanim/AppData/Local/UnrealEngine/Common/DerivedDataCache took 0.01 seconds
[2024.06.23-11.22.12:291][  0]LogDerivedDataCache: Display: Performance to C:/Users/nanim/AppData/Local/UnrealEngine/Common/DerivedDataCache: Latency=0.04ms. RandomReadSpeed=798.49MBs, RandomWriteSpeed=152.35MBs. Assigned SpeedClass 'Local'
[2024.06.23-11.22.12:292][  0]LogDerivedDataCache: Using Local data cache path C:/Users/nanim/AppData/Local/UnrealEngine/Common/DerivedDataCache: Writable
[2024.06.23-11.22.12:292][  0]LogDerivedDataCache: Shared data cache path not found in *engine.ini, will not use an Shared cache.
[2024.06.23-11.22.12:292][  0]LogDerivedDataCache: Unable to find inner node Shared for hierarchical cache Hierarchy.
[2024.06.23-11.22.12:317][  0]LogSlate: Using FreeType 2.10.0
[2024.06.23-11.22.12:318][  0]LogSlate: SlateFontServices - WITH_FREETYPE: 1, WITH_HARFBUZZ: 1
[2024.06.23-11.22.12:338][  0]LogAssetRegistry: FAssetRegistry took 0.0023 seconds to start up
[2024.06.23-11.22.12:477][  0]LogInit: Selected Device Profile: [Windows]
[2024.06.23-11.22.12:477][  0]LogInit: Active device profile: [000002CF53701400][000002CF506CC2C0 49] Windows
[2024.06.23-11.22.12:477][  0]LogInit: Profiles: [000002CF53701400][000002CF506CC2C0 49] Windows, [000002CF536A2A00][000002CF48B3C440 49] WindowsNoEditor, [000002CF53703100][000002CF48B38580 49] WindowsServer, [000002CF53687F00][000002CF48B406C0 49] WindowsClient, [000002CF536A3C00][000002CF48B44800 49] IOS, [000002CF53685700][000002CF5050E940 49] iPadAir, [000002CF536A2200][000002CF50516AC0 49] iPadAir2, [000002CF5363C400][000002CF5051ED80 49] IPadPro, [000002CF5363C500][000002CF5051ADC0 49] iPadAir3, [000002CF53685900][000002CF50522F40 49] iPadAir4, [000002CF5363F000][000002CF505270C0 49] iPadMini2, [000002CF53687D00][000002CF5052B240 49] iPadMini3, [000002CF5363CB00][000002CF5052F3C0 49] iPadMini4, [000002CF53684A00][000002CF50533540 49] iPadMini5, [000002CF5363BC00][000002CF5053B800 49] iPhone6, [000002CF5363BD00][000002CF50537840 49] iPodTouch6, [000002CF53702500][000002CF50543B00 49] iPhone7, [000002CF53702300][000002CF5053FB40 49] iPodTouch7, [000002CF53638600][000002CF50546140 49] iPhone5S, [000002CF5363EE00][000002CF5054A2C0 49] iPhone6Plus, [000002CF53639F00][000002CF5054E440 49] iPhone6S, [000002CF5363D300][000002CF505525C0 49] iPhone6SPlus, [000002CF53701300][000002CF50556740 49] iPhone7Plus, [000002CF5363EA00][000002CF50512880 49] iPhoneSE, [000002CF53700B00][000002CF529E69C0 49] iPhone8, [000002CF5363E400][000002CF529EAB00 49] iPhone8Plus, [000002CF53700100][000002CF529F2C80 49] iPhoneX, [000002CF5363D000][000002CF529F6E00 49] iPhoneXS, [000002CF53701800][000002CF529FAF80 49] iPhoneXSMax, [000002CF5363F800][000002CF529FF100 49] iPhoneXR, [000002CF53702D00][000002CF52A03280 49] iPhone11, [000002CF5363DF00][000002CF52A07400 49] iPhone11Pro, [000002CF53703600][000002CF52A0B580 49] iPhone11ProMax, [000002CF5363DA00][000002CF52A0F700 49] iPhoneSE2, [000002CF53701F00][000002CF52A13880 49] iPhone12Mini, [000002CF5363C900][000002CF52A17A00 49] iPhone12, [000002CF53701000][000002CF52A1BB80 49] iPhone12Pro, [000002CF5363DC00][000002CF52A1E180 49] iPhone12ProMax, [000002CF53701B00][000002CF52A22300 49] iPadPro105, [000002CF5363CA00][000002CF52A26480 49] iPadPro129, [000002CF53702700][000002CF52A2A600 49] iPadPro97, [000002CF5363CC00][000002CF52A2E780 49] iPadPro2_129, [000002CF53702E00][000002CF52A32900 49] iPad5, [000002CF5363DE00][000002CF529EEA40 49] iPad6, [000002CF53702100][000002CF52A36B80 49] iPad7, [000002CF5363EF00][000002CF52A3ACC0 49] iPad8, [000002CF53700D00][000002CF52A42E40 49] iPadPro11, [000002CF5363FA00][000002CF52A46FC0 49] iPadPro2_11, [000002CF53700400][000002CF52A4B140 49] iPadPro3_129, [000002CF5363D900][000002CF52A4F2C0 49] iPadPro4_129, [000002CF53703700][000002CF52A53440 49] AppleTV, [000002CF5363F900][000002CF52A575C0 49] AppleTV4K, [000002CF53702800][000002CF52A5B740 49] TVOS, [000002CF5363E500][000002CF52A5F8C0 49] Mac, [000002CF53703800][000002CF52A63A40 49] MacClient, [000002CF5363DB00][000002CF52A67BC0 49] MacNoEditor, [000002CF53700600][000002CF52A6A1C0 49] MacServer, [000002CF5363F400][000002CF52A6E340 49] Linux, [000002CF53700200][000002CF52ABC4C0 49] LinuxAArch64, [000002CF5363C300][000002CF52AC0640 49] LinuxNoEditor, [000002CF53703C00][000002CF52AC47C0 49] LinuxAArch64NoEditor, [000002CF5363D100][000002CF52ACC940 49] LinuxClient, [000002CF53702F00][000002CF52AD4AC0 49] LinuxAArch64Client, [000002CF5363CF00][000002CF52A3EC00 49] LinuxServer, [000002CF53701700][000002CF4D1E0D40 49] LinuxAArch64Server, [000002CF5363E800][000002CF48E54E80 49] Android, [000002CF53685B00][000002CF48E58FC0 49] Android_Low, [000002CF53638900][000002CF48E61140 49] Android_Mid, [000002CF53685E00][000002CF48E652C0 49] Android_High, [000002CF53639900][000002CF53E3F440 49] Android_Default, [000002CF53686B00][000002CF48B915C0 49] Android_Adreno4xx, [000002CF53639100][000002CF48B99740 49] Android_Adreno5xx_Low, [000002CF53686100][000002CF48B9D8C0 49] Android_Adreno5xx, [000002CF53639600][000002CF48BA1A40 49] Android_Adreno6xx, [000002CF53684B00][000002CF48BA9BC0 49] Android_Adreno6xx_Vulkan, [000002CF53638300][000002CF48BB81C0 49] Android_Mali_T6xx, [000002CF53687C00][000002CF48BC4340 49] Android_Mali_T7xx, [000002CF5363A600][000002CF53C264C0 49] Android_Mali_T8xx, [000002CF53684C00][000002CF53C2A640 49] Android_Mali_G71, [000002CF5363B100][000002CF494467C0 49] Android_Mali_G72, [000002CF53684900][000002CF4944A940 49] Android_Mali_G72_Vulkan, [000002CF5363B700][000002CF4944EAC0 49] Android_Mali_G76, [000002CF53686900][000002CF49452C40 49] Android_Mali_G76_Vulkan, [000002CF53639800][000002CF48E5CD80 49] Android_Mali_G77, [000002CF53687900][000002CF49456EC0 49] Android_Mali_G77_Vulkan, [000002CF5363B000][000002CF4945B000 49] Android_Mali_G78, [000002CF53684500][000002CF4945F140 49] Android_Mali_G78_Vulkan, [000002CF53638B00][000002CF4D1C72C0 49] Android_Mali_G710, [000002CF53687B00][000002CF542F7440 49] Android_Mali_G710_Vulkan, [000002CF53638F00][000002CF542FB5C0 49] Android_Vulkan_SM5, [000002CF53686000][000002CF4D1CB740 49] Android_PowerVR_G6xxx, [000002CF53638200][000002CF4D1CF8C0 49] Android_PowerVR_GT7xxx, [000002CF53684F00][000002CF53FBFA40 49] Android_PowerVR_GE8xxx, [000002CF5363AD00][000002CF53FC3BC0 49] Android_PowerVR_GM9xxx, [000002CF5363F200][000002CF53FC61C0 49] Android_PowerVR_GM9xxx_Vulkan, [000002CF5363BF00][000002CF53FCA340 49] Android_TegraK1, [000002CF5363F100][000002CF53ED84C0 49] Android_Unknown_Vulkan, [000002CF53638D00][000002CF53EDC640 49] Lumin, [000002CF5363D800][000002CF53EE07C0 49] Lumin_Desktop, [000002CF53638400][000002CF53EE4940 49] HoloLens, 
[2024.06.23-11.22.12:615][  0]LogMeshReduction: Using QuadricMeshReduction for automatic static mesh reduction
[2024.06.23-11.22.12:615][  0]LogMeshReduction: Using SimplygonMeshReduction for automatic skeletal mesh reduction
[2024.06.23-11.22.12:615][  0]LogMeshReduction: Using ProxyLODMeshReduction for automatic mesh merging
[2024.06.23-11.22.12:615][  0]LogMeshReduction: No distributed automatic mesh merging module available
[2024.06.23-11.22.12:615][  0]LogMeshMerging: No distributed automatic mesh merging module available
[2024.06.23-11.22.12:632][  0]LogNetVersion: InsectHeaven 1.0.0, NetCL: 17155196, EngineNetVer: 17, GameNetVer: 0 (Checksum: 3375795940)
[2024.06.23-11.22.12:864][  0]LogTexture: Default maximum texture size for cubemaps generated from long-lat sources has been changed from 512 to unlimited. In order to preserve old behaiour for '/Engine/MapTemplates/Sky/DaylightAmbientCubemap.DaylightAmbientCubemap', its maximum texture size has been explicitly set to 512.
[2024.06.23-11.22.12:893][  0]LogHMD: PokeAHoleMaterial loaded successfully
[2024.06.23-11.22.12:898][  0]LogUObjectArray: 17178 objects as part of root set at end of initial load.
[2024.06.23-11.22.12:898][  0]LogUObjectAllocator: 4302048 out of 0 bytes used by permanent object pool.
[2024.06.23-11.22.12:899][  0]LogUObjectArray: CloseDisregardForGC: 0/0 objects in disregard for GC pool
[2024.06.23-11.22.13:476][  0]LogNiagaraDebuggerClient: Niagara Debugger Client Initialized | Session: 0C3EF12344F9F5D7B811AE8871BA6EA9 | Instance: 681FB1BC44A39B06C8C9518AB04A3E8D (DESKTOP-NS5ONMH-3628).
[2024.06.23-11.22.13:588][  0]LogTcpMessaging: Initializing TcpMessaging bridge
[2024.06.23-11.22.13:598][  0]LogUdpMessaging: Initializing bridge on interface 0.0.0.0:0 to multicast group 230.0.0.1:6666.
[2024.06.23-11.22.13:764][  0]LogPython: Using Python 3.7.7
[2024.06.23-11.22.14:647][  0]SourceControl: 소스 컨트롤이 꺼졌습니다.
[2024.06.23-11.22.14:647][  0]SourceControl: 소스 컨트롤이 꺼졌습니다.
[2024.06.23-11.22.14:655][  0]SourceControl: 소스 컨트롤이 꺼졌습니다.
[2024.06.23-11.22.14:663][  0]SourceControl: 소스 컨트롤이 꺼졌습니다.
[2024.06.23-11.22.14:678][  0]SourceControl: 소스 컨트롤이 꺼졌습니다.
[2024.06.23-11.22.14:704][  0]LogUProjectInfo: Found projects:
[2024.06.23-11.22.15:225][  0]LogOpenImageDenoise: OIDN starting up
[2024.06.23-11.22.15:282][  0]LogAndroidPermission: UAndroidPermissionCallbackProxy::GetInstance
[2024.06.23-11.22.15:336][  0]LogAudioCaptureCore: Display: No Audio Capture implementations found. Audio input will be silent.
[2024.06.23-11.22.15:336][  0]LogAudioCaptureCore: Display: No Audio Capture implementations found. Audio input will be silent.
[2024.06.23-11.22.15:525][  0]LogCollectionManager: Loaded 0 collections in 0.001328 seconds
[2024.06.23-11.22.15:593][  0]LogFileCache: Scanning file cache for directory 'C:/Users/nanim/GitHub/InsectHeaven/InsectHeaven/Saved/Collections/' took 0.00s
[2024.06.23-11.22.15:593][  0]LogFileCache: Scanning file cache for directory 'C:/Users/nanim/GitHub/InsectHeaven/InsectHeaven/Content/Developers/nanim/Collections/' took 0.00s
[2024.06.23-11.22.15:593][  0]LogFileCache: Scanning file cache for directory 'C:/Users/nanim/GitHub/InsectHeaven/InsectHeaven/Content/Collections/' took 0.00s
[2024.06.23-11.22.15:594][  0]LogOcInput: OculusInput pre-init called
[2024.06.23-11.22.15:785][  0]LogClass: Display: IntProperty FCharacter_2D::Name is not initialized properly. Module:InsectHeaven File:Table/DataStruct/Character_2D.h
[2024.06.23-11.22.15:785][  0]LogClass: Display: IntProperty FCharacter_2D::ImageID is not initialized properly. Module:InsectHeaven File:Table/DataStruct/Character_2D.h
[2024.06.23-11.22.15:785][  0]LogClass: Display: IntProperty FResource_Widget::PathFile is not initialized properly. Module:InsectHeaven File:Table/DataStruct/Resource_Widget.h
[2024.06.23-11.22.15:785][  0]LogClass: Display: IntProperty FScript_Local::Test is not initialized properly. Module:InsectHeaven File:Table/DataStruct/Script_Local.h
[2024.06.23-11.22.15:786][  0]LogClass: Display: 4 Uninitialized script struct members found including 0 object properties
[2024.06.23-11.22.15:787][  0]LogEngine: Initializing Engine...
[2024.06.23-11.22.15:794][  0]LogHMD: Failed to enumerate extensions. Please check that you have a valid OpenXR runtime installed.
[2024.06.23-11.22.15:794][  0]LogHMD: Failed to initialize OpenVR with code 110
[2024.06.23-11.22.15:794][  0]LogMagicLeap: Warning: VR disabled because ZI is not enabled.  To enable, in the editor, Edit -> Project Settings -> Plugins -> Magic Leap Plugin -> Enable Zero Iteration
[2024.06.23-11.22.15:795][  0]LogStats: UGameplayTagsManager::InitializeManager -  0.000 s
[2024.06.23-11.22.15:862][  0]LogInit: Initializing FReadOnlyCVARCache
[2024.06.23-11.22.15:876][  0]LogAIModule: Creating AISystem for world Untitled
[2024.06.23-11.22.15:885][  0]LogAudio: Display: Initializing Audio Device Manager...
[2024.06.23-11.22.15:893][  0]LogAudio: Display: Loading Default Audio Settings Objects...
[2024.06.23-11.22.15:894][  0]LogAudio: Display: No default SoundConcurrencyObject specified (or failed to load).
[2024.06.23-11.22.15:894][  0]LogAudio: Display: Audio Device Manager Initialized
[2024.06.23-11.22.15:894][  0]LogAudio: Display: Creating Audio Device:                 Id: 1, Scope: Shared, Realtime: True
[2024.06.23-11.22.15:894][  0]LogAudioMixer: Display: Audio Mixer Platform Settings:
[2024.06.23-11.22.15:894][  0]LogAudioMixer: Display: 	Sample Rate:						  48000
[2024.06.23-11.22.15:895][  0]LogAudioMixer: Display: 	Callback Buffer Frame Size Requested: 1024
[2024.06.23-11.22.15:895][  0]LogAudioMixer: Display: 	Callback Buffer Frame Size To Use:	  1024
[2024.06.23-11.22.15:895][  0]LogAudioMixer: Display: 	Number of buffers to queue:			  2
[2024.06.23-11.22.15:895][  0]LogAudioMixer: Display: 	Max Channels (voices):				  32
[2024.06.23-11.22.15:895][  0]LogAudioMixer: Display: 	Number of Async Source Workers:		  0
[2024.06.23-11.22.15:895][  0]LogAudio: Display: AudioDevice MaxSources: 32
[2024.06.23-11.22.15:895][  0]LogAudio: Display: Audio Spatialization Plugin: None (built-in).
[2024.06.23-11.22.15:895][  0]LogAudio: Display: Audio Reverb Plugin: None (built-in).
[2024.06.23-11.22.15:896][  0]LogAudio: Display: Audio Occlusion Plugin: None (built-in).
[2024.06.23-11.22.15:896][  0]LogAudioMixer: Display: Initializing audio mixer.
[2024.06.23-11.22.15:933][  0]LogAudioMixer: Display: 0: FrontLeft
[2024.06.23-11.22.15:933][  0]LogAudioMixer: Display: 1: FrontRight
[2024.06.23-11.22.16:007][  0]LogAudioMixer: Display: Using Audio Device 스피커(ABKO N550)
[2024.06.23-11.22.16:007][  0]LogAudioMixer: Display: Initializing Sound Submixes...
[2024.06.23-11.22.16:009][  0]LogAudioMixer: Display: Creating Master Submix 'MasterSubmixDefault'
[2024.06.23-11.22.16:010][  0]LogAudioMixer: Display: Creating Master Submix 'MasterReverbSubmixDefault'
[2024.06.23-11.22.16:010][  0]LogAudioMixer: Display: Creating Master Submix 'MasterEQSubmixDefault'
[2024.06.23-11.22.16:010][  0]LogAudioMixer: FMixerPlatformXAudio2::StartAudioStream() called
[2024.06.23-11.22.16:010][  0]LogAudioMixer: Display: Output buffers initialized: Frames=1024, Channels=2, Samples=2048
[2024.06.23-11.22.16:011][  0]LogAudioMixer: Display: Starting AudioMixerPlatformInterface::RunInternal()
[2024.06.23-11.22.16:012][  0]LogAudioMixer: Display: FMixerPlatformXAudio2::SubmitBuffer() called for the first time
[2024.06.23-11.22.16:012][  0]LogInit: FAudioDevice initialized.
[2024.06.23-11.22.16:012][  0]LogAudio: Display: Audio Device (ID: 1) registered with world 'Untitled'.
[2024.06.23-11.22.16:012][  0]LogNetVersion: Set ProjectVersion to 1.0.0.0. Version Checksum will be recalculated on next use.
[2024.06.23-11.22.16:234][  0]LogDerivedDataCache: Saved boot cache 0.22s 94MB C:/Users/nanim/AppData/Local/UnrealEngine/4.27/DerivedDataCache/Boot.ddc.
[2024.06.23-11.22.16:235][  0]LogInit: Texture streaming: Enabled
[2024.06.23-11.22.16:260][  0]LogAnalytics: Display: [UEEditor.Rocket.Release] APIServer = https://datarouter.ol.epicgames.com/. AppVersion = 4.27.2-18319896+++UE4+Release-4.27
[2024.06.23-11.22.16:272][  0]LogEngineSessionManager: EngineSessionManager initialized
[2024.06.23-11.22.16:272][  0]LogEngineSessionManager: EngineSessionManager sent abnormal shutdown report. Type=Debugger, SessionId={223C035F-4A50-B009-B119-FEBEE890199C}
[2024.06.23-11.22.16:272][  0]LogEngineSessionManager: EngineSessionManager sent abnormal shutdown report. Type=Debugger, SessionId={8CE06E4A-4B9A-D7C4-59FB-E09884FA836E}
[2024.06.23-11.22.16:272][  0]LogEditorSessionSummary: Verbose: Initializing EditorSessionSummaryWriter for editor session tracking
[2024.06.23-11.22.16:276][  0]LogEditorSessionSummary: EditorSessionSummaryWriter initialized
[2024.06.23-11.22.16:306][  0]LogInit: Transaction tracking system initialized
[2024.06.23-11.22.16:355][  0]BlueprintLog: New page: 에디터 로드
[2024.06.23-11.22.16:474][  0]LocalizationService: 현지화 서비스가 비활성화되었습니다.
[2024.06.23-11.22.16:531][  0]TimingProfiler: Initialize
[2024.06.23-11.22.16:532][  0]TimingProfiler: OnSessionChanged
[2024.06.23-11.22.16:532][  0]LoadingProfiler: Initialize
[2024.06.23-11.22.16:532][  0]LoadingProfiler: OnSessionChanged
[2024.06.23-11.22.16:532][  0]NetworkingProfiler: Initialize
[2024.06.23-11.22.16:532][  0]NetworkingProfiler: OnSessionChanged
[2024.06.23-11.22.16:532][  0]MemoryProfiler: Initialize
[2024.06.23-11.22.16:533][  0]MemoryProfiler: OnSessionChanged
[2024.06.23-11.22.16:698][  0]LogCook: Display: CookSettings for Memory: MemoryMaxUsedVirtual 0MiB, MemoryMaxUsedPhysical 16384MiB, MemoryMinFreeVirtual 0MiB, MemoryMinFreePhysical 1024MiB
[2024.06.23-11.22.16:698][  0]LogCook: Display: Mobile HDR setting 1
[2024.06.23-11.22.17:067][  0]LogFileCache: Scanning file cache for directory 'C:/Users/nanim/GitHub/InsectHeaven/InsectHeaven/Content/' took 0.01s
[2024.06.23-11.22.17:190][  0]LogInit: Display: Engine is initialized. Leaving FEngineLoop::Init()
[2024.06.23-11.22.17:194][  0]SourceControl: 소스 컨트롤이 꺼졌습니다.
[2024.06.23-11.22.17:194][  0]LogUnrealEdMisc: Loading editor; pre map load, took 8.617
[2024.06.23-11.22.17:194][  0]Cmd: MAP LOAD FILE="../../../../../Users/nanim/GitHub/InsectHeaven/InsectHeaven/Content/Scene/EmptyMainLevel.umap" TEMPLATE=0 SHOWPROGRESS=1 FEATURELEVEL=3
[2024.06.23-11.22.17:195][  0]LightingResults: New page: 라이팅 빌드
[2024.06.23-11.22.17:196][  0]LogWorld: UWorld::CleanupWorld for Untitled, bSessionEnded=true, bCleanupResources=true
[2024.06.23-11.22.17:196][  0]LogSlate: InvalidateAllWidgets triggered.  All widgets were invalidated
[2024.06.23-11.22.17:196][  0]MapCheck: New page: 맵 체크
[2024.06.23-11.22.17:196][  0]LightingResults: New page: 라이팅 빌드
[2024.06.23-11.22.17:207][  0]LogAudio: Display: Audio Device unregistered from world 'None'.
[2024.06.23-11.22.17:209][  0]LogUObjectHash: Compacting FUObjectHashTables data took   0.47ms
[2024.06.23-11.22.17:213][  0]LogAudio: Display: Audio Device (ID: 1) registered with world 'EmptyMainLevel'.
[2024.06.23-11.22.17:213][  0]LogAIModule: Creating AISystem for world EmptyMainLevel
[2024.06.23-11.22.17:214][  0]LogEditorServer: Finished looking for orphan Actors (0.000 secs)
[2024.06.23-11.22.17:217][  0]LogUObjectHash: Compacting FUObjectHashTables data took   0.34ms
[2024.06.23-11.22.17:218][  0]Cmd: MAP CHECKDEP NOCLEARLOG
[2024.06.23-11.22.17:218][  0]MapCheck: 맵 체크 완료: 오류 0 회, 경고 0 회, 소요 시간 0.129ms.
[2024.06.23-11.22.17:218][  0]LogFileHelpers: Loading map 'EmptyMainLevel' took 0.023
[2024.06.23-11.22.17:222][  0]LogUnrealEdMisc: Total Editor Startup Time, took 8.644
[2024.06.23-11.22.17:364][  0]LogSlate: Updating window title bar state: overlay mode, drag disabled, window buttons hidden, title bar hidden
[2024.06.23-11.22.17:368][  0]LogSlate: Updating window title bar state: overlay mode, drag disabled, window buttons hidden, title bar hidden
[2024.06.23-11.22.17:371][  0]LogSlate: Updating window title bar state: overlay mode, drag disabled, window buttons hidden, title bar hidden
[2024.06.23-11.22.17:374][  0]LogSlate: Updating window title bar state: overlay mode, drag disabled, window buttons hidden, title bar hidden
[2024.06.23-11.22.17:385][  0]LogNativeClassHierarchy: Verbose: Native class hierarchy populated in 0.0066 seconds. Added 3861 classes and 945 folders.
[2024.06.23-11.22.17:387][  0]LogNativeClassHierarchy: Verbose: Native class hierarchy updated for 'WidgetCarousel' in 0.0002 seconds. Added 0 classes and 0 folders.
[2024.06.23-11.22.17:388][  0]LogPakFile: PakFile PrimaryIndexSize=187
[2024.06.23-11.22.17:388][  0]LogPakFile: PakFile PathHashIndexSize=101
[2024.06.23-11.22.17:389][  0]LogPakFile: PakFile FullDirectoryIndexSize=148
[2024.06.23-11.22.17:389][  0]LogShaderLibrary: Display: ShaderCodeLibraryPakFileMountedCallback: PakFile 'C:/Program Files/UE_4.27/FeaturePacks/FP_FirstPerson.upack' (chunk index -1, root 'root:/') mounted
[2024.06.23-11.22.17:389][  0]LogShaderLibrary: Display: ShaderCodeLibraryPakFileMountedCallback: pending pak file info (ChunkID:-1 Root:root:/ File:C:/Program Files/UE_4.27/FeaturePacks/FP_FirstPerson.upack)
[2024.06.23-11.22.17:389][  0]LogPakFile: OnPakFileMounted2Time == 0.000346
[2024.06.23-11.22.17:390][  0]LogPakFile: PakFile PrimaryIndexSize=189
[2024.06.23-11.22.17:390][  0]LogPakFile: PakFile PathHashIndexSize=101
[2024.06.23-11.22.17:390][  0]LogPakFile: PakFile FullDirectoryIndexSize=152
[2024.06.23-11.22.17:390][  0]LogShaderLibrary: Display: ShaderCodeLibraryPakFileMountedCallback: PakFile 'C:/Program Files/UE_4.27/FeaturePacks/FP_FirstPersonBP.upack' (chunk index -1, root 'root:/') mounted
[2024.06.23-11.22.17:390][  0]LogShaderLibrary: Display: ShaderCodeLibraryPakFileMountedCallback: pending pak file info (ChunkID:-1 Root:root:/ File:C:/Program Files/UE_4.27/FeaturePacks/FP_FirstPersonBP.upack)
[2024.06.23-11.22.17:390][  0]LogPakFile: OnPakFileMounted2Time == 0.000265
[2024.06.23-11.22.17:391][  0]LogPakFile: PakFile PrimaryIndexSize=191
[2024.06.23-11.22.17:391][  0]LogPakFile: PakFile PathHashIndexSize=101
[2024.06.23-11.22.17:391][  0]LogPakFile: PakFile FullDirectoryIndexSize=160
[2024.06.23-11.22.17:391][  0]LogShaderLibrary: Display: ShaderCodeLibraryPakFileMountedCallback: PakFile 'C:/Program Files/UE_4.27/FeaturePacks/MobileStarterContent.upack' (chunk index -1, root 'root:/') mounted
[2024.06.23-11.22.17:391][  0]LogShaderLibrary: Display: ShaderCodeLibraryPakFileMountedCallback: pending pak file info (ChunkID:-1 Root:root:/ File:C:/Program Files/UE_4.27/FeaturePacks/MobileStarterContent.upack)
[2024.06.23-11.22.17:392][  0]LogPakFile: OnPakFileMounted2Time == 0.000394
[2024.06.23-11.22.17:392][  0]LogPakFile: PakFile PrimaryIndexSize=185
[2024.06.23-11.22.17:392][  0]LogPakFile: PakFile PathHashIndexSize=101
[2024.06.23-11.22.17:393][  0]LogPakFile: PakFile FullDirectoryIndexSize=148
[2024.06.23-11.22.17:393][  0]LogShaderLibrary: Display: ShaderCodeLibraryPakFileMountedCallback: PakFile 'C:/Program Files/UE_4.27/FeaturePacks/StarterContent.upack' (chunk index -1, root 'root:/') mounted
[2024.06.23-11.22.17:393][  0]LogShaderLibrary: Display: ShaderCodeLibraryPakFileMountedCallback: pending pak file info (ChunkID:-1 Root:root:/ File:C:/Program Files/UE_4.27/FeaturePacks/StarterContent.upack)
[2024.06.23-11.22.17:393][  0]LogPakFile: OnPakFileMounted2Time == 0.000299
[2024.06.23-11.22.17:394][  0]LogPakFile: PakFile PrimaryIndexSize=190
[2024.06.23-11.22.17:394][  0]LogPakFile: PakFile PathHashIndexSize=101
[2024.06.23-11.22.17:394][  0]LogPakFile: PakFile FullDirectoryIndexSize=154
[2024.06.23-11.22.17:394][  0]LogShaderLibrary: Display: ShaderCodeLibraryPakFileMountedCallback: PakFile 'C:/Program Files/UE_4.27/FeaturePacks/TP_2DSideScroller.upack' (chunk index -1, root 'root:/') mounted
[2024.06.23-11.22.17:394][  0]LogShaderLibrary: Display: ShaderCodeLibraryPakFileMountedCallback: pending pak file info (ChunkID:-1 Root:root:/ File:C:/Program Files/UE_4.27/FeaturePacks/TP_2DSideScroller.upack)
[2024.06.23-11.22.17:394][  0]LogPakFile: OnPakFileMounted2Time == 0.000262
[2024.06.23-11.22.17:395][  0]LogPakFile: PakFile PrimaryIndexSize=192
[2024.06.23-11.22.17:395][  0]LogPakFile: PakFile PathHashIndexSize=101
[2024.06.23-11.22.17:395][  0]LogPakFile: PakFile FullDirectoryIndexSize=158
[2024.06.23-11.22.17:395][  0]LogShaderLibrary: Display: ShaderCodeLibraryPakFileMountedCallback: PakFile 'C:/Program Files/UE_4.27/FeaturePacks/TP_2DSideScrollerBP.upack' (chunk index -1, root 'root:/') mounted
[2024.06.23-11.22.17:395][  0]LogShaderLibrary: Display: ShaderCodeLibraryPakFileMountedCallback: pending pak file info (ChunkID:-1 Root:root:/ File:C:/Program Files/UE_4.27/FeaturePacks/TP_2DSideScrollerBP.upack)
[2024.06.23-11.22.17:396][  0]LogPakFile: OnPakFileMounted2Time == 0.000341
[2024.06.23-11.22.17:396][  0]LogPakFile: PakFile PrimaryIndexSize=182
[2024.06.23-11.22.17:396][  0]LogPakFile: PakFile PathHashIndexSize=101
[2024.06.23-11.22.17:396][  0]LogPakFile: PakFile FullDirectoryIndexSize=138
[2024.06.23-11.22.17:396][  0]LogShaderLibrary: Display: ShaderCodeLibraryPakFileMountedCallback: PakFile 'C:/Program Files/UE_4.27/FeaturePacks/TP_Flying.upack' (chunk index -1, root 'root:/') mounted
[2024.06.23-11.22.17:397][  0]LogShaderLibrary: Display: ShaderCodeLibraryPakFileMountedCallback: pending pak file info (ChunkID:-1 Root:root:/ File:C:/Program Files/UE_4.27/FeaturePacks/TP_Flying.upack)
[2024.06.23-11.22.17:397][  0]LogPakFile: OnPakFileMounted2Time == 0.000304
[2024.06.23-11.22.17:398][  0]LogPakFile: PakFile PrimaryIndexSize=184
[2024.06.23-11.22.17:398][  0]LogPakFile: PakFile PathHashIndexSize=101
[2024.06.23-11.22.17:398][  0]LogPakFile: PakFile FullDirectoryIndexSize=142
[2024.06.23-11.22.17:398][  0]LogShaderLibrary: Display: ShaderCodeLibraryPakFileMountedCallback: PakFile 'C:/Program Files/UE_4.27/FeaturePacks/TP_FlyingBP.upack' (chunk index -1, root 'root:/') mounted
[2024.06.23-11.22.17:398][  0]LogShaderLibrary: Display: ShaderCodeLibraryPakFileMountedCallback: pending pak file info (ChunkID:-1 Root:root:/ File:C:/Program Files/UE_4.27/FeaturePacks/TP_FlyingBP.upack)
[2024.06.23-11.22.17:398][  0]LogPakFile: OnPakFileMounted2Time == 0.000270
[2024.06.23-11.22.17:399][  0]LogPakFile: PakFile PrimaryIndexSize=188
[2024.06.23-11.22.17:399][  0]LogPakFile: PakFile PathHashIndexSize=101
[2024.06.23-11.22.17:399][  0]LogPakFile: PakFile FullDirectoryIndexSize=150
[2024.06.23-11.22.17:399][  0]LogShaderLibrary: Display: ShaderCodeLibraryPakFileMountedCallback: PakFile 'C:/Program Files/UE_4.27/FeaturePacks/TP_HandheldARBP.upack' (chunk index -1, root 'root:/') mounted
[2024.06.23-11.22.17:399][  0]LogShaderLibrary: Display: ShaderCodeLibraryPakFileMountedCallback: pending pak file info (ChunkID:-1 Root:root:/ File:C:/Program Files/UE_4.27/FeaturePacks/TP_HandheldARBP.upack)
[2024.06.23-11.22.17:399][  0]LogPakFile: OnPakFileMounted2Time == 0.000209
[2024.06.23-11.22.17:400][  0]LogPakFile: PakFile PrimaryIndexSize=182
[2024.06.23-11.22.17:400][  0]LogPakFile: PakFile PathHashIndexSize=101
[2024.06.23-11.22.17:400][  0]LogPakFile: PakFile FullDirectoryIndexSize=138
[2024.06.23-11.22.17:400][  0]LogShaderLibrary: Display: ShaderCodeLibraryPakFileMountedCallback: PakFile 'C:/Program Files/UE_4.27/FeaturePacks/TP_Puzzle.upack' (chunk index -1, root 'root:/') mounted
[2024.06.23-11.22.17:400][  0]LogShaderLibrary: Display: ShaderCodeLibraryPakFileMountedCallback: pending pak file info (ChunkID:-1 Root:root:/ File:C:/Program Files/UE_4.27/FeaturePacks/TP_Puzzle.upack)
[2024.06.23-11.22.17:400][  0]LogPakFile: OnPakFileMounted2Time == 0.000238
[2024.06.23-11.22.17:401][  0]LogPakFile: PakFile PrimaryIndexSize=184
[2024.06.23-11.22.17:401][  0]LogPakFile: PakFile PathHashIndexSize=101
[2024.06.23-11.22.17:401][  0]LogPakFile: PakFile FullDirectoryIndexSize=142
[2024.06.23-11.22.17:401][  0]LogShaderLibrary: Display: ShaderCodeLibraryPakFileMountedCallback: PakFile 'C:/Program Files/UE_4.27/FeaturePacks/TP_PuzzleBP.upack' (chunk index -1, root 'root:/') mounted
[2024.06.23-11.22.17:402][  0]LogShaderLibrary: Display: ShaderCodeLibraryPakFileMountedCallback: pending pak file info (ChunkID:-1 Root:root:/ File:C:/Program Files/UE_4.27/FeaturePacks/TP_PuzzleBP.upack)
[2024.06.23-11.22.17:402][  0]LogPakFile: OnPakFileMounted2Time == 0.000309
[2024.06.23-11.22.17:402][  0]LogPakFile: PakFile PrimaryIndexSize=183
[2024.06.23-11.22.17:402][  0]LogPakFile: PakFile PathHashIndexSize=101
[2024.06.23-11.22.17:402][  0]LogPakFile: PakFile FullDirectoryIndexSize=140
[2024.06.23-11.22.17:403][  0]LogShaderLibrary: Display: ShaderCodeLibraryPakFileMountedCallback: PakFile 'C:/Program Files/UE_4.27/FeaturePacks/TP_Rolling.upack' (chunk index -1, root 'root:/') mounted
[2024.06.23-11.22.17:403][  0]LogShaderLibrary: Display: ShaderCodeLibraryPakFileMountedCallback: pending pak file info (ChunkID:-1 Root:root:/ File:C:/Program Files/UE_4.27/FeaturePacks/TP_Rolling.upack)
[2024.06.23-11.22.17:403][  0]LogPakFile: OnPakFileMounted2Time == 0.000308
[2024.06.23-11.22.17:403][  0]LogPakFile: PakFile PrimaryIndexSize=185
[2024.06.23-11.22.17:404][  0]LogPakFile: PakFile PathHashIndexSize=101
[2024.06.23-11.22.17:404][  0]LogPakFile: PakFile FullDirectoryIndexSize=144
[2024.06.23-11.22.17:404][  0]LogShaderLibrary: Display: ShaderCodeLibraryPakFileMountedCallback: PakFile 'C:/Program Files/UE_4.27/FeaturePacks/TP_RollingBP.upack' (chunk index -1, root 'root:/') mounted
[2024.06.23-11.22.17:404][  0]LogShaderLibrary: Display: ShaderCodeLibraryPakFileMountedCallback: pending pak file info (ChunkID:-1 Root:root:/ File:C:/Program Files/UE_4.27/FeaturePacks/TP_RollingBP.upack)
[2024.06.23-11.22.17:404][  0]LogPakFile: OnPakFileMounted2Time == 0.000336
[2024.06.23-11.22.17:405][  0]LogPakFile: PakFile PrimaryIndexSize=188
[2024.06.23-11.22.17:405][  0]LogPakFile: PakFile PathHashIndexSize=101
[2024.06.23-11.22.17:405][  0]LogPakFile: PakFile FullDirectoryIndexSize=150
[2024.06.23-11.22.17:405][  0]LogShaderLibrary: Display: ShaderCodeLibraryPakFileMountedCallback: PakFile 'C:/Program Files/UE_4.27/FeaturePacks/TP_SideScroller.upack' (chunk index -1, root 'root:/') mounted
[2024.06.23-11.22.17:405][  0]LogShaderLibrary: Display: ShaderCodeLibraryPakFileMountedCallback: pending pak file info (ChunkID:-1 Root:root:/ File:C:/Program Files/UE_4.27/FeaturePacks/TP_SideScroller.upack)
[2024.06.23-11.22.17:405][  0]LogPakFile: OnPakFileMounted2Time == 0.000268
[2024.06.23-11.22.17:406][  0]LogPakFile: PakFile PrimaryIndexSize=190
[2024.06.23-11.22.17:406][  0]LogPakFile: PakFile PathHashIndexSize=101
[2024.06.23-11.22.17:406][  0]LogPakFile: PakFile FullDirectoryIndexSize=154
[2024.06.23-11.22.17:406][  0]LogShaderLibrary: Display: ShaderCodeLibraryPakFileMountedCallback: PakFile 'C:/Program Files/UE_4.27/FeaturePacks/TP_SideScrollerBP.upack' (chunk index -1, root 'root:/') mounted
[2024.06.23-11.22.17:406][  0]LogShaderLibrary: Display: ShaderCodeLibraryPakFileMountedCallback: pending pak file info (ChunkID:-1 Root:root:/ File:C:/Program Files/UE_4.27/FeaturePacks/TP_SideScrollerBP.upack)
[2024.06.23-11.22.17:406][  0]LogPakFile: OnPakFileMounted2Time == 0.000233
[2024.06.23-11.22.17:407][  0]LogPakFile: PakFile PrimaryIndexSize=187
[2024.06.23-11.22.17:407][  0]LogPakFile: PakFile PathHashIndexSize=101
[2024.06.23-11.22.17:407][  0]LogPakFile: PakFile FullDirectoryIndexSize=148
[2024.06.23-11.22.17:407][  0]LogShaderLibrary: Display: ShaderCodeLibraryPakFileMountedCallback: PakFile 'C:/Program Files/UE_4.27/FeaturePacks/TP_ThirdPerson.upack' (chunk index -1, root 'root:/') mounted
[2024.06.23-11.22.17:407][  0]LogShaderLibrary: Display: ShaderCodeLibraryPakFileMountedCallback: pending pak file info (ChunkID:-1 Root:root:/ File:C:/Program Files/UE_4.27/FeaturePacks/TP_ThirdPerson.upack)
[2024.06.23-11.22.17:407][  0]LogPakFile: OnPakFileMounted2Time == 0.000286
[2024.06.23-11.22.17:408][  0]LogPakFile: PakFile PrimaryIndexSize=189
[2024.06.23-11.22.17:408][  0]LogPakFile: PakFile PathHashIndexSize=101
[2024.06.23-11.22.17:409][  0]LogPakFile: PakFile FullDirectoryIndexSize=152
[2024.06.23-11.22.17:409][  0]LogShaderLibrary: Display: ShaderCodeLibraryPakFileMountedCallback: PakFile 'C:/Program Files/UE_4.27/FeaturePacks/TP_ThirdPersonBP.upack' (chunk index -1, root 'root:/') mounted
[2024.06.23-11.22.17:409][  0]LogShaderLibrary: Display: ShaderCodeLibraryPakFileMountedCallback: pending pak file info (ChunkID:-1 Root:root:/ File:C:/Program Files/UE_4.27/FeaturePacks/TP_ThirdPersonBP.upack)
[2024.06.23-11.22.17:409][  0]LogPakFile: OnPakFileMounted2Time == 0.000307
[2024.06.23-11.22.17:410][  0]LogPakFile: PakFile PrimaryIndexSize=183
[2024.06.23-11.22.17:410][  0]LogPakFile: PakFile PathHashIndexSize=101
[2024.06.23-11.22.17:410][  0]LogPakFile: PakFile FullDirectoryIndexSize=140
[2024.06.23-11.22.17:410][  0]LogShaderLibrary: Display: ShaderCodeLibraryPakFileMountedCallback: PakFile 'C:/Program Files/UE_4.27/FeaturePacks/TP_TopDown.upack' (chunk index -1, root 'root:/') mounted
[2024.06.23-11.22.17:410][  0]LogShaderLibrary: Display: ShaderCodeLibraryPakFileMountedCallback: pending pak file info (ChunkID:-1 Root:root:/ File:C:/Program Files/UE_4.27/FeaturePacks/TP_TopDown.upack)
[2024.06.23-11.22.17:410][  0]LogPakFile: OnPakFileMounted2Time == 0.000322
[2024.06.23-11.22.17:411][  0]LogPakFile: PakFile PrimaryIndexSize=185
[2024.06.23-11.22.17:411][  0]LogPakFile: PakFile PathHashIndexSize=101
[2024.06.23-11.22.17:411][  0]LogPakFile: PakFile FullDirectoryIndexSize=144
[2024.06.23-11.22.17:411][  0]LogShaderLibrary: Display: ShaderCodeLibraryPakFileMountedCallback: PakFile 'C:/Program Files/UE_4.27/FeaturePacks/TP_TopDownBP.upack' (chunk index -1, root 'root:/') mounted
[2024.06.23-11.22.17:411][  0]LogShaderLibrary: Display: ShaderCodeLibraryPakFileMountedCallback: pending pak file info (ChunkID:-1 Root:root:/ File:C:/Program Files/UE_4.27/FeaturePacks/TP_TopDownBP.upack)
[2024.06.23-11.22.17:412][  0]LogPakFile: OnPakFileMounted2Time == 0.000256
[2024.06.23-11.22.17:412][  0]LogPakFile: PakFile PrimaryIndexSize=185
[2024.06.23-11.22.17:412][  0]LogPakFile: PakFile PathHashIndexSize=101
[2024.06.23-11.22.17:412][  0]LogPakFile: PakFile FullDirectoryIndexSize=144
[2024.06.23-11.22.17:412][  0]LogShaderLibrary: Display: ShaderCodeLibraryPakFileMountedCallback: PakFile 'C:/Program Files/UE_4.27/FeaturePacks/TP_TwinStick.upack' (chunk index -1, root 'root:/') mounted
[2024.06.23-11.22.17:412][  0]LogShaderLibrary: Display: ShaderCodeLibraryPakFileMountedCallback: pending pak file info (ChunkID:-1 Root:root:/ File:C:/Program Files/UE_4.27/FeaturePacks/TP_TwinStick.upack)
[2024.06.23-11.22.17:413][  0]LogPakFile: OnPakFileMounted2Time == 0.000201
[2024.06.23-11.22.17:413][  0]LogPakFile: PakFile PrimaryIndexSize=187
[2024.06.23-11.22.17:413][  0]LogPakFile: PakFile PathHashIndexSize=101
[2024.06.23-11.22.17:413][  0]LogPakFile: PakFile FullDirectoryIndexSize=148
[2024.06.23-11.22.17:414][  0]LogShaderLibrary: Display: ShaderCodeLibraryPakFileMountedCallback: PakFile 'C:/Program Files/UE_4.27/FeaturePacks/TP_TwinStickBP.upack' (chunk index -1, root 'root:/') mounted
[2024.06.23-11.22.17:414][  0]LogShaderLibrary: Display: ShaderCodeLibraryPakFileMountedCallback: pending pak file info (ChunkID:-1 Root:root:/ File:C:/Program Files/UE_4.27/FeaturePacks/TP_TwinStickBP.upack)
[2024.06.23-11.22.17:414][  0]LogPakFile: OnPakFileMounted2Time == 0.000232
[2024.06.23-11.22.17:414][  0]LogPakFile: PakFile PrimaryIndexSize=183
[2024.06.23-11.22.17:414][  0]LogPakFile: PakFile PathHashIndexSize=101
[2024.06.23-11.22.17:414][  0]LogPakFile: PakFile FullDirectoryIndexSize=140
[2024.06.23-11.22.17:415][  0]LogShaderLibrary: Display: ShaderCodeLibraryPakFileMountedCallback: PakFile 'C:/Program Files/UE_4.27/FeaturePacks/TP_Vehicle.upack' (chunk index -1, root 'root:/') mounted
[2024.06.23-11.22.17:415][  0]LogShaderLibrary: Display: ShaderCodeLibraryPakFileMountedCallback: pending pak file info (ChunkID:-1 Root:root:/ File:C:/Program Files/UE_4.27/FeaturePacks/TP_Vehicle.upack)
[2024.06.23-11.22.17:415][  0]LogPakFile: OnPakFileMounted2Time == 0.000248
[2024.06.23-11.22.17:416][  0]LogPakFile: PakFile PrimaryIndexSize=186
[2024.06.23-11.22.17:416][  0]LogPakFile: PakFile PathHashIndexSize=101
[2024.06.23-11.22.17:416][  0]LogPakFile: PakFile FullDirectoryIndexSize=146
[2024.06.23-11.22.17:416][  0]LogShaderLibrary: Display: ShaderCodeLibraryPakFileMountedCallback: PakFile 'C:/Program Files/UE_4.27/FeaturePacks/TP_VehicleAdv.upack' (chunk index -1, root 'root:/') mounted
[2024.06.23-11.22.17:416][  0]LogShaderLibrary: Display: ShaderCodeLibraryPakFileMountedCallback: pending pak file info (ChunkID:-1 Root:root:/ File:C:/Program Files/UE_4.27/FeaturePacks/TP_VehicleAdv.upack)
[2024.06.23-11.22.17:416][  0]LogPakFile: OnPakFileMounted2Time == 0.000235
[2024.06.23-11.22.17:417][  0]LogPakFile: PakFile PrimaryIndexSize=188
[2024.06.23-11.22.17:417][  0]LogPakFile: PakFile PathHashIndexSize=101
[2024.06.23-11.22.17:417][  0]LogPakFile: PakFile FullDirectoryIndexSize=150
[2024.06.23-11.22.17:417][  0]LogShaderLibrary: Display: ShaderCodeLibraryPakFileMountedCallback: PakFile 'C:/Program Files/UE_4.27/FeaturePacks/TP_VehicleAdvBP.upack' (chunk index -1, root 'root:/') mounted
[2024.06.23-11.22.17:417][  0]LogShaderLibrary: Display: ShaderCodeLibraryPakFileMountedCallback: pending pak file info (ChunkID:-1 Root:root:/ File:C:/Program Files/UE_4.27/FeaturePacks/TP_VehicleAdvBP.upack)
[2024.06.23-11.22.17:417][  0]LogPakFile: OnPakFileMounted2Time == 0.000267
[2024.06.23-11.22.17:418][  0]LogPakFile: PakFile PrimaryIndexSize=185
[2024.06.23-11.22.17:418][  0]LogPakFile: PakFile PathHashIndexSize=101
[2024.06.23-11.22.17:418][  0]LogPakFile: PakFile FullDirectoryIndexSize=144
[2024.06.23-11.22.17:418][  0]LogShaderLibrary: Display: ShaderCodeLibraryPakFileMountedCallback: PakFile 'C:/Program Files/UE_4.27/FeaturePacks/TP_VehicleBP.upack' (chunk index -1, root 'root:/') mounted
[2024.06.23-11.22.17:418][  0]LogShaderLibrary: Display: ShaderCodeLibraryPakFileMountedCallback: pending pak file info (ChunkID:-1 Root:root:/ File:C:/Program Files/UE_4.27/FeaturePacks/TP_VehicleBP.upack)
[2024.06.23-11.22.17:418][  0]LogPakFile: OnPakFileMounted2Time == 0.000232
[2024.06.23-11.22.17:419][  0]LogPakFile: PakFile PrimaryIndexSize=192
[2024.06.23-11.22.17:419][  0]LogPakFile: PakFile PathHashIndexSize=101
[2024.06.23-11.22.17:419][  0]LogPakFile: PakFile FullDirectoryIndexSize=158
[2024.06.23-11.22.17:419][  0]LogShaderLibrary: Display: ShaderCodeLibraryPakFileMountedCallback: PakFile 'C:/Program Files/UE_4.27/FeaturePacks/TP_VirtualRealityBP.upack' (chunk index -1, root 'root:/') mounted
[2024.06.23-11.22.17:419][  0]LogShaderLibrary: Display: ShaderCodeLibraryPakFileMountedCallback: pending pak file info (ChunkID:-1 Root:root:/ File:C:/Program Files/UE_4.27/FeaturePacks/TP_VirtualRealityBP.upack)
[2024.06.23-11.22.17:419][  0]LogPakFile: OnPakFileMounted2Time == 0.000213
[2024.06.23-11.22.17:464][  0]LogNativeClassHierarchy: Verbose: Native class hierarchy updated for 'AddContentDialog' in 0.0002 seconds. Added 0 classes and 0 folders.
[2024.06.23-11.22.17:465][  0]LogNativeClassHierarchy: Verbose: Native class hierarchy updated for 'SceneOutliner' in 0.0001 seconds. Added 2 classes and 0 folders.
[2024.06.23-11.22.17:509][  0]LogSlate: Took 0.000191 seconds to synchronously load lazily loaded font '../../../Engine/Content/Slate/Fonts/Roboto-Regular.ttf' (155K)
[2024.06.23-11.22.17:510][  0]LogSlate: Took 0.000182 seconds to synchronously load lazily loaded font '../../../Engine/Content/Editor/Slate/Fonts/FontAwesome.ttf' (139K)
[2024.06.23-11.22.17:511][  0]LogSlate: Took 0.000874 seconds to synchronously load lazily loaded font '../../../Engine/Content/Editor/Slate/Fonts/NanumGothic.ttf' (4243K)
[2024.06.23-11.22.17:512][  0]LogSlate: Took 0.000756 seconds to synchronously load lazily loaded font '../../../Engine/Content/Editor/Slate/Fonts/NanumGothicBold.ttf' (4188K)
[2024.06.23-11.22.17:513][  0]LogSlate: Took 0.000168 seconds to synchronously load lazily loaded font '../../../Engine/Content/Slate/Fonts/Roboto-Bold.ttf' (160K)
[2024.06.23-11.22.17:562][  0]LogRenderer: Reallocating scene render targets to support 1616x808 Format 10 NumSamples 1 (Frame:1).
[2024.06.23-11.22.17:628][  0]LogNativeClassHierarchy: Verbose: Native class hierarchy updated for 'HierarchicalLODOutliner' in 0.0002 seconds. Added 0 classes and 0 folders.
[2024.06.23-11.22.17:628][  0]LogLoad: (Engine Initialization) Total time: 9.05 seconds
[2024.06.23-11.22.17:628][  0]LogLoad: (Engine Initialization) Total Blueprint compile time: 0.00 seconds
[2024.06.23-11.22.17:660][  0]LogAssetRegistry: Asset discovery search completed in 5.3234 seconds
[2024.06.23-11.22.17:665][  0]LogCollectionManager: Fixed up redirectors for 0 collections in 0.000003 seconds (updated 0 objects)
[2024.06.23-11.22.17:666][  0]LogContentStreaming: Texture pool size now 1000 MB
[2024.06.23-11.22.17:679][  1]LogFileCache: Retrieving MD5 hashes for directory 'C:/Users/nanim/GitHub/InsectHeaven/InsectHeaven/Content/' took 0.03s
[2024.06.23-11.22.20:646][329]LogSlate: Took 0.000222 seconds to synchronously load lazily loaded font '../../../Engine/Content/Slate/Fonts/Roboto-Light.ttf' (167K)
[2024.06.23-11.22.25:062][551]Cmd: MAP LOAD FILE="../../../../../Users/nanim/GitHub/InsectHeaven/InsectHeaven/Content/Scene/Editor/DialogueTest.umap" TEMPLATE=0 SHOWPROGRESS=1 FEATURELEVEL=3
[2024.06.23-11.22.25:078][551]LightingResults: New page: 라이팅 빌드
[2024.06.23-11.22.25:079][551]LoadErrors: New page: 맵 로드 중: DialogueTest.umap
[2024.06.23-11.22.25:080][551]LogWorld: UWorld::CleanupWorld for EmptyMainLevel, bSessionEnded=true, bCleanupResources=true
[2024.06.23-11.22.25:080][551]LogSlate: InvalidateAllWidgets triggered.  All widgets were invalidated
[2024.06.23-11.22.25:081][551]MapCheck: New page: 맵 체크
[2024.06.23-11.22.25:081][551]LightingResults: New page: 라이팅 빌드
[2024.06.23-11.22.25:100][551]LogAudio: Display: Audio Device unregistered from world 'None'.
[2024.06.23-11.22.25:101][551]LogUObjectHash: Compacting FUObjectHashTables data took   0.54ms
[2024.06.23-11.22.25:104][551]LogAudio: Display: Audio Device (ID: 1) registered with world 'DialogueTest'.
[2024.06.23-11.22.25:104][551]LogAIModule: Creating AISystem for world DialogueTest
[2024.06.23-11.22.25:105][551]LogEditorServer: Finished looking for orphan Actors (0.000 secs)
[2024.06.23-11.22.25:111][551]LogUObjectHash: Compacting FUObjectHashTables data took   0.35ms
[2024.06.23-11.22.25:126][551]Cmd: MAP CHECKDEP NOCLEARLOG
[2024.06.23-11.22.25:126][551]MapCheck: 맵 체크 완료: 오류 0 회, 경고 0 회, 소요 시간 0.12ms.
[2024.06.23-11.22.25:126][551]LogFileHelpers: Loading map 'DialogueTest' took 0.065
[2024.06.23-11.22.25:130][551]LogPlayLevel: PlayLevel: No blueprints needed recompiling
[2024.06.23-11.22.25:131][551]PIE: New page: PIE 세션: DialogueTest (2024. 6. 24. 오전 5:22:25)
[2024.06.23-11.22.25:132][551]LogOnline: OSS: Creating online subsystem instance for: NULL
[2024.06.23-11.22.25:133][551]LogOnline: OSS: TryLoadSubsystemAndSetDefault: Loaded subsystem for module [NULL]
[2024.06.23-11.22.25:134][551]LogPlayLevel: Creating play world package: /Game/Scene/Editor/UEDPIE_0_DialogueTest
[2024.06.23-11.22.25:135][551]LogPlayLevel: PIE: StaticDuplicateObject took: (0.000417s)
[2024.06.23-11.22.25:136][551]LogAIModule: Creating AISystem for world DialogueTest
[2024.06.23-11.22.25:136][551]LogPlayLevel: PIE: World Init took: (0.000688s)
[2024.06.23-11.22.25:136][551]LogPlayLevel: PIE: Created PIE world by copying editor world from /Game/Scene/Editor/DialogueTest.DialogueTest to /Game/Scene/Editor/UEDPIE_0_DialogueTest.DialogueTest (0.001421s)
[2024.06.23-11.22.25:139][551]LogUObjectHash: Compacting FUObjectHashTables data took   0.42ms
[2024.06.23-11.22.25:143][551]LogAudio: Display: Creating Audio Device:                 Id: 2, Scope: Unique, Realtime: True
[2024.06.23-11.22.25:143][551]LogAudioMixer: Display: Audio Mixer Platform Settings:
[2024.06.23-11.22.25:143][551]LogAudioMixer: Display: 	Sample Rate:						  48000
[2024.06.23-11.22.25:144][551]LogAudioMixer: Display: 	Callback Buffer Frame Size Requested: 1024
[2024.06.23-11.22.25:144][551]LogAudioMixer: Display: 	Callback Buffer Frame Size To Use:	  1024
[2024.06.23-11.22.25:144][551]LogAudioMixer: Display: 	Number of buffers to queue:			  2
[2024.06.23-11.22.25:144][551]LogAudioMixer: Display: 	Max Channels (voices):				  32
[2024.06.23-11.22.25:144][551]LogAudioMixer: Display: 	Number of Async Source Workers:		  0
[2024.06.23-11.22.25:144][551]LogAudio: Display: AudioDevice MaxSources: 32
[2024.06.23-11.22.25:145][551]LogAudio: Display: Audio Spatialization Plugin: None (built-in).
[2024.06.23-11.22.25:145][551]LogAudio: Display: Audio Reverb Plugin: None (built-in).
[2024.06.23-11.22.25:145][551]LogAudio: Display: Audio Occlusion Plugin: None (built-in).
[2024.06.23-11.22.25:145][551]LogAudioMixer: Display: Initializing audio mixer.
[2024.06.23-11.22.25:158][551]LogAudioMixer: Display: 0: FrontLeft
[2024.06.23-11.22.25:158][551]LogAudioMixer: Display: 1: FrontRight
[2024.06.23-11.22.25:173][551]LogAudioMixer: Display: Using Audio Device 스피커(ABKO N550)
[2024.06.23-11.22.25:174][551]LogAudioMixer: Display: Initializing Sound Submixes...
[2024.06.23-11.22.25:174][551]LogAudioMixer: Display: Creating Master Submix 'MasterSubmixDefault'
[2024.06.23-11.22.25:174][551]LogAudioMixer: Display: Creating Master Submix 'MasterReverbSubmixDefault'
[2024.06.23-11.22.25:174][551]LogAudioMixer: Display: Creating Master Submix 'MasterEQSubmixDefault'
[2024.06.23-11.22.25:174][551]LogAudioMixer: FMixerPlatformXAudio2::StartAudioStream() called
[2024.06.23-11.22.25:174][551]LogAudioMixer: Display: Output buffers initialized: Frames=1024, Channels=2, Samples=2048
[2024.06.23-11.22.25:176][551]LogAudioMixer: Display: Starting AudioMixerPlatformInterface::RunInternal()
[2024.06.23-11.22.25:176][551]LogAudioMixer: Display: FMixerPlatformXAudio2::SubmitBuffer() called for the first time
[2024.06.23-11.22.25:176][551]LogInit: FAudioDevice initialized.
[2024.06.23-11.22.25:176][551]LogAudio: Display: Audio Device (ID: 2) registered with world 'DialogueTest'.
[2024.06.23-11.22.25:185][551]LogLoad: Game class is 'IH_GameMode_DialgueTool'
[2024.06.23-11.22.25:185][551]LogWorld: Bringing World /Game/Scene/Editor/UEDPIE_0_DialogueTest.DialogueTest up for play (max tick rate 0) at 2024.06.23-20.22.25
[2024.06.23-11.22.25:186][551]LogWorld: Bringing up level for play took: 0.000297
[2024.06.23-11.22.25:186][551]LogOnline: OSS: Creating online subsystem instance for: :Context_1
[2024.06.23-11.22.25:188][551]LogNativeClassHierarchy: Verbose: Native class hierarchy updated for 'MovieSceneCapture' in 0.0003 seconds. Added 20 classes and 0 folders.
[2024.06.23-11.22.27:873][551]PIE: 서버가 로그인했습니다.
[2024.06.23-11.22.27:875][551]PIE: 에디터에서 플레이 총 시작 시간 2.746초입니다.
[2024.06.23-11.22.27:885][551]LogAudioMixer: Resetting audio stream to device id 
[2024.06.23-11.22.27:897][551]LogAudioMixer: Display: 0: FrontLeft
[2024.06.23-11.22.27:897][551]LogAudioMixer: Display: 1: FrontRight
[2024.06.23-11.22.27:934][551]LogAudioMixer: Resetting audio stream to device id 
[2024.06.23-11.22.27:946][551]LogAudioMixer: Display: 0: FrontLeft
[2024.06.23-11.22.27:946][551]LogAudioMixer: Display: 1: FrontRight
[2024.06.23-11.22.27:995][552]LogUObjectHash: Compacting FUObjectHashTables data took   0.43ms
