Log file open, 06/23/24 20:11:43
LogWindows: Failed to load 'aqProf.dll' (GetLastError=126)
LogWindows: File 'aqProf.dll' does not exist
LogWindows: Failed to load 'VtuneApi.dll' (GetLastError=126)
LogWindows: File 'VtuneApi.dll' does not exist
LogWindows: Failed to load 'VtuneApi32e.dll' (GetLastError=126)
LogWindows: File 'VtuneApi32e.dll' does not exist
LogConsoleResponse: Display: Failed to find resolution value strings in scalability ini. Falling back to default.
LogConsoleResponse: Display: Failed to find resolution value strings in scalability ini. Falling back to default.
LogInit: Display: Running engine for game: InsectHeaven
LogPlatformFile: Not using cached read wrapper
LogTaskGraph: Started task graph with 5 named threads and 71 total threads with 3 sets of task threads.
LogStats: Stats thread started at 0.257703
LogICUInternationalization: ICU TimeZone Detection - Raw Offset: +9:00, Platform Override: ''
LogInit: Display: Loading text-based GConfig....
LogPluginManager: Mounting plugin MeshPainting
LogPluginManager: Mounting plugin XGEController
LogPluginManager: Mounting plugin AISupport
LogPluginManager: Mounting plugin Paper2D
LogPluginManager: Mounting plugin LightPropagationVolume
LogPluginManager: Mounting plugin EnvironmentQueryEditor
LogPluginManager: Mounting plugin LiveLink
LogPluginManager: Mounting plugin OodleData
LogPluginManager: Mounting plugin OodleNetwork
LogPluginManager: Mounting plugin CameraShakePreviewer
LogPluginManager: Mounting plugin AnimationSharing
LogPluginManager: Mounting plugin GameplayCameras
LogPluginManager: Mounting plugin CodeLiteSourceCodeAccess
LogPluginManager: Mounting plugin GitSourceControl
LogPluginManager: Mounting plugin CLionSourceCodeAccess
LogPluginManager: Mounting plugin KDevelopSourceCodeAccess
LogPluginManager: Mounting plugin NullSourceCodeAccess
LogPluginManager: Mounting plugin PerforceSourceControl
LogPluginManager: Mounting plugin PixWinPlugin
LogPluginManager: Mounting plugin PlasticSourceControl
LogPluginManager: Mounting plugin PluginUtils
LogPluginManager: Mounting plugin PropertyAccessNode
LogPluginManager: Mounting plugin RiderSourceCodeAccess
LogPluginManager: Mounting plugin TextureFormatOodle
LogPluginManager: Mounting plugin SubversionSourceControl
LogPluginManager: Mounting plugin UObjectPlugin
LogPluginManager: Mounting plugin VisualStudioCodeSourceCodeAccess
LogPluginManager: Mounting plugin AssetManagerEditor
LogPluginManager: Mounting plugin XCodeSourceCodeAccess
LogPluginManager: Mounting plugin VisualStudioSourceCodeAccess
LogPluginManager: Mounting plugin DataValidation
LogPluginManager: Mounting plugin CryptoKeys
LogPluginManager: Mounting plugin EditorScriptingUtilities
LogPluginManager: Mounting plugin CurveEditorTools
LogPluginManager: Mounting plugin GameplayTagsEditor
LogPluginManager: Mounting plugin FacialAnimation
LogPluginManager: Mounting plugin GeometryMode
LogPluginManager: Mounting plugin MacGraphicsSwitching
LogPluginManager: Mounting plugin MaterialAnalyzer
LogPluginManager: Mounting plugin MobileLauncherProfileWizard
LogPluginManager: Mounting plugin PluginBrowser
LogPluginManager: Mounting plugin SpeedTreeImporter
LogPluginManager: Mounting plugin DatasmithContent
LogPluginManager: Mounting plugin VariantManagerContent
LogPluginManager: Mounting plugin Niagara
LogPluginManager: Mounting plugin LuminPlatformFeatures
LogPluginManager: Mounting plugin MagicLeap
LogPluginManager: Mounting plugin MagicLeapMedia
LogPluginManager: Mounting plugin MagicLeapLightEstimation
LogPluginManager: Mounting plugin MagicLeapPassableWorld
LogPluginManager: Mounting plugin MLSDK
LogPluginManager: Mounting plugin AlembicImporter
LogPluginManager: Mounting plugin AutomationUtils
LogPluginManager: Mounting plugin BackChannel
LogPluginManager: Mounting plugin ChaosCloth
LogPluginManager: Mounting plugin ChaosClothEditor
LogPluginManager: Mounting plugin ChaosEditor
LogPluginManager: Mounting plugin ChaosNiagara
LogPluginManager: Mounting plugin ChaosSolverPlugin
LogPluginManager: Mounting plugin CharacterAI
LogPluginManager: Mounting plugin ActorSequence
LogPluginManager: Mounting plugin MatineeToLevelSequence
LogPluginManager: Mounting plugin LevelSequenceEditor
LogPluginManager: Mounting plugin TemplateSequence
LogPluginManager: Mounting plugin OnlineSubsystem
LogPluginManager: Mounting plugin OnlineSubsystemNull
LogPluginManager: Mounting plugin OnlineSubsystemUtils
LogPluginManager: Mounting plugin AndroidMedia
LogPluginManager: Mounting plugin AvfMedia
LogPluginManager: Mounting plugin ImgMedia
LogPluginManager: Mounting plugin MediaCompositing
LogPluginManager: Mounting plugin GeometryCache
LogPluginManager: Mounting plugin GeometryCollectionPlugin
LogPluginManager: Mounting plugin GeometryProcessing
LogPluginManager: Mounting plugin MotoSynth
LogPluginManager: Mounting plugin OpenImageDenoise
LogPluginManager: Mounting plugin PlanarCut
LogPluginManager: Mounting plugin PlatformCrypto
LogPluginManager: Mounting plugin PythonScriptPlugin
LogPluginManager: Mounting plugin ProxyLODPlugin
LogPluginManager: Mounting plugin MediaPlayerEditor
LogPluginManager: Mounting plugin WebMMedia
LogPluginManager: Mounting plugin LauncherChunkInstaller
LogPluginManager: Mounting plugin WmfMedia
LogPluginManager: Mounting plugin TcpMessaging
LogPluginManager: Mounting plugin UdpMessaging
LogPluginManager: Mounting plugin ActorLayerUtilities
LogPluginManager: Mounting plugin AndroidDeviceProfileSelector
LogPluginManager: Mounting plugin AndroidMoviePlayer
LogPluginManager: Mounting plugin AndroidPermission
LogPluginManager: Mounting plugin AppleImageUtils
LogPluginManager: Mounting plugin AppleMoviePlayer
LogPluginManager: Mounting plugin ArchVisCharacter
LogPluginManager: Mounting plugin AssetTags
LogPluginManager: Mounting plugin AudioSynesthesia
LogPluginManager: Mounting plugin AudioCapture
LogPluginManager: Mounting plugin CableComponent
LogPluginManager: Mounting plugin ChunkDownloader
LogPluginManager: Mounting plugin CustomMeshComponent
LogPluginManager: Mounting plugin EditableMesh
LogPluginManager: Mounting plugin ExampleDeviceProfileSelector
LogPluginManager: Mounting plugin SkeletalReduction
LogPluginManager: Mounting plugin ScreenshotTools
LogPluginManager: Mounting plugin Takes
LogPluginManager: Mounting plugin GoogleCloudMessaging
LogPluginManager: Mounting plugin GooglePAD
LogPluginManager: Mounting plugin IOSDeviceProfileSelector
LogPluginManager: Mounting plugin LinuxDeviceProfileSelector
LogPluginManager: Mounting plugin LocationServicesBPLibrary
LogPluginManager: Mounting plugin MobilePatchingUtils
LogPluginManager: Mounting plugin OpenXR
LogPluginManager: Mounting plugin OpenXREyeTracker
LogPluginManager: Mounting plugin OpenXRHandTracking
LogPluginManager: Mounting plugin PostSplashScreen
LogPluginManager: Mounting plugin PhysXVehicles
LogPluginManager: Mounting plugin ProceduralMeshComponent
LogPluginManager: Mounting plugin PropertyAccessEditor
LogPluginManager: Mounting plugin RuntimePhysXCooking
LogPluginManager: Mounting plugin SignificanceManager
LogPluginManager: Mounting plugin SoundFields
LogPluginManager: Mounting plugin Synthesis
LogPluginManager: Mounting plugin WebMMoviePlayer
LogPluginManager: Mounting plugin WindowsMoviePlayer
LogPluginManager: Mounting plugin ContentBrowserAssetDataSource
LogPluginManager: Mounting plugin ContentBrowserClassDataSource
LogPluginManager: Mounting plugin ContentBrowserFileDataSource
LogPluginManager: Mounting plugin RiderLink
LogPluginManager: Mounting plugin OnlineSubsystemGooglePlay
LogPluginManager: Mounting plugin OnlineSubsystemIOS
LogPluginManager: Mounting plugin OculusVR
LogPluginManager: Mounting plugin SteamVR
PixWinPlugin: PIX capture plugin failed to initialize! Check that the process is launched from PIX.
LogInit: Using libcurl 7.55.1-DEV
LogInit:  - built for x86_64-pc-win32
LogInit:  - supports SSL with OpenSSL/1.1.1
LogInit:  - supports HTTP deflate (compression) using libz 1.2.8
LogInit:  - other features:
LogInit:      CURL_VERSION_SSL
LogInit:      CURL_VERSION_LIBZ
LogInit:      CURL_VERSION_IPV6
LogInit:      CURL_VERSION_ASYNCHDNS
LogInit:      CURL_VERSION_LARGEFILE
LogInit:      CURL_VERSION_IDN
LogInit:  CurlRequestOptions (configurable via config and command line):
LogInit:  - bVerifyPeer = true  - Libcurl will verify peer certificate
LogInit:  - bUseHttpProxy = false  - Libcurl will NOT use HTTP proxy
LogInit:  - bDontReuseConnections = false  - Libcurl will reuse connections
LogInit:  - MaxHostConnections = 16  - Libcurl will limit the number of connections to a host
LogInit:  - LocalHostAddr = Default
LogInit:  - BufferSize = 65536
LogOnline: OSS: Creating online subsystem instance for: NULL
LogInit: WinSock: version 1.1 (2.2), MaxSocks=32767, MaxUdp=65467
LogOnline: OSS: TryLoadSubsystemAndSetDefault: Loaded subsystem for module [NULL]
LogOculusPluginWrapper: OculusPlugin initialized successfully
LogHMD: Failed initializing OVRPlugin 1.59.0
LogInit: Build: ++UE4+Release-4.27-CL-18319896
LogInit: Engine Version: 4.27.2-18319896+++UE4+Release-4.27
LogInit: Compatible Engine Version: 4.27.0-17155196+++UE4+Release-4.27
LogInit: Net CL: 17155196
LogInit: OS: Windows 10 (Release 2009) (), CPU: AMD Ryzen 9 7900X 12-Core Processor            , GPU: AMD Radeon RX 7900 XTX
LogInit: Compiled (64-bit): Nov 30 2021 07:12:08
LogInit: Compiled with Visual C++: 19.24.28315.00
LogInit: Build Configuration: DebugGame
LogInit: Branch Name: ++UE4+Release-4.27
LogInit: Command Line:  -skipcompile
LogInit: Base Directory: C:/Program Files/UE_4.27/Engine/Binaries/Win64/
LogInit: Allocator: TBB
LogInit: Installed Engine Build: 1
LogDevObjectVersion: Number of dev versions registered: 29
LogDevObjectVersion:   Dev-Blueprints (B0D832E4-1F89-4F0D-ACCF-7EB736FD4AA2): 10
LogDevObjectVersion:   Dev-Build (E1C64328-A22C-4D53-A36C-8E866417BD8C): 0
LogDevObjectVersion:   Dev-Core (375EC13C-06E4-48FB-B500-84F0262A717E): 4
LogDevObjectVersion:   Dev-Editor (E4B068ED-F494-42E9-A231-DA0B2E46BB41): 40
LogDevObjectVersion:   Dev-Framework (CFFC743F-43B0-4480-9391-14DF171D2073): 37
LogDevObjectVersion:   Dev-Mobile (B02B49B5-BB20-44E9-A304-32B752E40360): 3
LogDevObjectVersion:   Dev-Networking (A4E4105C-59A1-49B5-A7C5-40C4547EDFEE): 0
LogDevObjectVersion:   Dev-Online (39C831C9-5AE6-47DC-9A44-9C173E1C8E7C): 0
LogDevObjectVersion:   Dev-Physics (78F01B33-EBEA-4F98-B9B4-84EACCB95AA2): 14
LogDevObjectVersion:   Dev-Platform (6631380F-2D4D-43E0-8009-CF276956A95A): 0
LogDevObjectVersion:   Dev-Rendering (12F88B9F-8875-4AFC-A67C-D90C383ABD29): 45
LogDevObjectVersion:   Dev-Sequencer (7B5AE74C-D270-4C10-A958-57980B212A5A): 13
LogDevObjectVersion:   Dev-VR (D7296918-1DD6-4BDD-9DE2-64A83CC13884): 3
LogDevObjectVersion:   Dev-LoadTimes (C2A15278-BFE7-4AFE-6C17-90FF531DF755): 1
LogDevObjectVersion:   Private-Geometry (6EACA3D4-40EC-4CC1-B786-8BED09428FC5): 3
LogDevObjectVersion:   Dev-AnimPhys (29E575DD-E0A3-4627-9D10-D276232CDCEA): 17
LogDevObjectVersion:   Dev-Anim (AF43A65D-7FD3-4947-9873-3E8ED9C1BB05): 15
LogDevObjectVersion:   Dev-ReflectionCapture (6B266CEC-1EC7-4B8F-A30B-E4D90942FC07): 1
LogDevObjectVersion:   Dev-Automation (0DF73D61-A23F-47EA-B727-89E90C41499A): 1
LogDevObjectVersion:   FortniteMain (601D1886-AC64-4F84-AA16-D3DE0DEAC7D6): 47
LogDevObjectVersion:   FortniteRelease (E7086368-6B23-4C58-8439-1B7016265E91): 1
LogDevObjectVersion:   Dev-Enterprise (9DFFBCD6-494F-0158-E221-12823C92A888): 10
LogDevObjectVersion:   Dev-Niagara (F2AED0AC-9AFE-416F-8664-AA7FFA26D6FC): 1
LogDevObjectVersion:   Dev-Destruction (174F1F0B-B4C6-45A5-B13F-2EE8D0FB917D): 10
LogDevObjectVersion:   Dev-Physics-Ext (35F94A83-E258-406C-A318-09F59610247C): 41
LogDevObjectVersion:   Dev-PhysicsMaterial-Chaos (B68FC16E-8B1B-42E2-B453-215C058844FE): 1
LogDevObjectVersion:   Dev-CineCamera (B2E18506-4273-CFC2-A54E-F4BB758BBA07): 1
LogDevObjectVersion:   Dev-VirtualProduction (64F58936-FD1B-42BA-BA96-7289D5D0FA4E): 1
LogDevObjectVersion:   Dev-MediaFramework (6F0ED827-A609-4895-9C91-998D90180EA4): 2
LogInit: Presizing for max 25165824 objects, including 0 objects not considered by GC, pre-allocating 0 bytes for permanent pool.
LogConfig: Applying CVar settings from Section [/Script/Engine.StreamingSettings] File [C:/Users/nanim/GitHub/InsectHeaven/InsectHeaven/Saved/Config/Windows/Engine.ini]
LogConfig: Setting CVar [[s.MinBulkDataSizeForAsyncLoading:131072]]
LogConfig: Setting CVar [[s.AsyncLoadingThreadEnabled:0]]
LogConfig: Setting CVar [[s.EventDrivenLoaderEnabled:1]]
LogConfig: Setting CVar [[s.WarnIfTimeLimitExceeded:0]]
LogConfig: Setting CVar [[s.TimeLimitExceededMultiplier:1.5]]
LogConfig: Setting CVar [[s.TimeLimitExceededMinTime:0.005]]
LogConfig: Setting CVar [[s.UseBackgroundLevelStreaming:1]]
LogConfig: Setting CVar [[s.PriorityAsyncLoadingExtraTime:15.0]]
LogConfig: Setting CVar [[s.LevelStreamingActorsUpdateTimeLimit:5.0]]
LogConfig: Setting CVar [[s.PriorityLevelStreamingActorsUpdateExtraTime:5.0]]
LogConfig: Setting CVar [[s.LevelStreamingComponentsRegistrationGranularity:10]]
LogConfig: Setting CVar [[s.UnregisterComponentsTimeLimit:1.0]]
LogConfig: Setting CVar [[s.LevelStreamingComponentsUnregistrationGranularity:5]]
LogConfig: Setting CVar [[s.FlushStreamingOnExit:1]]
LogInit: Object subsystem initialized
LogConfig: Setting CVar [[con.DebugEarlyDefault:1]]
LogConfig: Setting CVar [[r.setres:1280x720]]
[2024.06.23-11.11.48:177][  0]LogConfig: Setting CVar [[r.VSync:0]]
[2024.06.23-11.11.48:177][  0]LogConfig: Setting CVar [[r.RHICmdBypass:0]]
[2024.06.23-11.11.48:177][  0]LogConfig: Applying CVar settings from Section [/Script/Engine.RendererSettings] File [C:/Users/nanim/GitHub/InsectHeaven/InsectHeaven/Saved/Config/Windows/Engine.ini]
[2024.06.23-11.11.48:177][  0]LogConfig: Setting CVar [[r.GPUCrashDebugging:0]]
[2024.06.23-11.11.48:177][  0]LogConfig: Applying CVar settings from Section [/Script/Engine.RendererOverrideSettings] File [C:/Users/nanim/GitHub/InsectHeaven/InsectHeaven/Saved/Config/Windows/Engine.ini]
[2024.06.23-11.11.48:177][  0]LogConfig: Applying CVar settings from Section [/Script/Engine.StreamingSettings] File [C:/Users/nanim/GitHub/InsectHeaven/InsectHeaven/Saved/Config/Windows/Engine.ini]
[2024.06.23-11.11.48:177][  0]LogConfig: Setting CVar [[s.MinBulkDataSizeForAsyncLoading:131072]]
[2024.06.23-11.11.48:178][  0]LogConfig: Setting CVar [[s.AsyncLoadingThreadEnabled:0]]
[2024.06.23-11.11.48:178][  0]LogConfig: Setting CVar [[s.EventDrivenLoaderEnabled:1]]
[2024.06.23-11.11.48:178][  0]LogConfig: Setting CVar [[s.WarnIfTimeLimitExceeded:0]]
[2024.06.23-11.11.48:178][  0]LogConfig: Setting CVar [[s.TimeLimitExceededMultiplier:1.5]]
[2024.06.23-11.11.48:178][  0]LogConfig: Setting CVar [[s.TimeLimitExceededMinTime:0.005]]
[2024.06.23-11.11.48:178][  0]LogConfig: Setting CVar [[s.UseBackgroundLevelStreaming:1]]
[2024.06.23-11.11.48:178][  0]LogConfig: Setting CVar [[s.PriorityAsyncLoadingExtraTime:15.0]]
[2024.06.23-11.11.48:178][  0]LogConfig: Setting CVar [[s.LevelStreamingActorsUpdateTimeLimit:5.0]]
[2024.06.23-11.11.48:179][  0]LogConfig: Setting CVar [[s.PriorityLevelStreamingActorsUpdateExtraTime:5.0]]
[2024.06.23-11.11.48:179][  0]LogConfig: Setting CVar [[s.LevelStreamingComponentsRegistrationGranularity:10]]
[2024.06.23-11.11.48:179][  0]LogConfig: Setting CVar [[s.UnregisterComponentsTimeLimit:1.0]]
[2024.06.23-11.11.48:179][  0]LogConfig: Setting CVar [[s.LevelStreamingComponentsUnregistrationGranularity:5]]
[2024.06.23-11.11.48:179][  0]LogConfig: Setting CVar [[s.FlushStreamingOnExit:1]]
[2024.06.23-11.11.48:179][  0]LogConfig: Applying CVar settings from Section [/Script/Engine.GarbageCollectionSettings] File [C:/Users/nanim/GitHub/InsectHeaven/InsectHeaven/Saved/Config/Windows/Engine.ini]
[2024.06.23-11.11.48:179][  0]LogConfig: Setting CVar [[gc.MaxObjectsNotConsideredByGC:1]]
[2024.06.23-11.11.48:180][  0]LogConfig: Setting CVar [[gc.SizeOfPermanentObjectPool:0]]
[2024.06.23-11.11.48:180][  0]LogConfig: Setting CVar [[gc.FlushStreamingOnGC:0]]
[2024.06.23-11.11.48:180][  0]LogConfig: Setting CVar [[gc.NumRetriesBeforeForcingGC:10]]
[2024.06.23-11.11.48:180][  0]LogConfig: Setting CVar [[gc.AllowParallelGC:1]]
[2024.06.23-11.11.48:180][  0]LogConfig: Setting CVar [[gc.TimeBetweenPurgingPendingKillObjects:61.1]]
[2024.06.23-11.11.48:180][  0]LogConfig: Setting CVar [[gc.MaxObjectsInEditor:25165824]]
[2024.06.23-11.11.48:180][  0]LogConfig: Setting CVar [[gc.IncrementalBeginDestroyEnabled:1]]
[2024.06.23-11.11.48:180][  0]LogConfig: Setting CVar [[gc.CreateGCClusters:1]]
[2024.06.23-11.11.48:180][  0]LogConfig: Setting CVar [[gc.MinGCClusterSize:5]]
[2024.06.23-11.11.48:181][  0]LogConfig: Setting CVar [[gc.ActorClusteringEnabled:0]]
[2024.06.23-11.11.48:181][  0]LogConfig: Setting CVar [[gc.BlueprintClusteringEnabled:0]]
[2024.06.23-11.11.48:181][  0]LogConfig: Setting CVar [[gc.UseDisregardForGCOnDedicatedServers:0]]
[2024.06.23-11.11.48:181][  0]LogConfig: Setting CVar [[gc.MultithreadedDestructionEnabled:1]]
[2024.06.23-11.11.48:181][  0]LogConfig: Applying CVar settings from Section [/Script/Engine.NetworkSettings] File [C:/Users/nanim/GitHub/InsectHeaven/InsectHeaven/Saved/Config/Windows/Engine.ini]
[2024.06.23-11.11.48:181][  0]LogConfig: Applying CVar settings from Section [/Script/UnrealEd.CookerSettings] File [C:/Users/nanim/GitHub/InsectHeaven/InsectHeaven/Saved/Config/Windows/Engine.ini]
[2024.06.23-11.11.48:240][  0]LogConfig: Applying CVar settings from Section [ViewDistanceQuality@3] File [C:/Users/nanim/GitHub/InsectHeaven/InsectHeaven/Saved/Config/Windows/Scalability.ini]
[2024.06.23-11.11.48:240][  0]LogConfig: Setting CVar [[r.SkeletalMeshLODBias:0]]
[2024.06.23-11.11.48:240][  0]LogConfig: Setting CVar [[r.ViewDistanceScale:1.0]]
[2024.06.23-11.11.48:240][  0]LogConfig: Applying CVar settings from Section [AntiAliasingQuality@3] File [C:/Users/nanim/GitHub/InsectHeaven/InsectHeaven/Saved/Config/Windows/Scalability.ini]
[2024.06.23-11.11.48:240][  0]LogConfig: Setting CVar [[r.PostProcessAAQuality:4]]
[2024.06.23-11.11.48:240][  0]LogConfig: Applying CVar settings from Section [ShadowQuality@3] File [C:/Users/nanim/GitHub/InsectHeaven/InsectHeaven/Saved/Config/Windows/Scalability.ini]
[2024.06.23-11.11.48:241][  0]LogConfig: Setting CVar [[r.LightFunctionQuality:1]]
[2024.06.23-11.11.48:241][  0]LogConfig: Setting CVar [[r.ShadowQuality:5]]
[2024.06.23-11.11.48:241][  0]LogConfig: Setting CVar [[r.Shadow.CSM.MaxCascades:10]]
[2024.06.23-11.11.48:241][  0]LogConfig: Setting CVar [[r.Shadow.MaxResolution:2048]]
[2024.06.23-11.11.48:241][  0]LogConfig: Setting CVar [[r.Shadow.MaxCSMResolution:2048]]
[2024.06.23-11.11.48:241][  0]LogConfig: Setting CVar [[r.Shadow.RadiusThreshold:0.01]]
[2024.06.23-11.11.48:241][  0]LogConfig: Setting CVar [[r.Shadow.DistanceScale:1.0]]
[2024.06.23-11.11.48:241][  0]LogConfig: Setting CVar [[r.Shadow.CSM.TransitionScale:1.0]]
[2024.06.23-11.11.48:242][  0]LogConfig: Setting CVar [[r.Shadow.PreShadowResolutionFactor:1.0]]
[2024.06.23-11.11.48:242][  0]LogConfig: Setting CVar [[r.DistanceFieldShadowing:1]]
[2024.06.23-11.11.48:242][  0]LogConfig: Setting CVar [[r.DistanceFieldAO:1]]
[2024.06.23-11.11.48:242][  0]LogConfig: Setting CVar [[r.AOQuality:2]]
[2024.06.23-11.11.48:242][  0]LogConfig: Setting CVar [[r.VolumetricFog:1]]
[2024.06.23-11.11.48:242][  0]LogConfig: Setting CVar [[r.VolumetricFog.GridPixelSize:8]]
[2024.06.23-11.11.48:242][  0]LogConfig: Setting CVar [[r.VolumetricFog.GridSizeZ:128]]
[2024.06.23-11.11.48:243][  0]LogConfig: Setting CVar [[r.VolumetricFog.HistoryMissSupersampleCount:4]]
[2024.06.23-11.11.48:243][  0]LogConfig: Setting CVar [[r.LightMaxDrawDistanceScale:1]]
[2024.06.23-11.11.48:243][  0]LogConfig: Setting CVar [[r.CapsuleShadows:1]]
[2024.06.23-11.11.48:243][  0]LogConfig: Applying CVar settings from Section [PostProcessQuality@3] File [C:/Users/nanim/GitHub/InsectHeaven/InsectHeaven/Saved/Config/Windows/Scalability.ini]
[2024.06.23-11.11.48:243][  0]LogConfig: Setting CVar [[r.MotionBlurQuality:4]]
[2024.06.23-11.11.48:243][  0]LogConfig: Setting CVar [[r.AmbientOcclusionMipLevelFactor:0.4]]
[2024.06.23-11.11.48:243][  0]LogConfig: Setting CVar [[r.AmbientOcclusionMaxQuality:100]]
[2024.06.23-11.11.48:244][  0]LogConfig: Setting CVar [[r.AmbientOcclusionLevels:-1]]
[2024.06.23-11.11.48:244][  0]LogConfig: Setting CVar [[r.AmbientOcclusionRadiusScale:1.0]]
[2024.06.23-11.11.48:244][  0]LogConfig: Setting CVar [[r.DepthOfFieldQuality:2]]
[2024.06.23-11.11.48:244][  0]LogConfig: Setting CVar [[r.RenderTargetPoolMin:400]]
[2024.06.23-11.11.48:244][  0]LogConfig: Setting CVar [[r.LensFlareQuality:2]]
[2024.06.23-11.11.48:244][  0]LogConfig: Setting CVar [[r.SceneColorFringeQuality:1]]
[2024.06.23-11.11.48:244][  0]LogConfig: Setting CVar [[r.EyeAdaptationQuality:2]]
[2024.06.23-11.11.48:245][  0]LogConfig: Setting CVar [[r.BloomQuality:5]]
[2024.06.23-11.11.48:245][  0]LogConfig: Setting CVar [[r.FastBlurThreshold:100]]
[2024.06.23-11.11.48:245][  0]LogConfig: Setting CVar [[r.Upscale.Quality:3]]
[2024.06.23-11.11.48:245][  0]LogConfig: Setting CVar [[r.Tonemapper.GrainQuantization:1]]
[2024.06.23-11.11.48:245][  0]LogConfig: Setting CVar [[r.LightShaftQuality:1]]
[2024.06.23-11.11.48:245][  0]LogConfig: Setting CVar [[r.Filter.SizeScale:1]]
[2024.06.23-11.11.48:245][  0]LogConfig: Setting CVar [[r.Tonemapper.Quality:5]]
[2024.06.23-11.11.48:246][  0]LogConfig: Setting CVar [[r.DOF.Gather.AccumulatorQuality:1        ; higher gathering accumulator quality]]
[2024.06.23-11.11.48:246][  0]LogConfig: Setting CVar [[r.DOF.Gather.PostfilterMethod:1          ; Median3x3 postfilering method]]
[2024.06.23-11.11.48:246][  0]LogConfig: Setting CVar [[r.DOF.Gather.EnableBokehSettings:0       ; no bokeh simulation when gathering]]
[2024.06.23-11.11.48:246][  0]LogConfig: Setting CVar [[r.DOF.Gather.RingCount:4                 ; medium number of samples when gathering]]
[2024.06.23-11.11.48:246][  0]LogConfig: Setting CVar [[r.DOF.Scatter.ForegroundCompositing:1    ; additive foreground scattering]]
[2024.06.23-11.11.48:246][  0]LogConfig: Setting CVar [[r.DOF.Scatter.BackgroundCompositing:2    ; additive background scattering]]
[2024.06.23-11.11.48:246][  0]LogConfig: Setting CVar [[r.DOF.Scatter.EnableBokehSettings:1      ; bokeh simulation when scattering]]
[2024.06.23-11.11.48:247][  0]LogConfig: Setting CVar [[r.DOF.Scatter.MaxSpriteRatio:0.1         ; only a maximum of 10% of scattered bokeh]]
[2024.06.23-11.11.48:247][  0]LogConfig: Setting CVar [[r.DOF.Recombine.Quality:1                ; cheap slight out of focus]]
[2024.06.23-11.11.48:247][  0]LogConfig: Setting CVar [[r.DOF.Recombine.EnableBokehSettings:0    ; no bokeh simulation on slight out of focus]]
[2024.06.23-11.11.48:247][  0]LogConfig: Setting CVar [[r.DOF.TemporalAAQuality:1                ; more stable temporal accumulation]]
[2024.06.23-11.11.48:247][  0]LogConfig: Setting CVar [[r.DOF.Kernel.MaxForegroundRadius:0.025]]
[2024.06.23-11.11.48:247][  0]LogConfig: Setting CVar [[r.DOF.Kernel.MaxBackgroundRadius:0.025]]
[2024.06.23-11.11.48:248][  0]LogConfig: Applying CVar settings from Section [TextureQuality@3] File [C:/Users/nanim/GitHub/InsectHeaven/InsectHeaven/Saved/Config/Windows/Scalability.ini]
[2024.06.23-11.11.48:248][  0]LogConfig: Setting CVar [[r.Streaming.MipBias:0]]
[2024.06.23-11.11.48:248][  0]LogConfig: Setting CVar [[r.Streaming.AmortizeCPUToGPUCopy:0]]
[2024.06.23-11.11.48:248][  0]LogConfig: Setting CVar [[r.Streaming.MaxNumTexturesToStreamPerFrame:0]]
[2024.06.23-11.11.48:248][  0]LogConfig: Setting CVar [[r.Streaming.Boost:1]]
[2024.06.23-11.11.48:248][  0]LogConfig: Setting CVar [[r.MaxAnisotropy:8]]
[2024.06.23-11.11.48:248][  0]LogConfig: Setting CVar [[r.VT.MaxAnisotropy:8]]
[2024.06.23-11.11.48:248][  0]LogConfig: Setting CVar [[r.Streaming.LimitPoolSizeToVRAM:0]]
[2024.06.23-11.11.48:249][  0]LogConfig: Setting CVar [[r.Streaming.PoolSize:1000]]
[2024.06.23-11.11.48:249][  0]LogConfig: Setting CVar [[r.Streaming.MaxEffectiveScreenSize:0]]
[2024.06.23-11.11.48:249][  0]LogConfig: Applying CVar settings from Section [EffectsQuality@3] File [C:/Users/nanim/GitHub/InsectHeaven/InsectHeaven/Saved/Config/Windows/Scalability.ini]
[2024.06.23-11.11.48:249][  0]LogConfig: Setting CVar [[r.TranslucencyLightingVolumeDim:64]]
[2024.06.23-11.11.48:249][  0]LogConfig: Setting CVar [[r.RefractionQuality:2]]
[2024.06.23-11.11.48:249][  0]LogConfig: Setting CVar [[r.SSR.Quality:3]]
[2024.06.23-11.11.48:250][  0]LogConfig: Setting CVar [[r.SSR.HalfResSceneColor:0]]
[2024.06.23-11.11.48:250][  0]LogConfig: Setting CVar [[r.SceneColorFormat:4]]
[2024.06.23-11.11.48:250][  0]LogConfig: Setting CVar [[r.DetailMode:2]]
[2024.06.23-11.11.48:250][  0]LogConfig: Setting CVar [[r.TranslucencyVolumeBlur:1]]
[2024.06.23-11.11.48:250][  0]LogConfig: Setting CVar [[r.MaterialQualityLevel:1 ; High quality]]
[2024.06.23-11.11.48:250][  0]LogConfig: Setting CVar [[r.AnisotropicMaterials:1]]
[2024.06.23-11.11.48:250][  0]LogConfig: Setting CVar [[r.SSS.Scale:1]]
[2024.06.23-11.11.48:250][  0]LogConfig: Setting CVar [[r.SSS.SampleSet:2]]
[2024.06.23-11.11.48:251][  0]LogConfig: Setting CVar [[r.SSS.Quality:1]]
[2024.06.23-11.11.48:251][  0]LogConfig: Setting CVar [[r.SSS.HalfRes:0]]
[2024.06.23-11.11.48:251][  0]LogConfig: Setting CVar [[r.SSGI.Quality:3]]
[2024.06.23-11.11.48:251][  0]LogConfig: Setting CVar [[r.EmitterSpawnRateScale:1.0]]
[2024.06.23-11.11.48:251][  0]LogConfig: Setting CVar [[r.ParticleLightQuality:2]]
[2024.06.23-11.11.48:251][  0]LogConfig: Setting CVar [[r.SkyAtmosphere.AerialPerspectiveLUT.FastApplyOnOpaque:1 ; Always have FastSkyLUT 1 in this case to avoid wrong sky]]
[2024.06.23-11.11.48:251][  0]LogConfig: Setting CVar [[r.SkyAtmosphere.AerialPerspectiveLUT.SampleCountMaxPerSlice:4]]
[2024.06.23-11.11.48:251][  0]LogConfig: Setting CVar [[r.SkyAtmosphere.AerialPerspectiveLUT.DepthResolution:16.0]]
[2024.06.23-11.11.48:252][  0]LogConfig: Setting CVar [[r.SkyAtmosphere.FastSkyLUT:1]]
[2024.06.23-11.11.48:252][  0]LogConfig: Setting CVar [[r.SkyAtmosphere.FastSkyLUT.SampleCountMin:4.0]]
[2024.06.23-11.11.48:252][  0]LogConfig: Setting CVar [[r.SkyAtmosphere.FastSkyLUT.SampleCountMax:128.0]]
[2024.06.23-11.11.48:252][  0]LogConfig: Setting CVar [[r.SkyAtmosphere.SampleCountMin:4.0]]
[2024.06.23-11.11.48:252][  0]LogConfig: Setting CVar [[r.SkyAtmosphere.SampleCountMax:128.0]]
[2024.06.23-11.11.48:252][  0]LogConfig: Setting CVar [[r.SkyAtmosphere.TransmittanceLUT.UseSmallFormat:0]]
[2024.06.23-11.11.48:252][  0]LogConfig: Setting CVar [[r.SkyAtmosphere.TransmittanceLUT.SampleCount:10.0]]
[2024.06.23-11.11.48:253][  0]LogConfig: Setting CVar [[r.SkyAtmosphere.MultiScatteringLUT.SampleCount:15.0]]
[2024.06.23-11.11.48:253][  0]LogConfig: Setting CVar [[r.SkyLight.RealTimeReflectionCapture:1]]
[2024.06.23-11.11.48:253][  0]LogConfig: Applying CVar settings from Section [FoliageQuality@3] File [C:/Users/nanim/GitHub/InsectHeaven/InsectHeaven/Saved/Config/Windows/Scalability.ini]
[2024.06.23-11.11.48:253][  0]LogConfig: Setting CVar [[foliage.DensityScale:1.0]]
[2024.06.23-11.11.48:253][  0]LogConfig: Setting CVar [[grass.DensityScale:1.0]]
[2024.06.23-11.11.48:253][  0]LogConfig: Applying CVar settings from Section [ShadingQuality@3] File [C:/Users/nanim/GitHub/InsectHeaven/InsectHeaven/Saved/Config/Windows/Scalability.ini]
[2024.06.23-11.11.48:254][  0]LogConfig: Setting CVar [[r.HairStrands.SkyLighting.IntegrationType:2]]
[2024.06.23-11.11.48:254][  0]LogConfig: Setting CVar [[r.HairStrands.SkyAO.SampleCount:4]]
[2024.06.23-11.11.48:254][  0]LogConfig: Setting CVar [[r.HairStrands.Visibility.MSAA.SamplePerPixel:4]]
[2024.06.23-11.11.48:254][  0]LogInit: Selected Device Profile: [Windows]
[2024.06.23-11.11.48:254][  0]LogInit: Applying CVar settings loaded from the selected device profile: [Windows]
[2024.06.23-11.11.48:255][  0]LogHAL: Display: Platform has ~ 32 GB [33457160192 / 34359738368 / 32], which maps to Largest [LargestMinGB=32, LargerMinGB=12, DefaultMinGB=8, SmallerMinGB=6, SmallestMinGB=0)
[2024.06.23-11.11.48:255][  0]LogInit: Going up to parent DeviceProfile []
[2024.06.23-11.11.48:255][  0]LogConfig: Applying CVar settings from Section [ViewDistanceQuality@3] File [C:/Users/nanim/GitHub/InsectHeaven/InsectHeaven/Saved/Config/Windows/Scalability.ini]
[2024.06.23-11.11.48:255][  0]LogConfig: Setting CVar [[r.SkeletalMeshLODBias:0]]
[2024.06.23-11.11.48:255][  0]LogConfig: Setting CVar [[r.ViewDistanceScale:1.0]]
[2024.06.23-11.11.48:256][  0]LogConfig: Applying CVar settings from Section [AntiAliasingQuality@3] File [C:/Users/nanim/GitHub/InsectHeaven/InsectHeaven/Saved/Config/Windows/Scalability.ini]
[2024.06.23-11.11.48:256][  0]LogConfig: Setting CVar [[r.PostProcessAAQuality:4]]
[2024.06.23-11.11.48:256][  0]LogConfig: Applying CVar settings from Section [ShadowQuality@3] File [C:/Users/nanim/GitHub/InsectHeaven/InsectHeaven/Saved/Config/Windows/Scalability.ini]
[2024.06.23-11.11.48:256][  0]LogConfig: Setting CVar [[r.LightFunctionQuality:1]]
[2024.06.23-11.11.48:256][  0]LogConfig: Setting CVar [[r.ShadowQuality:5]]
[2024.06.23-11.11.48:257][  0]LogConfig: Setting CVar [[r.Shadow.CSM.MaxCascades:10]]
[2024.06.23-11.11.48:257][  0]LogConfig: Setting CVar [[r.Shadow.MaxResolution:2048]]
[2024.06.23-11.11.48:257][  0]LogConfig: Setting CVar [[r.Shadow.MaxCSMResolution:2048]]
[2024.06.23-11.11.48:257][  0]LogConfig: Setting CVar [[r.Shadow.RadiusThreshold:0.01]]
[2024.06.23-11.11.48:257][  0]LogConfig: Setting CVar [[r.Shadow.DistanceScale:1.0]]
[2024.06.23-11.11.48:257][  0]LogConfig: Setting CVar [[r.Shadow.CSM.TransitionScale:1.0]]
[2024.06.23-11.11.48:257][  0]LogConfig: Setting CVar [[r.Shadow.PreShadowResolutionFactor:1.0]]
[2024.06.23-11.11.48:258][  0]LogConfig: Setting CVar [[r.DistanceFieldShadowing:1]]
[2024.06.23-11.11.48:258][  0]LogConfig: Setting CVar [[r.DistanceFieldAO:1]]
[2024.06.23-11.11.48:258][  0]LogConfig: Setting CVar [[r.AOQuality:2]]
[2024.06.23-11.11.48:258][  0]LogConfig: Setting CVar [[r.VolumetricFog:1]]
[2024.06.23-11.11.48:258][  0]LogConfig: Setting CVar [[r.VolumetricFog.GridPixelSize:8]]
[2024.06.23-11.11.48:258][  0]LogConfig: Setting CVar [[r.VolumetricFog.GridSizeZ:128]]
[2024.06.23-11.11.48:259][  0]LogConfig: Setting CVar [[r.VolumetricFog.HistoryMissSupersampleCount:4]]
[2024.06.23-11.11.48:259][  0]LogConfig: Setting CVar [[r.LightMaxDrawDistanceScale:1]]
[2024.06.23-11.11.48:259][  0]LogConfig: Setting CVar [[r.CapsuleShadows:1]]
[2024.06.23-11.11.48:259][  0]LogConfig: Applying CVar settings from Section [PostProcessQuality@3] File [C:/Users/nanim/GitHub/InsectHeaven/InsectHeaven/Saved/Config/Windows/Scalability.ini]
[2024.06.23-11.11.48:259][  0]LogConfig: Setting CVar [[r.MotionBlurQuality:4]]
[2024.06.23-11.11.48:259][  0]LogConfig: Setting CVar [[r.AmbientOcclusionMipLevelFactor:0.4]]
[2024.06.23-11.11.48:260][  0]LogConfig: Setting CVar [[r.AmbientOcclusionMaxQuality:100]]
[2024.06.23-11.11.48:260][  0]LogConfig: Setting CVar [[r.AmbientOcclusionLevels:-1]]
[2024.06.23-11.11.48:260][  0]LogConfig: Setting CVar [[r.AmbientOcclusionRadiusScale:1.0]]
[2024.06.23-11.11.48:260][  0]LogConfig: Setting CVar [[r.DepthOfFieldQuality:2]]
[2024.06.23-11.11.48:260][  0]LogConfig: Setting CVar [[r.RenderTargetPoolMin:400]]
[2024.06.23-11.11.48:260][  0]LogConfig: Setting CVar [[r.LensFlareQuality:2]]
[2024.06.23-11.11.48:260][  0]LogConfig: Setting CVar [[r.SceneColorFringeQuality:1]]
[2024.06.23-11.11.48:261][  0]LogConfig: Setting CVar [[r.EyeAdaptationQuality:2]]
[2024.06.23-11.11.48:261][  0]LogConfig: Setting CVar [[r.BloomQuality:5]]
[2024.06.23-11.11.48:261][  0]LogConfig: Setting CVar [[r.FastBlurThreshold:100]]
[2024.06.23-11.11.48:261][  0]LogConfig: Setting CVar [[r.Upscale.Quality:3]]
[2024.06.23-11.11.48:261][  0]LogConfig: Setting CVar [[r.Tonemapper.GrainQuantization:1]]
[2024.06.23-11.11.48:261][  0]LogConfig: Setting CVar [[r.LightShaftQuality:1]]
[2024.06.23-11.11.48:261][  0]LogConfig: Setting CVar [[r.Filter.SizeScale:1]]
[2024.06.23-11.11.48:262][  0]LogConfig: Setting CVar [[r.Tonemapper.Quality:5]]
[2024.06.23-11.11.48:262][  0]LogConfig: Setting CVar [[r.DOF.Gather.AccumulatorQuality:1        ; higher gathering accumulator quality]]
[2024.06.23-11.11.48:262][  0]LogConfig: Setting CVar [[r.DOF.Gather.PostfilterMethod:1          ; Median3x3 postfilering method]]
[2024.06.23-11.11.48:262][  0]LogConfig: Setting CVar [[r.DOF.Gather.EnableBokehSettings:0       ; no bokeh simulation when gathering]]
[2024.06.23-11.11.48:262][  0]LogConfig: Setting CVar [[r.DOF.Gather.RingCount:4                 ; medium number of samples when gathering]]
[2024.06.23-11.11.48:262][  0]LogConfig: Setting CVar [[r.DOF.Scatter.ForegroundCompositing:1    ; additive foreground scattering]]
[2024.06.23-11.11.48:262][  0]LogConfig: Setting CVar [[r.DOF.Scatter.BackgroundCompositing:2    ; additive background scattering]]
[2024.06.23-11.11.48:263][  0]LogConfig: Setting CVar [[r.DOF.Scatter.EnableBokehSettings:1      ; bokeh simulation when scattering]]
[2024.06.23-11.11.48:263][  0]LogConfig: Setting CVar [[r.DOF.Scatter.MaxSpriteRatio:0.1         ; only a maximum of 10% of scattered bokeh]]
[2024.06.23-11.11.48:263][  0]LogConfig: Setting CVar [[r.DOF.Recombine.Quality:1                ; cheap slight out of focus]]
[2024.06.23-11.11.48:263][  0]LogConfig: Setting CVar [[r.DOF.Recombine.EnableBokehSettings:0    ; no bokeh simulation on slight out of focus]]
[2024.06.23-11.11.48:263][  0]LogConfig: Setting CVar [[r.DOF.TemporalAAQuality:1                ; more stable temporal accumulation]]
[2024.06.23-11.11.48:263][  0]LogConfig: Setting CVar [[r.DOF.Kernel.MaxForegroundRadius:0.025]]
[2024.06.23-11.11.48:264][  0]LogConfig: Setting CVar [[r.DOF.Kernel.MaxBackgroundRadius:0.025]]
[2024.06.23-11.11.48:264][  0]LogConfig: Applying CVar settings from Section [TextureQuality@3] File [C:/Users/nanim/GitHub/InsectHeaven/InsectHeaven/Saved/Config/Windows/Scalability.ini]
[2024.06.23-11.11.48:264][  0]LogConfig: Setting CVar [[r.Streaming.MipBias:0]]
[2024.06.23-11.11.48:264][  0]LogConfig: Setting CVar [[r.Streaming.AmortizeCPUToGPUCopy:0]]
[2024.06.23-11.11.48:264][  0]LogConfig: Setting CVar [[r.Streaming.MaxNumTexturesToStreamPerFrame:0]]
[2024.06.23-11.11.48:264][  0]LogConfig: Setting CVar [[r.Streaming.Boost:1]]
[2024.06.23-11.11.48:264][  0]LogConfig: Setting CVar [[r.MaxAnisotropy:8]]
[2024.06.23-11.11.48:264][  0]LogConfig: Setting CVar [[r.VT.MaxAnisotropy:8]]
[2024.06.23-11.11.48:265][  0]LogConfig: Setting CVar [[r.Streaming.LimitPoolSizeToVRAM:0]]
[2024.06.23-11.11.48:265][  0]LogConfig: Setting CVar [[r.Streaming.PoolSize:1000]]
[2024.06.23-11.11.48:265][  0]LogConfig: Setting CVar [[r.Streaming.MaxEffectiveScreenSize:0]]
[2024.06.23-11.11.48:265][  0]LogConfig: Applying CVar settings from Section [EffectsQuality@3] File [C:/Users/nanim/GitHub/InsectHeaven/InsectHeaven/Saved/Config/Windows/Scalability.ini]
[2024.06.23-11.11.48:265][  0]LogConfig: Setting CVar [[r.TranslucencyLightingVolumeDim:64]]
[2024.06.23-11.11.48:265][  0]LogConfig: Setting CVar [[r.RefractionQuality:2]]
[2024.06.23-11.11.48:265][  0]LogConfig: Setting CVar [[r.SSR.Quality:3]]
[2024.06.23-11.11.48:266][  0]LogConfig: Setting CVar [[r.SSR.HalfResSceneColor:0]]
[2024.06.23-11.11.48:266][  0]LogConfig: Setting CVar [[r.SceneColorFormat:4]]
[2024.06.23-11.11.48:266][  0]LogConfig: Setting CVar [[r.DetailMode:2]]
[2024.06.23-11.11.48:266][  0]LogConfig: Setting CVar [[r.TranslucencyVolumeBlur:1]]
[2024.06.23-11.11.48:266][  0]LogConfig: Setting CVar [[r.MaterialQualityLevel:1 ; High quality]]
[2024.06.23-11.11.48:266][  0]LogConfig: Setting CVar [[r.AnisotropicMaterials:1]]
[2024.06.23-11.11.48:266][  0]LogConfig: Setting CVar [[r.SSS.Scale:1]]
[2024.06.23-11.11.48:266][  0]LogConfig: Setting CVar [[r.SSS.SampleSet:2]]
[2024.06.23-11.11.48:267][  0]LogConfig: Setting CVar [[r.SSS.Quality:1]]
[2024.06.23-11.11.48:267][  0]LogConfig: Setting CVar [[r.SSS.HalfRes:0]]
[2024.06.23-11.11.48:267][  0]LogConfig: Setting CVar [[r.SSGI.Quality:3]]
[2024.06.23-11.11.48:267][  0]LogConfig: Setting CVar [[r.EmitterSpawnRateScale:1.0]]
[2024.06.23-11.11.48:267][  0]LogConfig: Setting CVar [[r.ParticleLightQuality:2]]
[2024.06.23-11.11.48:267][  0]LogConfig: Setting CVar [[r.SkyAtmosphere.AerialPerspectiveLUT.FastApplyOnOpaque:1 ; Always have FastSkyLUT 1 in this case to avoid wrong sky]]
[2024.06.23-11.11.48:267][  0]LogConfig: Setting CVar [[r.SkyAtmosphere.AerialPerspectiveLUT.SampleCountMaxPerSlice:4]]
[2024.06.23-11.11.48:267][  0]LogConfig: Setting CVar [[r.SkyAtmosphere.AerialPerspectiveLUT.DepthResolution:16.0]]
[2024.06.23-11.11.48:268][  0]LogConfig: Setting CVar [[r.SkyAtmosphere.FastSkyLUT:1]]
[2024.06.23-11.11.48:268][  0]LogConfig: Setting CVar [[r.SkyAtmosphere.FastSkyLUT.SampleCountMin:4.0]]
[2024.06.23-11.11.48:268][  0]LogConfig: Setting CVar [[r.SkyAtmosphere.FastSkyLUT.SampleCountMax:128.0]]
[2024.06.23-11.11.48:268][  0]LogConfig: Setting CVar [[r.SkyAtmosphere.SampleCountMin:4.0]]
[2024.06.23-11.11.48:268][  0]LogConfig: Setting CVar [[r.SkyAtmosphere.SampleCountMax:128.0]]
[2024.06.23-11.11.48:268][  0]LogConfig: Setting CVar [[r.SkyAtmosphere.TransmittanceLUT.UseSmallFormat:0]]
[2024.06.23-11.11.48:268][  0]LogConfig: Setting CVar [[r.SkyAtmosphere.TransmittanceLUT.SampleCount:10.0]]
[2024.06.23-11.11.48:269][  0]LogConfig: Setting CVar [[r.SkyAtmosphere.MultiScatteringLUT.SampleCount:15.0]]
[2024.06.23-11.11.48:269][  0]LogConfig: Setting CVar [[r.SkyLight.RealTimeReflectionCapture:1]]
[2024.06.23-11.11.48:269][  0]LogConfig: Applying CVar settings from Section [FoliageQuality@3] File [C:/Users/nanim/GitHub/InsectHeaven/InsectHeaven/Saved/Config/Windows/Scalability.ini]
[2024.06.23-11.11.48:269][  0]LogConfig: Setting CVar [[foliage.DensityScale:1.0]]
[2024.06.23-11.11.48:269][  0]LogConfig: Setting CVar [[grass.DensityScale:1.0]]
[2024.06.23-11.11.48:269][  0]LogConfig: Applying CVar settings from Section [ShadingQuality@3] File [C:/Users/nanim/GitHub/InsectHeaven/InsectHeaven/Saved/Config/Windows/Scalability.ini]
[2024.06.23-11.11.48:269][  0]LogConfig: Setting CVar [[r.HairStrands.SkyLighting.IntegrationType:2]]
[2024.06.23-11.11.48:269][  0]LogConfig: Setting CVar [[r.HairStrands.SkyAO.SampleCount:4]]
[2024.06.23-11.11.48:270][  0]LogConfig: Setting CVar [[r.HairStrands.Visibility.MSAA.SamplePerPixel:4]]
[2024.06.23-11.11.48:270][  0]LogConfig: Applying CVar settings from Section [Startup] File [../../../Engine/Config/ConsoleVariables.ini]
[2024.06.23-11.11.48:270][  0]LogConfig: Setting CVar [[net.UseAdaptiveNetUpdateFrequency:0]]
[2024.06.23-11.11.48:270][  0]LogConfig: Setting CVar [[p.chaos.AllowCreatePhysxBodies:1]]
[2024.06.23-11.11.48:270][  0]LogConfig: Setting CVar [[fx.SkipVectorVMBackendOptimizations:1]]
[2024.06.23-11.11.48:271][  0]LogConfig: Applying CVar settings from Section [ConsoleVariables] File [C:/Users/nanim/GitHub/InsectHeaven/InsectHeaven/Saved/Config/Windows/Engine.ini]
[2024.06.23-11.11.48:271][  0]LogConfig: Applying CVar settings from Section [ConsoleVariables] File [C:/Users/nanim/GitHub/InsectHeaven/InsectHeaven/Saved/Config/Windows/Editor.ini]
[2024.06.23-11.11.48:271][  0]LogInit: Computer: DESKTOP-NS5ONMH
[2024.06.23-11.11.48:271][  0]LogInit: User: nanim
[2024.06.23-11.11.48:271][  0]LogInit: CPU Page size=4096, Cores=12
[2024.06.23-11.11.48:271][  0]LogInit: High frequency timer resolution =10.000000 MHz
[2024.06.23-11.11.48:272][  0]LogMemory: Memory total: Physical=31.2GB (32GB approx)
[2024.06.23-11.11.48:272][  0]LogMemory: Platform Memory Stats for Windows
[2024.06.23-11.11.48:272][  0]LogMemory: Process Physical Memory: 151.61 MB used, 151.61 MB peak
[2024.06.23-11.11.48:272][  0]LogMemory: Process Virtual Memory: 125.83 MB used, 125.83 MB peak
[2024.06.23-11.11.48:272][  0]LogMemory: Physical Memory: 18733.39 MB used,  13173.84 MB free, 31907.23 MB total
[2024.06.23-11.11.48:272][  0]LogMemory: Virtual Memory: 134178056.00 MB used,  39672.21 MB free, 134217728.00 MB total
[2024.06.23-11.11.48:287][  0]LogWindows: WindowsPlatformFeatures enabled
[2024.06.23-11.11.48:426][  0]LogInit: Physics initialised using underlying interface: PhysX
[2024.06.23-11.11.48:428][  0]LogInit: Using OS detected language (ko-KR).
[2024.06.23-11.11.48:428][  0]LogInit: Using OS detected locale (ko-KR).
[2024.06.23-11.11.48:433][  0]LogTextLocalizationManager: No specific localization for 'ko-KR' exists, so the 'ko' localization will be used.
[2024.06.23-11.11.48:514][  0]LogInit: Setting process to per monitor DPI aware
[2024.06.23-11.11.48:686][  0]LogWindowsTextInputMethodSystem: Display: IME system deactivated.
[2024.06.23-11.11.48:707][  0]LogSlate: New Slate User Created.  User Index 0, Is Virtual User: 0
[2024.06.23-11.11.48:707][  0]LogSlate: Slate User Registered.  User Index 0, Is Virtual User: 0
[2024.06.23-11.11.48:843][  0]LogD3D11RHI: Loaded GFSDK_Aftermath_Lib.x64.dll
[2024.06.23-11.11.48:850][  0]LogHMD: Failed to initialize OpenVR with code 110
[2024.06.23-11.11.48:850][  0]LogD3D11RHI: D3D11 min allowed feature level: 11_0
[2024.06.23-11.11.48:850][  0]LogD3D11RHI: D3D11 max allowed feature level: 11_0
[2024.06.23-11.11.48:850][  0]LogD3D11RHI: D3D11 adapters:
[2024.06.23-11.11.48:939][  0]LogD3D11RHI:    0. 'AMD Radeon RX 7900 XTX' (Feature Level 11_0)
[2024.06.23-11.11.48:939][  0]LogD3D11RHI:       24515/0/15953 MB DedicatedVideo/DedicatedSystem/SharedSystem, Outputs:2, VendorId:0x1002
[2024.06.23-11.11.48:997][  0]LogD3D11RHI:    1. 'AMD Radeon(TM) Graphics' (Feature Level 11_0)
[2024.06.23-11.11.48:997][  0]LogD3D11RHI:       485/0/15953 MB DedicatedVideo/DedicatedSystem/SharedSystem, Outputs:0, VendorId:0x1002
[2024.06.23-11.11.49:001][  0]LogD3D11RHI:    2. 'Microsoft Basic Render Driver' (Feature Level 11_0)
[2024.06.23-11.11.49:001][  0]LogD3D11RHI:       0/0/15953 MB DedicatedVideo/DedicatedSystem/SharedSystem, Outputs:0, VendorId:0x1414
[2024.06.23-11.11.49:002][  0]LogD3D11RHI: Chosen D3D11 Adapter:
[2024.06.23-11.11.49:002][  0]LogD3D11RHI:     Description : AMD Radeon RX 7900 XTX
[2024.06.23-11.11.49:002][  0]LogD3D11RHI:     VendorId    : 1002
[2024.06.23-11.11.49:002][  0]LogD3D11RHI:     DeviceId    : 744c
[2024.06.23-11.11.49:002][  0]LogD3D11RHI:     SubSysId    : e3b1002
[2024.06.23-11.11.49:002][  0]LogD3D11RHI:     Revision    : 00c8
[2024.06.23-11.11.49:002][  0]LogD3D11RHI:     DedicatedVideoMemory : 25706012672 bytes
[2024.06.23-11.11.49:002][  0]LogD3D11RHI:     DedicatedSystemMemory : 0 bytes
[2024.06.23-11.11.49:002][  0]LogD3D11RHI:     SharedSystemMemory : 16728580096 bytes
[2024.06.23-11.11.49:002][  0]LogD3D11RHI:     AdapterLuid : 0 69774
[2024.06.23-11.11.49:007][  0]LogD3D11RHI: Creating new Direct3DDevice
[2024.06.23-11.11.49:007][  0]LogD3D11RHI:     GPU DeviceId: 0x744c (for the marketing name, search the web for "GPU Device Id")
[2024.06.23-11.11.49:007][  0]LogWindows: EnumDisplayDevices:
[2024.06.23-11.11.49:007][  0]LogWindows:    0. 'AMD Radeon RX 7900 XTX' (P:1 D:1)
[2024.06.23-11.11.49:008][  0]LogWindows:    1. 'AMD Radeon RX 7900 XTX' (P:0 D:1)
[2024.06.23-11.11.49:009][  0]LogWindows:    2. 'AMD Radeon RX 7900 XTX' (P:0 D:0)
[2024.06.23-11.11.49:010][  0]LogWindows:    3. 'AMD Radeon RX 7900 XTX' (P:0 D:0)
[2024.06.23-11.11.49:010][  0]LogWindows:    4. 'AMD Radeon RX 7900 XTX' (P:0 D:0)
[2024.06.23-11.11.49:011][  0]LogWindows:    5. 'AMD Radeon(TM) Graphics' (P:0 D:0)
[2024.06.23-11.11.49:012][  0]LogWindows:    6. 'AMD Radeon(TM) Graphics' (P:0 D:0)
[2024.06.23-11.11.49:013][  0]LogWindows:    7. 'AMD Radeon(TM) Graphics' (P:0 D:0)
[2024.06.23-11.11.49:013][  0]LogWindows:    8. 'AMD Radeon(TM) Graphics' (P:0 D:0)
[2024.06.23-11.11.49:014][  0]LogWindows:    9. 'AMD Radeon(TM) Graphics' (P:0 D:0)
[2024.06.23-11.11.49:015][  0]LogWindows: DebugString: PrimaryIsNotTheChoosenAdapter PrimaryIsNotTheChoosenAdapter PrimaryIsNotTheChoosenAdapter PrimaryIsNotTheChoosenAdapter PrimaryIsNotTheChoosenAdapter FoundDriverCount:5 
[2024.06.23-11.11.49:015][  0]LogD3D11RHI:     Adapter Name: AMD Radeon RX 7900 XTX
[2024.06.23-11.11.49:015][  0]LogD3D11RHI:   Driver Version: AMD Software: Adrenalin Edition 23.8.1 (internal:31.0.21029.1006, unified:31.0.21029.1006)
[2024.06.23-11.11.49:015][  0]LogD3D11RHI:      Driver Date: 8-14-2023
[2024.06.23-11.11.49:015][  0]LogRHI: Texture pool is 16623 MB (70% of 23747 MB)
[2024.06.23-11.11.49:056][  0]LogD3D11RHI: Creating D3DDevice with AMD AGS, using adapter:
[2024.06.23-11.11.49:056][  0]LogD3D11RHI:     Description : AMD Radeon RX 7900 XTX
[2024.06.23-11.11.49:056][  0]LogD3D11RHI:     VendorId    : 1002
[2024.06.23-11.11.49:056][  0]LogD3D11RHI:     DeviceId    : 744c
[2024.06.23-11.11.49:056][  0]LogD3D11RHI:     SubSysId    : e3b1002
[2024.06.23-11.11.49:056][  0]LogD3D11RHI:     Revision    : 00c8
[2024.06.23-11.11.49:056][  0]LogD3D11RHI:     DedicatedVideoMemory : 25706012672 bytes
[2024.06.23-11.11.49:056][  0]LogD3D11RHI:     DedicatedSystemMemory : 0 bytes
[2024.06.23-11.11.49:057][  0]LogD3D11RHI:     SharedSystemMemory : 16728580096 bytes
[2024.06.23-11.11.49:057][  0]LogD3D11RHI:     AdapterLuid : 0 69774
[2024.06.23-11.11.49:161][  0]LogD3D11RHI: Created device via AGS, feature level 11_0, supported extensions 1fffffbf.
[2024.06.23-11.11.49:161][  0]LogD3D11RHI: RHI has support for 64 bit atomics
[2024.06.23-11.11.49:161][  0]LogD3D11RHI: Async texture creation enabled
[2024.06.23-11.11.49:161][  0]LogD3D11RHI: Array index from any shader is supported
[2024.06.23-11.11.49:172][  0]LogD3D11RHI: GPU Timing Frequency: 100.000000 (Debug: 2 1)
[2024.06.23-11.11.49:425][  0]LogTargetPlatformManager: Display: Loaded TargetPlatform 'AllDesktop'
[2024.06.23-11.11.49:444][  0]LogTargetPlatformManager: Display: Loaded TargetPlatform 'Android'
[2024.06.23-11.11.49:444][  0]LogTargetPlatformManager: Display: Loaded TargetPlatform 'Android_ASTC'
[2024.06.23-11.11.49:444][  0]LogTargetPlatformManager: Display: Loaded TargetPlatform 'Android_DXT'
[2024.06.23-11.11.49:444][  0]LogTargetPlatformManager: Display: Loaded TargetPlatform 'Android_ETC2'
[2024.06.23-11.11.49:444][  0]LogTargetPlatformManager: Display: Loaded TargetPlatform 'AndroidClient'
[2024.06.23-11.11.49:444][  0]LogTargetPlatformManager: Display: Loaded TargetPlatform 'Android_ASTCClient'
[2024.06.23-11.11.49:444][  0]LogTargetPlatformManager: Display: Loaded TargetPlatform 'Android_DXTClient'
[2024.06.23-11.11.49:444][  0]LogTargetPlatformManager: Display: Loaded TargetPlatform 'Android_ETC2Client'
[2024.06.23-11.11.49:444][  0]LogTargetPlatformManager: Display: Loaded TargetPlatform 'Android_Multi'
[2024.06.23-11.11.49:444][  0]LogTargetPlatformManager: Display: Loaded TargetPlatform 'Android_MultiClient'
[2024.06.23-11.11.49:473][  0]LogTargetPlatformManager: Display: Loaded TargetPlatform 'IOSClient'
[2024.06.23-11.11.49:473][  0]LogTargetPlatformManager: Display: Loaded TargetPlatform 'IOS'
[2024.06.23-11.11.49:484][  0]LogTargetPlatformManager: Display: Loaded TargetPlatform 'Linux'
[2024.06.23-11.11.49:532][  0]LogTargetPlatformManager: Display: Loaded TargetPlatform 'LinuxNoEditor'
[2024.06.23-11.11.49:540][  0]LogTargetPlatformManager: Display: Loaded TargetPlatform 'LinuxClient'
[2024.06.23-11.11.49:548][  0]LogTargetPlatformManager: Display: Loaded TargetPlatform 'LinuxServer'
[2024.06.23-11.11.49:560][  0]LogTargetPlatformManager: Display: Loaded TargetPlatform 'LinuxAArch64NoEditor'
[2024.06.23-11.11.49:568][  0]LogTargetPlatformManager: Display: Loaded TargetPlatform 'LinuxAArch64Client'
[2024.06.23-11.11.49:577][  0]LogTargetPlatformManager: Display: Loaded TargetPlatform 'LinuxAArch64Server'
[2024.06.23-11.11.49:600][  0]LogTargetPlatformManager: Display: Loaded TargetPlatform 'Lumin'
[2024.06.23-11.11.49:600][  0]LogTargetPlatformManager: Display: Loaded TargetPlatform 'LuminClient'
[2024.06.23-11.11.49:611][  0]LogTargetPlatformManager: Display: Loaded TargetPlatform 'MacNoEditor'
[2024.06.23-11.11.49:621][  0]LogTargetPlatformManager: Display: Loaded TargetPlatform 'Mac'
[2024.06.23-11.11.49:629][  0]LogTargetPlatformManager: Display: Loaded TargetPlatform 'MacClient'
[2024.06.23-11.11.49:638][  0]LogTargetPlatformManager: Display: Loaded TargetPlatform 'MacServer'
[2024.06.23-11.11.49:651][  0]LogTargetPlatformManager: Display: Loaded TargetPlatform 'TVOSClient'
[2024.06.23-11.11.49:651][  0]LogTargetPlatformManager: Display: Loaded TargetPlatform 'TVOS'
[2024.06.23-11.11.49:664][  0]LogTargetPlatformManager: Display: Loaded TargetPlatform 'WindowsNoEditor'
[2024.06.23-11.11.49:674][  0]LogTargetPlatformManager: Display: Loaded TargetPlatform 'Windows'
[2024.06.23-11.11.49:682][  0]LogTargetPlatformManager: Display: Loaded TargetPlatform 'WindowsClient'
[2024.06.23-11.11.49:690][  0]LogTargetPlatformManager: Display: Loaded TargetPlatform 'WindowsServer'
[2024.06.23-11.11.49:690][  0]LogTargetPlatformManager: Display: Building Assets For Windows
[2024.06.23-11.11.49:729][  0]LogAudioDebug: Display: Lib vorbis DLL was dynamically loaded.
[2024.06.23-11.11.49:833][  0]LogTextureFormatOodle: Display: Oodle Texture 2.9.0 init RDO Off
[2024.06.23-11.11.49:919][  0]LogRendererCore: Ray tracing is disabled. Reason: r.RayTracing=0.
[2024.06.23-11.11.49:919][  0]LogShaderCompilers: Guid format shader working directory is -14 characters bigger than the processId version (../../../../../Users/nanim/GitHub/InsectHeaven/InsectHeaven/Intermediate/Shaders/WorkingDirectory/15016/).
[2024.06.23-11.11.49:920][  0]LogShaderCompilers: Cleaned the shader compiler working directory 'C:/Users/nanim/AppData/Local/Temp/UnrealShaderWorkingDir/099DD43D4CCE1BECAE6A9FA42B3FD7EE/'.
[2024.06.23-11.11.49:920][  0]LogXGEController: Cannot use XGE Controller as Incredibuild is not installed on this machine.
[2024.06.23-11.11.49:920][  0]LogShaderCompilers: Cannot use XGE Shader Compiler as Incredibuild is not installed on this machine.
[2024.06.23-11.11.49:920][  0]LogShaderCompilers: Display: Using Local Shader Compiler.
[2024.06.23-11.11.50:406][  0]LogDerivedDataCache: Display: Max Cache Size: 512 MB
[2024.06.23-11.11.50:445][  0]LogDerivedDataCache: Loaded boot cache 0.04s 94MB C:/Users/nanim/AppData/Local/UnrealEngine/4.27/DerivedDataCache/Boot.ddc.
[2024.06.23-11.11.50:445][  0]LogDerivedDataCache: Display: Loaded Boot cache: C:/Users/nanim/AppData/Local/UnrealEngine/4.27/DerivedDataCache/Boot.ddc
[2024.06.23-11.11.50:445][  0]LogDerivedDataCache: FDerivedDataBackendGraph:  Pak pak cache file ../../../../../Users/nanim/GitHub/InsectHeaven/InsectHeaven/DerivedDataCache/DDC.ddp not found, will not use a pak cache.
[2024.06.23-11.11.50:445][  0]LogDerivedDataCache: Unable to find inner node Pak for hierarchical cache Hierarchy.
[2024.06.23-11.11.50:446][  0]LogDerivedDataCache: FDerivedDataBackendGraph:  CompressedPak pak cache file ../../../../../Users/nanim/GitHub/InsectHeaven/InsectHeaven/DerivedDataCache/Compressed.ddp not found, will not use a pak cache.
[2024.06.23-11.11.50:446][  0]LogDerivedDataCache: Unable to find inner node CompressedPak for hierarchical cache Hierarchy.
[2024.06.23-11.11.50:458][  0]LogDerivedDataCache: Display: Pak cache opened for reading ../../../Engine/DerivedDataCache/Compressed.ddp.
[2024.06.23-11.11.50:458][  0]LogDerivedDataCache: FDerivedDataBackendGraph:  EnterprisePak pak cache file ../../../Enterprise/DerivedDataCache/Compressed.ddp not found, will not use a pak cache.
[2024.06.23-11.11.50:458][  0]LogDerivedDataCache: Unable to find inner node EnterprisePak for hierarchical cache Hierarchy.
[2024.06.23-11.11.50:520][  0]LogDerivedDataCache: Speed tests for C:/Users/nanim/AppData/Local/UnrealEngine/Common/DerivedDataCache took 0.06 seconds
[2024.06.23-11.11.50:520][  0]LogDerivedDataCache: Display: Performance to C:/Users/nanim/AppData/Local/UnrealEngine/Common/DerivedDataCache: Latency=0.06ms. RandomReadSpeed=553.06MBs, RandomWriteSpeed=15.69MBs. Assigned SpeedClass 'Local'
[2024.06.23-11.11.50:521][  0]LogDerivedDataCache: Using Local data cache path C:/Users/nanim/AppData/Local/UnrealEngine/Common/DerivedDataCache: Writable
[2024.06.23-11.11.50:522][  0]LogDerivedDataCache: Shared data cache path not found in *engine.ini, will not use an Shared cache.
[2024.06.23-11.11.50:522][  0]LogDerivedDataCache: Unable to find inner node Shared for hierarchical cache Hierarchy.
[2024.06.23-11.11.50:549][  0]LogSlate: Using FreeType 2.10.0
[2024.06.23-11.11.50:549][  0]LogSlate: SlateFontServices - WITH_FREETYPE: 1, WITH_HARFBUZZ: 1
[2024.06.23-11.11.50:572][  0]LogAssetRegistry: FAssetRegistry took 0.0025 seconds to start up
[2024.06.23-11.11.50:718][  0]LogInit: Selected Device Profile: [Windows]
[2024.06.23-11.11.50:719][  0]LogInit: Active device profile: [000002176DD0D400][000002176D6C65C0 49] Windows
[2024.06.23-11.11.50:719][  0]LogInit: Profiles: [000002176DD0D400][000002176D6C65C0 49] Windows, [000002176DCBAA00][000002176D6C2700 49] WindowsNoEditor, [000002176DD0F100][000002176D6CA840 49] WindowsServer, [000002176DC9FF00][000002176C174980 49] WindowsClient, [000002176DCBBC00][000002176C17CB00 49] IOS, [000002176DC9D700][000002176C180C80 49] iPadAir, [000002176DCBA200][000002176C184E00 49] iPadAir2, [000002176DC54400][0000021766CDB0C0 49] IPadPro, [000002176DC54500][000002176C189100 49] iPadAir3, [000002176DC9D900][0000021766CDF280 49] iPadAir4, [000002176DC57000][0000021766CE3400 49] iPadMini2, [000002176DC9FD00][0000021766CE7580 49] iPadMini3, [000002176DC54B00][0000021766CEB700 49] iPadMini4, [000002176DC9CA00][0000021766CEF880 49] iPadMini5, [000002176DC53C00][0000021766CF7B40 49] iPhone6, [000002176DC53D00][0000021766CF3B80 49] iPodTouch6, [000002176DD0E500][0000021766CFE2C0 49] iPhone7, [000002176DD0E300][0000021766CFA300 49] iPodTouch7, [000002176DC50600][0000021766D02480 49] iPhone5S, [000002176DC56E00][0000021766D06600 49] iPhone6Plus, [000002176DC51F00][000002176C178740 49] iPhone6S, [000002176DC55300][0000021766D0A880 49] iPhone6SPlus, [000002176DD0D300][0000021766D0E9C0 49] iPhone7Plus, [000002176DC56A00][0000021766D12B00 49] iPhoneSE, [000002176DD0CB00][0000021766D1AC80 49] iPhone8, [000002176DC56400][0000021766D1EE00 49] iPhone8Plus, [000002176DD0C100][0000021766D22F80 49] iPhoneX, [000002176DC55000][000002176E6E1100 49] iPhoneXS, [000002176DD0D800][000002176E6E5280 49] iPhoneXSMax, [000002176DC57800][000002176E6E9400 49] iPhoneXR, [000002176DD0ED00][000002176E6ED580 49] iPhone11, [000002176DC55F00][000002176E6F1700 49] iPhone11Pro, [000002176DD0F600][000002176E6F5880 49] iPhone11ProMax, [000002176DC55A00][000002176E6F9A00 49] iPhoneSE2, [000002176DD0DF00][000002176E6FDB80 49] iPhone12Mini, [000002176DC54900][000002176E700180 49] iPhone12, [000002176DD0D000][000002176E704300 49] iPhone12Pro, [000002176DC55C00][000002176E708480 49] iPhone12ProMax, [000002176DD0DB00][000002176E70C600 49] iPadPro105, [000002176DC54A00][000002176E710780 49] iPadPro129, [000002176DD0E700][000002176E714900 49] iPadPro97, [000002176DC54C00][0000021766D16A40 49] iPadPro2_129, [000002176DD0EE00][000002176E75EB80 49] iPad5, [000002176DC55E00][000002176E7BACC0 49] iPad6, [000002176DD0E100][000002176E82AE40 49] iPad7, [000002176DC56F00][000002176E82EFC0 49] iPad8, [000002176DD0CD00][000002176E8AF140 49] iPadPro11, [000002176DC57A00][00000217669832C0 49] iPadPro2_11, [000002176DD0C400][00000217669B3440 49] iPadPro3_129, [000002176DC55900][0000021768CB15C0 49] iPadPro4_129, [000002176DD0F700][000002176EA85740 49] AppleTV, [000002176DC57900][000002176EA898C0 49] AppleTV4K, [000002176DD0E800][000002176EA8DA40 49] TVOS, [000002176DC56500][000002176EA95BC0 49] Mac, [000002176DD0F800][000002176C1F61C0 49] MacClient, [000002176DC55B00][000002176C1FA340 49] MacNoEditor, [000002176DD0C600][000002176F6F04C0 49] MacServer, [000002176DC57400][000002176F6F4640 49] Linux, [000002176DD0C200][000002176F6FC7C0 49] LinuxAArch64, [000002176DC54300][000002176F70C940 49] LinuxNoEditor, [000002176DD0FC00][000002176E75AAC0 49] LinuxAArch64NoEditor, [000002176DC55100][000002176E826C00 49] LinuxClient, [000002176DD0EF00][000002176C21ED40 49] LinuxAArch64Client, [000002176DC54F00][000002176E8A2E80 49] LinuxServer, [000002176DD0D700][000002176E8A6FC0 49] LinuxAArch64Server, [000002176DC56800][000002176EAD7140 49] Android, [000002176DC9DB00][000002176EADB2C0 49] Android_Low, [000002176DC50900][0000021768D23440 49] Android_Mid, [000002176DC9DE00][0000021768D275C0 49] Android_High, [000002176DC51900][0000021768D3B740 49] Android_Default, [000002176DC9EB00][0000021768D3F8C0 49] Android_Adreno4xx, [000002176DC51100][0000021768D43A40 49] Android_Adreno5xx_Low, [000002176DC9E100][000002176F457BC0 49] Android_Adreno5xx, [000002176DC51600][000002176F45A1C0 49] Android_Adreno6xx, [000002176DC9CB00][000002176F45E340 49] Android_Adreno6xx_Vulkan, [000002176DC50300][000002176F4864C0 49] Android_Mali_T6xx, [000002176DC9FC00][000002176E8BA640 49] Android_Mali_T7xx, [000002176DC52600][000002176E9D87C0 49] Android_Mali_T8xx, [000002176DC9CC00][000002176E9E6940 49] Android_Mali_G71, [000002176DC53100][000002176E9EAAC0 49] Android_Mali_G72, [000002176DC9C900][000002176E9EEC40 49] Android_Mali_G72_Vulkan, [000002176DC53700][000002176EAD2D80 49] Android_Mali_G76, [000002176DC9E900][000002176E9F2EC0 49] Android_Mali_G76_Vulkan, [000002176DC51800][000002176E833000 49] Android_Mali_G77, [000002176DC9F900][000002176E837140 49] Android_Mali_G77_Vulkan, [000002176DC53000][000002176EA6B2C0 49] Android_Mali_G78, [000002176DC9C500][000002176E843440 49] Android_Mali_G78_Vulkan, [000002176DC50B00][000002176E8735C0 49] Android_Mali_G710, [000002176DC9FB00][000002176E877740 49] Android_Mali_G710_Vulkan, [000002176DC50F00][000002176E87B8C0 49] Android_Vulkan_SM5, [000002176DC9E000][000002176F311A40 49] Android_PowerVR_G6xxx, [000002176DC50200][000002176F315BC0 49] Android_PowerVR_GT7xxx, [000002176DC9CF00][000002176F3181C0 49] Android_PowerVR_GE8xxx, [000002176DC52D00][000002176F31C340 49] Android_PowerVR_GM9xxx, [000002176DC57200][000002176F3204C0 49] Android_PowerVR_GM9xxx_Vulkan, [000002176DC53F00][000002176F324640 49] Android_TegraK1, [000002176DC57100][000002176E8827C0 49] Android_Unknown_Vulkan, [000002176DC50D00][000002176E886940 49] Lumin, [000002176DC55800][000002176E88AAC0 49] Lumin_Desktop, [000002176DC50400][000002176E88EC40 49] HoloLens, 
[2024.06.23-11.11.50:866][  0]LogMeshReduction: Using QuadricMeshReduction for automatic static mesh reduction
[2024.06.23-11.11.50:866][  0]LogMeshReduction: Using SimplygonMeshReduction for automatic skeletal mesh reduction
[2024.06.23-11.11.50:866][  0]LogMeshReduction: Using ProxyLODMeshReduction for automatic mesh merging
[2024.06.23-11.11.50:866][  0]LogMeshReduction: No distributed automatic mesh merging module available
[2024.06.23-11.11.50:866][  0]LogMeshMerging: No distributed automatic mesh merging module available
[2024.06.23-11.11.50:886][  0]LogNetVersion: InsectHeaven 1.0.0, NetCL: 17155196, EngineNetVer: 17, GameNetVer: 0 (Checksum: 3375795940)
[2024.06.23-11.11.51:128][  0]LogTexture: Default maximum texture size for cubemaps generated from long-lat sources has been changed from 512 to unlimited. In order to preserve old behaiour for '/Engine/MapTemplates/Sky/DaylightAmbientCubemap.DaylightAmbientCubemap', its maximum texture size has been explicitly set to 512.
[2024.06.23-11.11.51:166][  0]LogHMD: PokeAHoleMaterial loaded successfully
[2024.06.23-11.11.51:171][  0]LogUObjectArray: 17178 objects as part of root set at end of initial load.
[2024.06.23-11.11.51:171][  0]LogUObjectAllocator: 4302048 out of 0 bytes used by permanent object pool.
[2024.06.23-11.11.51:171][  0]LogUObjectArray: CloseDisregardForGC: 0/0 objects in disregard for GC pool
[2024.06.23-11.11.51:796][  0]LogNiagaraDebuggerClient: Niagara Debugger Client Initialized | Session: B450ED234EDF88189A51C9A1EF85E1EA | Instance: 73BC49D3467B9BD352355EB1DDEB6C02 (DESKTOP-NS5ONMH-15016).
[2024.06.23-11.11.52:067][  0]LogPython: Using Python 3.7.7
[2024.06.23-11.11.52:407][  0]LogTcpMessaging: Initializing TcpMessaging bridge
[2024.06.23-11.11.52:419][  0]LogUdpMessaging: Initializing bridge on interface 0.0.0.0:0 to multicast group 230.0.0.1:6666.
[2024.06.23-11.11.52:947][  0]SourceControl: 소스 컨트롤이 꺼졌습니다.
[2024.06.23-11.11.52:948][  0]SourceControl: 소스 컨트롤이 꺼졌습니다.
[2024.06.23-11.11.52:964][  0]SourceControl: 소스 컨트롤이 꺼졌습니다.
[2024.06.23-11.11.52:973][  0]SourceControl: 소스 컨트롤이 꺼졌습니다.
[2024.06.23-11.11.53:003][  0]SourceControl: 소스 컨트롤이 꺼졌습니다.
[2024.06.23-11.11.53:021][  0]LogUProjectInfo: Found projects:
[2024.06.23-11.11.53:594][  0]LogOpenImageDenoise: OIDN starting up
[2024.06.23-11.11.53:626][  0]LogAndroidPermission: UAndroidPermissionCallbackProxy::GetInstance
[2024.06.23-11.11.53:682][  0]LogAudioCaptureCore: Display: No Audio Capture implementations found. Audio input will be silent.
[2024.06.23-11.11.53:682][  0]LogAudioCaptureCore: Display: No Audio Capture implementations found. Audio input will be silent.
[2024.06.23-11.11.53:904][  0]LogCollectionManager: Loaded 0 collections in 0.001452 seconds
[2024.06.23-11.11.53:954][  0]LogFileCache: Scanning file cache for directory 'C:/Users/nanim/GitHub/InsectHeaven/InsectHeaven/Saved/Collections/' took 0.00s
[2024.06.23-11.11.53:954][  0]LogFileCache: Scanning file cache for directory 'C:/Users/nanim/GitHub/InsectHeaven/InsectHeaven/Content/Developers/nanim/Collections/' took 0.00s
[2024.06.23-11.11.53:954][  0]LogFileCache: Scanning file cache for directory 'C:/Users/nanim/GitHub/InsectHeaven/InsectHeaven/Content/Collections/' took 0.00s
[2024.06.23-11.11.53:954][  0]LogOcInput: OculusInput pre-init called
[2024.06.23-11.11.54:156][  0]LogClass: Display: IntProperty FCharacter_2D::Name is not initialized properly. Module:InsectHeaven File:Table/DataStruct/Character_2D.h
[2024.06.23-11.11.54:156][  0]LogClass: Display: IntProperty FCharacter_2D::ImageID is not initialized properly. Module:InsectHeaven File:Table/DataStruct/Character_2D.h
[2024.06.23-11.11.54:156][  0]LogClass: Display: IntProperty FResource_Widget::PathFile is not initialized properly. Module:InsectHeaven File:Table/DataStruct/Resource_Widget.h
[2024.06.23-11.11.54:156][  0]LogClass: Display: IntProperty FScript_Local::Test is not initialized properly. Module:InsectHeaven File:Table/DataStruct/Script_Local.h
[2024.06.23-11.11.54:157][  0]LogClass: Display: 4 Uninitialized script struct members found including 0 object properties
[2024.06.23-11.11.54:158][  0]LogEngine: Initializing Engine...
[2024.06.23-11.11.54:165][  0]LogHMD: Failed to enumerate extensions. Please check that you have a valid OpenXR runtime installed.
[2024.06.23-11.11.54:165][  0]LogHMD: Failed to initialize OpenVR with code 110
[2024.06.23-11.11.54:165][  0]LogMagicLeap: Warning: VR disabled because ZI is not enabled.  To enable, in the editor, Edit -> Project Settings -> Plugins -> Magic Leap Plugin -> Enable Zero Iteration
[2024.06.23-11.11.54:166][  0]LogStats: UGameplayTagsManager::InitializeManager -  0.000 s
[2024.06.23-11.11.54:257][  0]LogInit: Initializing FReadOnlyCVARCache
[2024.06.23-11.11.54:273][  0]LogAIModule: Creating AISystem for world Untitled
[2024.06.23-11.11.54:274][  0]LogAudio: Display: Initializing Audio Device Manager...
[2024.06.23-11.11.54:284][  0]LogAudio: Display: Loading Default Audio Settings Objects...
[2024.06.23-11.11.54:284][  0]LogAudio: Display: No default SoundConcurrencyObject specified (or failed to load).
[2024.06.23-11.11.54:285][  0]LogAudio: Display: Audio Device Manager Initialized
[2024.06.23-11.11.54:285][  0]LogAudio: Display: Creating Audio Device:                 Id: 1, Scope: Shared, Realtime: True
[2024.06.23-11.11.54:285][  0]LogAudioMixer: Display: Audio Mixer Platform Settings:
[2024.06.23-11.11.54:286][  0]LogAudioMixer: Display: 	Sample Rate:						  48000
[2024.06.23-11.11.54:286][  0]LogAudioMixer: Display: 	Callback Buffer Frame Size Requested: 1024
[2024.06.23-11.11.54:286][  0]LogAudioMixer: Display: 	Callback Buffer Frame Size To Use:	  1024
[2024.06.23-11.11.54:286][  0]LogAudioMixer: Display: 	Number of buffers to queue:			  2
[2024.06.23-11.11.54:286][  0]LogAudioMixer: Display: 	Max Channels (voices):				  32
[2024.06.23-11.11.54:286][  0]LogAudioMixer: Display: 	Number of Async Source Workers:		  0
[2024.06.23-11.11.54:287][  0]LogAudio: Display: AudioDevice MaxSources: 32
[2024.06.23-11.11.54:287][  0]LogAudio: Display: Audio Spatialization Plugin: None (built-in).
[2024.06.23-11.11.54:287][  0]LogAudio: Display: Audio Reverb Plugin: None (built-in).
[2024.06.23-11.11.54:287][  0]LogAudio: Display: Audio Occlusion Plugin: None (built-in).
[2024.06.23-11.11.54:287][  0]LogAudioMixer: Display: Initializing audio mixer.
[2024.06.23-11.11.54:325][  0]LogAudioMixer: Display: 0: FrontLeft
[2024.06.23-11.11.54:325][  0]LogAudioMixer: Display: 1: FrontRight
[2024.06.23-11.11.54:365][  0]LogAudioMixer: Display: Using Audio Device 스피커(ABKO N550)
[2024.06.23-11.11.54:365][  0]LogAudioMixer: Display: Initializing Sound Submixes...
[2024.06.23-11.11.54:368][  0]LogAudioMixer: Display: Creating Master Submix 'MasterSubmixDefault'
[2024.06.23-11.11.54:368][  0]LogAudioMixer: Display: Creating Master Submix 'MasterReverbSubmixDefault'
[2024.06.23-11.11.54:369][  0]LogAudioMixer: Display: Creating Master Submix 'MasterEQSubmixDefault'
[2024.06.23-11.11.54:369][  0]LogAudioMixer: FMixerPlatformXAudio2::StartAudioStream() called
[2024.06.23-11.11.54:369][  0]LogAudioMixer: Display: Output buffers initialized: Frames=1024, Channels=2, Samples=2048
[2024.06.23-11.11.54:370][  0]LogAudioMixer: Display: Starting AudioMixerPlatformInterface::RunInternal()
[2024.06.23-11.11.54:370][  0]LogAudioMixer: Display: FMixerPlatformXAudio2::SubmitBuffer() called for the first time
[2024.06.23-11.11.54:370][  0]LogInit: FAudioDevice initialized.
[2024.06.23-11.11.54:370][  0]LogAudio: Display: Audio Device (ID: 1) registered with world 'Untitled'.
[2024.06.23-11.11.54:370][  0]LogNetVersion: Set ProjectVersion to 1.0.0.0. Version Checksum will be recalculated on next use.
[2024.06.23-11.11.54:578][  0]LogDerivedDataCache: Saved boot cache 0.21s 94MB C:/Users/nanim/AppData/Local/UnrealEngine/4.27/DerivedDataCache/Boot.ddc.
[2024.06.23-11.11.54:579][  0]LogInit: Texture streaming: Enabled
[2024.06.23-11.11.54:606][  0]LogAnalytics: Display: [UEEditor.Rocket.Release] APIServer = https://datarouter.ol.epicgames.com/. AppVersion = 4.27.2-18319896+++UE4+Release-4.27
[2024.06.23-11.11.54:616][  0]LogEngineSessionManager: EngineSessionManager initialized
[2024.06.23-11.11.54:616][  0]LogEditorSessionSummary: Verbose: Initializing EditorSessionSummaryWriter for editor session tracking
[2024.06.23-11.11.54:620][  0]LogEditorSessionSummary: EditorSessionSummaryWriter initialized
[2024.06.23-11.11.54:648][  0]LogInit: Transaction tracking system initialized
[2024.06.23-11.11.54:697][  0]BlueprintLog: New page: 에디터 로드
[2024.06.23-11.11.54:820][  0]LocalizationService: 현지화 서비스가 비활성화되었습니다.
[2024.06.23-11.11.54:874][  0]TimingProfiler: Initialize
[2024.06.23-11.11.54:874][  0]TimingProfiler: OnSessionChanged
[2024.06.23-11.11.54:874][  0]LoadingProfiler: Initialize
[2024.06.23-11.11.54:875][  0]LoadingProfiler: OnSessionChanged
[2024.06.23-11.11.54:875][  0]NetworkingProfiler: Initialize
[2024.06.23-11.11.54:875][  0]NetworkingProfiler: OnSessionChanged
[2024.06.23-11.11.54:875][  0]MemoryProfiler: Initialize
[2024.06.23-11.11.54:875][  0]MemoryProfiler: OnSessionChanged
[2024.06.23-11.11.55:455][  0]LogCook: Display: CookSettings for Memory: MemoryMaxUsedVirtual 0MiB, MemoryMaxUsedPhysical 16384MiB, MemoryMinFreeVirtual 0MiB, MemoryMinFreePhysical 1024MiB
[2024.06.23-11.11.55:455][  0]LogCook: Display: Mobile HDR setting 1
[2024.06.23-11.11.55:808][  0]LogFileCache: Scanning file cache for directory 'C:/Users/nanim/GitHub/InsectHeaven/InsectHeaven/Content/' took 0.01s
[2024.06.23-11.11.55:927][  0]LogInit: Display: Engine is initialized. Leaving FEngineLoop::Init()
[2024.06.23-11.11.55:931][  0]SourceControl: 소스 컨트롤이 꺼졌습니다.
[2024.06.23-11.11.55:931][  0]LogUnrealEdMisc: Loading editor; pre map load, took 13.391
[2024.06.23-11.11.55:931][  0]Cmd: MAP LOAD FILE="../../../../../Users/nanim/GitHub/InsectHeaven/InsectHeaven/Content/Scene/EmptyMainLevel.umap" TEMPLATE=0 SHOWPROGRESS=1 FEATURELEVEL=3
[2024.06.23-11.11.55:931][  0]LightingResults: New page: 라이팅 빌드
[2024.06.23-11.11.55:932][  0]LogWorld: UWorld::CleanupWorld for Untitled, bSessionEnded=true, bCleanupResources=true
[2024.06.23-11.11.55:933][  0]LogSlate: InvalidateAllWidgets triggered.  All widgets were invalidated
[2024.06.23-11.11.55:933][  0]MapCheck: New page: 맵 체크
[2024.06.23-11.11.55:933][  0]LightingResults: New page: 라이팅 빌드
[2024.06.23-11.11.55:949][  0]LogAudio: Display: Audio Device unregistered from world 'None'.
[2024.06.23-11.11.55:951][  0]LogUObjectHash: Compacting FUObjectHashTables data took   0.46ms
[2024.06.23-11.11.55:954][  0]LogAudio: Display: Audio Device (ID: 1) registered with world 'EmptyMainLevel'.
[2024.06.23-11.11.55:955][  0]LogAIModule: Creating AISystem for world EmptyMainLevel
[2024.06.23-11.11.55:955][  0]LogEditorServer: Finished looking for orphan Actors (0.000 secs)
[2024.06.23-11.11.55:958][  0]LogUObjectHash: Compacting FUObjectHashTables data took   0.33ms
[2024.06.23-11.11.55:959][  0]Cmd: MAP CHECKDEP NOCLEARLOG
[2024.06.23-11.11.55:959][  0]MapCheck: 맵 체크 완료: 오류 0 회, 경고 0 회, 소요 시간 0.124ms.
[2024.06.23-11.11.55:959][  0]LogFileHelpers: Loading map 'EmptyMainLevel' took 0.028
[2024.06.23-11.11.55:962][  0]LogUnrealEdMisc: Total Editor Startup Time, took 13.422
[2024.06.23-11.11.56:106][  0]LogSlate: Updating window title bar state: overlay mode, drag disabled, window buttons hidden, title bar hidden
[2024.06.23-11.11.56:109][  0]LogSlate: Updating window title bar state: overlay mode, drag disabled, window buttons hidden, title bar hidden
[2024.06.23-11.11.56:112][  0]LogSlate: Updating window title bar state: overlay mode, drag disabled, window buttons hidden, title bar hidden
[2024.06.23-11.11.56:115][  0]LogSlate: Updating window title bar state: overlay mode, drag disabled, window buttons hidden, title bar hidden
[2024.06.23-11.11.56:126][  0]LogNativeClassHierarchy: Verbose: Native class hierarchy populated in 0.0064 seconds. Added 3861 classes and 945 folders.
[2024.06.23-11.11.56:128][  0]LogNativeClassHierarchy: Verbose: Native class hierarchy updated for 'WidgetCarousel' in 0.0002 seconds. Added 0 classes and 0 folders.
[2024.06.23-11.11.56:129][  0]LogPakFile: PakFile PrimaryIndexSize=187
[2024.06.23-11.11.56:129][  0]LogPakFile: PakFile PathHashIndexSize=101
[2024.06.23-11.11.56:129][  0]LogPakFile: PakFile FullDirectoryIndexSize=148
[2024.06.23-11.11.56:129][  0]LogShaderLibrary: Display: ShaderCodeLibraryPakFileMountedCallback: PakFile 'C:/Program Files/UE_4.27/FeaturePacks/FP_FirstPerson.upack' (chunk index -1, root 'root:/') mounted
[2024.06.23-11.11.56:129][  0]LogShaderLibrary: Display: ShaderCodeLibraryPakFileMountedCallback: pending pak file info (ChunkID:-1 Root:root:/ File:C:/Program Files/UE_4.27/FeaturePacks/FP_FirstPerson.upack)
[2024.06.23-11.11.56:130][  0]LogPakFile: OnPakFileMounted2Time == 0.000250
[2024.06.23-11.11.56:130][  0]LogPakFile: PakFile PrimaryIndexSize=189
[2024.06.23-11.11.56:130][  0]LogPakFile: PakFile PathHashIndexSize=101
[2024.06.23-11.11.56:130][  0]LogPakFile: PakFile FullDirectoryIndexSize=152
[2024.06.23-11.11.56:131][  0]LogShaderLibrary: Display: ShaderCodeLibraryPakFileMountedCallback: PakFile 'C:/Program Files/UE_4.27/FeaturePacks/FP_FirstPersonBP.upack' (chunk index -1, root 'root:/') mounted
[2024.06.23-11.11.56:131][  0]LogShaderLibrary: Display: ShaderCodeLibraryPakFileMountedCallback: pending pak file info (ChunkID:-1 Root:root:/ File:C:/Program Files/UE_4.27/FeaturePacks/FP_FirstPersonBP.upack)
[2024.06.23-11.11.56:131][  0]LogPakFile: OnPakFileMounted2Time == 0.000278
[2024.06.23-11.11.56:131][  0]LogPakFile: PakFile PrimaryIndexSize=191
[2024.06.23-11.11.56:132][  0]LogPakFile: PakFile PathHashIndexSize=101
[2024.06.23-11.11.56:132][  0]LogPakFile: PakFile FullDirectoryIndexSize=160
[2024.06.23-11.11.56:132][  0]LogShaderLibrary: Display: ShaderCodeLibraryPakFileMountedCallback: PakFile 'C:/Program Files/UE_4.27/FeaturePacks/MobileStarterContent.upack' (chunk index -1, root 'root:/') mounted
[2024.06.23-11.11.56:132][  0]LogShaderLibrary: Display: ShaderCodeLibraryPakFileMountedCallback: pending pak file info (ChunkID:-1 Root:root:/ File:C:/Program Files/UE_4.27/FeaturePacks/MobileStarterContent.upack)
[2024.06.23-11.11.56:132][  0]LogPakFile: OnPakFileMounted2Time == 0.000297
[2024.06.23-11.11.56:133][  0]LogPakFile: PakFile PrimaryIndexSize=185
[2024.06.23-11.11.56:133][  0]LogPakFile: PakFile PathHashIndexSize=101
[2024.06.23-11.11.56:133][  0]LogPakFile: PakFile FullDirectoryIndexSize=148
[2024.06.23-11.11.56:133][  0]LogShaderLibrary: Display: ShaderCodeLibraryPakFileMountedCallback: PakFile 'C:/Program Files/UE_4.27/FeaturePacks/StarterContent.upack' (chunk index -1, root 'root:/') mounted
[2024.06.23-11.11.56:133][  0]LogShaderLibrary: Display: ShaderCodeLibraryPakFileMountedCallback: pending pak file info (ChunkID:-1 Root:root:/ File:C:/Program Files/UE_4.27/FeaturePacks/StarterContent.upack)
[2024.06.23-11.11.56:133][  0]LogPakFile: OnPakFileMounted2Time == 0.000183
[2024.06.23-11.11.56:134][  0]LogPakFile: PakFile PrimaryIndexSize=190
[2024.06.23-11.11.56:134][  0]LogPakFile: PakFile PathHashIndexSize=101
[2024.06.23-11.11.56:134][  0]LogPakFile: PakFile FullDirectoryIndexSize=154
[2024.06.23-11.11.56:134][  0]LogShaderLibrary: Display: ShaderCodeLibraryPakFileMountedCallback: PakFile 'C:/Program Files/UE_4.27/FeaturePacks/TP_2DSideScroller.upack' (chunk index -1, root 'root:/') mounted
[2024.06.23-11.11.56:134][  0]LogShaderLibrary: Display: ShaderCodeLibraryPakFileMountedCallback: pending pak file info (ChunkID:-1 Root:root:/ File:C:/Program Files/UE_4.27/FeaturePacks/TP_2DSideScroller.upack)
[2024.06.23-11.11.56:134][  0]LogPakFile: OnPakFileMounted2Time == 0.000225
[2024.06.23-11.11.56:135][  0]LogPakFile: PakFile PrimaryIndexSize=192
[2024.06.23-11.11.56:135][  0]LogPakFile: PakFile PathHashIndexSize=101
[2024.06.23-11.11.56:135][  0]LogPakFile: PakFile FullDirectoryIndexSize=158
[2024.06.23-11.11.56:135][  0]LogShaderLibrary: Display: ShaderCodeLibraryPakFileMountedCallback: PakFile 'C:/Program Files/UE_4.27/FeaturePacks/TP_2DSideScrollerBP.upack' (chunk index -1, root 'root:/') mounted
[2024.06.23-11.11.56:135][  0]LogShaderLibrary: Display: ShaderCodeLibraryPakFileMountedCallback: pending pak file info (ChunkID:-1 Root:root:/ File:C:/Program Files/UE_4.27/FeaturePacks/TP_2DSideScrollerBP.upack)
[2024.06.23-11.11.56:135][  0]LogPakFile: OnPakFileMounted2Time == 0.000251
[2024.06.23-11.11.56:136][  0]LogPakFile: PakFile PrimaryIndexSize=182
[2024.06.23-11.11.56:136][  0]LogPakFile: PakFile PathHashIndexSize=101
[2024.06.23-11.11.56:136][  0]LogPakFile: PakFile FullDirectoryIndexSize=138
[2024.06.23-11.11.56:136][  0]LogShaderLibrary: Display: ShaderCodeLibraryPakFileMountedCallback: PakFile 'C:/Program Files/UE_4.27/FeaturePacks/TP_Flying.upack' (chunk index -1, root 'root:/') mounted
[2024.06.23-11.11.56:136][  0]LogShaderLibrary: Display: ShaderCodeLibraryPakFileMountedCallback: pending pak file info (ChunkID:-1 Root:root:/ File:C:/Program Files/UE_4.27/FeaturePacks/TP_Flying.upack)
[2024.06.23-11.11.56:136][  0]LogPakFile: OnPakFileMounted2Time == 0.000271
[2024.06.23-11.11.56:137][  0]LogPakFile: PakFile PrimaryIndexSize=184
[2024.06.23-11.11.56:137][  0]LogPakFile: PakFile PathHashIndexSize=101
[2024.06.23-11.11.56:137][  0]LogPakFile: PakFile FullDirectoryIndexSize=142
[2024.06.23-11.11.56:137][  0]LogShaderLibrary: Display: ShaderCodeLibraryPakFileMountedCallback: PakFile 'C:/Program Files/UE_4.27/FeaturePacks/TP_FlyingBP.upack' (chunk index -1, root 'root:/') mounted
[2024.06.23-11.11.56:137][  0]LogShaderLibrary: Display: ShaderCodeLibraryPakFileMountedCallback: pending pak file info (ChunkID:-1 Root:root:/ File:C:/Program Files/UE_4.27/FeaturePacks/TP_FlyingBP.upack)
[2024.06.23-11.11.56:138][  0]LogPakFile: OnPakFileMounted2Time == 0.000264
[2024.06.23-11.11.56:138][  0]LogPakFile: PakFile PrimaryIndexSize=188
[2024.06.23-11.11.56:138][  0]LogPakFile: PakFile PathHashIndexSize=101
[2024.06.23-11.11.56:138][  0]LogPakFile: PakFile FullDirectoryIndexSize=150
[2024.06.23-11.11.56:138][  0]LogShaderLibrary: Display: ShaderCodeLibraryPakFileMountedCallback: PakFile 'C:/Program Files/UE_4.27/FeaturePacks/TP_HandheldARBP.upack' (chunk index -1, root 'root:/') mounted
[2024.06.23-11.11.56:139][  0]LogShaderLibrary: Display: ShaderCodeLibraryPakFileMountedCallback: pending pak file info (ChunkID:-1 Root:root:/ File:C:/Program Files/UE_4.27/FeaturePacks/TP_HandheldARBP.upack)
[2024.06.23-11.11.56:139][  0]LogPakFile: OnPakFileMounted2Time == 0.000221
[2024.06.23-11.11.56:139][  0]LogPakFile: PakFile PrimaryIndexSize=182
[2024.06.23-11.11.56:139][  0]LogPakFile: PakFile PathHashIndexSize=101
[2024.06.23-11.11.56:139][  0]LogPakFile: PakFile FullDirectoryIndexSize=138
[2024.06.23-11.11.56:140][  0]LogShaderLibrary: Display: ShaderCodeLibraryPakFileMountedCallback: PakFile 'C:/Program Files/UE_4.27/FeaturePacks/TP_Puzzle.upack' (chunk index -1, root 'root:/') mounted
[2024.06.23-11.11.56:140][  0]LogShaderLibrary: Display: ShaderCodeLibraryPakFileMountedCallback: pending pak file info (ChunkID:-1 Root:root:/ File:C:/Program Files/UE_4.27/FeaturePacks/TP_Puzzle.upack)
[2024.06.23-11.11.56:140][  0]LogPakFile: OnPakFileMounted2Time == 0.000191
[2024.06.23-11.11.56:140][  0]LogPakFile: PakFile PrimaryIndexSize=184
[2024.06.23-11.11.56:140][  0]LogPakFile: PakFile PathHashIndexSize=101
[2024.06.23-11.11.56:140][  0]LogPakFile: PakFile FullDirectoryIndexSize=142
[2024.06.23-11.11.56:141][  0]LogShaderLibrary: Display: ShaderCodeLibraryPakFileMountedCallback: PakFile 'C:/Program Files/UE_4.27/FeaturePacks/TP_PuzzleBP.upack' (chunk index -1, root 'root:/') mounted
[2024.06.23-11.11.56:141][  0]LogShaderLibrary: Display: ShaderCodeLibraryPakFileMountedCallback: pending pak file info (ChunkID:-1 Root:root:/ File:C:/Program Files/UE_4.27/FeaturePacks/TP_PuzzleBP.upack)
[2024.06.23-11.11.56:141][  0]LogPakFile: OnPakFileMounted2Time == 0.000268
[2024.06.23-11.11.56:141][  0]LogPakFile: PakFile PrimaryIndexSize=183
[2024.06.23-11.11.56:141][  0]LogPakFile: PakFile PathHashIndexSize=101
[2024.06.23-11.11.56:142][  0]LogPakFile: PakFile FullDirectoryIndexSize=140
[2024.06.23-11.11.56:142][  0]LogShaderLibrary: Display: ShaderCodeLibraryPakFileMountedCallback: PakFile 'C:/Program Files/UE_4.27/FeaturePacks/TP_Rolling.upack' (chunk index -1, root 'root:/') mounted
[2024.06.23-11.11.56:142][  0]LogShaderLibrary: Display: ShaderCodeLibraryPakFileMountedCallback: pending pak file info (ChunkID:-1 Root:root:/ File:C:/Program Files/UE_4.27/FeaturePacks/TP_Rolling.upack)
[2024.06.23-11.11.56:142][  0]LogPakFile: OnPakFileMounted2Time == 0.000209
[2024.06.23-11.11.56:142][  0]LogPakFile: PakFile PrimaryIndexSize=185
[2024.06.23-11.11.56:142][  0]LogPakFile: PakFile PathHashIndexSize=101
[2024.06.23-11.11.56:143][  0]LogPakFile: PakFile FullDirectoryIndexSize=144
[2024.06.23-11.11.56:143][  0]LogShaderLibrary: Display: ShaderCodeLibraryPakFileMountedCallback: PakFile 'C:/Program Files/UE_4.27/FeaturePacks/TP_RollingBP.upack' (chunk index -1, root 'root:/') mounted
[2024.06.23-11.11.56:143][  0]LogShaderLibrary: Display: ShaderCodeLibraryPakFileMountedCallback: pending pak file info (ChunkID:-1 Root:root:/ File:C:/Program Files/UE_4.27/FeaturePacks/TP_RollingBP.upack)
[2024.06.23-11.11.56:143][  0]LogPakFile: OnPakFileMounted2Time == 0.000208
[2024.06.23-11.11.56:143][  0]LogPakFile: PakFile PrimaryIndexSize=188
[2024.06.23-11.11.56:143][  0]LogPakFile: PakFile PathHashIndexSize=101
[2024.06.23-11.11.56:144][  0]LogPakFile: PakFile FullDirectoryIndexSize=150
[2024.06.23-11.11.56:144][  0]LogShaderLibrary: Display: ShaderCodeLibraryPakFileMountedCallback: PakFile 'C:/Program Files/UE_4.27/FeaturePacks/TP_SideScroller.upack' (chunk index -1, root 'root:/') mounted
[2024.06.23-11.11.56:144][  0]LogShaderLibrary: Display: ShaderCodeLibraryPakFileMountedCallback: pending pak file info (ChunkID:-1 Root:root:/ File:C:/Program Files/UE_4.27/FeaturePacks/TP_SideScroller.upack)
[2024.06.23-11.11.56:144][  0]LogPakFile: OnPakFileMounted2Time == 0.000219
[2024.06.23-11.11.56:144][  0]LogPakFile: PakFile PrimaryIndexSize=190
[2024.06.23-11.11.56:144][  0]LogPakFile: PakFile PathHashIndexSize=101
[2024.06.23-11.11.56:145][  0]LogPakFile: PakFile FullDirectoryIndexSize=154
[2024.06.23-11.11.56:145][  0]LogShaderLibrary: Display: ShaderCodeLibraryPakFileMountedCallback: PakFile 'C:/Program Files/UE_4.27/FeaturePacks/TP_SideScrollerBP.upack' (chunk index -1, root 'root:/') mounted
[2024.06.23-11.11.56:145][  0]LogShaderLibrary: Display: ShaderCodeLibraryPakFileMountedCallback: pending pak file info (ChunkID:-1 Root:root:/ File:C:/Program Files/UE_4.27/FeaturePacks/TP_SideScrollerBP.upack)
[2024.06.23-11.11.56:145][  0]LogPakFile: OnPakFileMounted2Time == 0.000215
[2024.06.23-11.11.56:145][  0]LogPakFile: PakFile PrimaryIndexSize=187
[2024.06.23-11.11.56:145][  0]LogPakFile: PakFile PathHashIndexSize=101
[2024.06.23-11.11.56:146][  0]LogPakFile: PakFile FullDirectoryIndexSize=148
[2024.06.23-11.11.56:146][  0]LogShaderLibrary: Display: ShaderCodeLibraryPakFileMountedCallback: PakFile 'C:/Program Files/UE_4.27/FeaturePacks/TP_ThirdPerson.upack' (chunk index -1, root 'root:/') mounted
[2024.06.23-11.11.56:146][  0]LogShaderLibrary: Display: ShaderCodeLibraryPakFileMountedCallback: pending pak file info (ChunkID:-1 Root:root:/ File:C:/Program Files/UE_4.27/FeaturePacks/TP_ThirdPerson.upack)
[2024.06.23-11.11.56:146][  0]LogPakFile: OnPakFileMounted2Time == 0.000229
[2024.06.23-11.11.56:146][  0]LogPakFile: PakFile PrimaryIndexSize=189
[2024.06.23-11.11.56:146][  0]LogPakFile: PakFile PathHashIndexSize=101
[2024.06.23-11.11.56:147][  0]LogPakFile: PakFile FullDirectoryIndexSize=152
[2024.06.23-11.11.56:147][  0]LogShaderLibrary: Display: ShaderCodeLibraryPakFileMountedCallback: PakFile 'C:/Program Files/UE_4.27/FeaturePacks/TP_ThirdPersonBP.upack' (chunk index -1, root 'root:/') mounted
[2024.06.23-11.11.56:147][  0]LogShaderLibrary: Display: ShaderCodeLibraryPakFileMountedCallback: pending pak file info (ChunkID:-1 Root:root:/ File:C:/Program Files/UE_4.27/FeaturePacks/TP_ThirdPersonBP.upack)
[2024.06.23-11.11.56:147][  0]LogPakFile: OnPakFileMounted2Time == 0.000203
[2024.06.23-11.11.56:147][  0]LogPakFile: PakFile PrimaryIndexSize=183
[2024.06.23-11.11.56:148][  0]LogPakFile: PakFile PathHashIndexSize=101
[2024.06.23-11.11.56:148][  0]LogPakFile: PakFile FullDirectoryIndexSize=140
[2024.06.23-11.11.56:148][  0]LogShaderLibrary: Display: ShaderCodeLibraryPakFileMountedCallback: PakFile 'C:/Program Files/UE_4.27/FeaturePacks/TP_TopDown.upack' (chunk index -1, root 'root:/') mounted
[2024.06.23-11.11.56:148][  0]LogShaderLibrary: Display: ShaderCodeLibraryPakFileMountedCallback: pending pak file info (ChunkID:-1 Root:root:/ File:C:/Program Files/UE_4.27/FeaturePacks/TP_TopDown.upack)
[2024.06.23-11.11.56:148][  0]LogPakFile: OnPakFileMounted2Time == 0.000243
[2024.06.23-11.11.56:149][  0]LogPakFile: PakFile PrimaryIndexSize=185
[2024.06.23-11.11.56:149][  0]LogPakFile: PakFile PathHashIndexSize=101
[2024.06.23-11.11.56:149][  0]LogPakFile: PakFile FullDirectoryIndexSize=144
[2024.06.23-11.11.56:149][  0]LogShaderLibrary: Display: ShaderCodeLibraryPakFileMountedCallback: PakFile 'C:/Program Files/UE_4.27/FeaturePacks/TP_TopDownBP.upack' (chunk index -1, root 'root:/') mounted
[2024.06.23-11.11.56:149][  0]LogShaderLibrary: Display: ShaderCodeLibraryPakFileMountedCallback: pending pak file info (ChunkID:-1 Root:root:/ File:C:/Program Files/UE_4.27/FeaturePacks/TP_TopDownBP.upack)
[2024.06.23-11.11.56:149][  0]LogPakFile: OnPakFileMounted2Time == 0.000208
[2024.06.23-11.11.56:150][  0]LogPakFile: PakFile PrimaryIndexSize=185
[2024.06.23-11.11.56:150][  0]LogPakFile: PakFile PathHashIndexSize=101
[2024.06.23-11.11.56:150][  0]LogPakFile: PakFile FullDirectoryIndexSize=144
[2024.06.23-11.11.56:150][  0]LogShaderLibrary: Display: ShaderCodeLibraryPakFileMountedCallback: PakFile 'C:/Program Files/UE_4.27/FeaturePacks/TP_TwinStick.upack' (chunk index -1, root 'root:/') mounted
[2024.06.23-11.11.56:150][  0]LogShaderLibrary: Display: ShaderCodeLibraryPakFileMountedCallback: pending pak file info (ChunkID:-1 Root:root:/ File:C:/Program Files/UE_4.27/FeaturePacks/TP_TwinStick.upack)
[2024.06.23-11.11.56:150][  0]LogPakFile: OnPakFileMounted2Time == 0.000209
[2024.06.23-11.11.56:151][  0]LogPakFile: PakFile PrimaryIndexSize=187
[2024.06.23-11.11.56:151][  0]LogPakFile: PakFile PathHashIndexSize=101
[2024.06.23-11.11.56:151][  0]LogPakFile: PakFile FullDirectoryIndexSize=148
[2024.06.23-11.11.56:151][  0]LogShaderLibrary: Display: ShaderCodeLibraryPakFileMountedCallback: PakFile 'C:/Program Files/UE_4.27/FeaturePacks/TP_TwinStickBP.upack' (chunk index -1, root 'root:/') mounted
[2024.06.23-11.11.56:151][  0]LogShaderLibrary: Display: ShaderCodeLibraryPakFileMountedCallback: pending pak file info (ChunkID:-1 Root:root:/ File:C:/Program Files/UE_4.27/FeaturePacks/TP_TwinStickBP.upack)
[2024.06.23-11.11.56:151][  0]LogPakFile: OnPakFileMounted2Time == 0.000286
[2024.06.23-11.11.56:152][  0]LogPakFile: PakFile PrimaryIndexSize=183
[2024.06.23-11.11.56:152][  0]LogPakFile: PakFile PathHashIndexSize=101
[2024.06.23-11.11.56:152][  0]LogPakFile: PakFile FullDirectoryIndexSize=140
[2024.06.23-11.11.56:152][  0]LogShaderLibrary: Display: ShaderCodeLibraryPakFileMountedCallback: PakFile 'C:/Program Files/UE_4.27/FeaturePacks/TP_Vehicle.upack' (chunk index -1, root 'root:/') mounted
[2024.06.23-11.11.56:152][  0]LogShaderLibrary: Display: ShaderCodeLibraryPakFileMountedCallback: pending pak file info (ChunkID:-1 Root:root:/ File:C:/Program Files/UE_4.27/FeaturePacks/TP_Vehicle.upack)
[2024.06.23-11.11.56:152][  0]LogPakFile: OnPakFileMounted2Time == 0.000248
[2024.06.23-11.11.56:153][  0]LogPakFile: PakFile PrimaryIndexSize=186
[2024.06.23-11.11.56:153][  0]LogPakFile: PakFile PathHashIndexSize=101
[2024.06.23-11.11.56:153][  0]LogPakFile: PakFile FullDirectoryIndexSize=146
[2024.06.23-11.11.56:153][  0]LogShaderLibrary: Display: ShaderCodeLibraryPakFileMountedCallback: PakFile 'C:/Program Files/UE_4.27/FeaturePacks/TP_VehicleAdv.upack' (chunk index -1, root 'root:/') mounted
[2024.06.23-11.11.56:153][  0]LogShaderLibrary: Display: ShaderCodeLibraryPakFileMountedCallback: pending pak file info (ChunkID:-1 Root:root:/ File:C:/Program Files/UE_4.27/FeaturePacks/TP_VehicleAdv.upack)
[2024.06.23-11.11.56:153][  0]LogPakFile: OnPakFileMounted2Time == 0.000282
[2024.06.23-11.11.56:154][  0]LogPakFile: PakFile PrimaryIndexSize=188
[2024.06.23-11.11.56:154][  0]LogPakFile: PakFile PathHashIndexSize=101
[2024.06.23-11.11.56:154][  0]LogPakFile: PakFile FullDirectoryIndexSize=150
[2024.06.23-11.11.56:154][  0]LogShaderLibrary: Display: ShaderCodeLibraryPakFileMountedCallback: PakFile 'C:/Program Files/UE_4.27/FeaturePacks/TP_VehicleAdvBP.upack' (chunk index -1, root 'root:/') mounted
[2024.06.23-11.11.56:154][  0]LogShaderLibrary: Display: ShaderCodeLibraryPakFileMountedCallback: pending pak file info (ChunkID:-1 Root:root:/ File:C:/Program Files/UE_4.27/FeaturePacks/TP_VehicleAdvBP.upack)
[2024.06.23-11.11.56:155][  0]LogPakFile: OnPakFileMounted2Time == 0.000226
[2024.06.23-11.11.56:155][  0]LogPakFile: PakFile PrimaryIndexSize=185
[2024.06.23-11.11.56:155][  0]LogPakFile: PakFile PathHashIndexSize=101
[2024.06.23-11.11.56:155][  0]LogPakFile: PakFile FullDirectoryIndexSize=144
[2024.06.23-11.11.56:155][  0]LogShaderLibrary: Display: ShaderCodeLibraryPakFileMountedCallback: PakFile 'C:/Program Files/UE_4.27/FeaturePacks/TP_VehicleBP.upack' (chunk index -1, root 'root:/') mounted
[2024.06.23-11.11.56:155][  0]LogShaderLibrary: Display: ShaderCodeLibraryPakFileMountedCallback: pending pak file info (ChunkID:-1 Root:root:/ File:C:/Program Files/UE_4.27/FeaturePacks/TP_VehicleBP.upack)
[2024.06.23-11.11.56:156][  0]LogPakFile: OnPakFileMounted2Time == 0.000225
[2024.06.23-11.11.56:156][  0]LogPakFile: PakFile PrimaryIndexSize=192
[2024.06.23-11.11.56:156][  0]LogPakFile: PakFile PathHashIndexSize=101
[2024.06.23-11.11.56:156][  0]LogPakFile: PakFile FullDirectoryIndexSize=158
[2024.06.23-11.11.56:156][  0]LogShaderLibrary: Display: ShaderCodeLibraryPakFileMountedCallback: PakFile 'C:/Program Files/UE_4.27/FeaturePacks/TP_VirtualRealityBP.upack' (chunk index -1, root 'root:/') mounted
[2024.06.23-11.11.56:156][  0]LogShaderLibrary: Display: ShaderCodeLibraryPakFileMountedCallback: pending pak file info (ChunkID:-1 Root:root:/ File:C:/Program Files/UE_4.27/FeaturePacks/TP_VirtualRealityBP.upack)
[2024.06.23-11.11.56:157][  0]LogPakFile: OnPakFileMounted2Time == 0.000207
[2024.06.23-11.11.56:199][  0]LogNativeClassHierarchy: Verbose: Native class hierarchy updated for 'AddContentDialog' in 0.0002 seconds. Added 0 classes and 0 folders.
[2024.06.23-11.11.56:200][  0]LogNativeClassHierarchy: Verbose: Native class hierarchy updated for 'SceneOutliner' in 0.0002 seconds. Added 2 classes and 0 folders.
[2024.06.23-11.11.56:231][  0]LogSlate: Took 0.000203 seconds to synchronously load lazily loaded font '../../../Engine/Content/Slate/Fonts/Roboto-Regular.ttf' (155K)
[2024.06.23-11.11.56:232][  0]LogSlate: Took 0.000176 seconds to synchronously load lazily loaded font '../../../Engine/Content/Editor/Slate/Fonts/FontAwesome.ttf' (139K)
[2024.06.23-11.11.56:233][  0]LogSlate: Took 0.000832 seconds to synchronously load lazily loaded font '../../../Engine/Content/Editor/Slate/Fonts/NanumGothic.ttf' (4243K)
[2024.06.23-11.11.56:234][  0]LogSlate: Took 0.000779 seconds to synchronously load lazily loaded font '../../../Engine/Content/Editor/Slate/Fonts/NanumGothicBold.ttf' (4188K)
[2024.06.23-11.11.56:235][  0]LogSlate: Took 0.000151 seconds to synchronously load lazily loaded font '../../../Engine/Content/Slate/Fonts/Roboto-Bold.ttf' (160K)
[2024.06.23-11.11.56:285][  0]LogRenderer: Reallocating scene render targets to support 1616x808 Format 10 NumSamples 1 (Frame:1).
[2024.06.23-11.11.56:352][  0]LogNativeClassHierarchy: Verbose: Native class hierarchy updated for 'HierarchicalLODOutliner' in 0.0002 seconds. Added 0 classes and 0 folders.
[2024.06.23-11.11.56:352][  0]LogLoad: (Engine Initialization) Total time: 13.81 seconds
[2024.06.23-11.11.56:352][  0]LogLoad: (Engine Initialization) Total Blueprint compile time: 0.00 seconds
[2024.06.23-11.11.56:390][  0]LogAssetRegistry: Asset discovery search completed in 5.8191 seconds
[2024.06.23-11.11.56:394][  0]LogCollectionManager: Fixed up redirectors for 0 collections in 0.000003 seconds (updated 0 objects)
[2024.06.23-11.11.56:395][  0]LogContentStreaming: Texture pool size now 1000 MB
[2024.06.23-11.11.56:700][  1]LogFileCache: Retrieving MD5 hashes for directory 'C:/Users/nanim/GitHub/InsectHeaven/InsectHeaven/Content/' took 0.33s
[2024.06.23-11.11.59:386][  9]LogSlate: Took 0.000224 seconds to synchronously load lazily loaded font '../../../Engine/Content/Slate/Fonts/Roboto-Light.ttf' (167K)
[2024.06.23-11.12.12:169][641]Cmd: MAP LOAD FILE="../../../../../Users/nanim/GitHub/InsectHeaven/InsectHeaven/Content/Scene/Editor/DialogueTest.umap" TEMPLATE=0 SHOWPROGRESS=1 FEATURELEVEL=3
[2024.06.23-11.12.12:184][641]LightingResults: New page: 라이팅 빌드
[2024.06.23-11.12.12:185][641]LoadErrors: New page: 맵 로드 중: DialogueTest.umap
[2024.06.23-11.12.12:186][641]LogWorld: UWorld::CleanupWorld for EmptyMainLevel, bSessionEnded=true, bCleanupResources=true
[2024.06.23-11.12.12:186][641]LogSlate: InvalidateAllWidgets triggered.  All widgets were invalidated
[2024.06.23-11.12.12:186][641]MapCheck: New page: 맵 체크
[2024.06.23-11.12.12:187][641]LightingResults: New page: 라이팅 빌드
[2024.06.23-11.12.12:193][641]LogAudio: Display: Audio Device unregistered from world 'None'.
[2024.06.23-11.12.12:194][641]LogUObjectHash: Compacting FUObjectHashTables data took   0.54ms
[2024.06.23-11.12.12:196][641]LogAudio: Display: Audio Device (ID: 1) registered with world 'DialogueTest'.
[2024.06.23-11.12.12:196][641]LogAIModule: Creating AISystem for world DialogueTest
[2024.06.23-11.12.12:197][641]LogEditorServer: Finished looking for orphan Actors (0.000 secs)
[2024.06.23-11.12.12:202][641]LogUObjectHash: Compacting FUObjectHashTables data took   0.34ms
[2024.06.23-11.12.12:217][641]Cmd: MAP CHECKDEP NOCLEARLOG
[2024.06.23-11.12.12:218][641]MapCheck: 맵 체크 완료: 오류 0 회, 경고 0 회, 소요 시간 0.118ms.
[2024.06.23-11.12.12:218][641]LogFileHelpers: Loading map 'DialogueTest' took 0.049
[2024.06.23-11.12.12:222][641]LogPlayLevel: PlayLevel: No blueprints needed recompiling
[2024.06.23-11.12.12:222][641]PIE: New page: PIE 세션: DialogueTest (2024. 6. 24. 오전 5:12:12)
[2024.06.23-11.12.12:224][641]LogOnline: OSS: Creating online subsystem instance for: NULL
[2024.06.23-11.12.12:225][641]LogOnline: OSS: TryLoadSubsystemAndSetDefault: Loaded subsystem for module [NULL]
[2024.06.23-11.12.12:226][641]LogPlayLevel: Creating play world package: /Game/Scene/Editor/UEDPIE_0_DialogueTest
[2024.06.23-11.12.12:227][641]LogPlayLevel: PIE: StaticDuplicateObject took: (0.000415s)
[2024.06.23-11.12.12:227][641]LogAIModule: Creating AISystem for world DialogueTest
[2024.06.23-11.12.12:227][641]LogPlayLevel: PIE: World Init took: (0.000688s)
[2024.06.23-11.12.12:228][641]LogPlayLevel: PIE: Created PIE world by copying editor world from /Game/Scene/Editor/DialogueTest.DialogueTest to /Game/Scene/Editor/UEDPIE_0_DialogueTest.DialogueTest (0.001508s)
[2024.06.23-11.12.12:231][641]LogUObjectHash: Compacting FUObjectHashTables data took   0.43ms
[2024.06.23-11.12.12:235][641]LogAudio: Display: Creating Audio Device:                 Id: 2, Scope: Unique, Realtime: True
[2024.06.23-11.12.12:235][641]LogAudioMixer: Display: Audio Mixer Platform Settings:
[2024.06.23-11.12.12:235][641]LogAudioMixer: Display: 	Sample Rate:						  48000
[2024.06.23-11.12.12:235][641]LogAudioMixer: Display: 	Callback Buffer Frame Size Requested: 1024
[2024.06.23-11.12.12:235][641]LogAudioMixer: Display: 	Callback Buffer Frame Size To Use:	  1024
[2024.06.23-11.12.12:236][641]LogAudioMixer: Display: 	Number of buffers to queue:			  2
[2024.06.23-11.12.12:236][641]LogAudioMixer: Display: 	Max Channels (voices):				  32
[2024.06.23-11.12.12:236][641]LogAudioMixer: Display: 	Number of Async Source Workers:		  0
[2024.06.23-11.12.12:236][641]LogAudio: Display: AudioDevice MaxSources: 32
[2024.06.23-11.12.12:236][641]LogAudio: Display: Audio Spatialization Plugin: None (built-in).
[2024.06.23-11.12.12:236][641]LogAudio: Display: Audio Reverb Plugin: None (built-in).
[2024.06.23-11.12.12:237][641]LogAudio: Display: Audio Occlusion Plugin: None (built-in).
[2024.06.23-11.12.12:237][641]LogAudioMixer: Display: Initializing audio mixer.
[2024.06.23-11.12.12:250][641]LogAudioMixer: Display: 0: FrontLeft
[2024.06.23-11.12.12:250][641]LogAudioMixer: Display: 1: FrontRight
[2024.06.23-11.12.12:264][641]LogAudioMixer: Display: Using Audio Device 스피커(ABKO N550)
[2024.06.23-11.12.12:265][641]LogAudioMixer: Display: Initializing Sound Submixes...
[2024.06.23-11.12.12:265][641]LogAudioMixer: Display: Creating Master Submix 'MasterSubmixDefault'
[2024.06.23-11.12.12:265][641]LogAudioMixer: Display: Creating Master Submix 'MasterReverbSubmixDefault'
[2024.06.23-11.12.12:265][641]LogAudioMixer: Display: Creating Master Submix 'MasterEQSubmixDefault'
[2024.06.23-11.12.12:265][641]LogAudioMixer: FMixerPlatformXAudio2::StartAudioStream() called
[2024.06.23-11.12.12:266][641]LogAudioMixer: Display: Output buffers initialized: Frames=1024, Channels=2, Samples=2048
[2024.06.23-11.12.12:267][641]LogAudioMixer: Display: Starting AudioMixerPlatformInterface::RunInternal()
[2024.06.23-11.12.12:267][641]LogAudioMixer: Display: FMixerPlatformXAudio2::SubmitBuffer() called for the first time
[2024.06.23-11.12.12:267][641]LogInit: FAudioDevice initialized.
[2024.06.23-11.12.12:267][641]LogAudio: Display: Audio Device (ID: 2) registered with world 'DialogueTest'.
[2024.06.23-11.12.12:274][641]LogLoad: Game class is 'IH_GameMode_DialgueTool'
