Log file open, 05/21/24 01:00:15
LogWindows: Failed to load 'aqProf.dll' (GetLastError=126)
LogWindows: File 'aqProf.dll' does not exist
LogWindows: Failed to load 'VtuneApi.dll' (GetLastError=126)
LogWindows: File 'VtuneApi.dll' does not exist
LogWindows: Failed to load 'VtuneApi32e.dll' (GetLastError=126)
LogWindows: File 'VtuneApi32e.dll' does not exist
LogConsoleResponse: Display: Failed to find resolution value strings in scalability ini. Falling back to default.
LogConsoleResponse: Display: Failed to find resolution value strings in scalability ini. Falling back to default.
LogInit: Display: Running engine for game: InsectHeaven
LogPlatformFile: Not using cached read wrapper
LogTaskGraph: Started task graph with 5 named threads and 71 total threads with 3 sets of task threads.
LogStats: Stats thread started at 1.173547
LogICUInternationalization: ICU TimeZone Detection - Raw Offset: +9:00, Platform Override: ''
LogInit: Display: Loading text-based GConfig....
LogPluginManager: Mounting plugin MeshPainting
LogPluginManager: Mounting plugin XGEController
LogPluginManager: Mounting plugin Paper2D
LogPluginManager: Mounting plugin AISupport
LogPluginManager: Mounting plugin LightPropagationVolume
LogPluginManager: Mounting plugin EnvironmentQueryEditor
LogPluginManager: Mounting plugin LiveLink
LogPluginManager: Mounting plugin OodleNetwork
LogPluginManager: Mounting plugin OodleData
LogPluginManager: Mounting plugin AnimationSharing
LogPluginManager: Mounting plugin CLionSourceCodeAccess
LogPluginManager: Mounting plugin CodeLiteSourceCodeAccess
LogPluginManager: Mounting plugin KDevelopSourceCodeAccess
LogPluginManager: Mounting plugin GitSourceControl
LogPluginManager: Mounting plugin NullSourceCodeAccess
LogPluginManager: Mounting plugin PixWinPlugin
LogPluginManager: Mounting plugin PerforceSourceControl
LogPluginManager: Mounting plugin PluginUtils
LogPluginManager: Mounting plugin PropertyAccessNode
LogPluginManager: Mounting plugin SubversionSourceControl
LogPluginManager: Mounting plugin PlasticSourceControl
LogPluginManager: Mounting plugin RiderSourceCodeAccess
LogPluginManager: Mounting plugin TextureFormatOodle
LogPluginManager: Mounting plugin XCodeSourceCodeAccess
LogPluginManager: Mounting plugin UObjectPlugin
LogPluginManager: Mounting plugin VisualStudioCodeSourceCodeAccess
LogPluginManager: Mounting plugin AssetManagerEditor
LogPluginManager: Mounting plugin VisualStudioSourceCodeAccess
LogPluginManager: Mounting plugin DatasmithContent
LogPluginManager: Mounting plugin CryptoKeys
LogPluginManager: Mounting plugin DataValidation
LogPluginManager: Mounting plugin CurveEditorTools
LogPluginManager: Mounting plugin EditorScriptingUtilities
LogPluginManager: Mounting plugin FacialAnimation
LogPluginManager: Mounting plugin VariantManagerContent
LogPluginManager: Mounting plugin GameplayTagsEditor
LogPluginManager: Mounting plugin GeometryMode
LogPluginManager: Mounting plugin MaterialAnalyzer
LogPluginManager: Mounting plugin MacGraphicsSwitching
LogPluginManager: Mounting plugin MobileLauncherProfileWizard
LogPluginManager: Mounting plugin SpeedTreeImporter
LogPluginManager: Mounting plugin PluginBrowser
LogPluginManager: Mounting plugin CameraShakePreviewer
LogPluginManager: Mounting plugin GameplayCameras
LogPluginManager: Mounting plugin AlembicImporter
LogPluginManager: Mounting plugin AutomationUtils
LogPluginManager: Mounting plugin BackChannel
LogPluginManager: Mounting plugin ChaosClothEditor
LogPluginManager: Mounting plugin ChaosCloth
LogPluginManager: Mounting plugin ChaosEditor
LogPluginManager: Mounting plugin ChaosSolverPlugin
LogPluginManager: Mounting plugin ChaosNiagara
LogPluginManager: Mounting plugin CharacterAI
LogPluginManager: Mounting plugin Niagara
LogPluginManager: Mounting plugin GeometryCache
LogPluginManager: Mounting plugin GeometryProcessing
LogPluginManager: Mounting plugin GeometryCollectionPlugin
LogPluginManager: Mounting plugin OpenImageDenoise
LogPluginManager: Mounting plugin PlatformCrypto
LogPluginManager: Mounting plugin PlanarCut
LogPluginManager: Mounting plugin ProxyLODPlugin
LogPluginManager: Mounting plugin PythonScriptPlugin
LogPluginManager: Mounting plugin MotoSynth
LogPluginManager: Mounting plugin SkeletalReduction
LogPluginManager: Mounting plugin LuminPlatformFeatures
LogPluginManager: Mounting plugin MagicLeap
LogPluginManager: Mounting plugin MagicLeapLightEstimation
LogPluginManager: Mounting plugin MagicLeapMedia
LogPluginManager: Mounting plugin MagicLeapPassableWorld
LogPluginManager: Mounting plugin AndroidMedia
LogPluginManager: Mounting plugin MLSDK
LogPluginManager: Mounting plugin AvfMedia
LogPluginManager: Mounting plugin ImgMedia
LogPluginManager: Mounting plugin MediaPlayerEditor
LogPluginManager: Mounting plugin MediaCompositing
LogPluginManager: Mounting plugin WebMMedia
LogPluginManager: Mounting plugin WmfMedia
LogPluginManager: Mounting plugin ActorSequence
LogPluginManager: Mounting plugin LevelSequenceEditor
LogPluginManager: Mounting plugin MatineeToLevelSequence
LogPluginManager: Mounting plugin UdpMessaging
LogPluginManager: Mounting plugin TemplateSequence
LogPluginManager: Mounting plugin TcpMessaging
LogPluginManager: Mounting plugin OnlineSubsystem
LogPluginManager: Mounting plugin OnlineSubsystemNull
LogPluginManager: Mounting plugin OnlineSubsystemUtils
LogPluginManager: Mounting plugin LauncherChunkInstaller
LogPluginManager: Mounting plugin ActorLayerUtilities
LogPluginManager: Mounting plugin AndroidMoviePlayer
LogPluginManager: Mounting plugin AndroidPermission
LogPluginManager: Mounting plugin AndroidDeviceProfileSelector
LogPluginManager: Mounting plugin AppleImageUtils
LogPluginManager: Mounting plugin AppleMoviePlayer
LogPluginManager: Mounting plugin ArchVisCharacter
LogPluginManager: Mounting plugin AssetTags
LogPluginManager: Mounting plugin AudioCapture
LogPluginManager: Mounting plugin AudioSynesthesia
LogPluginManager: Mounting plugin CableComponent
LogPluginManager: Mounting plugin ChunkDownloader
LogPluginManager: Mounting plugin CustomMeshComponent
LogPluginManager: Mounting plugin EditableMesh
LogPluginManager: Mounting plugin ExampleDeviceProfileSelector
LogPluginManager: Mounting plugin GoogleCloudMessaging
LogPluginManager: Mounting plugin GooglePAD
LogPluginManager: Mounting plugin IOSDeviceProfileSelector
LogPluginManager: Mounting plugin LinuxDeviceProfileSelector
LogPluginManager: Mounting plugin LocationServicesBPLibrary
LogPluginManager: Mounting plugin MobilePatchingUtils
LogPluginManager: Mounting plugin ScreenshotTools
LogPluginManager: Mounting plugin OpenXR
LogPluginManager: Mounting plugin OpenXREyeTracker
LogPluginManager: Mounting plugin OpenXRHandTracking
LogPluginManager: Mounting plugin PhysXVehicles
LogPluginManager: Mounting plugin PostSplashScreen
LogPluginManager: Mounting plugin PropertyAccessEditor
LogPluginManager: Mounting plugin ProceduralMeshComponent
LogPluginManager: Mounting plugin SignificanceManager
LogPluginManager: Mounting plugin RuntimePhysXCooking
LogPluginManager: Mounting plugin SoundFields
LogPluginManager: Mounting plugin Synthesis
LogPluginManager: Mounting plugin WebMMoviePlayer
LogPluginManager: Mounting plugin WindowsMoviePlayer
LogPluginManager: Mounting plugin Takes
LogPluginManager: Mounting plugin ContentBrowserAssetDataSource
LogPluginManager: Mounting plugin ContentBrowserClassDataSource
LogPluginManager: Mounting plugin ContentBrowserFileDataSource
LogPluginManager: Mounting plugin RiderLink
LogPluginManager: Mounting plugin OnlineSubsystemGooglePlay
LogPluginManager: Mounting plugin OnlineSubsystemIOS
LogPluginManager: Mounting plugin OculusVR
LogPluginManager: Mounting plugin SteamVR
PixWinPlugin: PIX capture plugin failed to initialize! Check that the process is launched from PIX.
LogInit: Using libcurl 7.55.1-DEV
LogInit:  - built for x86_64-pc-win32
LogInit:  - supports SSL with OpenSSL/1.1.1
LogInit:  - supports HTTP deflate (compression) using libz 1.2.8
LogInit:  - other features:
LogInit:      CURL_VERSION_SSL
LogInit:      CURL_VERSION_LIBZ
LogInit:      CURL_VERSION_IPV6
LogInit:      CURL_VERSION_ASYNCHDNS
LogInit:      CURL_VERSION_LARGEFILE
LogInit:      CURL_VERSION_IDN
LogInit:  CurlRequestOptions (configurable via config and command line):
LogInit:  - bVerifyPeer = true  - Libcurl will verify peer certificate
LogInit:  - bUseHttpProxy = false  - Libcurl will NOT use HTTP proxy
LogInit:  - bDontReuseConnections = false  - Libcurl will reuse connections
LogInit:  - MaxHostConnections = 16  - Libcurl will limit the number of connections to a host
LogInit:  - LocalHostAddr = Default
LogInit:  - BufferSize = 65536
LogOnline: OSS: Creating online subsystem instance for: NULL
LogInit: WinSock: version 1.1 (2.2), MaxSocks=32767, MaxUdp=65467
LogOnline: OSS: TryLoadSubsystemAndSetDefault: Loaded subsystem for module [NULL]
LogOculusPluginWrapper: OculusPlugin initialized successfully
LogHMD: Failed initializing OVRPlugin 1.59.0
LogInit: Build: ++UE4+Release-4.27-CL-18319896
LogInit: Engine Version: 4.27.2-18319896+++UE4+Release-4.27
LogInit: Compatible Engine Version: 4.27.0-17155196+++UE4+Release-4.27
LogInit: Net CL: 17155196
LogInit: OS: Windows 10 (Release 2009) (), CPU: AMD Ryzen 9 7900X 12-Core Processor            , GPU: AMD Radeon RX 7900 XTX
LogInit: Compiled (64-bit): Nov 30 2021 07:12:08
LogInit: Compiled with Visual C++: 19.24.28315.00
LogInit: Build Configuration: DebugGame
LogInit: Branch Name: ++UE4+Release-4.27
LogInit: Command Line:  -skipcompile
LogInit: Base Directory: C:/Program Files/UE_4.27/Engine/Binaries/Win64/
LogInit: Allocator: TBB
LogInit: Installed Engine Build: 1
LogDevObjectVersion: Number of dev versions registered: 29
LogDevObjectVersion:   Dev-Blueprints (B0D832E4-1F89-4F0D-ACCF-7EB736FD4AA2): 10
LogDevObjectVersion:   Dev-Build (E1C64328-A22C-4D53-A36C-8E866417BD8C): 0
LogDevObjectVersion:   Dev-Core (375EC13C-06E4-48FB-B500-84F0262A717E): 4
LogDevObjectVersion:   Dev-Editor (E4B068ED-F494-42E9-A231-DA0B2E46BB41): 40
LogDevObjectVersion:   Dev-Framework (CFFC743F-43B0-4480-9391-14DF171D2073): 37
LogDevObjectVersion:   Dev-Mobile (B02B49B5-BB20-44E9-A304-32B752E40360): 3
LogDevObjectVersion:   Dev-Networking (A4E4105C-59A1-49B5-A7C5-40C4547EDFEE): 0
LogDevObjectVersion:   Dev-Online (39C831C9-5AE6-47DC-9A44-9C173E1C8E7C): 0
LogDevObjectVersion:   Dev-Physics (78F01B33-EBEA-4F98-B9B4-84EACCB95AA2): 14
LogDevObjectVersion:   Dev-Platform (6631380F-2D4D-43E0-8009-CF276956A95A): 0
LogDevObjectVersion:   Dev-Rendering (12F88B9F-8875-4AFC-A67C-D90C383ABD29): 45
LogDevObjectVersion:   Dev-Sequencer (7B5AE74C-D270-4C10-A958-57980B212A5A): 13
LogDevObjectVersion:   Dev-VR (D7296918-1DD6-4BDD-9DE2-64A83CC13884): 3
LogDevObjectVersion:   Dev-LoadTimes (C2A15278-BFE7-4AFE-6C17-90FF531DF755): 1
LogDevObjectVersion:   Private-Geometry (6EACA3D4-40EC-4CC1-B786-8BED09428FC5): 3
LogDevObjectVersion:   Dev-AnimPhys (29E575DD-E0A3-4627-9D10-D276232CDCEA): 17
LogDevObjectVersion:   Dev-Anim (AF43A65D-7FD3-4947-9873-3E8ED9C1BB05): 15
LogDevObjectVersion:   Dev-ReflectionCapture (6B266CEC-1EC7-4B8F-A30B-E4D90942FC07): 1
LogDevObjectVersion:   Dev-Automation (0DF73D61-A23F-47EA-B727-89E90C41499A): 1
LogDevObjectVersion:   FortniteMain (601D1886-AC64-4F84-AA16-D3DE0DEAC7D6): 47
LogDevObjectVersion:   FortniteRelease (E7086368-6B23-4C58-8439-1B7016265E91): 1
LogDevObjectVersion:   Dev-Enterprise (9DFFBCD6-494F-0158-E221-12823C92A888): 10
LogDevObjectVersion:   Dev-Niagara (F2AED0AC-9AFE-416F-8664-AA7FFA26D6FC): 1
LogDevObjectVersion:   Dev-Destruction (174F1F0B-B4C6-45A5-B13F-2EE8D0FB917D): 10
LogDevObjectVersion:   Dev-Physics-Ext (35F94A83-E258-406C-A318-09F59610247C): 41
LogDevObjectVersion:   Dev-PhysicsMaterial-Chaos (B68FC16E-8B1B-42E2-B453-215C058844FE): 1
LogDevObjectVersion:   Dev-CineCamera (B2E18506-4273-CFC2-A54E-F4BB758BBA07): 1
LogDevObjectVersion:   Dev-VirtualProduction (64F58936-FD1B-42BA-BA96-7289D5D0FA4E): 1
LogDevObjectVersion:   Dev-MediaFramework (6F0ED827-A609-4895-9C91-998D90180EA4): 2
LogInit: Presizing for max 25165824 objects, including 0 objects not considered by GC, pre-allocating 0 bytes for permanent pool.
LogConfig: Applying CVar settings from Section [/Script/Engine.StreamingSettings] File [C:/Users/nanim/GitHub/InsectHeaven/InsectHeaven/Saved/Config/Windows/Engine.ini]
LogConfig: Setting CVar [[s.MinBulkDataSizeForAsyncLoading:131072]]
LogConfig: Setting CVar [[s.AsyncLoadingThreadEnabled:0]]
LogConfig: Setting CVar [[s.EventDrivenLoaderEnabled:1]]
LogConfig: Setting CVar [[s.WarnIfTimeLimitExceeded:0]]
LogConfig: Setting CVar [[s.TimeLimitExceededMultiplier:1.5]]
LogConfig: Setting CVar [[s.TimeLimitExceededMinTime:0.005]]
LogConfig: Setting CVar [[s.UseBackgroundLevelStreaming:1]]
LogConfig: Setting CVar [[s.PriorityAsyncLoadingExtraTime:15.0]]
LogConfig: Setting CVar [[s.LevelStreamingActorsUpdateTimeLimit:5.0]]
LogConfig: Setting CVar [[s.PriorityLevelStreamingActorsUpdateExtraTime:5.0]]
LogConfig: Setting CVar [[s.LevelStreamingComponentsRegistrationGranularity:10]]
LogConfig: Setting CVar [[s.UnregisterComponentsTimeLimit:1.0]]
LogConfig: Setting CVar [[s.LevelStreamingComponentsUnregistrationGranularity:5]]
LogConfig: Setting CVar [[s.FlushStreamingOnExit:1]]
LogInit: Object subsystem initialized
LogConfig: Setting CVar [[con.DebugEarlyDefault:1]]
LogConfig: Setting CVar [[r.setres:1280x720]]
[2024.05.20-16.00.18:055][  0]LogConfig: Setting CVar [[r.VSync:0]]
[2024.05.20-16.00.18:055][  0]LogConfig: Setting CVar [[r.RHICmdBypass:0]]
[2024.05.20-16.00.18:056][  0]LogConfig: Applying CVar settings from Section [/Script/Engine.RendererSettings] File [C:/Users/nanim/GitHub/InsectHeaven/InsectHeaven/Saved/Config/Windows/Engine.ini]
[2024.05.20-16.00.18:056][  0]LogConfig: Setting CVar [[r.GPUCrashDebugging:0]]
[2024.05.20-16.00.18:056][  0]LogConfig: Applying CVar settings from Section [/Script/Engine.RendererOverrideSettings] File [C:/Users/nanim/GitHub/InsectHeaven/InsectHeaven/Saved/Config/Windows/Engine.ini]
[2024.05.20-16.00.18:056][  0]LogConfig: Applying CVar settings from Section [/Script/Engine.StreamingSettings] File [C:/Users/nanim/GitHub/InsectHeaven/InsectHeaven/Saved/Config/Windows/Engine.ini]
[2024.05.20-16.00.18:056][  0]LogConfig: Setting CVar [[s.MinBulkDataSizeForAsyncLoading:131072]]
[2024.05.20-16.00.18:056][  0]LogConfig: Setting CVar [[s.AsyncLoadingThreadEnabled:0]]
[2024.05.20-16.00.18:056][  0]LogConfig: Setting CVar [[s.EventDrivenLoaderEnabled:1]]
[2024.05.20-16.00.18:057][  0]LogConfig: Setting CVar [[s.WarnIfTimeLimitExceeded:0]]
[2024.05.20-16.00.18:057][  0]LogConfig: Setting CVar [[s.TimeLimitExceededMultiplier:1.5]]
[2024.05.20-16.00.18:057][  0]LogConfig: Setting CVar [[s.TimeLimitExceededMinTime:0.005]]
[2024.05.20-16.00.18:057][  0]LogConfig: Setting CVar [[s.UseBackgroundLevelStreaming:1]]
[2024.05.20-16.00.18:057][  0]LogConfig: Setting CVar [[s.PriorityAsyncLoadingExtraTime:15.0]]
[2024.05.20-16.00.18:057][  0]LogConfig: Setting CVar [[s.LevelStreamingActorsUpdateTimeLimit:5.0]]
[2024.05.20-16.00.18:057][  0]LogConfig: Setting CVar [[s.PriorityLevelStreamingActorsUpdateExtraTime:5.0]]
[2024.05.20-16.00.18:057][  0]LogConfig: Setting CVar [[s.LevelStreamingComponentsRegistrationGranularity:10]]
[2024.05.20-16.00.18:057][  0]LogConfig: Setting CVar [[s.UnregisterComponentsTimeLimit:1.0]]
[2024.05.20-16.00.18:058][  0]LogConfig: Setting CVar [[s.LevelStreamingComponentsUnregistrationGranularity:5]]
[2024.05.20-16.00.18:058][  0]LogConfig: Setting CVar [[s.FlushStreamingOnExit:1]]
[2024.05.20-16.00.18:058][  0]LogConfig: Applying CVar settings from Section [/Script/Engine.GarbageCollectionSettings] File [C:/Users/nanim/GitHub/InsectHeaven/InsectHeaven/Saved/Config/Windows/Engine.ini]
[2024.05.20-16.00.18:058][  0]LogConfig: Setting CVar [[gc.MaxObjectsNotConsideredByGC:1]]
[2024.05.20-16.00.18:058][  0]LogConfig: Setting CVar [[gc.SizeOfPermanentObjectPool:0]]
[2024.05.20-16.00.18:058][  0]LogConfig: Setting CVar [[gc.FlushStreamingOnGC:0]]
[2024.05.20-16.00.18:058][  0]LogConfig: Setting CVar [[gc.NumRetriesBeforeForcingGC:10]]
[2024.05.20-16.00.18:058][  0]LogConfig: Setting CVar [[gc.AllowParallelGC:1]]
[2024.05.20-16.00.18:059][  0]LogConfig: Setting CVar [[gc.TimeBetweenPurgingPendingKillObjects:61.1]]
[2024.05.20-16.00.18:059][  0]LogConfig: Setting CVar [[gc.MaxObjectsInEditor:25165824]]
[2024.05.20-16.00.18:059][  0]LogConfig: Setting CVar [[gc.IncrementalBeginDestroyEnabled:1]]
[2024.05.20-16.00.18:059][  0]LogConfig: Setting CVar [[gc.CreateGCClusters:1]]
[2024.05.20-16.00.18:059][  0]LogConfig: Setting CVar [[gc.MinGCClusterSize:5]]
[2024.05.20-16.00.18:059][  0]LogConfig: Setting CVar [[gc.ActorClusteringEnabled:0]]
[2024.05.20-16.00.18:059][  0]LogConfig: Setting CVar [[gc.BlueprintClusteringEnabled:0]]
[2024.05.20-16.00.18:059][  0]LogConfig: Setting CVar [[gc.UseDisregardForGCOnDedicatedServers:0]]
[2024.05.20-16.00.18:059][  0]LogConfig: Setting CVar [[gc.MultithreadedDestructionEnabled:1]]
[2024.05.20-16.00.18:060][  0]LogConfig: Applying CVar settings from Section [/Script/Engine.NetworkSettings] File [C:/Users/nanim/GitHub/InsectHeaven/InsectHeaven/Saved/Config/Windows/Engine.ini]
[2024.05.20-16.00.18:060][  0]LogConfig: Applying CVar settings from Section [/Script/UnrealEd.CookerSettings] File [C:/Users/nanim/GitHub/InsectHeaven/InsectHeaven/Saved/Config/Windows/Engine.ini]
[2024.05.20-16.00.18:115][  0]LogConfig: Applying CVar settings from Section [ViewDistanceQuality@3] File [C:/Users/nanim/GitHub/InsectHeaven/InsectHeaven/Saved/Config/Windows/Scalability.ini]
[2024.05.20-16.00.18:115][  0]LogConfig: Setting CVar [[r.SkeletalMeshLODBias:0]]
[2024.05.20-16.00.18:115][  0]LogConfig: Setting CVar [[r.ViewDistanceScale:1.0]]
[2024.05.20-16.00.18:115][  0]LogConfig: Applying CVar settings from Section [AntiAliasingQuality@3] File [C:/Users/nanim/GitHub/InsectHeaven/InsectHeaven/Saved/Config/Windows/Scalability.ini]
[2024.05.20-16.00.18:115][  0]LogConfig: Setting CVar [[r.PostProcessAAQuality:4]]
[2024.05.20-16.00.18:115][  0]LogConfig: Applying CVar settings from Section [ShadowQuality@3] File [C:/Users/nanim/GitHub/InsectHeaven/InsectHeaven/Saved/Config/Windows/Scalability.ini]
[2024.05.20-16.00.18:116][  0]LogConfig: Setting CVar [[r.LightFunctionQuality:1]]
[2024.05.20-16.00.18:116][  0]LogConfig: Setting CVar [[r.ShadowQuality:5]]
[2024.05.20-16.00.18:116][  0]LogConfig: Setting CVar [[r.Shadow.CSM.MaxCascades:10]]
[2024.05.20-16.00.18:116][  0]LogConfig: Setting CVar [[r.Shadow.MaxResolution:2048]]
[2024.05.20-16.00.18:116][  0]LogConfig: Setting CVar [[r.Shadow.MaxCSMResolution:2048]]
[2024.05.20-16.00.18:116][  0]LogConfig: Setting CVar [[r.Shadow.RadiusThreshold:0.01]]
[2024.05.20-16.00.18:116][  0]LogConfig: Setting CVar [[r.Shadow.DistanceScale:1.0]]
[2024.05.20-16.00.18:117][  0]LogConfig: Setting CVar [[r.Shadow.CSM.TransitionScale:1.0]]
[2024.05.20-16.00.18:117][  0]LogConfig: Setting CVar [[r.Shadow.PreShadowResolutionFactor:1.0]]
[2024.05.20-16.00.18:117][  0]LogConfig: Setting CVar [[r.DistanceFieldShadowing:1]]
[2024.05.20-16.00.18:117][  0]LogConfig: Setting CVar [[r.DistanceFieldAO:1]]
[2024.05.20-16.00.18:117][  0]LogConfig: Setting CVar [[r.AOQuality:2]]
[2024.05.20-16.00.18:117][  0]LogConfig: Setting CVar [[r.VolumetricFog:1]]
[2024.05.20-16.00.18:117][  0]LogConfig: Setting CVar [[r.VolumetricFog.GridPixelSize:8]]
[2024.05.20-16.00.18:118][  0]LogConfig: Setting CVar [[r.VolumetricFog.GridSizeZ:128]]
[2024.05.20-16.00.18:118][  0]LogConfig: Setting CVar [[r.VolumetricFog.HistoryMissSupersampleCount:4]]
[2024.05.20-16.00.18:118][  0]LogConfig: Setting CVar [[r.LightMaxDrawDistanceScale:1]]
[2024.05.20-16.00.18:118][  0]LogConfig: Setting CVar [[r.CapsuleShadows:1]]
[2024.05.20-16.00.18:118][  0]LogConfig: Applying CVar settings from Section [PostProcessQuality@3] File [C:/Users/nanim/GitHub/InsectHeaven/InsectHeaven/Saved/Config/Windows/Scalability.ini]
[2024.05.20-16.00.18:118][  0]LogConfig: Setting CVar [[r.MotionBlurQuality:4]]
[2024.05.20-16.00.18:118][  0]LogConfig: Setting CVar [[r.AmbientOcclusionMipLevelFactor:0.4]]
[2024.05.20-16.00.18:118][  0]LogConfig: Setting CVar [[r.AmbientOcclusionMaxQuality:100]]
[2024.05.20-16.00.18:118][  0]LogConfig: Setting CVar [[r.AmbientOcclusionLevels:-1]]
[2024.05.20-16.00.18:119][  0]LogConfig: Setting CVar [[r.AmbientOcclusionRadiusScale:1.0]]
[2024.05.20-16.00.18:119][  0]LogConfig: Setting CVar [[r.DepthOfFieldQuality:2]]
[2024.05.20-16.00.18:119][  0]LogConfig: Setting CVar [[r.RenderTargetPoolMin:400]]
[2024.05.20-16.00.18:119][  0]LogConfig: Setting CVar [[r.LensFlareQuality:2]]
[2024.05.20-16.00.18:119][  0]LogConfig: Setting CVar [[r.SceneColorFringeQuality:1]]
[2024.05.20-16.00.18:119][  0]LogConfig: Setting CVar [[r.EyeAdaptationQuality:2]]
[2024.05.20-16.00.18:119][  0]LogConfig: Setting CVar [[r.BloomQuality:5]]
[2024.05.20-16.00.18:119][  0]LogConfig: Setting CVar [[r.FastBlurThreshold:100]]
[2024.05.20-16.00.18:120][  0]LogConfig: Setting CVar [[r.Upscale.Quality:3]]
[2024.05.20-16.00.18:120][  0]LogConfig: Setting CVar [[r.Tonemapper.GrainQuantization:1]]
[2024.05.20-16.00.18:120][  0]LogConfig: Setting CVar [[r.LightShaftQuality:1]]
[2024.05.20-16.00.18:120][  0]LogConfig: Setting CVar [[r.Filter.SizeScale:1]]
[2024.05.20-16.00.18:120][  0]LogConfig: Setting CVar [[r.Tonemapper.Quality:5]]
[2024.05.20-16.00.18:120][  0]LogConfig: Setting CVar [[r.DOF.Gather.AccumulatorQuality:1        ; higher gathering accumulator quality]]
[2024.05.20-16.00.18:120][  0]LogConfig: Setting CVar [[r.DOF.Gather.PostfilterMethod:1          ; Median3x3 postfilering method]]
[2024.05.20-16.00.18:120][  0]LogConfig: Setting CVar [[r.DOF.Gather.EnableBokehSettings:0       ; no bokeh simulation when gathering]]
[2024.05.20-16.00.18:121][  0]LogConfig: Setting CVar [[r.DOF.Gather.RingCount:4                 ; medium number of samples when gathering]]
[2024.05.20-16.00.18:121][  0]LogConfig: Setting CVar [[r.DOF.Scatter.ForegroundCompositing:1    ; additive foreground scattering]]
[2024.05.20-16.00.18:121][  0]LogConfig: Setting CVar [[r.DOF.Scatter.BackgroundCompositing:2    ; additive background scattering]]
[2024.05.20-16.00.18:121][  0]LogConfig: Setting CVar [[r.DOF.Scatter.EnableBokehSettings:1      ; bokeh simulation when scattering]]
[2024.05.20-16.00.18:121][  0]LogConfig: Setting CVar [[r.DOF.Scatter.MaxSpriteRatio:0.1         ; only a maximum of 10% of scattered bokeh]]
[2024.05.20-16.00.18:121][  0]LogConfig: Setting CVar [[r.DOF.Recombine.Quality:1                ; cheap slight out of focus]]
[2024.05.20-16.00.18:121][  0]LogConfig: Setting CVar [[r.DOF.Recombine.EnableBokehSettings:0    ; no bokeh simulation on slight out of focus]]
[2024.05.20-16.00.18:122][  0]LogConfig: Setting CVar [[r.DOF.TemporalAAQuality:1                ; more stable temporal accumulation]]
[2024.05.20-16.00.18:122][  0]LogConfig: Setting CVar [[r.DOF.Kernel.MaxForegroundRadius:0.025]]
[2024.05.20-16.00.18:122][  0]LogConfig: Setting CVar [[r.DOF.Kernel.MaxBackgroundRadius:0.025]]
[2024.05.20-16.00.18:122][  0]LogConfig: Applying CVar settings from Section [TextureQuality@3] File [C:/Users/nanim/GitHub/InsectHeaven/InsectHeaven/Saved/Config/Windows/Scalability.ini]
[2024.05.20-16.00.18:122][  0]LogConfig: Setting CVar [[r.Streaming.MipBias:0]]
[2024.05.20-16.00.18:122][  0]LogConfig: Setting CVar [[r.Streaming.AmortizeCPUToGPUCopy:0]]
[2024.05.20-16.00.18:122][  0]LogConfig: Setting CVar [[r.Streaming.MaxNumTexturesToStreamPerFrame:0]]
[2024.05.20-16.00.18:123][  0]LogConfig: Setting CVar [[r.Streaming.Boost:1]]
[2024.05.20-16.00.18:123][  0]LogConfig: Setting CVar [[r.MaxAnisotropy:8]]
[2024.05.20-16.00.18:123][  0]LogConfig: Setting CVar [[r.VT.MaxAnisotropy:8]]
[2024.05.20-16.00.18:123][  0]LogConfig: Setting CVar [[r.Streaming.LimitPoolSizeToVRAM:0]]
[2024.05.20-16.00.18:123][  0]LogConfig: Setting CVar [[r.Streaming.PoolSize:1000]]
[2024.05.20-16.00.18:123][  0]LogConfig: Setting CVar [[r.Streaming.MaxEffectiveScreenSize:0]]
[2024.05.20-16.00.18:123][  0]LogConfig: Applying CVar settings from Section [EffectsQuality@3] File [C:/Users/nanim/GitHub/InsectHeaven/InsectHeaven/Saved/Config/Windows/Scalability.ini]
[2024.05.20-16.00.18:124][  0]LogConfig: Setting CVar [[r.TranslucencyLightingVolumeDim:64]]
[2024.05.20-16.00.18:124][  0]LogConfig: Setting CVar [[r.RefractionQuality:2]]
[2024.05.20-16.00.18:124][  0]LogConfig: Setting CVar [[r.SSR.Quality:3]]
[2024.05.20-16.00.18:124][  0]LogConfig: Setting CVar [[r.SSR.HalfResSceneColor:0]]
[2024.05.20-16.00.18:124][  0]LogConfig: Setting CVar [[r.SceneColorFormat:4]]
[2024.05.20-16.00.18:124][  0]LogConfig: Setting CVar [[r.DetailMode:2]]
[2024.05.20-16.00.18:124][  0]LogConfig: Setting CVar [[r.TranslucencyVolumeBlur:1]]
[2024.05.20-16.00.18:124][  0]LogConfig: Setting CVar [[r.MaterialQualityLevel:1 ; High quality]]
[2024.05.20-16.00.18:125][  0]LogConfig: Setting CVar [[r.AnisotropicMaterials:1]]
[2024.05.20-16.00.18:125][  0]LogConfig: Setting CVar [[r.SSS.Scale:1]]
[2024.05.20-16.00.18:125][  0]LogConfig: Setting CVar [[r.SSS.SampleSet:2]]
[2024.05.20-16.00.18:125][  0]LogConfig: Setting CVar [[r.SSS.Quality:1]]
[2024.05.20-16.00.18:125][  0]LogConfig: Setting CVar [[r.SSS.HalfRes:0]]
[2024.05.20-16.00.18:125][  0]LogConfig: Setting CVar [[r.SSGI.Quality:3]]
[2024.05.20-16.00.18:125][  0]LogConfig: Setting CVar [[r.EmitterSpawnRateScale:1.0]]
[2024.05.20-16.00.18:125][  0]LogConfig: Setting CVar [[r.ParticleLightQuality:2]]
[2024.05.20-16.00.18:126][  0]LogConfig: Setting CVar [[r.SkyAtmosphere.AerialPerspectiveLUT.FastApplyOnOpaque:1 ; Always have FastSkyLUT 1 in this case to avoid wrong sky]]
[2024.05.20-16.00.18:126][  0]LogConfig: Setting CVar [[r.SkyAtmosphere.AerialPerspectiveLUT.SampleCountMaxPerSlice:4]]
[2024.05.20-16.00.18:126][  0]LogConfig: Setting CVar [[r.SkyAtmosphere.AerialPerspectiveLUT.DepthResolution:16.0]]
[2024.05.20-16.00.18:126][  0]LogConfig: Setting CVar [[r.SkyAtmosphere.FastSkyLUT:1]]
[2024.05.20-16.00.18:126][  0]LogConfig: Setting CVar [[r.SkyAtmosphere.FastSkyLUT.SampleCountMin:4.0]]
[2024.05.20-16.00.18:126][  0]LogConfig: Setting CVar [[r.SkyAtmosphere.FastSkyLUT.SampleCountMax:128.0]]
[2024.05.20-16.00.18:126][  0]LogConfig: Setting CVar [[r.SkyAtmosphere.SampleCountMin:4.0]]
[2024.05.20-16.00.18:126][  0]LogConfig: Setting CVar [[r.SkyAtmosphere.SampleCountMax:128.0]]
[2024.05.20-16.00.18:126][  0]LogConfig: Setting CVar [[r.SkyAtmosphere.TransmittanceLUT.UseSmallFormat:0]]
[2024.05.20-16.00.18:127][  0]LogConfig: Setting CVar [[r.SkyAtmosphere.TransmittanceLUT.SampleCount:10.0]]
[2024.05.20-16.00.18:127][  0]LogConfig: Setting CVar [[r.SkyAtmosphere.MultiScatteringLUT.SampleCount:15.0]]
[2024.05.20-16.00.18:127][  0]LogConfig: Setting CVar [[r.SkyLight.RealTimeReflectionCapture:1]]
[2024.05.20-16.00.18:127][  0]LogConfig: Applying CVar settings from Section [FoliageQuality@3] File [C:/Users/nanim/GitHub/InsectHeaven/InsectHeaven/Saved/Config/Windows/Scalability.ini]
[2024.05.20-16.00.18:127][  0]LogConfig: Setting CVar [[foliage.DensityScale:1.0]]
[2024.05.20-16.00.18:127][  0]LogConfig: Setting CVar [[grass.DensityScale:1.0]]
[2024.05.20-16.00.18:127][  0]LogConfig: Applying CVar settings from Section [ShadingQuality@3] File [C:/Users/nanim/GitHub/InsectHeaven/InsectHeaven/Saved/Config/Windows/Scalability.ini]
[2024.05.20-16.00.18:127][  0]LogConfig: Setting CVar [[r.HairStrands.SkyLighting.IntegrationType:2]]
[2024.05.20-16.00.18:128][  0]LogConfig: Setting CVar [[r.HairStrands.SkyAO.SampleCount:4]]
[2024.05.20-16.00.18:128][  0]LogConfig: Setting CVar [[r.HairStrands.Visibility.MSAA.SamplePerPixel:4]]
[2024.05.20-16.00.18:128][  0]LogInit: Selected Device Profile: [Windows]
[2024.05.20-16.00.18:128][  0]LogInit: Applying CVar settings loaded from the selected device profile: [Windows]
[2024.05.20-16.00.18:128][  0]LogHAL: Display: Platform has ~ 32 GB [33457160192 / 34359738368 / 32], which maps to Largest [LargestMinGB=32, LargerMinGB=12, DefaultMinGB=8, SmallerMinGB=6, SmallestMinGB=0)
[2024.05.20-16.00.18:128][  0]LogInit: Going up to parent DeviceProfile []
[2024.05.20-16.00.18:128][  0]LogConfig: Applying CVar settings from Section [ViewDistanceQuality@3] File [C:/Users/nanim/GitHub/InsectHeaven/InsectHeaven/Saved/Config/Windows/Scalability.ini]
[2024.05.20-16.00.18:128][  0]LogConfig: Setting CVar [[r.SkeletalMeshLODBias:0]]
[2024.05.20-16.00.18:128][  0]LogConfig: Setting CVar [[r.ViewDistanceScale:1.0]]
[2024.05.20-16.00.18:129][  0]LogConfig: Applying CVar settings from Section [AntiAliasingQuality@3] File [C:/Users/nanim/GitHub/InsectHeaven/InsectHeaven/Saved/Config/Windows/Scalability.ini]
[2024.05.20-16.00.18:129][  0]LogConfig: Setting CVar [[r.PostProcessAAQuality:4]]
[2024.05.20-16.00.18:129][  0]LogConfig: Applying CVar settings from Section [ShadowQuality@3] File [C:/Users/nanim/GitHub/InsectHeaven/InsectHeaven/Saved/Config/Windows/Scalability.ini]
[2024.05.20-16.00.18:129][  0]LogConfig: Setting CVar [[r.LightFunctionQuality:1]]
[2024.05.20-16.00.18:129][  0]LogConfig: Setting CVar [[r.ShadowQuality:5]]
[2024.05.20-16.00.18:129][  0]LogConfig: Setting CVar [[r.Shadow.CSM.MaxCascades:10]]
[2024.05.20-16.00.18:129][  0]LogConfig: Setting CVar [[r.Shadow.MaxResolution:2048]]
[2024.05.20-16.00.18:129][  0]LogConfig: Setting CVar [[r.Shadow.MaxCSMResolution:2048]]
[2024.05.20-16.00.18:129][  0]LogConfig: Setting CVar [[r.Shadow.RadiusThreshold:0.01]]
[2024.05.20-16.00.18:130][  0]LogConfig: Setting CVar [[r.Shadow.DistanceScale:1.0]]
[2024.05.20-16.00.18:130][  0]LogConfig: Setting CVar [[r.Shadow.CSM.TransitionScale:1.0]]
[2024.05.20-16.00.18:130][  0]LogConfig: Setting CVar [[r.Shadow.PreShadowResolutionFactor:1.0]]
[2024.05.20-16.00.18:130][  0]LogConfig: Setting CVar [[r.DistanceFieldShadowing:1]]
[2024.05.20-16.00.18:130][  0]LogConfig: Setting CVar [[r.DistanceFieldAO:1]]
[2024.05.20-16.00.18:130][  0]LogConfig: Setting CVar [[r.AOQuality:2]]
[2024.05.20-16.00.18:130][  0]LogConfig: Setting CVar [[r.VolumetricFog:1]]
[2024.05.20-16.00.18:130][  0]LogConfig: Setting CVar [[r.VolumetricFog.GridPixelSize:8]]
[2024.05.20-16.00.18:130][  0]LogConfig: Setting CVar [[r.VolumetricFog.GridSizeZ:128]]
[2024.05.20-16.00.18:131][  0]LogConfig: Setting CVar [[r.VolumetricFog.HistoryMissSupersampleCount:4]]
[2024.05.20-16.00.18:131][  0]LogConfig: Setting CVar [[r.LightMaxDrawDistanceScale:1]]
[2024.05.20-16.00.18:131][  0]LogConfig: Setting CVar [[r.CapsuleShadows:1]]
[2024.05.20-16.00.18:131][  0]LogConfig: Applying CVar settings from Section [PostProcessQuality@3] File [C:/Users/nanim/GitHub/InsectHeaven/InsectHeaven/Saved/Config/Windows/Scalability.ini]
[2024.05.20-16.00.18:131][  0]LogConfig: Setting CVar [[r.MotionBlurQuality:4]]
[2024.05.20-16.00.18:131][  0]LogConfig: Setting CVar [[r.AmbientOcclusionMipLevelFactor:0.4]]
[2024.05.20-16.00.18:131][  0]LogConfig: Setting CVar [[r.AmbientOcclusionMaxQuality:100]]
[2024.05.20-16.00.18:131][  0]LogConfig: Setting CVar [[r.AmbientOcclusionLevels:-1]]
[2024.05.20-16.00.18:132][  0]LogConfig: Setting CVar [[r.AmbientOcclusionRadiusScale:1.0]]
[2024.05.20-16.00.18:132][  0]LogConfig: Setting CVar [[r.DepthOfFieldQuality:2]]
[2024.05.20-16.00.18:132][  0]LogConfig: Setting CVar [[r.RenderTargetPoolMin:400]]
[2024.05.20-16.00.18:132][  0]LogConfig: Setting CVar [[r.LensFlareQuality:2]]
[2024.05.20-16.00.18:132][  0]LogConfig: Setting CVar [[r.SceneColorFringeQuality:1]]
[2024.05.20-16.00.18:132][  0]LogConfig: Setting CVar [[r.EyeAdaptationQuality:2]]
[2024.05.20-16.00.18:132][  0]LogConfig: Setting CVar [[r.BloomQuality:5]]
[2024.05.20-16.00.18:132][  0]LogConfig: Setting CVar [[r.FastBlurThreshold:100]]
[2024.05.20-16.00.18:132][  0]LogConfig: Setting CVar [[r.Upscale.Quality:3]]
[2024.05.20-16.00.18:133][  0]LogConfig: Setting CVar [[r.Tonemapper.GrainQuantization:1]]
[2024.05.20-16.00.18:133][  0]LogConfig: Setting CVar [[r.LightShaftQuality:1]]
[2024.05.20-16.00.18:133][  0]LogConfig: Setting CVar [[r.Filter.SizeScale:1]]
[2024.05.20-16.00.18:133][  0]LogConfig: Setting CVar [[r.Tonemapper.Quality:5]]
[2024.05.20-16.00.18:133][  0]LogConfig: Setting CVar [[r.DOF.Gather.AccumulatorQuality:1        ; higher gathering accumulator quality]]
[2024.05.20-16.00.18:133][  0]LogConfig: Setting CVar [[r.DOF.Gather.PostfilterMethod:1          ; Median3x3 postfilering method]]
[2024.05.20-16.00.18:133][  0]LogConfig: Setting CVar [[r.DOF.Gather.EnableBokehSettings:0       ; no bokeh simulation when gathering]]
[2024.05.20-16.00.18:133][  0]LogConfig: Setting CVar [[r.DOF.Gather.RingCount:4                 ; medium number of samples when gathering]]
[2024.05.20-16.00.18:134][  0]LogConfig: Setting CVar [[r.DOF.Scatter.ForegroundCompositing:1    ; additive foreground scattering]]
[2024.05.20-16.00.18:134][  0]LogConfig: Setting CVar [[r.DOF.Scatter.BackgroundCompositing:2    ; additive background scattering]]
[2024.05.20-16.00.18:134][  0]LogConfig: Setting CVar [[r.DOF.Scatter.EnableBokehSettings:1      ; bokeh simulation when scattering]]
[2024.05.20-16.00.18:134][  0]LogConfig: Setting CVar [[r.DOF.Scatter.MaxSpriteRatio:0.1         ; only a maximum of 10% of scattered bokeh]]
[2024.05.20-16.00.18:134][  0]LogConfig: Setting CVar [[r.DOF.Recombine.Quality:1                ; cheap slight out of focus]]
[2024.05.20-16.00.18:134][  0]LogConfig: Setting CVar [[r.DOF.Recombine.EnableBokehSettings:0    ; no bokeh simulation on slight out of focus]]
[2024.05.20-16.00.18:134][  0]LogConfig: Setting CVar [[r.DOF.TemporalAAQuality:1                ; more stable temporal accumulation]]
[2024.05.20-16.00.18:135][  0]LogConfig: Setting CVar [[r.DOF.Kernel.MaxForegroundRadius:0.025]]
[2024.05.20-16.00.18:135][  0]LogConfig: Setting CVar [[r.DOF.Kernel.MaxBackgroundRadius:0.025]]
[2024.05.20-16.00.18:135][  0]LogConfig: Applying CVar settings from Section [TextureQuality@3] File [C:/Users/nanim/GitHub/InsectHeaven/InsectHeaven/Saved/Config/Windows/Scalability.ini]
[2024.05.20-16.00.18:135][  0]LogConfig: Setting CVar [[r.Streaming.MipBias:0]]
[2024.05.20-16.00.18:135][  0]LogConfig: Setting CVar [[r.Streaming.AmortizeCPUToGPUCopy:0]]
[2024.05.20-16.00.18:135][  0]LogConfig: Setting CVar [[r.Streaming.MaxNumTexturesToStreamPerFrame:0]]
[2024.05.20-16.00.18:135][  0]LogConfig: Setting CVar [[r.Streaming.Boost:1]]
[2024.05.20-16.00.18:135][  0]LogConfig: Setting CVar [[r.MaxAnisotropy:8]]
[2024.05.20-16.00.18:136][  0]LogConfig: Setting CVar [[r.VT.MaxAnisotropy:8]]
[2024.05.20-16.00.18:136][  0]LogConfig: Setting CVar [[r.Streaming.LimitPoolSizeToVRAM:0]]
[2024.05.20-16.00.18:136][  0]LogConfig: Setting CVar [[r.Streaming.PoolSize:1000]]
[2024.05.20-16.00.18:136][  0]LogConfig: Setting CVar [[r.Streaming.MaxEffectiveScreenSize:0]]
[2024.05.20-16.00.18:136][  0]LogConfig: Applying CVar settings from Section [EffectsQuality@3] File [C:/Users/nanim/GitHub/InsectHeaven/InsectHeaven/Saved/Config/Windows/Scalability.ini]
[2024.05.20-16.00.18:136][  0]LogConfig: Setting CVar [[r.TranslucencyLightingVolumeDim:64]]
[2024.05.20-16.00.18:136][  0]LogConfig: Setting CVar [[r.RefractionQuality:2]]
[2024.05.20-16.00.18:136][  0]LogConfig: Setting CVar [[r.SSR.Quality:3]]
[2024.05.20-16.00.18:137][  0]LogConfig: Setting CVar [[r.SSR.HalfResSceneColor:0]]
[2024.05.20-16.00.18:137][  0]LogConfig: Setting CVar [[r.SceneColorFormat:4]]
[2024.05.20-16.00.18:137][  0]LogConfig: Setting CVar [[r.DetailMode:2]]
[2024.05.20-16.00.18:137][  0]LogConfig: Setting CVar [[r.TranslucencyVolumeBlur:1]]
[2024.05.20-16.00.18:137][  0]LogConfig: Setting CVar [[r.MaterialQualityLevel:1 ; High quality]]
[2024.05.20-16.00.18:137][  0]LogConfig: Setting CVar [[r.AnisotropicMaterials:1]]
[2024.05.20-16.00.18:137][  0]LogConfig: Setting CVar [[r.SSS.Scale:1]]
[2024.05.20-16.00.18:137][  0]LogConfig: Setting CVar [[r.SSS.SampleSet:2]]
[2024.05.20-16.00.18:138][  0]LogConfig: Setting CVar [[r.SSS.Quality:1]]
[2024.05.20-16.00.18:138][  0]LogConfig: Setting CVar [[r.SSS.HalfRes:0]]
[2024.05.20-16.00.18:138][  0]LogConfig: Setting CVar [[r.SSGI.Quality:3]]
[2024.05.20-16.00.18:138][  0]LogConfig: Setting CVar [[r.EmitterSpawnRateScale:1.0]]
[2024.05.20-16.00.18:138][  0]LogConfig: Setting CVar [[r.ParticleLightQuality:2]]
[2024.05.20-16.00.18:138][  0]LogConfig: Setting CVar [[r.SkyAtmosphere.AerialPerspectiveLUT.FastApplyOnOpaque:1 ; Always have FastSkyLUT 1 in this case to avoid wrong sky]]
[2024.05.20-16.00.18:138][  0]LogConfig: Setting CVar [[r.SkyAtmosphere.AerialPerspectiveLUT.SampleCountMaxPerSlice:4]]
[2024.05.20-16.00.18:138][  0]LogConfig: Setting CVar [[r.SkyAtmosphere.AerialPerspectiveLUT.DepthResolution:16.0]]
[2024.05.20-16.00.18:138][  0]LogConfig: Setting CVar [[r.SkyAtmosphere.FastSkyLUT:1]]
[2024.05.20-16.00.18:139][  0]LogConfig: Setting CVar [[r.SkyAtmosphere.FastSkyLUT.SampleCountMin:4.0]]
[2024.05.20-16.00.18:139][  0]LogConfig: Setting CVar [[r.SkyAtmosphere.FastSkyLUT.SampleCountMax:128.0]]
[2024.05.20-16.00.18:139][  0]LogConfig: Setting CVar [[r.SkyAtmosphere.SampleCountMin:4.0]]
[2024.05.20-16.00.18:139][  0]LogConfig: Setting CVar [[r.SkyAtmosphere.SampleCountMax:128.0]]
[2024.05.20-16.00.18:139][  0]LogConfig: Setting CVar [[r.SkyAtmosphere.TransmittanceLUT.UseSmallFormat:0]]
[2024.05.20-16.00.18:139][  0]LogConfig: Setting CVar [[r.SkyAtmosphere.TransmittanceLUT.SampleCount:10.0]]
[2024.05.20-16.00.18:139][  0]LogConfig: Setting CVar [[r.SkyAtmosphere.MultiScatteringLUT.SampleCount:15.0]]
[2024.05.20-16.00.18:139][  0]LogConfig: Setting CVar [[r.SkyLight.RealTimeReflectionCapture:1]]
[2024.05.20-16.00.18:140][  0]LogConfig: Applying CVar settings from Section [FoliageQuality@3] File [C:/Users/nanim/GitHub/InsectHeaven/InsectHeaven/Saved/Config/Windows/Scalability.ini]
[2024.05.20-16.00.18:140][  0]LogConfig: Setting CVar [[foliage.DensityScale:1.0]]
[2024.05.20-16.00.18:140][  0]LogConfig: Setting CVar [[grass.DensityScale:1.0]]
[2024.05.20-16.00.18:140][  0]LogConfig: Applying CVar settings from Section [ShadingQuality@3] File [C:/Users/nanim/GitHub/InsectHeaven/InsectHeaven/Saved/Config/Windows/Scalability.ini]
[2024.05.20-16.00.18:140][  0]LogConfig: Setting CVar [[r.HairStrands.SkyLighting.IntegrationType:2]]
[2024.05.20-16.00.18:140][  0]LogConfig: Setting CVar [[r.HairStrands.SkyAO.SampleCount:4]]
[2024.05.20-16.00.18:140][  0]LogConfig: Setting CVar [[r.HairStrands.Visibility.MSAA.SamplePerPixel:4]]
[2024.05.20-16.00.18:140][  0]LogConfig: Applying CVar settings from Section [Startup] File [../../../Engine/Config/ConsoleVariables.ini]
[2024.05.20-16.00.18:141][  0]LogConfig: Setting CVar [[net.UseAdaptiveNetUpdateFrequency:0]]
[2024.05.20-16.00.18:141][  0]LogConfig: Setting CVar [[p.chaos.AllowCreatePhysxBodies:1]]
[2024.05.20-16.00.18:141][  0]LogConfig: Setting CVar [[fx.SkipVectorVMBackendOptimizations:1]]
[2024.05.20-16.00.18:141][  0]LogConfig: Applying CVar settings from Section [ConsoleVariables] File [C:/Users/nanim/GitHub/InsectHeaven/InsectHeaven/Saved/Config/Windows/Engine.ini]
[2024.05.20-16.00.18:141][  0]LogConfig: Applying CVar settings from Section [ConsoleVariables] File [C:/Users/nanim/GitHub/InsectHeaven/InsectHeaven/Saved/Config/Windows/Editor.ini]
[2024.05.20-16.00.18:141][  0]LogInit: Computer: DESKTOP-NS5ONMH
[2024.05.20-16.00.18:142][  0]LogInit: User: nanim
[2024.05.20-16.00.18:142][  0]LogInit: CPU Page size=4096, Cores=12
[2024.05.20-16.00.18:142][  0]LogInit: High frequency timer resolution =10.000000 MHz
[2024.05.20-16.00.18:142][  0]LogMemory: Memory total: Physical=31.2GB (32GB approx)
[2024.05.20-16.00.18:142][  0]LogMemory: Platform Memory Stats for Windows
[2024.05.20-16.00.18:142][  0]LogMemory: Process Physical Memory: 152.93 MB used, 152.94 MB peak
[2024.05.20-16.00.18:142][  0]LogMemory: Process Virtual Memory: 135.87 MB used, 135.87 MB peak
[2024.05.20-16.00.18:142][  0]LogMemory: Physical Memory: 19277.96 MB used,  12629.27 MB free, 31907.23 MB total
[2024.05.20-16.00.18:142][  0]LogMemory: Virtual Memory: 134202608.00 MB used,  15118.96 MB free, 134217728.00 MB total
[2024.05.20-16.00.18:156][  0]LogWindows: WindowsPlatformFeatures enabled
[2024.05.20-16.00.18:267][  0]LogInit: Physics initialised using underlying interface: PhysX
[2024.05.20-16.00.18:268][  0]LogInit: Using OS detected language (ko-KR).
[2024.05.20-16.00.18:269][  0]LogInit: Using OS detected locale (ko-KR).
[2024.05.20-16.00.18:272][  0]LogTextLocalizationManager: No specific localization for 'ko-KR' exists, so the 'ko' localization will be used.
[2024.05.20-16.00.18:342][  0]LogInit: Setting process to per monitor DPI aware
[2024.05.20-16.00.18:509][  0]LogWindowsTextInputMethodSystem: Display: IME system deactivated.
[2024.05.20-16.00.18:536][  0]LogSlate: New Slate User Created.  User Index 0, Is Virtual User: 0
[2024.05.20-16.00.18:537][  0]LogSlate: Slate User Registered.  User Index 0, Is Virtual User: 0
[2024.05.20-16.00.18:667][  0]LogD3D11RHI: Loaded GFSDK_Aftermath_Lib.x64.dll
[2024.05.20-16.00.18:675][  0]LogHMD: Failed to initialize OpenVR with code 110
[2024.05.20-16.00.18:675][  0]LogD3D11RHI: D3D11 min allowed feature level: 11_0
[2024.05.20-16.00.18:675][  0]LogD3D11RHI: D3D11 max allowed feature level: 11_0
[2024.05.20-16.00.18:676][  0]LogD3D11RHI: D3D11 adapters:
[2024.05.20-16.00.18:768][  0]LogD3D11RHI:    0. 'AMD Radeon RX 7900 XTX' (Feature Level 11_0)
[2024.05.20-16.00.18:768][  0]LogD3D11RHI:       24515/0/15953 MB DedicatedVideo/DedicatedSystem/SharedSystem, Outputs:2, VendorId:0x1002
[2024.05.20-16.00.18:824][  0]LogD3D11RHI:    1. 'AMD Radeon(TM) Graphics' (Feature Level 11_0)
[2024.05.20-16.00.18:825][  0]LogD3D11RHI:       485/0/15953 MB DedicatedVideo/DedicatedSystem/SharedSystem, Outputs:0, VendorId:0x1002
[2024.05.20-16.00.18:830][  0]LogD3D11RHI:    2. 'Microsoft Basic Render Driver' (Feature Level 11_0)
[2024.05.20-16.00.18:830][  0]LogD3D11RHI:       0/0/15953 MB DedicatedVideo/DedicatedSystem/SharedSystem, Outputs:0, VendorId:0x1414
[2024.05.20-16.00.18:831][  0]LogD3D11RHI: Chosen D3D11 Adapter:
[2024.05.20-16.00.18:831][  0]LogD3D11RHI:     Description : AMD Radeon RX 7900 XTX
[2024.05.20-16.00.18:831][  0]LogD3D11RHI:     VendorId    : 1002
[2024.05.20-16.00.18:831][  0]LogD3D11RHI:     DeviceId    : 744c
[2024.05.20-16.00.18:831][  0]LogD3D11RHI:     SubSysId    : e3b1002
[2024.05.20-16.00.18:831][  0]LogD3D11RHI:     Revision    : 00c8
[2024.05.20-16.00.18:831][  0]LogD3D11RHI:     DedicatedVideoMemory : 25706012672 bytes
[2024.05.20-16.00.18:831][  0]LogD3D11RHI:     DedicatedSystemMemory : 0 bytes
[2024.05.20-16.00.18:831][  0]LogD3D11RHI:     SharedSystemMemory : 16728580096 bytes
[2024.05.20-16.00.18:831][  0]LogD3D11RHI:     AdapterLuid : 0 70536
[2024.05.20-16.00.18:837][  0]LogD3D11RHI: Creating new Direct3DDevice
[2024.05.20-16.00.18:837][  0]LogD3D11RHI:     GPU DeviceId: 0x744c (for the marketing name, search the web for "GPU Device Id")
[2024.05.20-16.00.18:837][  0]LogWindows: EnumDisplayDevices:
[2024.05.20-16.00.18:904][  0]LogWindows:    0. 'AMD Radeon RX 7900 XTX' (P:1 D:1)
[2024.05.20-16.00.18:906][  0]LogWindows:    1. 'AMD Radeon RX 7900 XTX' (P:0 D:1)
[2024.05.20-16.00.18:906][  0]LogWindows:    2. 'AMD Radeon RX 7900 XTX' (P:0 D:0)
[2024.05.20-16.00.18:907][  0]LogWindows:    3. 'AMD Radeon RX 7900 XTX' (P:0 D:0)
[2024.05.20-16.00.18:908][  0]LogWindows:    4. 'AMD Radeon RX 7900 XTX' (P:0 D:0)
[2024.05.20-16.00.18:909][  0]LogWindows:    5. 'AMD Radeon(TM) Graphics' (P:0 D:0)
[2024.05.20-16.00.18:910][  0]LogWindows:    6. 'AMD Radeon(TM) Graphics' (P:0 D:0)
[2024.05.20-16.00.18:910][  0]LogWindows:    7. 'AMD Radeon(TM) Graphics' (P:0 D:0)
[2024.05.20-16.00.18:911][  0]LogWindows:    8. 'AMD Radeon(TM) Graphics' (P:0 D:0)
[2024.05.20-16.00.18:912][  0]LogWindows:    9. 'AMD Radeon(TM) Graphics' (P:0 D:0)
[2024.05.20-16.00.18:913][  0]LogWindows: DebugString: PrimaryIsNotTheChoosenAdapter PrimaryIsNotTheChoosenAdapter PrimaryIsNotTheChoosenAdapter PrimaryIsNotTheChoosenAdapter PrimaryIsNotTheChoosenAdapter FoundDriverCount:5 
[2024.05.20-16.00.18:913][  0]LogD3D11RHI:     Adapter Name: AMD Radeon RX 7900 XTX
[2024.05.20-16.00.18:913][  0]LogD3D11RHI:   Driver Version: AMD Software: Adrenalin Edition 23.8.1 (internal:31.0.21029.1006, unified:31.0.21029.1006)
[2024.05.20-16.00.18:913][  0]LogD3D11RHI:      Driver Date: 8-14-2023
[2024.05.20-16.00.18:913][  0]LogRHI: Texture pool is 16623 MB (70% of 23747 MB)
[2024.05.20-16.00.18:954][  0]LogD3D11RHI: Creating D3DDevice with AMD AGS, using adapter:
[2024.05.20-16.00.18:954][  0]LogD3D11RHI:     Description : AMD Radeon RX 7900 XTX
[2024.05.20-16.00.18:954][  0]LogD3D11RHI:     VendorId    : 1002
[2024.05.20-16.00.18:954][  0]LogD3D11RHI:     DeviceId    : 744c
[2024.05.20-16.00.18:954][  0]LogD3D11RHI:     SubSysId    : e3b1002
[2024.05.20-16.00.18:954][  0]LogD3D11RHI:     Revision    : 00c8
[2024.05.20-16.00.18:954][  0]LogD3D11RHI:     DedicatedVideoMemory : 25706012672 bytes
[2024.05.20-16.00.18:954][  0]LogD3D11RHI:     DedicatedSystemMemory : 0 bytes
[2024.05.20-16.00.18:955][  0]LogD3D11RHI:     SharedSystemMemory : 16728580096 bytes
[2024.05.20-16.00.18:955][  0]LogD3D11RHI:     AdapterLuid : 0 70536
[2024.05.20-16.00.19:019][  0]LogD3D11RHI: Created device via AGS, feature level 11_0, supported extensions 1fffffbf.
[2024.05.20-16.00.19:019][  0]LogD3D11RHI: RHI has support for 64 bit atomics
[2024.05.20-16.00.19:019][  0]LogD3D11RHI: Async texture creation enabled
[2024.05.20-16.00.19:019][  0]LogD3D11RHI: Array index from any shader is supported
[2024.05.20-16.00.19:030][  0]LogD3D11RHI: GPU Timing Frequency: 100.000000 (Debug: 2 1)
[2024.05.20-16.00.19:525][  0]LogTargetPlatformManager: Display: Loaded TargetPlatform 'AllDesktop'
[2024.05.20-16.00.19:546][  0]LogTargetPlatformManager: Display: Loaded TargetPlatform 'Android'
[2024.05.20-16.00.19:546][  0]LogTargetPlatformManager: Display: Loaded TargetPlatform 'Android_ASTC'
[2024.05.20-16.00.19:546][  0]LogTargetPlatformManager: Display: Loaded TargetPlatform 'Android_DXT'
[2024.05.20-16.00.19:546][  0]LogTargetPlatformManager: Display: Loaded TargetPlatform 'Android_ETC2'
[2024.05.20-16.00.19:546][  0]LogTargetPlatformManager: Display: Loaded TargetPlatform 'AndroidClient'
[2024.05.20-16.00.19:546][  0]LogTargetPlatformManager: Display: Loaded TargetPlatform 'Android_ASTCClient'
[2024.05.20-16.00.19:546][  0]LogTargetPlatformManager: Display: Loaded TargetPlatform 'Android_DXTClient'
[2024.05.20-16.00.19:546][  0]LogTargetPlatformManager: Display: Loaded TargetPlatform 'Android_ETC2Client'
[2024.05.20-16.00.19:547][  0]LogTargetPlatformManager: Display: Loaded TargetPlatform 'Android_Multi'
[2024.05.20-16.00.19:547][  0]LogTargetPlatformManager: Display: Loaded TargetPlatform 'Android_MultiClient'
[2024.05.20-16.00.19:576][  0]LogTargetPlatformManager: Display: Loaded TargetPlatform 'IOSClient'
[2024.05.20-16.00.19:576][  0]LogTargetPlatformManager: Display: Loaded TargetPlatform 'IOS'
[2024.05.20-16.00.19:590][  0]LogTargetPlatformManager: Display: Loaded TargetPlatform 'Linux'
[2024.05.20-16.00.19:598][  0]LogTargetPlatformManager: Display: Loaded TargetPlatform 'LinuxNoEditor'
[2024.05.20-16.00.19:607][  0]LogTargetPlatformManager: Display: Loaded TargetPlatform 'LinuxClient'
[2024.05.20-16.00.19:615][  0]LogTargetPlatformManager: Display: Loaded TargetPlatform 'LinuxServer'
[2024.05.20-16.00.19:627][  0]LogTargetPlatformManager: Display: Loaded TargetPlatform 'LinuxAArch64NoEditor'
[2024.05.20-16.00.19:635][  0]LogTargetPlatformManager: Display: Loaded TargetPlatform 'LinuxAArch64Client'
[2024.05.20-16.00.19:643][  0]LogTargetPlatformManager: Display: Loaded TargetPlatform 'LinuxAArch64Server'
[2024.05.20-16.00.19:664][  0]LogTargetPlatformManager: Display: Loaded TargetPlatform 'Lumin'
[2024.05.20-16.00.19:664][  0]LogTargetPlatformManager: Display: Loaded TargetPlatform 'LuminClient'
[2024.05.20-16.00.19:676][  0]LogTargetPlatformManager: Display: Loaded TargetPlatform 'MacNoEditor'
[2024.05.20-16.00.19:684][  0]LogTargetPlatformManager: Display: Loaded TargetPlatform 'Mac'
[2024.05.20-16.00.19:693][  0]LogTargetPlatformManager: Display: Loaded TargetPlatform 'MacClient'
[2024.05.20-16.00.19:701][  0]LogTargetPlatformManager: Display: Loaded TargetPlatform 'MacServer'
[2024.05.20-16.00.19:714][  0]LogTargetPlatformManager: Display: Loaded TargetPlatform 'TVOSClient'
[2024.05.20-16.00.19:714][  0]LogTargetPlatformManager: Display: Loaded TargetPlatform 'TVOS'
[2024.05.20-16.00.19:728][  0]LogTargetPlatformManager: Display: Loaded TargetPlatform 'WindowsNoEditor'
[2024.05.20-16.00.19:738][  0]LogTargetPlatformManager: Display: Loaded TargetPlatform 'Windows'
[2024.05.20-16.00.19:749][  0]LogTargetPlatformManager: Display: Loaded TargetPlatform 'WindowsClient'
[2024.05.20-16.00.19:759][  0]LogTargetPlatformManager: Display: Loaded TargetPlatform 'WindowsServer'
[2024.05.20-16.00.19:759][  0]LogTargetPlatformManager: Display: Building Assets For Windows
[2024.05.20-16.00.19:799][  0]LogAudioDebug: Display: Lib vorbis DLL was dynamically loaded.
[2024.05.20-16.00.19:902][  0]LogTextureFormatOodle: Display: Oodle Texture 2.9.0 init RDO Off
[2024.05.20-16.00.19:987][  0]LogRendererCore: Ray tracing is disabled. Reason: r.RayTracing=0.
[2024.05.20-16.00.19:988][  0]LogShaderCompilers: Guid format shader working directory is -14 characters bigger than the processId version (../../../../../Users/nanim/GitHub/InsectHeaven/InsectHeaven/Intermediate/Shaders/WorkingDirectory/10324/).
[2024.05.20-16.00.19:988][  0]LogShaderCompilers: Cleaned the shader compiler working directory 'C:/Users/nanim/AppData/Local/Temp/UnrealShaderWorkingDir/6AEF0ED2409A23C27776E6972436E094/'.
[2024.05.20-16.00.19:988][  0]LogXGEController: Cannot use XGE Controller as Incredibuild is not installed on this machine.
[2024.05.20-16.00.19:989][  0]LogShaderCompilers: Cannot use XGE Shader Compiler as Incredibuild is not installed on this machine.
[2024.05.20-16.00.19:989][  0]LogShaderCompilers: Display: Using Local Shader Compiler.
[2024.05.20-16.00.20:428][  0]LogDerivedDataCache: Display: Max Cache Size: 512 MB
[2024.05.20-16.00.20:464][  0]LogDerivedDataCache: Loaded boot cache 0.04s 94MB C:/Users/nanim/AppData/Local/UnrealEngine/4.27/DerivedDataCache/Boot.ddc.
[2024.05.20-16.00.20:464][  0]LogDerivedDataCache: Display: Loaded Boot cache: C:/Users/nanim/AppData/Local/UnrealEngine/4.27/DerivedDataCache/Boot.ddc
[2024.05.20-16.00.20:464][  0]LogDerivedDataCache: FDerivedDataBackendGraph:  Pak pak cache file ../../../../../Users/nanim/GitHub/InsectHeaven/InsectHeaven/DerivedDataCache/DDC.ddp not found, will not use a pak cache.
[2024.05.20-16.00.20:464][  0]LogDerivedDataCache: Unable to find inner node Pak for hierarchical cache Hierarchy.
[2024.05.20-16.00.20:465][  0]LogDerivedDataCache: FDerivedDataBackendGraph:  CompressedPak pak cache file ../../../../../Users/nanim/GitHub/InsectHeaven/InsectHeaven/DerivedDataCache/Compressed.ddp not found, will not use a pak cache.
[2024.05.20-16.00.20:465][  0]LogDerivedDataCache: Unable to find inner node CompressedPak for hierarchical cache Hierarchy.
[2024.05.20-16.00.20:476][  0]LogDerivedDataCache: Display: Pak cache opened for reading ../../../Engine/DerivedDataCache/Compressed.ddp.
[2024.05.20-16.00.20:476][  0]LogDerivedDataCache: FDerivedDataBackendGraph:  EnterprisePak pak cache file ../../../Enterprise/DerivedDataCache/Compressed.ddp not found, will not use a pak cache.
[2024.05.20-16.00.20:476][  0]LogDerivedDataCache: Unable to find inner node EnterprisePak for hierarchical cache Hierarchy.
[2024.05.20-16.00.20:503][  0]LogDerivedDataCache: Speed tests for C:/Users/nanim/AppData/Local/UnrealEngine/Common/DerivedDataCache took 0.03 seconds
[2024.05.20-16.00.20:503][  0]LogDerivedDataCache: Display: Performance to C:/Users/nanim/AppData/Local/UnrealEngine/Common/DerivedDataCache: Latency=0.04ms. RandomReadSpeed=756.89MBs, RandomWriteSpeed=37.19MBs. Assigned SpeedClass 'Local'
[2024.05.20-16.00.20:504][  0]LogDerivedDataCache: Using Local data cache path C:/Users/nanim/AppData/Local/UnrealEngine/Common/DerivedDataCache: Writable
[2024.05.20-16.00.20:505][  0]LogDerivedDataCache: Shared data cache path not found in *engine.ini, will not use an Shared cache.
[2024.05.20-16.00.20:505][  0]LogDerivedDataCache: Unable to find inner node Shared for hierarchical cache Hierarchy.
[2024.05.20-16.00.20:531][  0]LogSlate: Using FreeType 2.10.0
[2024.05.20-16.00.20:532][  0]LogSlate: SlateFontServices - WITH_FREETYPE: 1, WITH_HARFBUZZ: 1
[2024.05.20-16.00.20:553][  0]LogAssetRegistry: FAssetRegistry took 0.0025 seconds to start up
[2024.05.20-16.00.20:691][  0]LogInit: Selected Device Profile: [Windows]
[2024.05.20-16.00.20:692][  0]LogInit: Active device profile: [0000021A65A4D400][0000021A5CC84400 49] Windows
[2024.05.20-16.00.20:692][  0]LogInit: Profiles: [0000021A65A4D400][0000021A5CC84400 49] Windows, [0000021A659F6A00][0000021A5CC88540 49] WindowsNoEditor, [0000021A65A4F100][0000021A5CC8C680 49] WindowsServer, [0000021A65A03F00][0000021A5CF9E7C0 49] WindowsClient, [0000021A659F7C00][0000021A5CFA2900 49] IOS, [0000021A65A01700][0000021A5CFAAA80 49] iPadAir, [0000021A659F6200][0000021A5CFAEC00 49] iPadAir2, [0000021A659A0400][0000021A5CFB6EC0 49] IPadPro, [0000021A659A0500][0000021A5CFB2F00 49] iPadAir3, [0000021A65A01900][0000021A5CFBB080 49] iPadAir4, [0000021A659A3000][0000021A5CFBF200 49] iPadMini2, [0000021A65A03D00][0000021A5CFC3380 49] iPadMini3, [0000021A659A0B00][0000021A5CFC7500 49] iPadMini4, [0000021A65A00A00][0000021A5CFCB680 49] iPadMini5, [0000021A6598FC00][0000021A5CFD3940 49] iPhone6, [0000021A6598FD00][0000021A5CFCF980 49] iPodTouch6, [0000021A65A4E500][0000021A5CFDA0C0 49] iPhone7, [0000021A65A4E300][0000021A5CFD6100 49] iPodTouch7, [0000021A6598C600][0000021A5CFDE280 49] iPhone5S, [0000021A659A2E00][0000021A5CFE2400 49] iPhone6Plus, [0000021A6598DF00][0000021A5CFE6580 49] iPhone6S, [0000021A659A1300][0000021A639D2700 49] iPhone6SPlus, [0000021A65A4D300][0000021A5CFA6840 49] iPhone7Plus, [0000021A659A2A00][0000021A639D6980 49] iPhoneSE, [0000021A65A4CB00][0000021A639DAAC0 49] iPhone8, [0000021A659A2400][0000021A639E2C40 49] iPhone8Plus, [0000021A65A4C100][0000021A639E6DC0 49] iPhoneX, [0000021A659A1000][0000021A639EAF40 49] iPhoneXS, [0000021A65A4D800][0000021A639EF0C0 49] iPhoneXSMax, [0000021A659A3800][0000021A639F3240 49] iPhoneXR, [0000021A65A4ED00][0000021A639F73C0 49] iPhone11, [0000021A659A1F00][0000021A639FB540 49] iPhone11Pro, [0000021A65A4F600][0000021A639FF6C0 49] iPhone11ProMax, [0000021A659A1A00][0000021A63A03840 49] iPhoneSE2, [0000021A65A4DF00][0000021A63A079C0 49] iPhone12Mini, [0000021A659A0900][0000021A63A0BB40 49] iPhone12, [0000021A65A4D000][0000021A63A0E140 49] iPhone12Pro, [0000021A659A1C00][0000021A63A122C0 49] iPhone12ProMax, [0000021A65A4DB00][0000021A63A16440 49] iPadPro105, [0000021A659A0A00][0000021A63A1A5C0 49] iPadPro129, [0000021A65A4E700][0000021A63A1E740 49] iPadPro97, [0000021A659A0C00][0000021A63A228C0 49] iPadPro2_129, [0000021A65A4EE00][0000021A639DEA00 49] iPad5, [0000021A659A1E00][0000021A63A26B40 49] iPad6, [0000021A65A4E100][0000021A63A2AC80 49] iPad7, [0000021A659A2F00][0000021A63A2EDC0 49] iPad8, [0000021A65A4CD00][0000021A63A36F40 49] iPadPro11, [0000021A659A3A00][0000021A63A3B0C0 49] iPadPro2_11, [0000021A65A4C400][0000021A63A3F240 49] iPadPro3_129, [0000021A659A1900][0000021A63A433C0 49] iPadPro4_129, [0000021A65A4F700][0000021A63A47540 49] AppleTV, [0000021A659A3900][0000021A63A4B6C0 49] AppleTV4K, [0000021A65A4E800][0000021A63A4F840 49] TVOS, [0000021A659A2500][0000021A63A539C0 49] Mac, [0000021A65A4F800][0000021A63A57B40 49] MacClient, [0000021A659A1B00][0000021A63A5A140 49] MacNoEditor, [0000021A65A4C600][0000021A63A5E2C0 49] MacServer, [0000021A659A3400][0000021A63A62440 49] Linux, [0000021A65A4C200][0000021A63A665C0 49] LinuxAArch64, [0000021A659A0300][0000021A63A6A740 49] LinuxNoEditor, [0000021A65A4FC00][0000021A65D528C0 49] LinuxAArch64NoEditor, [0000021A659A1100][0000021A65D56A40 49] LinuxClient, [0000021A65A4EF00][0000021A63A32B80 49] LinuxAArch64Client, [0000021A659A0F00][0000021A5F19ACC0 49] LinuxServer, [0000021A65A4D700][0000021A5DA66E00 49] LinuxAArch64Server, [0000021A659A2800][0000021A65E76F40 49] Android, [0000021A65A01B00][0000021A5DA6B0C0 49] Android_Low, [0000021A6598C900][0000021A5DA6F240 49] Android_Mid, [0000021A65A01E00][0000021A5D9673C0 49] Android_High, [0000021A6598D900][0000021A65C8D540 49] Android_Default, [0000021A65A02B00][0000021A65C956C0 49] Android_Adreno4xx, [0000021A6598D100][0000021A65C99840 49] Android_Adreno5xx_Low, [0000021A65A02100][0000021A625E79C0 49] Android_Adreno5xx, [0000021A6598D600][0000021A625EFB40 49] Android_Adreno6xx, [0000021A65A00B00][0000021A65CC4140 49] Android_Adreno6xx_Vulkan, [0000021A6598C300][0000021A65CD82C0 49] Android_Mali_T6xx, [0000021A65A03C00][0000021A65CDC440 49] Android_Mali_T7xx, [0000021A6598E600][0000021A65D2A5C0 49] Android_Mali_T8xx, [0000021A65A00C00][0000021A65D2E740 49] Android_Mali_G71, [0000021A6598F100][0000021A5F10E8C0 49] Android_Mali_G72, [0000021A65A00900][0000021A5F180A40 49] Android_Mali_G72_Vulkan, [0000021A6598F700][0000021A5F184BC0 49] Android_Mali_G76, [0000021A65A02900][0000021A5F188D40 49] Android_Mali_G76_Vulkan, [0000021A6598D800][0000021A65E7AE80 49] Android_Mali_G77, [0000021A65A03900][0000021A5F18CFC0 49] Android_Mali_G77_Vulkan, [0000021A6598F000][0000021A5F191100 49] Android_Mali_G78, [0000021A65A00500][0000021A65E45280 49] Android_Mali_G78_Vulkan, [0000021A6598CB00][0000021A5D9E3400 49] Android_Mali_G710, [0000021A65A03B00][0000021A5D9E7580 49] Android_Mali_G710_Vulkan, [0000021A6598CF00][0000021A5D9EB700 49] Android_Vulkan_SM5, [0000021A65A02000][0000021A65E6D880 49] Android_PowerVR_G6xxx, [0000021A6598C200][0000021A65E71A00 49] Android_PowerVR_GT7xxx, [0000021A65A00F00][0000021A66273B80 49] Android_PowerVR_GE8xxx, [0000021A6598ED00][0000021A66280180 49] Android_PowerVR_GM9xxx, [0000021A659A3200][0000021A66284300 49] Android_PowerVR_GM9xxx_Vulkan, [0000021A6598FF00][0000021A66288480 49] Android_TegraK1, [0000021A659A3100][0000021A6628C600 49] Android_Unknown_Vulkan, [0000021A6598CD00][0000021A65FAA780 49] Lumin, [0000021A659A1800][0000021A65D5E900 49] Lumin_Desktop, [0000021A6598C400][0000021A65D62A80 49] HoloLens, 
[2024.05.20-16.00.20:834][  0]LogMeshReduction: Using QuadricMeshReduction for automatic static mesh reduction
[2024.05.20-16.00.20:834][  0]LogMeshReduction: Using SimplygonMeshReduction for automatic skeletal mesh reduction
[2024.05.20-16.00.20:834][  0]LogMeshReduction: Using ProxyLODMeshReduction for automatic mesh merging
[2024.05.20-16.00.20:835][  0]LogMeshReduction: No distributed automatic mesh merging module available
[2024.05.20-16.00.20:835][  0]LogMeshMerging: No distributed automatic mesh merging module available
[2024.05.20-16.00.20:852][  0]LogNetVersion: InsectHeaven 1.0.0, NetCL: 17155196, EngineNetVer: 17, GameNetVer: 0 (Checksum: 3375795940)
[2024.05.20-16.00.21:080][  0]LogTexture: Default maximum texture size for cubemaps generated from long-lat sources has been changed from 512 to unlimited. In order to preserve old behaiour for '/Engine/MapTemplates/Sky/DaylightAmbientCubemap.DaylightAmbientCubemap', its maximum texture size has been explicitly set to 512.
[2024.05.20-16.00.21:109][  0]LogHMD: PokeAHoleMaterial loaded successfully
[2024.05.20-16.00.21:113][  0]LogUObjectArray: 17178 objects as part of root set at end of initial load.
[2024.05.20-16.00.21:113][  0]LogUObjectAllocator: 4302048 out of 0 bytes used by permanent object pool.
[2024.05.20-16.00.21:113][  0]LogUObjectArray: CloseDisregardForGC: 0/0 objects in disregard for GC pool
[2024.05.20-16.00.21:731][  0]LogNiagaraDebuggerClient: Niagara Debugger Client Initialized | Session: A64E95D04B6887E674051DAB0B7CF1EA | Instance: F5F3CB7B409BA844BA2755ABF2401885 (DESKTOP-NS5ONMH-10324).
[2024.05.20-16.00.21:842][  0]LogPython: Using Python 3.7.7
[2024.05.20-16.00.22:321][  0]LogUdpMessaging: Initializing bridge on interface 0.0.0.0:0 to multicast group 230.0.0.1:6666.
[2024.05.20-16.00.22:332][  0]LogTcpMessaging: Initializing TcpMessaging bridge
[2024.05.20-16.00.22:903][  0]SourceControl: 소스 컨트롤이 꺼졌습니다.
[2024.05.20-16.00.22:903][  0]SourceControl: 소스 컨트롤이 꺼졌습니다.
[2024.05.20-16.00.22:911][  0]SourceControl: 소스 컨트롤이 꺼졌습니다.
[2024.05.20-16.00.22:927][  0]SourceControl: 소스 컨트롤이 꺼졌습니다.
[2024.05.20-16.00.22:936][  0]SourceControl: 소스 컨트롤이 꺼졌습니다.
[2024.05.20-16.00.22:964][  0]LogUProjectInfo: Found projects:
[2024.05.20-16.00.23:445][  0]LogOpenImageDenoise: OIDN starting up
[2024.05.20-16.00.23:572][  0]LogAndroidPermission: UAndroidPermissionCallbackProxy::GetInstance
[2024.05.20-16.00.23:630][  0]LogAudioCaptureCore: Display: No Audio Capture implementations found. Audio input will be silent.
[2024.05.20-16.00.23:630][  0]LogAudioCaptureCore: Display: No Audio Capture implementations found. Audio input will be silent.
[2024.05.20-16.00.23:831][  0]LogCollectionManager: Loaded 0 collections in 0.001389 seconds
[2024.05.20-16.00.23:885][  0]LogFileCache: Scanning file cache for directory 'C:/Users/nanim/GitHub/InsectHeaven/InsectHeaven/Saved/Collections/' took 0.00s
[2024.05.20-16.00.23:885][  0]LogFileCache: Scanning file cache for directory 'C:/Users/nanim/GitHub/InsectHeaven/InsectHeaven/Content/Developers/nanim/Collections/' took 0.00s
[2024.05.20-16.00.23:885][  0]LogFileCache: Scanning file cache for directory 'C:/Users/nanim/GitHub/InsectHeaven/InsectHeaven/Content/Collections/' took 0.00s
[2024.05.20-16.00.23:885][  0]LogOcInput: OculusInput pre-init called
[2024.05.20-16.00.24:073][  0]LogClass: Display: IntProperty FCharacter_2D::Name is not initialized properly. Module:InsectHeaven File:Table/DataStruct/Character_2D.h
[2024.05.20-16.00.24:073][  0]LogClass: Display: IntProperty FCharacter_2D::ImageID is not initialized properly. Module:InsectHeaven File:Table/DataStruct/Character_2D.h
[2024.05.20-16.00.24:073][  0]LogClass: Display: IntProperty FResource_Widget::PathFile is not initialized properly. Module:InsectHeaven File:Table/DataStruct/Resource_Widget.h
[2024.05.20-16.00.24:073][  0]LogClass: Display: IntProperty FScript_Local::Test is not initialized properly. Module:InsectHeaven File:Table/DataStruct/Script_Local.h
[2024.05.20-16.00.24:074][  0]LogClass: Display: 4 Uninitialized script struct members found including 0 object properties
[2024.05.20-16.00.24:074][  0]LogEngine: Initializing Engine...
[2024.05.20-16.00.24:082][  0]LogHMD: Failed to enumerate extensions. Please check that you have a valid OpenXR runtime installed.
[2024.05.20-16.00.24:082][  0]LogHMD: Failed to initialize OpenVR with code 110
[2024.05.20-16.00.24:082][  0]LogMagicLeap: Warning: VR disabled because ZI is not enabled.  To enable, in the editor, Edit -> Project Settings -> Plugins -> Magic Leap Plugin -> Enable Zero Iteration
[2024.05.20-16.00.24:083][  0]LogStats: UGameplayTagsManager::InitializeManager -  0.000 s
[2024.05.20-16.00.24:150][  0]LogInit: Initializing FReadOnlyCVARCache
[2024.05.20-16.00.24:164][  0]LogAIModule: Creating AISystem for world Untitled
[2024.05.20-16.00.24:166][  0]LogAudio: Display: Initializing Audio Device Manager...
[2024.05.20-16.00.24:174][  0]LogAudio: Display: Loading Default Audio Settings Objects...
[2024.05.20-16.00.24:175][  0]LogAudio: Display: No default SoundConcurrencyObject specified (or failed to load).
[2024.05.20-16.00.24:175][  0]LogAudio: Display: Audio Device Manager Initialized
[2024.05.20-16.00.24:175][  0]LogAudio: Display: Creating Audio Device:                 Id: 1, Scope: Shared, Realtime: True
[2024.05.20-16.00.24:176][  0]LogAudioMixer: Display: Audio Mixer Platform Settings:
[2024.05.20-16.00.24:176][  0]LogAudioMixer: Display: 	Sample Rate:						  48000
[2024.05.20-16.00.24:176][  0]LogAudioMixer: Display: 	Callback Buffer Frame Size Requested: 1024
[2024.05.20-16.00.24:176][  0]LogAudioMixer: Display: 	Callback Buffer Frame Size To Use:	  1024
[2024.05.20-16.00.24:176][  0]LogAudioMixer: Display: 	Number of buffers to queue:			  2
[2024.05.20-16.00.24:176][  0]LogAudioMixer: Display: 	Max Channels (voices):				  32
[2024.05.20-16.00.24:176][  0]LogAudioMixer: Display: 	Number of Async Source Workers:		  0
[2024.05.20-16.00.24:176][  0]LogAudio: Display: AudioDevice MaxSources: 32
[2024.05.20-16.00.24:177][  0]LogAudio: Display: Audio Spatialization Plugin: None (built-in).
[2024.05.20-16.00.24:177][  0]LogAudio: Display: Audio Reverb Plugin: None (built-in).
[2024.05.20-16.00.24:177][  0]LogAudio: Display: Audio Occlusion Plugin: None (built-in).
[2024.05.20-16.00.24:177][  0]LogAudioMixer: Display: Initializing audio mixer.
[2024.05.20-16.00.24:214][  0]LogAudioMixer: Display: 0: FrontLeft
[2024.05.20-16.00.24:214][  0]LogAudioMixer: Display: 1: FrontRight
[2024.05.20-16.00.24:262][  0]LogAudioMixer: Display: Using Audio Device 스피커(ABKO N550)
[2024.05.20-16.00.24:262][  0]LogAudioMixer: Display: Initializing Sound Submixes...
[2024.05.20-16.00.24:264][  0]LogAudioMixer: Display: Creating Master Submix 'MasterSubmixDefault'
[2024.05.20-16.00.24:265][  0]LogAudioMixer: Display: Creating Master Submix 'MasterReverbSubmixDefault'
[2024.05.20-16.00.24:265][  0]LogAudioMixer: Display: Creating Master Submix 'MasterEQSubmixDefault'
[2024.05.20-16.00.24:265][  0]LogAudioMixer: FMixerPlatformXAudio2::StartAudioStream() called
[2024.05.20-16.00.24:266][  0]LogAudioMixer: Display: Output buffers initialized: Frames=1024, Channels=2, Samples=2048
[2024.05.20-16.00.24:267][  0]LogAudioMixer: Display: Starting AudioMixerPlatformInterface::RunInternal()
[2024.05.20-16.00.24:267][  0]LogAudioMixer: Display: FMixerPlatformXAudio2::SubmitBuffer() called for the first time
[2024.05.20-16.00.24:267][  0]LogInit: FAudioDevice initialized.
[2024.05.20-16.00.24:267][  0]LogAudio: Display: Audio Device (ID: 1) registered with world 'Untitled'.
[2024.05.20-16.00.24:267][  0]LogNetVersion: Set ProjectVersion to 1.0.0.0. Version Checksum will be recalculated on next use.
[2024.05.20-16.00.24:544][  0]LogDerivedDataCache: Saved boot cache 0.28s 94MB C:/Users/nanim/AppData/Local/UnrealEngine/4.27/DerivedDataCache/Boot.ddc.
[2024.05.20-16.00.24:544][  0]LogInit: Texture streaming: Enabled
[2024.05.20-16.00.24:572][  0]LogAnalytics: Display: [UEEditor.Rocket.Release] APIServer = https://datarouter.ol.epicgames.com/. AppVersion = 4.27.2-18319896+++UE4+Release-4.27
[2024.05.20-16.00.24:580][  0]LogEngineSessionManager: EngineSessionManager initialized
[2024.05.20-16.00.24:581][  0]LogEditorSessionSummary: Verbose: Initializing EditorSessionSummaryWriter for editor session tracking
[2024.05.20-16.00.24:584][  0]LogEditorSessionSummary: EditorSessionSummaryWriter initialized
[2024.05.20-16.00.24:612][  0]LogInit: Transaction tracking system initialized
[2024.05.20-16.00.24:658][  0]BlueprintLog: New page: 에디터 로드
[2024.05.20-16.00.24:778][  0]LocalizationService: 현지화 서비스가 비활성화되었습니다.
[2024.05.20-16.00.24:835][  0]TimingProfiler: Initialize
[2024.05.20-16.00.24:835][  0]TimingProfiler: OnSessionChanged
[2024.05.20-16.00.24:835][  0]LoadingProfiler: Initialize
[2024.05.20-16.00.24:836][  0]LoadingProfiler: OnSessionChanged
[2024.05.20-16.00.24:836][  0]NetworkingProfiler: Initialize
[2024.05.20-16.00.24:836][  0]NetworkingProfiler: OnSessionChanged
[2024.05.20-16.00.24:836][  0]MemoryProfiler: Initialize
[2024.05.20-16.00.24:836][  0]MemoryProfiler: OnSessionChanged
[2024.05.20-16.00.25:000][  0]LogCook: Display: CookSettings for Memory: MemoryMaxUsedVirtual 0MiB, MemoryMaxUsedPhysical 16384MiB, MemoryMinFreeVirtual 0MiB, MemoryMinFreePhysical 1024MiB
[2024.05.20-16.00.25:000][  0]LogCook: Display: Mobile HDR setting 1
[2024.05.20-16.00.25:363][  0]LogFileCache: Scanning file cache for directory 'C:/Users/nanim/GitHub/InsectHeaven/InsectHeaven/Content/' took 0.01s
[2024.05.20-16.00.25:484][  0]LogInit: Display: Engine is initialized. Leaving FEngineLoop::Init()
[2024.05.20-16.00.25:487][  0]SourceControl: 소스 컨트롤이 꺼졌습니다.
[2024.05.20-16.00.25:487][  0]LogUnrealEdMisc: Loading editor; pre map load, took 12.450
[2024.05.20-16.00.25:488][  0]Cmd: MAP LOAD FILE="../../../../../Users/nanim/GitHub/InsectHeaven/InsectHeaven/Content/Scene/EmptyMainLevel.umap" TEMPLATE=0 SHOWPROGRESS=1 FEATURELEVEL=3
[2024.05.20-16.00.25:488][  0]LightingResults: New page: 라이팅 빌드
[2024.05.20-16.00.25:489][  0]LogWorld: UWorld::CleanupWorld for Untitled, bSessionEnded=true, bCleanupResources=true
[2024.05.20-16.00.25:489][  0]LogSlate: InvalidateAllWidgets triggered.  All widgets were invalidated
[2024.05.20-16.00.25:490][  0]MapCheck: New page: 맵 체크
[2024.05.20-16.00.25:490][  0]LightingResults: New page: 라이팅 빌드
[2024.05.20-16.00.25:493][  0]LogAudio: Display: Audio Device unregistered from world 'None'.
[2024.05.20-16.00.25:495][  0]LogUObjectHash: Compacting FUObjectHashTables data took   0.45ms
[2024.05.20-16.00.25:498][  0]LogAudio: Display: Audio Device (ID: 1) registered with world 'EmptyMainLevel'.
[2024.05.20-16.00.25:499][  0]LogAIModule: Creating AISystem for world EmptyMainLevel
[2024.05.20-16.00.25:499][  0]LogEditorServer: Finished looking for orphan Actors (0.000 secs)
[2024.05.20-16.00.25:502][  0]LogUObjectHash: Compacting FUObjectHashTables data took   0.35ms
[2024.05.20-16.00.25:503][  0]Cmd: MAP CHECKDEP NOCLEARLOG
[2024.05.20-16.00.25:503][  0]MapCheck: 맵 체크 완료: 오류 0 회, 경고 0 회, 소요 시간 0.158ms.
[2024.05.20-16.00.25:503][  0]LogFileHelpers: Loading map 'EmptyMainLevel' took 0.016
[2024.05.20-16.00.25:507][  0]LogUnrealEdMisc: Total Editor Startup Time, took 12.469
[2024.05.20-16.00.25:628][  0]LogSlate: Updating window title bar state: overlay mode, drag disabled, window buttons hidden, title bar hidden
[2024.05.20-16.00.25:631][  0]LogSlate: Updating window title bar state: overlay mode, drag disabled, window buttons hidden, title bar hidden
[2024.05.20-16.00.25:634][  0]LogSlate: Updating window title bar state: overlay mode, drag disabled, window buttons hidden, title bar hidden
[2024.05.20-16.00.25:637][  0]LogSlate: Updating window title bar state: overlay mode, drag disabled, window buttons hidden, title bar hidden
[2024.05.20-16.00.25:647][  0]LogNativeClassHierarchy: Verbose: Native class hierarchy populated in 0.0064 seconds. Added 3858 classes and 945 folders.
[2024.05.20-16.00.25:649][  0]LogNativeClassHierarchy: Verbose: Native class hierarchy updated for 'WidgetCarousel' in 0.0002 seconds. Added 0 classes and 0 folders.
[2024.05.20-16.00.25:650][  0]LogPakFile: PakFile PrimaryIndexSize=187
[2024.05.20-16.00.25:651][  0]LogPakFile: PakFile PathHashIndexSize=101
[2024.05.20-16.00.25:651][  0]LogPakFile: PakFile FullDirectoryIndexSize=148
[2024.05.20-16.00.25:651][  0]LogShaderLibrary: Display: ShaderCodeLibraryPakFileMountedCallback: PakFile 'C:/Program Files/UE_4.27/FeaturePacks/FP_FirstPerson.upack' (chunk index -1, root 'root:/') mounted
[2024.05.20-16.00.25:651][  0]LogShaderLibrary: Display: ShaderCodeLibraryPakFileMountedCallback: pending pak file info (ChunkID:-1 Root:root:/ File:C:/Program Files/UE_4.27/FeaturePacks/FP_FirstPerson.upack)
[2024.05.20-16.00.25:651][  0]LogPakFile: OnPakFileMounted2Time == 0.000425
[2024.05.20-16.00.25:652][  0]LogPakFile: PakFile PrimaryIndexSize=189
[2024.05.20-16.00.25:652][  0]LogPakFile: PakFile PathHashIndexSize=101
[2024.05.20-16.00.25:652][  0]LogPakFile: PakFile FullDirectoryIndexSize=152
[2024.05.20-16.00.25:652][  0]LogShaderLibrary: Display: ShaderCodeLibraryPakFileMountedCallback: PakFile 'C:/Program Files/UE_4.27/FeaturePacks/FP_FirstPersonBP.upack' (chunk index -1, root 'root:/') mounted
[2024.05.20-16.00.25:652][  0]LogShaderLibrary: Display: ShaderCodeLibraryPakFileMountedCallback: pending pak file info (ChunkID:-1 Root:root:/ File:C:/Program Files/UE_4.27/FeaturePacks/FP_FirstPersonBP.upack)
[2024.05.20-16.00.25:653][  0]LogPakFile: OnPakFileMounted2Time == 0.000371
[2024.05.20-16.00.25:654][  0]LogPakFile: PakFile PrimaryIndexSize=191
[2024.05.20-16.00.25:654][  0]LogPakFile: PakFile PathHashIndexSize=101
[2024.05.20-16.00.25:654][  0]LogPakFile: PakFile FullDirectoryIndexSize=160
[2024.05.20-16.00.25:654][  0]LogShaderLibrary: Display: ShaderCodeLibraryPakFileMountedCallback: PakFile 'C:/Program Files/UE_4.27/FeaturePacks/MobileStarterContent.upack' (chunk index -1, root 'root:/') mounted
[2024.05.20-16.00.25:654][  0]LogShaderLibrary: Display: ShaderCodeLibraryPakFileMountedCallback: pending pak file info (ChunkID:-1 Root:root:/ File:C:/Program Files/UE_4.27/FeaturePacks/MobileStarterContent.upack)
[2024.05.20-16.00.25:654][  0]LogPakFile: OnPakFileMounted2Time == 0.000409
[2024.05.20-16.00.25:655][  0]LogPakFile: PakFile PrimaryIndexSize=185
[2024.05.20-16.00.25:655][  0]LogPakFile: PakFile PathHashIndexSize=101
[2024.05.20-16.00.25:655][  0]LogPakFile: PakFile FullDirectoryIndexSize=148
[2024.05.20-16.00.25:655][  0]LogShaderLibrary: Display: ShaderCodeLibraryPakFileMountedCallback: PakFile 'C:/Program Files/UE_4.27/FeaturePacks/StarterContent.upack' (chunk index -1, root 'root:/') mounted
[2024.05.20-16.00.25:656][  0]LogShaderLibrary: Display: ShaderCodeLibraryPakFileMountedCallback: pending pak file info (ChunkID:-1 Root:root:/ File:C:/Program Files/UE_4.27/FeaturePacks/StarterContent.upack)
[2024.05.20-16.00.25:656][  0]LogPakFile: OnPakFileMounted2Time == 0.000309
[2024.05.20-16.00.25:656][  0]LogPakFile: PakFile PrimaryIndexSize=190
[2024.05.20-16.00.25:656][  0]LogPakFile: PakFile PathHashIndexSize=101
[2024.05.20-16.00.25:657][  0]LogPakFile: PakFile FullDirectoryIndexSize=154
[2024.05.20-16.00.25:657][  0]LogShaderLibrary: Display: ShaderCodeLibraryPakFileMountedCallback: PakFile 'C:/Program Files/UE_4.27/FeaturePacks/TP_2DSideScroller.upack' (chunk index -1, root 'root:/') mounted
[2024.05.20-16.00.25:657][  0]LogShaderLibrary: Display: ShaderCodeLibraryPakFileMountedCallback: pending pak file info (ChunkID:-1 Root:root:/ File:C:/Program Files/UE_4.27/FeaturePacks/TP_2DSideScroller.upack)
[2024.05.20-16.00.25:657][  0]LogPakFile: OnPakFileMounted2Time == 0.000302
[2024.05.20-16.00.25:658][  0]LogPakFile: PakFile PrimaryIndexSize=192
[2024.05.20-16.00.25:658][  0]LogPakFile: PakFile PathHashIndexSize=101
[2024.05.20-16.00.25:658][  0]LogPakFile: PakFile FullDirectoryIndexSize=158
[2024.05.20-16.00.25:658][  0]LogShaderLibrary: Display: ShaderCodeLibraryPakFileMountedCallback: PakFile 'C:/Program Files/UE_4.27/FeaturePacks/TP_2DSideScrollerBP.upack' (chunk index -1, root 'root:/') mounted
[2024.05.20-16.00.25:658][  0]LogShaderLibrary: Display: ShaderCodeLibraryPakFileMountedCallback: pending pak file info (ChunkID:-1 Root:root:/ File:C:/Program Files/UE_4.27/FeaturePacks/TP_2DSideScrollerBP.upack)
[2024.05.20-16.00.25:658][  0]LogPakFile: OnPakFileMounted2Time == 0.000244
[2024.05.20-16.00.25:659][  0]LogPakFile: PakFile PrimaryIndexSize=182
[2024.05.20-16.00.25:659][  0]LogPakFile: PakFile PathHashIndexSize=101
[2024.05.20-16.00.25:659][  0]LogPakFile: PakFile FullDirectoryIndexSize=138
[2024.05.20-16.00.25:659][  0]LogShaderLibrary: Display: ShaderCodeLibraryPakFileMountedCallback: PakFile 'C:/Program Files/UE_4.27/FeaturePacks/TP_Flying.upack' (chunk index -1, root 'root:/') mounted
[2024.05.20-16.00.25:659][  0]LogShaderLibrary: Display: ShaderCodeLibraryPakFileMountedCallback: pending pak file info (ChunkID:-1 Root:root:/ File:C:/Program Files/UE_4.27/FeaturePacks/TP_Flying.upack)
[2024.05.20-16.00.25:660][  0]LogPakFile: OnPakFileMounted2Time == 0.000322
[2024.05.20-16.00.25:660][  0]LogPakFile: PakFile PrimaryIndexSize=184
[2024.05.20-16.00.25:660][  0]LogPakFile: PakFile PathHashIndexSize=101
[2024.05.20-16.00.25:660][  0]LogPakFile: PakFile FullDirectoryIndexSize=142
[2024.05.20-16.00.25:660][  0]LogShaderLibrary: Display: ShaderCodeLibraryPakFileMountedCallback: PakFile 'C:/Program Files/UE_4.27/FeaturePacks/TP_FlyingBP.upack' (chunk index -1, root 'root:/') mounted
[2024.05.20-16.00.25:661][  0]LogShaderLibrary: Display: ShaderCodeLibraryPakFileMountedCallback: pending pak file info (ChunkID:-1 Root:root:/ File:C:/Program Files/UE_4.27/FeaturePacks/TP_FlyingBP.upack)
[2024.05.20-16.00.25:661][  0]LogPakFile: OnPakFileMounted2Time == 0.000300
[2024.05.20-16.00.25:661][  0]LogPakFile: PakFile PrimaryIndexSize=188
[2024.05.20-16.00.25:661][  0]LogPakFile: PakFile PathHashIndexSize=101
[2024.05.20-16.00.25:662][  0]LogPakFile: PakFile FullDirectoryIndexSize=150
[2024.05.20-16.00.25:662][  0]LogShaderLibrary: Display: ShaderCodeLibraryPakFileMountedCallback: PakFile 'C:/Program Files/UE_4.27/FeaturePacks/TP_HandheldARBP.upack' (chunk index -1, root 'root:/') mounted
[2024.05.20-16.00.25:662][  0]LogShaderLibrary: Display: ShaderCodeLibraryPakFileMountedCallback: pending pak file info (ChunkID:-1 Root:root:/ File:C:/Program Files/UE_4.27/FeaturePacks/TP_HandheldARBP.upack)
[2024.05.20-16.00.25:662][  0]LogPakFile: OnPakFileMounted2Time == 0.000299
[2024.05.20-16.00.25:663][  0]LogPakFile: PakFile PrimaryIndexSize=182
[2024.05.20-16.00.25:663][  0]LogPakFile: PakFile PathHashIndexSize=101
[2024.05.20-16.00.25:663][  0]LogPakFile: PakFile FullDirectoryIndexSize=138
[2024.05.20-16.00.25:663][  0]LogShaderLibrary: Display: ShaderCodeLibraryPakFileMountedCallback: PakFile 'C:/Program Files/UE_4.27/FeaturePacks/TP_Puzzle.upack' (chunk index -1, root 'root:/') mounted
[2024.05.20-16.00.25:663][  0]LogShaderLibrary: Display: ShaderCodeLibraryPakFileMountedCallback: pending pak file info (ChunkID:-1 Root:root:/ File:C:/Program Files/UE_4.27/FeaturePacks/TP_Puzzle.upack)
[2024.05.20-16.00.25:663][  0]LogPakFile: OnPakFileMounted2Time == 0.000310
[2024.05.20-16.00.25:664][  0]LogPakFile: PakFile PrimaryIndexSize=184
[2024.05.20-16.00.25:664][  0]LogPakFile: PakFile PathHashIndexSize=101
[2024.05.20-16.00.25:664][  0]LogPakFile: PakFile FullDirectoryIndexSize=142
[2024.05.20-16.00.25:664][  0]LogShaderLibrary: Display: ShaderCodeLibraryPakFileMountedCallback: PakFile 'C:/Program Files/UE_4.27/FeaturePacks/TP_PuzzleBP.upack' (chunk index -1, root 'root:/') mounted
[2024.05.20-16.00.25:664][  0]LogShaderLibrary: Display: ShaderCodeLibraryPakFileMountedCallback: pending pak file info (ChunkID:-1 Root:root:/ File:C:/Program Files/UE_4.27/FeaturePacks/TP_PuzzleBP.upack)
[2024.05.20-16.00.25:665][  0]LogPakFile: OnPakFileMounted2Time == 0.000266
[2024.05.20-16.00.25:665][  0]LogPakFile: PakFile PrimaryIndexSize=183
[2024.05.20-16.00.25:665][  0]LogPakFile: PakFile PathHashIndexSize=101
[2024.05.20-16.00.25:665][  0]LogPakFile: PakFile FullDirectoryIndexSize=140
[2024.05.20-16.00.25:666][  0]LogShaderLibrary: Display: ShaderCodeLibraryPakFileMountedCallback: PakFile 'C:/Program Files/UE_4.27/FeaturePacks/TP_Rolling.upack' (chunk index -1, root 'root:/') mounted
[2024.05.20-16.00.25:666][  0]LogShaderLibrary: Display: ShaderCodeLibraryPakFileMountedCallback: pending pak file info (ChunkID:-1 Root:root:/ File:C:/Program Files/UE_4.27/FeaturePacks/TP_Rolling.upack)
[2024.05.20-16.00.25:666][  0]LogPakFile: OnPakFileMounted2Time == 0.000221
[2024.05.20-16.00.25:666][  0]LogPakFile: PakFile PrimaryIndexSize=185
[2024.05.20-16.00.25:666][  0]LogPakFile: PakFile PathHashIndexSize=101
[2024.05.20-16.00.25:667][  0]LogPakFile: PakFile FullDirectoryIndexSize=144
[2024.05.20-16.00.25:667][  0]LogShaderLibrary: Display: ShaderCodeLibraryPakFileMountedCallback: PakFile 'C:/Program Files/UE_4.27/FeaturePacks/TP_RollingBP.upack' (chunk index -1, root 'root:/') mounted
[2024.05.20-16.00.25:667][  0]LogShaderLibrary: Display: ShaderCodeLibraryPakFileMountedCallback: pending pak file info (ChunkID:-1 Root:root:/ File:C:/Program Files/UE_4.27/FeaturePacks/TP_RollingBP.upack)
[2024.05.20-16.00.25:667][  0]LogPakFile: OnPakFileMounted2Time == 0.000223
[2024.05.20-16.00.25:668][  0]LogPakFile: PakFile PrimaryIndexSize=188
[2024.05.20-16.00.25:668][  0]LogPakFile: PakFile PathHashIndexSize=101
[2024.05.20-16.00.25:668][  0]LogPakFile: PakFile FullDirectoryIndexSize=150
[2024.05.20-16.00.25:668][  0]LogShaderLibrary: Display: ShaderCodeLibraryPakFileMountedCallback: PakFile 'C:/Program Files/UE_4.27/FeaturePacks/TP_SideScroller.upack' (chunk index -1, root 'root:/') mounted
[2024.05.20-16.00.25:668][  0]LogShaderLibrary: Display: ShaderCodeLibraryPakFileMountedCallback: pending pak file info (ChunkID:-1 Root:root:/ File:C:/Program Files/UE_4.27/FeaturePacks/TP_SideScroller.upack)
[2024.05.20-16.00.25:668][  0]LogPakFile: OnPakFileMounted2Time == 0.000255
[2024.05.20-16.00.25:669][  0]LogPakFile: PakFile PrimaryIndexSize=190
[2024.05.20-16.00.25:669][  0]LogPakFile: PakFile PathHashIndexSize=101
[2024.05.20-16.00.25:669][  0]LogPakFile: PakFile FullDirectoryIndexSize=154
[2024.05.20-16.00.25:669][  0]LogShaderLibrary: Display: ShaderCodeLibraryPakFileMountedCallback: PakFile 'C:/Program Files/UE_4.27/FeaturePacks/TP_SideScrollerBP.upack' (chunk index -1, root 'root:/') mounted
[2024.05.20-16.00.25:669][  0]LogShaderLibrary: Display: ShaderCodeLibraryPakFileMountedCallback: pending pak file info (ChunkID:-1 Root:root:/ File:C:/Program Files/UE_4.27/FeaturePacks/TP_SideScrollerBP.upack)
[2024.05.20-16.00.25:670][  0]LogPakFile: OnPakFileMounted2Time == 0.000317
[2024.05.20-16.00.25:670][  0]LogPakFile: PakFile PrimaryIndexSize=187
[2024.05.20-16.00.25:670][  0]LogPakFile: PakFile PathHashIndexSize=101
[2024.05.20-16.00.25:671][  0]LogPakFile: PakFile FullDirectoryIndexSize=148
[2024.05.20-16.00.25:671][  0]LogShaderLibrary: Display: ShaderCodeLibraryPakFileMountedCallback: PakFile 'C:/Program Files/UE_4.27/FeaturePacks/TP_ThirdPerson.upack' (chunk index -1, root 'root:/') mounted
[2024.05.20-16.00.25:671][  0]LogShaderLibrary: Display: ShaderCodeLibraryPakFileMountedCallback: pending pak file info (ChunkID:-1 Root:root:/ File:C:/Program Files/UE_4.27/FeaturePacks/TP_ThirdPerson.upack)
[2024.05.20-16.00.25:671][  0]LogPakFile: OnPakFileMounted2Time == 0.000312
[2024.05.20-16.00.25:672][  0]LogPakFile: PakFile PrimaryIndexSize=189
[2024.05.20-16.00.25:672][  0]LogPakFile: PakFile PathHashIndexSize=101
[2024.05.20-16.00.25:672][  0]LogPakFile: PakFile FullDirectoryIndexSize=152
[2024.05.20-16.00.25:672][  0]LogShaderLibrary: Display: ShaderCodeLibraryPakFileMountedCallback: PakFile 'C:/Program Files/UE_4.27/FeaturePacks/TP_ThirdPersonBP.upack' (chunk index -1, root 'root:/') mounted
[2024.05.20-16.00.25:672][  0]LogShaderLibrary: Display: ShaderCodeLibraryPakFileMountedCallback: pending pak file info (ChunkID:-1 Root:root:/ File:C:/Program Files/UE_4.27/FeaturePacks/TP_ThirdPersonBP.upack)
[2024.05.20-16.00.25:672][  0]LogPakFile: OnPakFileMounted2Time == 0.000253
[2024.05.20-16.00.25:673][  0]LogPakFile: PakFile PrimaryIndexSize=183
[2024.05.20-16.00.25:673][  0]LogPakFile: PakFile PathHashIndexSize=101
[2024.05.20-16.00.25:673][  0]LogPakFile: PakFile FullDirectoryIndexSize=140
[2024.05.20-16.00.25:673][  0]LogShaderLibrary: Display: ShaderCodeLibraryPakFileMountedCallback: PakFile 'C:/Program Files/UE_4.27/FeaturePacks/TP_TopDown.upack' (chunk index -1, root 'root:/') mounted
[2024.05.20-16.00.25:673][  0]LogShaderLibrary: Display: ShaderCodeLibraryPakFileMountedCallback: pending pak file info (ChunkID:-1 Root:root:/ File:C:/Program Files/UE_4.27/FeaturePacks/TP_TopDown.upack)
[2024.05.20-16.00.25:674][  0]LogPakFile: OnPakFileMounted2Time == 0.000275
[2024.05.20-16.00.25:674][  0]LogPakFile: PakFile PrimaryIndexSize=185
[2024.05.20-16.00.25:674][  0]LogPakFile: PakFile PathHashIndexSize=101
[2024.05.20-16.00.25:674][  0]LogPakFile: PakFile FullDirectoryIndexSize=144
[2024.05.20-16.00.25:675][  0]LogShaderLibrary: Display: ShaderCodeLibraryPakFileMountedCallback: PakFile 'C:/Program Files/UE_4.27/FeaturePacks/TP_TopDownBP.upack' (chunk index -1, root 'root:/') mounted
[2024.05.20-16.00.25:675][  0]LogShaderLibrary: Display: ShaderCodeLibraryPakFileMountedCallback: pending pak file info (ChunkID:-1 Root:root:/ File:C:/Program Files/UE_4.27/FeaturePacks/TP_TopDownBP.upack)
[2024.05.20-16.00.25:675][  0]LogPakFile: OnPakFileMounted2Time == 0.000256
[2024.05.20-16.00.25:675][  0]LogPakFile: PakFile PrimaryIndexSize=185
[2024.05.20-16.00.25:676][  0]LogPakFile: PakFile PathHashIndexSize=101
[2024.05.20-16.00.25:676][  0]LogPakFile: PakFile FullDirectoryIndexSize=144
[2024.05.20-16.00.25:676][  0]LogShaderLibrary: Display: ShaderCodeLibraryPakFileMountedCallback: PakFile 'C:/Program Files/UE_4.27/FeaturePacks/TP_TwinStick.upack' (chunk index -1, root 'root:/') mounted
[2024.05.20-16.00.25:676][  0]LogShaderLibrary: Display: ShaderCodeLibraryPakFileMountedCallback: pending pak file info (ChunkID:-1 Root:root:/ File:C:/Program Files/UE_4.27/FeaturePacks/TP_TwinStick.upack)
[2024.05.20-16.00.25:676][  0]LogPakFile: OnPakFileMounted2Time == 0.000229
[2024.05.20-16.00.25:677][  0]LogPakFile: PakFile PrimaryIndexSize=187
[2024.05.20-16.00.25:677][  0]LogPakFile: PakFile PathHashIndexSize=101
[2024.05.20-16.00.25:677][  0]LogPakFile: PakFile FullDirectoryIndexSize=148
[2024.05.20-16.00.25:677][  0]LogShaderLibrary: Display: ShaderCodeLibraryPakFileMountedCallback: PakFile 'C:/Program Files/UE_4.27/FeaturePacks/TP_TwinStickBP.upack' (chunk index -1, root 'root:/') mounted
[2024.05.20-16.00.25:677][  0]LogShaderLibrary: Display: ShaderCodeLibraryPakFileMountedCallback: pending pak file info (ChunkID:-1 Root:root:/ File:C:/Program Files/UE_4.27/FeaturePacks/TP_TwinStickBP.upack)
[2024.05.20-16.00.25:677][  0]LogPakFile: OnPakFileMounted2Time == 0.000272
[2024.05.20-16.00.25:678][  0]LogPakFile: PakFile PrimaryIndexSize=183
[2024.05.20-16.00.25:678][  0]LogPakFile: PakFile PathHashIndexSize=101
[2024.05.20-16.00.25:678][  0]LogPakFile: PakFile FullDirectoryIndexSize=140
[2024.05.20-16.00.25:678][  0]LogShaderLibrary: Display: ShaderCodeLibraryPakFileMountedCallback: PakFile 'C:/Program Files/UE_4.27/FeaturePacks/TP_Vehicle.upack' (chunk index -1, root 'root:/') mounted
[2024.05.20-16.00.25:678][  0]LogShaderLibrary: Display: ShaderCodeLibraryPakFileMountedCallback: pending pak file info (ChunkID:-1 Root:root:/ File:C:/Program Files/UE_4.27/FeaturePacks/TP_Vehicle.upack)
[2024.05.20-16.00.25:678][  0]LogPakFile: OnPakFileMounted2Time == 0.000313
[2024.05.20-16.00.25:679][  0]LogPakFile: PakFile PrimaryIndexSize=186
[2024.05.20-16.00.25:679][  0]LogPakFile: PakFile PathHashIndexSize=101
[2024.05.20-16.00.25:679][  0]LogPakFile: PakFile FullDirectoryIndexSize=146
[2024.05.20-16.00.25:679][  0]LogShaderLibrary: Display: ShaderCodeLibraryPakFileMountedCallback: PakFile 'C:/Program Files/UE_4.27/FeaturePacks/TP_VehicleAdv.upack' (chunk index -1, root 'root:/') mounted
[2024.05.20-16.00.25:680][  0]LogShaderLibrary: Display: ShaderCodeLibraryPakFileMountedCallback: pending pak file info (ChunkID:-1 Root:root:/ File:C:/Program Files/UE_4.27/FeaturePacks/TP_VehicleAdv.upack)
[2024.05.20-16.00.25:680][  0]LogPakFile: OnPakFileMounted2Time == 0.000290
[2024.05.20-16.00.25:680][  0]LogPakFile: PakFile PrimaryIndexSize=188
[2024.05.20-16.00.25:680][  0]LogPakFile: PakFile PathHashIndexSize=101
[2024.05.20-16.00.25:681][  0]LogPakFile: PakFile FullDirectoryIndexSize=150
[2024.05.20-16.00.25:681][  0]LogShaderLibrary: Display: ShaderCodeLibraryPakFileMountedCallback: PakFile 'C:/Program Files/UE_4.27/FeaturePacks/TP_VehicleAdvBP.upack' (chunk index -1, root 'root:/') mounted
[2024.05.20-16.00.25:681][  0]LogShaderLibrary: Display: ShaderCodeLibraryPakFileMountedCallback: pending pak file info (ChunkID:-1 Root:root:/ File:C:/Program Files/UE_4.27/FeaturePacks/TP_VehicleAdvBP.upack)
[2024.05.20-16.00.25:681][  0]LogPakFile: OnPakFileMounted2Time == 0.000297
[2024.05.20-16.00.25:682][  0]LogPakFile: PakFile PrimaryIndexSize=185
[2024.05.20-16.00.25:682][  0]LogPakFile: PakFile PathHashIndexSize=101
[2024.05.20-16.00.25:682][  0]LogPakFile: PakFile FullDirectoryIndexSize=144
[2024.05.20-16.00.25:682][  0]LogShaderLibrary: Display: ShaderCodeLibraryPakFileMountedCallback: PakFile 'C:/Program Files/UE_4.27/FeaturePacks/TP_VehicleBP.upack' (chunk index -1, root 'root:/') mounted
[2024.05.20-16.00.25:682][  0]LogShaderLibrary: Display: ShaderCodeLibraryPakFileMountedCallback: pending pak file info (ChunkID:-1 Root:root:/ File:C:/Program Files/UE_4.27/FeaturePacks/TP_VehicleBP.upack)
[2024.05.20-16.00.25:682][  0]LogPakFile: OnPakFileMounted2Time == 0.000372
[2024.05.20-16.00.25:683][  0]LogPakFile: PakFile PrimaryIndexSize=192
[2024.05.20-16.00.25:683][  0]LogPakFile: PakFile PathHashIndexSize=101
[2024.05.20-16.00.25:683][  0]LogPakFile: PakFile FullDirectoryIndexSize=158
[2024.05.20-16.00.25:683][  0]LogShaderLibrary: Display: ShaderCodeLibraryPakFileMountedCallback: PakFile 'C:/Program Files/UE_4.27/FeaturePacks/TP_VirtualRealityBP.upack' (chunk index -1, root 'root:/') mounted
[2024.05.20-16.00.25:684][  0]LogShaderLibrary: Display: ShaderCodeLibraryPakFileMountedCallback: pending pak file info (ChunkID:-1 Root:root:/ File:C:/Program Files/UE_4.27/FeaturePacks/TP_VirtualRealityBP.upack)
[2024.05.20-16.00.25:684][  0]LogPakFile: OnPakFileMounted2Time == 0.000377
[2024.05.20-16.00.25:723][  0]LogNativeClassHierarchy: Verbose: Native class hierarchy updated for 'AddContentDialog' in 0.0002 seconds. Added 0 classes and 0 folders.
[2024.05.20-16.00.25:724][  0]LogNativeClassHierarchy: Verbose: Native class hierarchy updated for 'SceneOutliner' in 0.0001 seconds. Added 2 classes and 0 folders.
[2024.05.20-16.00.25:753][  0]LogSlate: Took 0.000226 seconds to synchronously load lazily loaded font '../../../Engine/Content/Slate/Fonts/Roboto-Regular.ttf' (155K)
[2024.05.20-16.00.25:754][  0]LogSlate: Took 0.000132 seconds to synchronously load lazily loaded font '../../../Engine/Content/Editor/Slate/Fonts/FontAwesome.ttf' (139K)
[2024.05.20-16.00.25:755][  0]LogSlate: Took 0.000892 seconds to synchronously load lazily loaded font '../../../Engine/Content/Editor/Slate/Fonts/NanumGothic.ttf' (4243K)
[2024.05.20-16.00.25:757][  0]LogSlate: Took 0.001025 seconds to synchronously load lazily loaded font '../../../Engine/Content/Editor/Slate/Fonts/NanumGothicBold.ttf' (4188K)
[2024.05.20-16.00.25:757][  0]LogSlate: Took 0.000122 seconds to synchronously load lazily loaded font '../../../Engine/Content/Slate/Fonts/Roboto-Bold.ttf' (160K)
[2024.05.20-16.00.25:806][  0]LogRenderer: Reallocating scene render targets to support 1616x808 Format 10 NumSamples 1 (Frame:1).
[2024.05.20-16.00.25:871][  0]LogNativeClassHierarchy: Verbose: Native class hierarchy updated for 'HierarchicalLODOutliner' in 0.0002 seconds. Added 0 classes and 0 folders.
[2024.05.20-16.00.25:871][  0]LogLoad: (Engine Initialization) Total time: 12.83 seconds
[2024.05.20-16.00.25:871][  0]LogLoad: (Engine Initialization) Total Blueprint compile time: 0.00 seconds
[2024.05.20-16.00.25:903][  0]LogAssetRegistry: Asset discovery search completed in 5.3514 seconds
[2024.05.20-16.00.25:908][  0]LogCollectionManager: Fixed up redirectors for 0 collections in 0.000003 seconds (updated 0 objects)
[2024.05.20-16.00.25:908][  0]LogContentStreaming: Texture pool size now 1000 MB
[2024.05.20-16.01.24:251][974]LogSlate: Window 'DialogueTool' being destroyed
[2024.05.20-16.01.24:255][974]LogSlate: Window 'DialogueTool' being destroyed
[2024.05.20-16.06.02:107][ 48]LogSlate: Took 0.000253 seconds to synchronously load lazily loaded font '../../../Engine/Content/Slate/Fonts/Roboto-Light.ttf' (167K)
[2024.05.20-16.06.02:126][ 48]LogAssetEditorSubsystem: Opening Asset editor for EditorUtilityWidgetBlueprint /Game/Widget/Dialogue/DialogueTool.DialogueTool
[2024.05.20-16.06.02:259][ 48]LogNativeClassHierarchy: Verbose: Native class hierarchy updated for 'BlueprintGraph' in 0.0004 seconds. Added 126 classes and 0 folders.
[2024.05.20-16.06.02:857][ 48]LogSlate: Took 0.000289 seconds to synchronously load lazily loaded font '../../../Engine/Content/Slate/Fonts/Roboto-BoldCondensed.ttf' (158K)
[2024.05.20-16.10.26:156][263]LogUObjectHash: Compacting FUObjectHashTables data took   2.69ms
[2024.05.20-16.10.26:161][263]LogSavePackage: Moving '../../../../../Users/nanim/GitHub/InsectHeaven/InsectHeaven/Saved/EmptyMainLevel_Auto19E574DD74BF0F7B881F556A561318E04.tmp' to '../../../../../Users/nanim/GitHub/InsectHeaven/InsectHeaven/Saved/Autosaves/Game/Scene/EmptyMainLevel_Auto1.umap'
[2024.05.20-16.10.26:162][263]LogFileHelpers: Editor autosave (incl. external actors) for '/Game/Scene/EmptyMainLevel' took 0.054
[2024.05.20-16.10.26:163][263]LogFileHelpers: Editor autosave (incl. sublevels & external actors) for all levels took 0.054
[2024.05.20-16.21.44:525][526]LogUObjectHash: Compacting FUObjectHashTables data took   2.35ms
[2024.05.20-16.21.44:528][526]LogFileHelpers: Editor autosave (incl. external actors) for '/Game/Scene/EmptyMainLevel' took 0.022
[2024.05.20-16.21.44:529][526]OBJ SavePackage: Generating thumbnails for [0] asset(s) in package [/Game/Widget/Dialogue/DialogueTool] ([2] browsable assets)...
[2024.05.20-16.21.44:529][526]OBJ SavePackage: Finished generating thumbnails for package [/Game/Widget/Dialogue/DialogueTool]
[2024.05.20-16.21.44:547][526]LogSavePackage: Moving '../../../../../Users/nanim/GitHub/InsectHeaven/InsectHeaven/Saved/DialogueTool_Auto200980C7A4237AB90D1C00DBBA5BCC59D.tmp' to '../../../../../Users/nanim/GitHub/InsectHeaven/InsectHeaven/Saved/Autosaves/Game/Widget/Dialogue/DialogueTool_Auto2.uasset'
[2024.05.20-16.21.44:548][526]LogFileHelpers: Auto-saving content packages took 0.020
[2024.05.20-16.22.02:242][579]Cmd: OBJ SAVEPACKAGE PACKAGE="/Game/Widget/Dialogue/DialogueTool" FILE="../../../../../Users/nanim/GitHub/InsectHeaven/InsectHeaven/Content/Widget/Dialogue/DialogueTool.uasset" SILENT=true
[2024.05.20-16.22.02:260][579]LogSavePackage: Moving '../../../../../Users/nanim/GitHub/InsectHeaven/InsectHeaven/Saved/DialogueTool77A3BF8148B78B4D4DB088A41F1768DA.tmp' to '../../../../../Users/nanim/GitHub/InsectHeaven/InsectHeaven/Content/Widget/Dialogue/DialogueTool.uasset'
[2024.05.20-16.22.02:272][579]AssetCheck: New page: 에셋 저장:  DialogueTool
[2024.05.20-16.22.02:272][579]LogContentValidation: Display: EditorUtilityWidgetBlueprint /Game/Widget/Dialogue/DialogueTool.DialogueTool 유효성 검사 중
[2024.05.20-16.22.02:589][615]BlueprintLog: New page: DialogueTool 컴파일
[2024.05.20-16.22.02:616][615]LogUObjectHash: Compacting FUObjectHashTables data took   1.50ms
[2024.05.20-16.22.02:674][615]LogSlate: Took 0.000196 seconds to synchronously load lazily loaded font '../../../Engine/Content/Slate/Fonts/DroidSansMono.ttf' (77K)
[2024.05.20-16.22.02:675][615]LogSlate: Took 0.001039 seconds to synchronously load lazily loaded font '../../../Engine/Content/Editor/Slate/Fonts/NanumGothicExtraBold.ttf' (4074K)
