Log file open, 07/28/24 19:58:18
LogWindows: Failed to load 'aqProf.dll' (GetLastError=126)
LogWindows: File 'aqProf.dll' does not exist
LogWindows: Failed to load 'VtuneApi.dll' (GetLastError=126)
LogWindows: File 'VtuneApi.dll' does not exist
LogWindows: Failed to load 'VtuneApi32e.dll' (GetLastError=126)
LogWindows: File 'VtuneApi32e.dll' does not exist
LogConsoleResponse: Display: Failed to find resolution value strings in scalability ini. Falling back to default.
LogConsoleResponse: Display: Failed to find resolution value strings in scalability ini. Falling back to default.
LogInit: Display: Running engine for game: InsectHeaven
LogPlatformFile: Not using cached read wrapper
LogTaskGraph: Started task graph with 5 named threads and 71 total threads with 3 sets of task threads.
LogStats: Stats thread started at 0.223040
LogICUInternationalization: ICU TimeZone Detection - Raw Offset: +9:00, Platform Override: ''
LogInit: Display: Loading text-based GConfig....
LogPluginManager: Mounting plugin MeshPainting
LogPluginManager: Mounting plugin XGEController
LogPluginManager: Mounting plugin Paper2D
LogPluginManager: Mounting plugin AISupport
LogPluginManager: Mounting plugin LightPropagationVolume
LogPluginManager: Mounting plugin EnvironmentQueryEditor
LogPluginManager: Mounting plugin LiveLink
LogPluginManager: Mounting plugin AnimationSharing
LogPluginManager: Mounting plugin CameraShakePreviewer
LogPluginManager: Mounting plugin AssetManagerEditor
LogPluginManager: Mounting plugin AlembicImporter
LogPluginManager: Mounting plugin LuminPlatformFeatures
LogPluginManager: Mounting plugin CryptoKeys
LogPluginManager: Mounting plugin LauncherChunkInstaller
LogPluginManager: Mounting plugin CurveEditorTools
LogPluginManager: Mounting plugin AndroidMedia
LogPluginManager: Mounting plugin DataValidation
LogPluginManager: Mounting plugin GameplayCameras
LogPluginManager: Mounting plugin FacialAnimation
LogPluginManager: Mounting plugin GameplayTagsEditor
LogPluginManager: Mounting plugin EditorScriptingUtilities
LogPluginManager: Mounting plugin GeometryMode
LogPluginManager: Mounting plugin Niagara
LogPluginManager: Mounting plugin TcpMessaging
LogPluginManager: Mounting plugin MacGraphicsSwitching
LogPluginManager: Mounting plugin UdpMessaging
LogPluginManager: Mounting plugin MagicLeap
LogPluginManager: Mounting plugin OnlineSubsystem
LogPluginManager: Mounting plugin ActorSequence
LogPluginManager: Mounting plugin CLionSourceCodeAccess
LogPluginManager: Mounting plugin MaterialAnalyzer
LogPluginManager: Mounting plugin DatasmithContent
LogPluginManager: Mounting plugin AutomationUtils
LogPluginManager: Mounting plugin AvfMedia
LogPluginManager: Mounting plugin MobileLauncherProfileWizard
LogPluginManager: Mounting plugin PluginBrowser
LogPluginManager: Mounting plugin LevelSequenceEditor
LogPluginManager: Mounting plugin CodeLiteSourceCodeAccess
LogPluginManager: Mounting plugin MagicLeapLightEstimation
LogPluginManager: Mounting plugin OodleData
LogPluginManager: Mounting plugin MagicLeapMedia
LogPluginManager: Mounting plugin MatineeToLevelSequence
LogPluginManager: Mounting plugin VariantManagerContent
LogPluginManager: Mounting plugin OodleNetwork
LogPluginManager: Mounting plugin MagicLeapPassableWorld
LogPluginManager: Mounting plugin GitSourceControl
LogPluginManager: Mounting plugin KDevelopSourceCodeAccess
LogPluginManager: Mounting plugin SpeedTreeImporter
LogPluginManager: Mounting plugin BackChannel
LogPluginManager: Mounting plugin ChaosCloth
LogPluginManager: Mounting plugin MLSDK
LogPluginManager: Mounting plugin ChaosClothEditor
LogPluginManager: Mounting plugin ChaosEditor
LogPluginManager: Mounting plugin ChaosNiagara
LogPluginManager: Mounting plugin NullSourceCodeAccess
LogPluginManager: Mounting plugin TemplateSequence
LogPluginManager: Mounting plugin ImgMedia
LogPluginManager: Mounting plugin PerforceSourceControl
LogPluginManager: Mounting plugin PixWinPlugin
LogPluginManager: Mounting plugin PlasticSourceControl
LogPluginManager: Mounting plugin MediaCompositing
LogPluginManager: Mounting plugin PluginUtils
LogPluginManager: Mounting plugin PropertyAccessNode
LogPluginManager: Mounting plugin ChaosSolverPlugin
LogPluginManager: Mounting plugin TextureFormatOodle
LogPluginManager: Mounting plugin RiderSourceCodeAccess
LogPluginManager: Mounting plugin SubversionSourceControl
LogPluginManager: Mounting plugin UObjectPlugin
LogPluginManager: Mounting plugin OnlineSubsystemNull
LogPluginManager: Mounting plugin CharacterAI
LogPluginManager: Mounting plugin VisualStudioCodeSourceCodeAccess
LogPluginManager: Mounting plugin XCodeSourceCodeAccess
LogPluginManager: Mounting plugin VisualStudioSourceCodeAccess
LogPluginManager: Mounting plugin OnlineSubsystemUtils
LogPluginManager: Mounting plugin MediaPlayerEditor
LogPluginManager: Mounting plugin WebMMedia
LogPluginManager: Mounting plugin WmfMedia
LogPluginManager: Mounting plugin ActorLayerUtilities
LogPluginManager: Mounting plugin AndroidPermission
LogPluginManager: Mounting plugin AndroidDeviceProfileSelector
LogPluginManager: Mounting plugin AndroidMoviePlayer
LogPluginManager: Mounting plugin AssetTags
LogPluginManager: Mounting plugin AppleImageUtils
LogPluginManager: Mounting plugin ArchVisCharacter
LogPluginManager: Mounting plugin AudioCapture
LogPluginManager: Mounting plugin AudioSynesthesia
LogPluginManager: Mounting plugin AppleMoviePlayer
LogPluginManager: Mounting plugin CableComponent
LogPluginManager: Mounting plugin ChunkDownloader
LogPluginManager: Mounting plugin CustomMeshComponent
LogPluginManager: Mounting plugin EditableMesh
LogPluginManager: Mounting plugin ExampleDeviceProfileSelector
LogPluginManager: Mounting plugin GeometryCache
LogPluginManager: Mounting plugin GeometryCollectionPlugin
LogPluginManager: Mounting plugin GeometryProcessing
LogPluginManager: Mounting plugin MotoSynth
LogPluginManager: Mounting plugin OpenImageDenoise
LogPluginManager: Mounting plugin PlanarCut
LogPluginManager: Mounting plugin ProxyLODPlugin
LogPluginManager: Mounting plugin PlatformCrypto
LogPluginManager: Mounting plugin PythonScriptPlugin
LogPluginManager: Mounting plugin SkeletalReduction
LogPluginManager: Mounting plugin GoogleCloudMessaging
LogPluginManager: Mounting plugin GooglePAD
LogPluginManager: Mounting plugin IOSDeviceProfileSelector
LogPluginManager: Mounting plugin LinuxDeviceProfileSelector
LogPluginManager: Mounting plugin LocationServicesBPLibrary
LogPluginManager: Mounting plugin MobilePatchingUtils
LogPluginManager: Mounting plugin OpenXR
LogPluginManager: Mounting plugin OpenXREyeTracker
LogPluginManager: Mounting plugin OpenXRHandTracking
LogPluginManager: Mounting plugin PhysXVehicles
LogPluginManager: Mounting plugin PostSplashScreen
LogPluginManager: Mounting plugin ProceduralMeshComponent
LogPluginManager: Mounting plugin PropertyAccessEditor
LogPluginManager: Mounting plugin RuntimePhysXCooking
LogPluginManager: Mounting plugin SignificanceManager
LogPluginManager: Mounting plugin SoundFields
LogPluginManager: Mounting plugin Synthesis
LogPluginManager: Mounting plugin ScreenshotTools
LogPluginManager: Mounting plugin WebMMoviePlayer
LogPluginManager: Mounting plugin WindowsMoviePlayer
LogPluginManager: Mounting plugin Takes
LogPluginManager: Mounting plugin RiderLink
LogPluginManager: Mounting plugin ContentBrowserAssetDataSource
LogPluginManager: Mounting plugin ContentBrowserClassDataSource
LogPluginManager: Mounting plugin ContentBrowserFileDataSource
LogPluginManager: Mounting plugin OnlineSubsystemGooglePlay
LogPluginManager: Mounting plugin OnlineSubsystemIOS
LogPluginManager: Mounting plugin OculusVR
LogPluginManager: Mounting plugin SteamVR
LogInit: Using libcurl 7.55.1-DEV
LogInit:  - built for x86_64-pc-win32
LogInit:  - supports SSL with OpenSSL/1.1.1
LogInit:  - supports HTTP deflate (compression) using libz 1.2.8
LogInit:  - other features:
LogInit:      CURL_VERSION_SSL
LogInit:      CURL_VERSION_LIBZ
LogInit:      CURL_VERSION_IPV6
LogInit:      CURL_VERSION_ASYNCHDNS
LogInit:      CURL_VERSION_LARGEFILE
LogInit:      CURL_VERSION_IDN
LogInit:  CurlRequestOptions (configurable via config and command line):
LogInit:  - bVerifyPeer = true  - Libcurl will verify peer certificate
LogInit:  - bUseHttpProxy = false  - Libcurl will NOT use HTTP proxy
LogInit:  - bDontReuseConnections = false  - Libcurl will reuse connections
LogInit:  - MaxHostConnections = 16  - Libcurl will limit the number of connections to a host
LogInit:  - LocalHostAddr = Default
LogInit:  - BufferSize = 65536
LogOnline: OSS: Creating online subsystem instance for: NULL
LogInit: WinSock: version 1.1 (2.2), MaxSocks=32767, MaxUdp=65467
LogOnline: OSS: TryLoadSubsystemAndSetDefault: Loaded subsystem for module [NULL]
PixWinPlugin: PIX capture plugin failed to initialize! Check that the process is launched from PIX.
LogOculusPluginWrapper: OculusPlugin initialized successfully
LogHMD: Failed initializing OVRPlugin 1.59.0
LogInit: Build: ++UE4+Release-4.27-CL-18319896
LogInit: Engine Version: 4.27.2-18319896+++UE4+Release-4.27
LogInit: Compatible Engine Version: 4.27.0-17155196+++UE4+Release-4.27
LogInit: Net CL: 17155196
LogInit: OS: Windows 10 (Release 2009) (), CPU: AMD Ryzen 9 7900X 12-Core Processor            , GPU: AMD Radeon RX 7900 XTX
LogInit: Compiled (64-bit): Nov 30 2021 07:12:08
LogInit: Compiled with Visual C++: 19.24.28315.00
LogInit: Build Configuration: DebugGame
LogInit: Branch Name: ++UE4+Release-4.27
LogInit: Command Line:  -skipcompile
LogInit: Base Directory: C:/Program Files/UE_4.27/Engine/Binaries/Win64/
LogInit: Allocator: TBB
LogInit: Installed Engine Build: 1
LogDevObjectVersion: Number of dev versions registered: 29
LogDevObjectVersion:   Dev-Blueprints (B0D832E4-1F89-4F0D-ACCF-7EB736FD4AA2): 10
LogDevObjectVersion:   Dev-Build (E1C64328-A22C-4D53-A36C-8E866417BD8C): 0
LogDevObjectVersion:   Dev-Core (375EC13C-06E4-48FB-B500-84F0262A717E): 4
LogDevObjectVersion:   Dev-Editor (E4B068ED-F494-42E9-A231-DA0B2E46BB41): 40
LogDevObjectVersion:   Dev-Framework (CFFC743F-43B0-4480-9391-14DF171D2073): 37
LogDevObjectVersion:   Dev-Mobile (B02B49B5-BB20-44E9-A304-32B752E40360): 3
LogDevObjectVersion:   Dev-Networking (A4E4105C-59A1-49B5-A7C5-40C4547EDFEE): 0
LogDevObjectVersion:   Dev-Online (39C831C9-5AE6-47DC-9A44-9C173E1C8E7C): 0
LogDevObjectVersion:   Dev-Physics (78F01B33-EBEA-4F98-B9B4-84EACCB95AA2): 14
LogDevObjectVersion:   Dev-Platform (6631380F-2D4D-43E0-8009-CF276956A95A): 0
LogDevObjectVersion:   Dev-Rendering (12F88B9F-8875-4AFC-A67C-D90C383ABD29): 45
LogDevObjectVersion:   Dev-Sequencer (7B5AE74C-D270-4C10-A958-57980B212A5A): 13
LogDevObjectVersion:   Dev-VR (D7296918-1DD6-4BDD-9DE2-64A83CC13884): 3
LogDevObjectVersion:   Dev-LoadTimes (C2A15278-BFE7-4AFE-6C17-90FF531DF755): 1
LogDevObjectVersion:   Private-Geometry (6EACA3D4-40EC-4CC1-B786-8BED09428FC5): 3
LogDevObjectVersion:   Dev-AnimPhys (29E575DD-E0A3-4627-9D10-D276232CDCEA): 17
LogDevObjectVersion:   Dev-Anim (AF43A65D-7FD3-4947-9873-3E8ED9C1BB05): 15
LogDevObjectVersion:   Dev-ReflectionCapture (6B266CEC-1EC7-4B8F-A30B-E4D90942FC07): 1
LogDevObjectVersion:   Dev-Automation (0DF73D61-A23F-47EA-B727-89E90C41499A): 1
LogDevObjectVersion:   FortniteMain (601D1886-AC64-4F84-AA16-D3DE0DEAC7D6): 47
LogDevObjectVersion:   FortniteRelease (E7086368-6B23-4C58-8439-1B7016265E91): 1
LogDevObjectVersion:   Dev-Enterprise (9DFFBCD6-494F-0158-E221-12823C92A888): 10
LogDevObjectVersion:   Dev-Niagara (F2AED0AC-9AFE-416F-8664-AA7FFA26D6FC): 1
LogDevObjectVersion:   Dev-Destruction (174F1F0B-B4C6-45A5-B13F-2EE8D0FB917D): 10
LogDevObjectVersion:   Dev-Physics-Ext (35F94A83-E258-406C-A318-09F59610247C): 41
LogDevObjectVersion:   Dev-PhysicsMaterial-Chaos (B68FC16E-8B1B-42E2-B453-215C058844FE): 1
LogDevObjectVersion:   Dev-CineCamera (B2E18506-4273-CFC2-A54E-F4BB758BBA07): 1
LogDevObjectVersion:   Dev-VirtualProduction (64F58936-FD1B-42BA-BA96-7289D5D0FA4E): 1
LogDevObjectVersion:   Dev-MediaFramework (6F0ED827-A609-4895-9C91-998D90180EA4): 2
LogInit: Presizing for max 25165824 objects, including 0 objects not considered by GC, pre-allocating 0 bytes for permanent pool.
LogConfig: Applying CVar settings from Section [/Script/Engine.StreamingSettings] File [C:/Users/nanim/GitHub/InsectHeaven/InsectHeaven/Saved/Config/Windows/Engine.ini]
LogConfig: Setting CVar [[s.MinBulkDataSizeForAsyncLoading:131072]]
LogConfig: Setting CVar [[s.AsyncLoadingThreadEnabled:0]]
LogConfig: Setting CVar [[s.EventDrivenLoaderEnabled:1]]
LogConfig: Setting CVar [[s.WarnIfTimeLimitExceeded:0]]
LogConfig: Setting CVar [[s.TimeLimitExceededMultiplier:1.5]]
LogConfig: Setting CVar [[s.TimeLimitExceededMinTime:0.005]]
LogConfig: Setting CVar [[s.UseBackgroundLevelStreaming:1]]
LogConfig: Setting CVar [[s.PriorityAsyncLoadingExtraTime:15.0]]
LogConfig: Setting CVar [[s.LevelStreamingActorsUpdateTimeLimit:5.0]]
LogConfig: Setting CVar [[s.PriorityLevelStreamingActorsUpdateExtraTime:5.0]]
LogConfig: Setting CVar [[s.LevelStreamingComponentsRegistrationGranularity:10]]
LogConfig: Setting CVar [[s.UnregisterComponentsTimeLimit:1.0]]
LogConfig: Setting CVar [[s.LevelStreamingComponentsUnregistrationGranularity:5]]
LogConfig: Setting CVar [[s.FlushStreamingOnExit:1]]
LogInit: Object subsystem initialized
LogConfig: Setting CVar [[con.DebugEarlyDefault:1]]
LogConfig: Setting CVar [[r.setres:1280x720]]
[2024.07.28-10.58.19:268][  0]LogConfig: Setting CVar [[r.VSync:0]]
[2024.07.28-10.58.19:268][  0]LogConfig: Setting CVar [[r.RHICmdBypass:0]]
[2024.07.28-10.58.19:268][  0]LogConfig: Applying CVar settings from Section [/Script/Engine.RendererSettings] File [C:/Users/nanim/GitHub/InsectHeaven/InsectHeaven/Saved/Config/Windows/Engine.ini]
[2024.07.28-10.58.19:268][  0]LogConfig: Setting CVar [[r.GPUCrashDebugging:0]]
[2024.07.28-10.58.19:268][  0]LogConfig: Applying CVar settings from Section [/Script/Engine.RendererOverrideSettings] File [C:/Users/nanim/GitHub/InsectHeaven/InsectHeaven/Saved/Config/Windows/Engine.ini]
[2024.07.28-10.58.19:268][  0]LogConfig: Applying CVar settings from Section [/Script/Engine.StreamingSettings] File [C:/Users/nanim/GitHub/InsectHeaven/InsectHeaven/Saved/Config/Windows/Engine.ini]
[2024.07.28-10.58.19:269][  0]LogConfig: Setting CVar [[s.MinBulkDataSizeForAsyncLoading:131072]]
[2024.07.28-10.58.19:269][  0]LogConfig: Setting CVar [[s.AsyncLoadingThreadEnabled:0]]
[2024.07.28-10.58.19:269][  0]LogConfig: Setting CVar [[s.EventDrivenLoaderEnabled:1]]
[2024.07.28-10.58.19:269][  0]LogConfig: Setting CVar [[s.WarnIfTimeLimitExceeded:0]]
[2024.07.28-10.58.19:269][  0]LogConfig: Setting CVar [[s.TimeLimitExceededMultiplier:1.5]]
[2024.07.28-10.58.19:269][  0]LogConfig: Setting CVar [[s.TimeLimitExceededMinTime:0.005]]
[2024.07.28-10.58.19:269][  0]LogConfig: Setting CVar [[s.UseBackgroundLevelStreaming:1]]
[2024.07.28-10.58.19:269][  0]LogConfig: Setting CVar [[s.PriorityAsyncLoadingExtraTime:15.0]]
[2024.07.28-10.58.19:269][  0]LogConfig: Setting CVar [[s.LevelStreamingActorsUpdateTimeLimit:5.0]]
[2024.07.28-10.58.19:269][  0]LogConfig: Setting CVar [[s.PriorityLevelStreamingActorsUpdateExtraTime:5.0]]
[2024.07.28-10.58.19:270][  0]LogConfig: Setting CVar [[s.LevelStreamingComponentsRegistrationGranularity:10]]
[2024.07.28-10.58.19:270][  0]LogConfig: Setting CVar [[s.UnregisterComponentsTimeLimit:1.0]]
[2024.07.28-10.58.19:270][  0]LogConfig: Setting CVar [[s.LevelStreamingComponentsUnregistrationGranularity:5]]
[2024.07.28-10.58.19:270][  0]LogConfig: Setting CVar [[s.FlushStreamingOnExit:1]]
[2024.07.28-10.58.19:270][  0]LogConfig: Applying CVar settings from Section [/Script/Engine.GarbageCollectionSettings] File [C:/Users/nanim/GitHub/InsectHeaven/InsectHeaven/Saved/Config/Windows/Engine.ini]
[2024.07.28-10.58.19:270][  0]LogConfig: Setting CVar [[gc.MaxObjectsNotConsideredByGC:1]]
[2024.07.28-10.58.19:270][  0]LogConfig: Setting CVar [[gc.SizeOfPermanentObjectPool:0]]
[2024.07.28-10.58.19:270][  0]LogConfig: Setting CVar [[gc.FlushStreamingOnGC:0]]
[2024.07.28-10.58.19:270][  0]LogConfig: Setting CVar [[gc.NumRetriesBeforeForcingGC:10]]
[2024.07.28-10.58.19:270][  0]LogConfig: Setting CVar [[gc.AllowParallelGC:1]]
[2024.07.28-10.58.19:271][  0]LogConfig: Setting CVar [[gc.TimeBetweenPurgingPendingKillObjects:61.1]]
[2024.07.28-10.58.19:271][  0]LogConfig: Setting CVar [[gc.MaxObjectsInEditor:25165824]]
[2024.07.28-10.58.19:271][  0]LogConfig: Setting CVar [[gc.IncrementalBeginDestroyEnabled:1]]
[2024.07.28-10.58.19:271][  0]LogConfig: Setting CVar [[gc.CreateGCClusters:1]]
[2024.07.28-10.58.19:271][  0]LogConfig: Setting CVar [[gc.MinGCClusterSize:5]]
[2024.07.28-10.58.19:271][  0]LogConfig: Setting CVar [[gc.ActorClusteringEnabled:0]]
[2024.07.28-10.58.19:271][  0]LogConfig: Setting CVar [[gc.BlueprintClusteringEnabled:0]]
[2024.07.28-10.58.19:271][  0]LogConfig: Setting CVar [[gc.UseDisregardForGCOnDedicatedServers:0]]
[2024.07.28-10.58.19:271][  0]LogConfig: Setting CVar [[gc.MultithreadedDestructionEnabled:1]]
[2024.07.28-10.58.19:271][  0]LogConfig: Applying CVar settings from Section [/Script/Engine.NetworkSettings] File [C:/Users/nanim/GitHub/InsectHeaven/InsectHeaven/Saved/Config/Windows/Engine.ini]
[2024.07.28-10.58.19:272][  0]LogConfig: Applying CVar settings from Section [/Script/UnrealEd.CookerSettings] File [C:/Users/nanim/GitHub/InsectHeaven/InsectHeaven/Saved/Config/Windows/Engine.ini]
[2024.07.28-10.58.19:313][  0]LogConfig: Applying CVar settings from Section [ViewDistanceQuality@3] File [C:/Users/nanim/GitHub/InsectHeaven/InsectHeaven/Saved/Config/Windows/Scalability.ini]
[2024.07.28-10.58.19:313][  0]LogConfig: Setting CVar [[r.SkeletalMeshLODBias:0]]
[2024.07.28-10.58.19:313][  0]LogConfig: Setting CVar [[r.ViewDistanceScale:1.0]]
[2024.07.28-10.58.19:313][  0]LogConfig: Applying CVar settings from Section [AntiAliasingQuality@3] File [C:/Users/nanim/GitHub/InsectHeaven/InsectHeaven/Saved/Config/Windows/Scalability.ini]
[2024.07.28-10.58.19:313][  0]LogConfig: Setting CVar [[r.PostProcessAAQuality:4]]
[2024.07.28-10.58.19:313][  0]LogConfig: Applying CVar settings from Section [ShadowQuality@3] File [C:/Users/nanim/GitHub/InsectHeaven/InsectHeaven/Saved/Config/Windows/Scalability.ini]
[2024.07.28-10.58.19:313][  0]LogConfig: Setting CVar [[r.LightFunctionQuality:1]]
[2024.07.28-10.58.19:314][  0]LogConfig: Setting CVar [[r.ShadowQuality:5]]
[2024.07.28-10.58.19:314][  0]LogConfig: Setting CVar [[r.Shadow.CSM.MaxCascades:10]]
[2024.07.28-10.58.19:314][  0]LogConfig: Setting CVar [[r.Shadow.MaxResolution:2048]]
[2024.07.28-10.58.19:314][  0]LogConfig: Setting CVar [[r.Shadow.MaxCSMResolution:2048]]
[2024.07.28-10.58.19:314][  0]LogConfig: Setting CVar [[r.Shadow.RadiusThreshold:0.01]]
[2024.07.28-10.58.19:314][  0]LogConfig: Setting CVar [[r.Shadow.DistanceScale:1.0]]
[2024.07.28-10.58.19:314][  0]LogConfig: Setting CVar [[r.Shadow.CSM.TransitionScale:1.0]]
[2024.07.28-10.58.19:314][  0]LogConfig: Setting CVar [[r.Shadow.PreShadowResolutionFactor:1.0]]
[2024.07.28-10.58.19:314][  0]LogConfig: Setting CVar [[r.DistanceFieldShadowing:1]]
[2024.07.28-10.58.19:314][  0]LogConfig: Setting CVar [[r.DistanceFieldAO:1]]
[2024.07.28-10.58.19:314][  0]LogConfig: Setting CVar [[r.AOQuality:2]]
[2024.07.28-10.58.19:314][  0]LogConfig: Setting CVar [[r.VolumetricFog:1]]
[2024.07.28-10.58.19:315][  0]LogConfig: Setting CVar [[r.VolumetricFog.GridPixelSize:8]]
[2024.07.28-10.58.19:315][  0]LogConfig: Setting CVar [[r.VolumetricFog.GridSizeZ:128]]
[2024.07.28-10.58.19:315][  0]LogConfig: Setting CVar [[r.VolumetricFog.HistoryMissSupersampleCount:4]]
[2024.07.28-10.58.19:315][  0]LogConfig: Setting CVar [[r.LightMaxDrawDistanceScale:1]]
[2024.07.28-10.58.19:315][  0]LogConfig: Setting CVar [[r.CapsuleShadows:1]]
[2024.07.28-10.58.19:315][  0]LogConfig: Applying CVar settings from Section [PostProcessQuality@3] File [C:/Users/nanim/GitHub/InsectHeaven/InsectHeaven/Saved/Config/Windows/Scalability.ini]
[2024.07.28-10.58.19:315][  0]LogConfig: Setting CVar [[r.MotionBlurQuality:4]]
[2024.07.28-10.58.19:315][  0]LogConfig: Setting CVar [[r.AmbientOcclusionMipLevelFactor:0.4]]
[2024.07.28-10.58.19:315][  0]LogConfig: Setting CVar [[r.AmbientOcclusionMaxQuality:100]]
[2024.07.28-10.58.19:315][  0]LogConfig: Setting CVar [[r.AmbientOcclusionLevels:-1]]
[2024.07.28-10.58.19:316][  0]LogConfig: Setting CVar [[r.AmbientOcclusionRadiusScale:1.0]]
[2024.07.28-10.58.19:316][  0]LogConfig: Setting CVar [[r.DepthOfFieldQuality:2]]
[2024.07.28-10.58.19:316][  0]LogConfig: Setting CVar [[r.RenderTargetPoolMin:400]]
[2024.07.28-10.58.19:316][  0]LogConfig: Setting CVar [[r.LensFlareQuality:2]]
[2024.07.28-10.58.19:316][  0]LogConfig: Setting CVar [[r.SceneColorFringeQuality:1]]
[2024.07.28-10.58.19:316][  0]LogConfig: Setting CVar [[r.EyeAdaptationQuality:2]]
[2024.07.28-10.58.19:316][  0]LogConfig: Setting CVar [[r.BloomQuality:5]]
[2024.07.28-10.58.19:316][  0]LogConfig: Setting CVar [[r.FastBlurThreshold:100]]
[2024.07.28-10.58.19:316][  0]LogConfig: Setting CVar [[r.Upscale.Quality:3]]
[2024.07.28-10.58.19:316][  0]LogConfig: Setting CVar [[r.Tonemapper.GrainQuantization:1]]
[2024.07.28-10.58.19:317][  0]LogConfig: Setting CVar [[r.LightShaftQuality:1]]
[2024.07.28-10.58.19:317][  0]LogConfig: Setting CVar [[r.Filter.SizeScale:1]]
[2024.07.28-10.58.19:317][  0]LogConfig: Setting CVar [[r.Tonemapper.Quality:5]]
[2024.07.28-10.58.19:317][  0]LogConfig: Setting CVar [[r.DOF.Gather.AccumulatorQuality:1        ; higher gathering accumulator quality]]
[2024.07.28-10.58.19:317][  0]LogConfig: Setting CVar [[r.DOF.Gather.PostfilterMethod:1          ; Median3x3 postfilering method]]
[2024.07.28-10.58.19:317][  0]LogConfig: Setting CVar [[r.DOF.Gather.EnableBokehSettings:0       ; no bokeh simulation when gathering]]
[2024.07.28-10.58.19:317][  0]LogConfig: Setting CVar [[r.DOF.Gather.RingCount:4                 ; medium number of samples when gathering]]
[2024.07.28-10.58.19:317][  0]LogConfig: Setting CVar [[r.DOF.Scatter.ForegroundCompositing:1    ; additive foreground scattering]]
[2024.07.28-10.58.19:317][  0]LogConfig: Setting CVar [[r.DOF.Scatter.BackgroundCompositing:2    ; additive background scattering]]
[2024.07.28-10.58.19:317][  0]LogConfig: Setting CVar [[r.DOF.Scatter.EnableBokehSettings:1      ; bokeh simulation when scattering]]
[2024.07.28-10.58.19:317][  0]LogConfig: Setting CVar [[r.DOF.Scatter.MaxSpriteRatio:0.1         ; only a maximum of 10% of scattered bokeh]]
[2024.07.28-10.58.19:318][  0]LogConfig: Setting CVar [[r.DOF.Recombine.Quality:1                ; cheap slight out of focus]]
[2024.07.28-10.58.19:318][  0]LogConfig: Setting CVar [[r.DOF.Recombine.EnableBokehSettings:0    ; no bokeh simulation on slight out of focus]]
[2024.07.28-10.58.19:318][  0]LogConfig: Setting CVar [[r.DOF.TemporalAAQuality:1                ; more stable temporal accumulation]]
[2024.07.28-10.58.19:318][  0]LogConfig: Setting CVar [[r.DOF.Kernel.MaxForegroundRadius:0.025]]
[2024.07.28-10.58.19:318][  0]LogConfig: Setting CVar [[r.DOF.Kernel.MaxBackgroundRadius:0.025]]
[2024.07.28-10.58.19:318][  0]LogConfig: Applying CVar settings from Section [TextureQuality@3] File [C:/Users/nanim/GitHub/InsectHeaven/InsectHeaven/Saved/Config/Windows/Scalability.ini]
[2024.07.28-10.58.19:318][  0]LogConfig: Setting CVar [[r.Streaming.MipBias:0]]
[2024.07.28-10.58.19:318][  0]LogConfig: Setting CVar [[r.Streaming.AmortizeCPUToGPUCopy:0]]
[2024.07.28-10.58.19:318][  0]LogConfig: Setting CVar [[r.Streaming.MaxNumTexturesToStreamPerFrame:0]]
[2024.07.28-10.58.19:318][  0]LogConfig: Setting CVar [[r.Streaming.Boost:1]]
[2024.07.28-10.58.19:319][  0]LogConfig: Setting CVar [[r.MaxAnisotropy:8]]
[2024.07.28-10.58.19:319][  0]LogConfig: Setting CVar [[r.VT.MaxAnisotropy:8]]
[2024.07.28-10.58.19:319][  0]LogConfig: Setting CVar [[r.Streaming.LimitPoolSizeToVRAM:0]]
[2024.07.28-10.58.19:319][  0]LogConfig: Setting CVar [[r.Streaming.PoolSize:1000]]
[2024.07.28-10.58.19:319][  0]LogConfig: Setting CVar [[r.Streaming.MaxEffectiveScreenSize:0]]
[2024.07.28-10.58.19:319][  0]LogConfig: Applying CVar settings from Section [EffectsQuality@3] File [C:/Users/nanim/GitHub/InsectHeaven/InsectHeaven/Saved/Config/Windows/Scalability.ini]
[2024.07.28-10.58.19:319][  0]LogConfig: Setting CVar [[r.TranslucencyLightingVolumeDim:64]]
[2024.07.28-10.58.19:319][  0]LogConfig: Setting CVar [[r.RefractionQuality:2]]
[2024.07.28-10.58.19:319][  0]LogConfig: Setting CVar [[r.SSR.Quality:3]]
[2024.07.28-10.58.19:319][  0]LogConfig: Setting CVar [[r.SSR.HalfResSceneColor:0]]
[2024.07.28-10.58.19:319][  0]LogConfig: Setting CVar [[r.SceneColorFormat:4]]
[2024.07.28-10.58.19:319][  0]LogConfig: Setting CVar [[r.DetailMode:2]]
[2024.07.28-10.58.19:320][  0]LogConfig: Setting CVar [[r.TranslucencyVolumeBlur:1]]
[2024.07.28-10.58.19:320][  0]LogConfig: Setting CVar [[r.MaterialQualityLevel:1 ; High quality]]
[2024.07.28-10.58.19:320][  0]LogConfig: Setting CVar [[r.AnisotropicMaterials:1]]
[2024.07.28-10.58.19:320][  0]LogConfig: Setting CVar [[r.SSS.Scale:1]]
[2024.07.28-10.58.19:320][  0]LogConfig: Setting CVar [[r.SSS.SampleSet:2]]
[2024.07.28-10.58.19:320][  0]LogConfig: Setting CVar [[r.SSS.Quality:1]]
[2024.07.28-10.58.19:320][  0]LogConfig: Setting CVar [[r.SSS.HalfRes:0]]
[2024.07.28-10.58.19:320][  0]LogConfig: Setting CVar [[r.SSGI.Quality:3]]
[2024.07.28-10.58.19:320][  0]LogConfig: Setting CVar [[r.EmitterSpawnRateScale:1.0]]
[2024.07.28-10.58.19:320][  0]LogConfig: Setting CVar [[r.ParticleLightQuality:2]]
[2024.07.28-10.58.19:320][  0]LogConfig: Setting CVar [[r.SkyAtmosphere.AerialPerspectiveLUT.FastApplyOnOpaque:1 ; Always have FastSkyLUT 1 in this case to avoid wrong sky]]
[2024.07.28-10.58.19:321][  0]LogConfig: Setting CVar [[r.SkyAtmosphere.AerialPerspectiveLUT.SampleCountMaxPerSlice:4]]
[2024.07.28-10.58.19:321][  0]LogConfig: Setting CVar [[r.SkyAtmosphere.AerialPerspectiveLUT.DepthResolution:16.0]]
[2024.07.28-10.58.19:321][  0]LogConfig: Setting CVar [[r.SkyAtmosphere.FastSkyLUT:1]]
[2024.07.28-10.58.19:321][  0]LogConfig: Setting CVar [[r.SkyAtmosphere.FastSkyLUT.SampleCountMin:4.0]]
[2024.07.28-10.58.19:321][  0]LogConfig: Setting CVar [[r.SkyAtmosphere.FastSkyLUT.SampleCountMax:128.0]]
[2024.07.28-10.58.19:321][  0]LogConfig: Setting CVar [[r.SkyAtmosphere.SampleCountMin:4.0]]
[2024.07.28-10.58.19:321][  0]LogConfig: Setting CVar [[r.SkyAtmosphere.SampleCountMax:128.0]]
[2024.07.28-10.58.19:321][  0]LogConfig: Setting CVar [[r.SkyAtmosphere.TransmittanceLUT.UseSmallFormat:0]]
[2024.07.28-10.58.19:321][  0]LogConfig: Setting CVar [[r.SkyAtmosphere.TransmittanceLUT.SampleCount:10.0]]
[2024.07.28-10.58.19:321][  0]LogConfig: Setting CVar [[r.SkyAtmosphere.MultiScatteringLUT.SampleCount:15.0]]
[2024.07.28-10.58.19:322][  0]LogConfig: Setting CVar [[r.SkyLight.RealTimeReflectionCapture:1]]
[2024.07.28-10.58.19:322][  0]LogConfig: Applying CVar settings from Section [FoliageQuality@3] File [C:/Users/nanim/GitHub/InsectHeaven/InsectHeaven/Saved/Config/Windows/Scalability.ini]
[2024.07.28-10.58.19:322][  0]LogConfig: Setting CVar [[foliage.DensityScale:1.0]]
[2024.07.28-10.58.19:322][  0]LogConfig: Setting CVar [[grass.DensityScale:1.0]]
[2024.07.28-10.58.19:322][  0]LogConfig: Applying CVar settings from Section [ShadingQuality@3] File [C:/Users/nanim/GitHub/InsectHeaven/InsectHeaven/Saved/Config/Windows/Scalability.ini]
[2024.07.28-10.58.19:322][  0]LogConfig: Setting CVar [[r.HairStrands.SkyLighting.IntegrationType:2]]
[2024.07.28-10.58.19:322][  0]LogConfig: Setting CVar [[r.HairStrands.SkyAO.SampleCount:4]]
[2024.07.28-10.58.19:322][  0]LogConfig: Setting CVar [[r.HairStrands.Visibility.MSAA.SamplePerPixel:4]]
[2024.07.28-10.58.19:322][  0]LogInit: Selected Device Profile: [Windows]
[2024.07.28-10.58.19:322][  0]LogInit: Applying CVar settings loaded from the selected device profile: [Windows]
[2024.07.28-10.58.19:323][  0]LogHAL: Display: Platform has ~ 32 GB [33457160192 / 34359738368 / 32], which maps to Largest [LargestMinGB=32, LargerMinGB=12, DefaultMinGB=8, SmallerMinGB=6, SmallestMinGB=0)
[2024.07.28-10.58.19:323][  0]LogInit: Going up to parent DeviceProfile []
[2024.07.28-10.58.19:323][  0]LogConfig: Applying CVar settings from Section [ViewDistanceQuality@3] File [C:/Users/nanim/GitHub/InsectHeaven/InsectHeaven/Saved/Config/Windows/Scalability.ini]
[2024.07.28-10.58.19:323][  0]LogConfig: Setting CVar [[r.SkeletalMeshLODBias:0]]
[2024.07.28-10.58.19:323][  0]LogConfig: Setting CVar [[r.ViewDistanceScale:1.0]]
[2024.07.28-10.58.19:323][  0]LogConfig: Applying CVar settings from Section [AntiAliasingQuality@3] File [C:/Users/nanim/GitHub/InsectHeaven/InsectHeaven/Saved/Config/Windows/Scalability.ini]
[2024.07.28-10.58.19:323][  0]LogConfig: Setting CVar [[r.PostProcessAAQuality:4]]
[2024.07.28-10.58.19:323][  0]LogConfig: Applying CVar settings from Section [ShadowQuality@3] File [C:/Users/nanim/GitHub/InsectHeaven/InsectHeaven/Saved/Config/Windows/Scalability.ini]
[2024.07.28-10.58.19:323][  0]LogConfig: Setting CVar [[r.LightFunctionQuality:1]]
[2024.07.28-10.58.19:323][  0]LogConfig: Setting CVar [[r.ShadowQuality:5]]
[2024.07.28-10.58.19:324][  0]LogConfig: Setting CVar [[r.Shadow.CSM.MaxCascades:10]]
[2024.07.28-10.58.19:324][  0]LogConfig: Setting CVar [[r.Shadow.MaxResolution:2048]]
[2024.07.28-10.58.19:324][  0]LogConfig: Setting CVar [[r.Shadow.MaxCSMResolution:2048]]
[2024.07.28-10.58.19:324][  0]LogConfig: Setting CVar [[r.Shadow.RadiusThreshold:0.01]]
[2024.07.28-10.58.19:324][  0]LogConfig: Setting CVar [[r.Shadow.DistanceScale:1.0]]
[2024.07.28-10.58.19:324][  0]LogConfig: Setting CVar [[r.Shadow.CSM.TransitionScale:1.0]]
[2024.07.28-10.58.19:324][  0]LogConfig: Setting CVar [[r.Shadow.PreShadowResolutionFactor:1.0]]
[2024.07.28-10.58.19:324][  0]LogConfig: Setting CVar [[r.DistanceFieldShadowing:1]]
[2024.07.28-10.58.19:324][  0]LogConfig: Setting CVar [[r.DistanceFieldAO:1]]
[2024.07.28-10.58.19:324][  0]LogConfig: Setting CVar [[r.AOQuality:2]]
[2024.07.28-10.58.19:324][  0]LogConfig: Setting CVar [[r.VolumetricFog:1]]
[2024.07.28-10.58.19:325][  0]LogConfig: Setting CVar [[r.VolumetricFog.GridPixelSize:8]]
[2024.07.28-10.58.19:325][  0]LogConfig: Setting CVar [[r.VolumetricFog.GridSizeZ:128]]
[2024.07.28-10.58.19:325][  0]LogConfig: Setting CVar [[r.VolumetricFog.HistoryMissSupersampleCount:4]]
[2024.07.28-10.58.19:325][  0]LogConfig: Setting CVar [[r.LightMaxDrawDistanceScale:1]]
[2024.07.28-10.58.19:325][  0]LogConfig: Setting CVar [[r.CapsuleShadows:1]]
[2024.07.28-10.58.19:325][  0]LogConfig: Applying CVar settings from Section [PostProcessQuality@3] File [C:/Users/nanim/GitHub/InsectHeaven/InsectHeaven/Saved/Config/Windows/Scalability.ini]
[2024.07.28-10.58.19:325][  0]LogConfig: Setting CVar [[r.MotionBlurQuality:4]]
[2024.07.28-10.58.19:325][  0]LogConfig: Setting CVar [[r.AmbientOcclusionMipLevelFactor:0.4]]
[2024.07.28-10.58.19:325][  0]LogConfig: Setting CVar [[r.AmbientOcclusionMaxQuality:100]]
[2024.07.28-10.58.19:325][  0]LogConfig: Setting CVar [[r.AmbientOcclusionLevels:-1]]
[2024.07.28-10.58.19:325][  0]LogConfig: Setting CVar [[r.AmbientOcclusionRadiusScale:1.0]]
[2024.07.28-10.58.19:325][  0]LogConfig: Setting CVar [[r.DepthOfFieldQuality:2]]
[2024.07.28-10.58.19:326][  0]LogConfig: Setting CVar [[r.RenderTargetPoolMin:400]]
[2024.07.28-10.58.19:326][  0]LogConfig: Setting CVar [[r.LensFlareQuality:2]]
[2024.07.28-10.58.19:326][  0]LogConfig: Setting CVar [[r.SceneColorFringeQuality:1]]
[2024.07.28-10.58.19:326][  0]LogConfig: Setting CVar [[r.EyeAdaptationQuality:2]]
[2024.07.28-10.58.19:326][  0]LogConfig: Setting CVar [[r.BloomQuality:5]]
[2024.07.28-10.58.19:326][  0]LogConfig: Setting CVar [[r.FastBlurThreshold:100]]
[2024.07.28-10.58.19:326][  0]LogConfig: Setting CVar [[r.Upscale.Quality:3]]
[2024.07.28-10.58.19:326][  0]LogConfig: Setting CVar [[r.Tonemapper.GrainQuantization:1]]
[2024.07.28-10.58.19:326][  0]LogConfig: Setting CVar [[r.LightShaftQuality:1]]
[2024.07.28-10.58.19:326][  0]LogConfig: Setting CVar [[r.Filter.SizeScale:1]]
[2024.07.28-10.58.19:326][  0]LogConfig: Setting CVar [[r.Tonemapper.Quality:5]]
[2024.07.28-10.58.19:327][  0]LogConfig: Setting CVar [[r.DOF.Gather.AccumulatorQuality:1        ; higher gathering accumulator quality]]
[2024.07.28-10.58.19:327][  0]LogConfig: Setting CVar [[r.DOF.Gather.PostfilterMethod:1          ; Median3x3 postfilering method]]
[2024.07.28-10.58.19:327][  0]LogConfig: Setting CVar [[r.DOF.Gather.EnableBokehSettings:0       ; no bokeh simulation when gathering]]
[2024.07.28-10.58.19:327][  0]LogConfig: Setting CVar [[r.DOF.Gather.RingCount:4                 ; medium number of samples when gathering]]
[2024.07.28-10.58.19:327][  0]LogConfig: Setting CVar [[r.DOF.Scatter.ForegroundCompositing:1    ; additive foreground scattering]]
[2024.07.28-10.58.19:327][  0]LogConfig: Setting CVar [[r.DOF.Scatter.BackgroundCompositing:2    ; additive background scattering]]
[2024.07.28-10.58.19:327][  0]LogConfig: Setting CVar [[r.DOF.Scatter.EnableBokehSettings:1      ; bokeh simulation when scattering]]
[2024.07.28-10.58.19:327][  0]LogConfig: Setting CVar [[r.DOF.Scatter.MaxSpriteRatio:0.1         ; only a maximum of 10% of scattered bokeh]]
[2024.07.28-10.58.19:327][  0]LogConfig: Setting CVar [[r.DOF.Recombine.Quality:1                ; cheap slight out of focus]]
[2024.07.28-10.58.19:327][  0]LogConfig: Setting CVar [[r.DOF.Recombine.EnableBokehSettings:0    ; no bokeh simulation on slight out of focus]]
[2024.07.28-10.58.19:328][  0]LogConfig: Setting CVar [[r.DOF.TemporalAAQuality:1                ; more stable temporal accumulation]]
[2024.07.28-10.58.19:328][  0]LogConfig: Setting CVar [[r.DOF.Kernel.MaxForegroundRadius:0.025]]
[2024.07.28-10.58.19:328][  0]LogConfig: Setting CVar [[r.DOF.Kernel.MaxBackgroundRadius:0.025]]
[2024.07.28-10.58.19:328][  0]LogConfig: Applying CVar settings from Section [TextureQuality@3] File [C:/Users/nanim/GitHub/InsectHeaven/InsectHeaven/Saved/Config/Windows/Scalability.ini]
[2024.07.28-10.58.19:328][  0]LogConfig: Setting CVar [[r.Streaming.MipBias:0]]
[2024.07.28-10.58.19:328][  0]LogConfig: Setting CVar [[r.Streaming.AmortizeCPUToGPUCopy:0]]
[2024.07.28-10.58.19:328][  0]LogConfig: Setting CVar [[r.Streaming.MaxNumTexturesToStreamPerFrame:0]]
[2024.07.28-10.58.19:328][  0]LogConfig: Setting CVar [[r.Streaming.Boost:1]]
[2024.07.28-10.58.19:328][  0]LogConfig: Setting CVar [[r.MaxAnisotropy:8]]
[2024.07.28-10.58.19:328][  0]LogConfig: Setting CVar [[r.VT.MaxAnisotropy:8]]
[2024.07.28-10.58.19:329][  0]LogConfig: Setting CVar [[r.Streaming.LimitPoolSizeToVRAM:0]]
[2024.07.28-10.58.19:329][  0]LogConfig: Setting CVar [[r.Streaming.PoolSize:1000]]
[2024.07.28-10.58.19:329][  0]LogConfig: Setting CVar [[r.Streaming.MaxEffectiveScreenSize:0]]
[2024.07.28-10.58.19:329][  0]LogConfig: Applying CVar settings from Section [EffectsQuality@3] File [C:/Users/nanim/GitHub/InsectHeaven/InsectHeaven/Saved/Config/Windows/Scalability.ini]
[2024.07.28-10.58.19:329][  0]LogConfig: Setting CVar [[r.TranslucencyLightingVolumeDim:64]]
[2024.07.28-10.58.19:329][  0]LogConfig: Setting CVar [[r.RefractionQuality:2]]
[2024.07.28-10.58.19:329][  0]LogConfig: Setting CVar [[r.SSR.Quality:3]]
[2024.07.28-10.58.19:329][  0]LogConfig: Setting CVar [[r.SSR.HalfResSceneColor:0]]
[2024.07.28-10.58.19:329][  0]LogConfig: Setting CVar [[r.SceneColorFormat:4]]
[2024.07.28-10.58.19:329][  0]LogConfig: Setting CVar [[r.DetailMode:2]]
[2024.07.28-10.58.19:330][  0]LogConfig: Setting CVar [[r.TranslucencyVolumeBlur:1]]
[2024.07.28-10.58.19:330][  0]LogConfig: Setting CVar [[r.MaterialQualityLevel:1 ; High quality]]
[2024.07.28-10.58.19:330][  0]LogConfig: Setting CVar [[r.AnisotropicMaterials:1]]
[2024.07.28-10.58.19:330][  0]LogConfig: Setting CVar [[r.SSS.Scale:1]]
[2024.07.28-10.58.19:330][  0]LogConfig: Setting CVar [[r.SSS.SampleSet:2]]
[2024.07.28-10.58.19:330][  0]LogConfig: Setting CVar [[r.SSS.Quality:1]]
[2024.07.28-10.58.19:330][  0]LogConfig: Setting CVar [[r.SSS.HalfRes:0]]
[2024.07.28-10.58.19:330][  0]LogConfig: Setting CVar [[r.SSGI.Quality:3]]
[2024.07.28-10.58.19:330][  0]LogConfig: Setting CVar [[r.EmitterSpawnRateScale:1.0]]
[2024.07.28-10.58.19:330][  0]LogConfig: Setting CVar [[r.ParticleLightQuality:2]]
[2024.07.28-10.58.19:331][  0]LogConfig: Setting CVar [[r.SkyAtmosphere.AerialPerspectiveLUT.FastApplyOnOpaque:1 ; Always have FastSkyLUT 1 in this case to avoid wrong sky]]
[2024.07.28-10.58.19:331][  0]LogConfig: Setting CVar [[r.SkyAtmosphere.AerialPerspectiveLUT.SampleCountMaxPerSlice:4]]
[2024.07.28-10.58.19:331][  0]LogConfig: Setting CVar [[r.SkyAtmosphere.AerialPerspectiveLUT.DepthResolution:16.0]]
[2024.07.28-10.58.19:331][  0]LogConfig: Setting CVar [[r.SkyAtmosphere.FastSkyLUT:1]]
[2024.07.28-10.58.19:331][  0]LogConfig: Setting CVar [[r.SkyAtmosphere.FastSkyLUT.SampleCountMin:4.0]]
[2024.07.28-10.58.19:331][  0]LogConfig: Setting CVar [[r.SkyAtmosphere.FastSkyLUT.SampleCountMax:128.0]]
[2024.07.28-10.58.19:331][  0]LogConfig: Setting CVar [[r.SkyAtmosphere.SampleCountMin:4.0]]
[2024.07.28-10.58.19:331][  0]LogConfig: Setting CVar [[r.SkyAtmosphere.SampleCountMax:128.0]]
[2024.07.28-10.58.19:331][  0]LogConfig: Setting CVar [[r.SkyAtmosphere.TransmittanceLUT.UseSmallFormat:0]]
[2024.07.28-10.58.19:332][  0]LogConfig: Setting CVar [[r.SkyAtmosphere.TransmittanceLUT.SampleCount:10.0]]
[2024.07.28-10.58.19:332][  0]LogConfig: Setting CVar [[r.SkyAtmosphere.MultiScatteringLUT.SampleCount:15.0]]
[2024.07.28-10.58.19:332][  0]LogConfig: Setting CVar [[r.SkyLight.RealTimeReflectionCapture:1]]
[2024.07.28-10.58.19:332][  0]LogConfig: Applying CVar settings from Section [FoliageQuality@3] File [C:/Users/nanim/GitHub/InsectHeaven/InsectHeaven/Saved/Config/Windows/Scalability.ini]
[2024.07.28-10.58.19:332][  0]LogConfig: Setting CVar [[foliage.DensityScale:1.0]]
[2024.07.28-10.58.19:332][  0]LogConfig: Setting CVar [[grass.DensityScale:1.0]]
[2024.07.28-10.58.19:332][  0]LogConfig: Applying CVar settings from Section [ShadingQuality@3] File [C:/Users/nanim/GitHub/InsectHeaven/InsectHeaven/Saved/Config/Windows/Scalability.ini]
[2024.07.28-10.58.19:332][  0]LogConfig: Setting CVar [[r.HairStrands.SkyLighting.IntegrationType:2]]
[2024.07.28-10.58.19:332][  0]LogConfig: Setting CVar [[r.HairStrands.SkyAO.SampleCount:4]]
[2024.07.28-10.58.19:332][  0]LogConfig: Setting CVar [[r.HairStrands.Visibility.MSAA.SamplePerPixel:4]]
[2024.07.28-10.58.19:333][  0]LogConfig: Applying CVar settings from Section [Startup] File [../../../Engine/Config/ConsoleVariables.ini]
[2024.07.28-10.58.19:333][  0]LogConfig: Setting CVar [[net.UseAdaptiveNetUpdateFrequency:0]]
[2024.07.28-10.58.19:333][  0]LogConfig: Setting CVar [[p.chaos.AllowCreatePhysxBodies:1]]
[2024.07.28-10.58.19:333][  0]LogConfig: Setting CVar [[fx.SkipVectorVMBackendOptimizations:1]]
[2024.07.28-10.58.19:333][  0]LogConfig: Applying CVar settings from Section [ConsoleVariables] File [C:/Users/nanim/GitHub/InsectHeaven/InsectHeaven/Saved/Config/Windows/Engine.ini]
[2024.07.28-10.58.19:333][  0]LogConfig: Applying CVar settings from Section [ConsoleVariables] File [C:/Users/nanim/GitHub/InsectHeaven/InsectHeaven/Saved/Config/Windows/Editor.ini]
[2024.07.28-10.58.19:333][  0]LogInit: Computer: DESKTOP-NS5ONMH
[2024.07.28-10.58.19:334][  0]LogInit: User: nanim
[2024.07.28-10.58.19:334][  0]LogInit: CPU Page size=4096, Cores=12
[2024.07.28-10.58.19:334][  0]LogInit: High frequency timer resolution =10.000000 MHz
[2024.07.28-10.58.19:334][  0]LogMemory: Memory total: Physical=31.2GB (32GB approx)
[2024.07.28-10.58.19:334][  0]LogMemory: Platform Memory Stats for Windows
[2024.07.28-10.58.19:334][  0]LogMemory: Process Physical Memory: 151.56 MB used, 151.56 MB peak
[2024.07.28-10.58.19:334][  0]LogMemory: Process Virtual Memory: 125.92 MB used, 125.92 MB peak
[2024.07.28-10.58.19:334][  0]LogMemory: Physical Memory: 15844.34 MB used,  16062.89 MB free, 31907.23 MB total
[2024.07.28-10.58.19:334][  0]LogMemory: Virtual Memory: 134177440.00 MB used,  40286.95 MB free, 134217728.00 MB total
[2024.07.28-10.58.19:347][  0]LogWindows: WindowsPlatformFeatures enabled
[2024.07.28-10.58.19:453][  0]LogInit: Physics initialised using underlying interface: PhysX
[2024.07.28-10.58.19:454][  0]LogInit: Using OS detected language (ko-KR).
[2024.07.28-10.58.19:454][  0]LogInit: Using OS detected locale (ko-KR).
[2024.07.28-10.58.19:457][  0]LogTextLocalizationManager: No specific localization for 'ko-KR' exists, so the 'ko' localization will be used.
[2024.07.28-10.58.19:525][  0]LogInit: Setting process to per monitor DPI aware
[2024.07.28-10.58.19:651][  0]LogWindowsTextInputMethodSystem: Display: IME system deactivated.
[2024.07.28-10.58.19:671][  0]LogSlate: New Slate User Created.  User Index 0, Is Virtual User: 0
[2024.07.28-10.58.19:671][  0]LogSlate: Slate User Registered.  User Index 0, Is Virtual User: 0
[2024.07.28-10.58.19:818][  0]LogD3D11RHI: Loaded GFSDK_Aftermath_Lib.x64.dll
[2024.07.28-10.58.19:825][  0]LogHMD: Failed to initialize OpenVR with code 110
[2024.07.28-10.58.19:825][  0]LogD3D11RHI: D3D11 min allowed feature level: 11_0
[2024.07.28-10.58.19:825][  0]LogD3D11RHI: D3D11 max allowed feature level: 11_0
[2024.07.28-10.58.19:825][  0]LogD3D11RHI: D3D11 adapters:
[2024.07.28-10.58.19:918][  0]LogD3D11RHI:    0. 'AMD Radeon RX 7900 XTX' (Feature Level 11_0)
[2024.07.28-10.58.19:918][  0]LogD3D11RHI:       24515/0/15953 MB DedicatedVideo/DedicatedSystem/SharedSystem, Outputs:2, VendorId:0x1002
[2024.07.28-10.58.19:977][  0]LogD3D11RHI:    1. 'AMD Radeon(TM) Graphics' (Feature Level 11_0)
[2024.07.28-10.58.19:977][  0]LogD3D11RHI:       485/0/15953 MB DedicatedVideo/DedicatedSystem/SharedSystem, Outputs:0, VendorId:0x1002
[2024.07.28-10.58.19:982][  0]LogD3D11RHI:    2. 'Microsoft Basic Render Driver' (Feature Level 11_0)
[2024.07.28-10.58.19:983][  0]LogD3D11RHI:       0/0/15953 MB DedicatedVideo/DedicatedSystem/SharedSystem, Outputs:0, VendorId:0x1414
[2024.07.28-10.58.19:983][  0]LogD3D11RHI: Chosen D3D11 Adapter:
[2024.07.28-10.58.19:983][  0]LogD3D11RHI:     Description : AMD Radeon RX 7900 XTX
[2024.07.28-10.58.19:983][  0]LogD3D11RHI:     VendorId    : 1002
[2024.07.28-10.58.19:983][  0]LogD3D11RHI:     DeviceId    : 744c
[2024.07.28-10.58.19:983][  0]LogD3D11RHI:     SubSysId    : e3b1002
[2024.07.28-10.58.19:983][  0]LogD3D11RHI:     Revision    : 00c8
[2024.07.28-10.58.19:983][  0]LogD3D11RHI:     DedicatedVideoMemory : 25706012672 bytes
[2024.07.28-10.58.19:983][  0]LogD3D11RHI:     DedicatedSystemMemory : 0 bytes
[2024.07.28-10.58.19:983][  0]LogD3D11RHI:     SharedSystemMemory : 16728580096 bytes
[2024.07.28-10.58.19:984][  0]LogD3D11RHI:     AdapterLuid : 0 69666
[2024.07.28-10.58.19:990][  0]LogD3D11RHI: Creating new Direct3DDevice
[2024.07.28-10.58.19:990][  0]LogD3D11RHI:     GPU DeviceId: 0x744c (for the marketing name, search the web for "GPU Device Id")
[2024.07.28-10.58.19:990][  0]LogWindows: EnumDisplayDevices:
[2024.07.28-10.58.19:990][  0]LogWindows:    0. 'AMD Radeon RX 7900 XTX' (P:1 D:1)
[2024.07.28-10.58.19:991][  0]LogWindows:    1. 'AMD Radeon RX 7900 XTX' (P:0 D:1)
[2024.07.28-10.58.19:992][  0]LogWindows:    2. 'AMD Radeon RX 7900 XTX' (P:0 D:0)
[2024.07.28-10.58.19:993][  0]LogWindows:    3. 'AMD Radeon RX 7900 XTX' (P:0 D:0)
[2024.07.28-10.58.19:993][  0]LogWindows:    4. 'AMD Radeon RX 7900 XTX' (P:0 D:0)
[2024.07.28-10.58.19:994][  0]LogWindows:    5. 'AMD Radeon(TM) Graphics' (P:0 D:0)
[2024.07.28-10.58.19:995][  0]LogWindows:    6. 'AMD Radeon(TM) Graphics' (P:0 D:0)
[2024.07.28-10.58.19:996][  0]LogWindows:    7. 'AMD Radeon(TM) Graphics' (P:0 D:0)
[2024.07.28-10.58.19:997][  0]LogWindows:    8. 'AMD Radeon(TM) Graphics' (P:0 D:0)
[2024.07.28-10.58.19:997][  0]LogWindows:    9. 'AMD Radeon(TM) Graphics' (P:0 D:0)
[2024.07.28-10.58.19:998][  0]LogWindows: DebugString: PrimaryIsNotTheChoosenAdapter PrimaryIsNotTheChoosenAdapter PrimaryIsNotTheChoosenAdapter PrimaryIsNotTheChoosenAdapter PrimaryIsNotTheChoosenAdapter FoundDriverCount:5 
[2024.07.28-10.58.19:998][  0]LogD3D11RHI:     Adapter Name: AMD Radeon RX 7900 XTX
[2024.07.28-10.58.19:998][  0]LogD3D11RHI:   Driver Version: AMD Software: Adrenalin Edition 23.8.1 (internal:31.0.21029.1006, unified:31.0.21029.1006)
[2024.07.28-10.58.19:998][  0]LogD3D11RHI:      Driver Date: 8-14-2023
[2024.07.28-10.58.19:998][  0]LogRHI: Texture pool is 16623 MB (70% of 23747 MB)
[2024.07.28-10.58.20:041][  0]LogD3D11RHI: Creating D3DDevice with AMD AGS, using adapter:
[2024.07.28-10.58.20:041][  0]LogD3D11RHI:     Description : AMD Radeon RX 7900 XTX
[2024.07.28-10.58.20:041][  0]LogD3D11RHI:     VendorId    : 1002
[2024.07.28-10.58.20:041][  0]LogD3D11RHI:     DeviceId    : 744c
[2024.07.28-10.58.20:041][  0]LogD3D11RHI:     SubSysId    : e3b1002
[2024.07.28-10.58.20:041][  0]LogD3D11RHI:     Revision    : 00c8
[2024.07.28-10.58.20:041][  0]LogD3D11RHI:     DedicatedVideoMemory : 25706012672 bytes
[2024.07.28-10.58.20:041][  0]LogD3D11RHI:     DedicatedSystemMemory : 0 bytes
[2024.07.28-10.58.20:041][  0]LogD3D11RHI:     SharedSystemMemory : 16728580096 bytes
[2024.07.28-10.58.20:042][  0]LogD3D11RHI:     AdapterLuid : 0 69666
[2024.07.28-10.58.20:105][  0]LogD3D11RHI: Created device via AGS, feature level 11_0, supported extensions 1fffffbf.
[2024.07.28-10.58.20:105][  0]LogD3D11RHI: RHI has support for 64 bit atomics
[2024.07.28-10.58.20:105][  0]LogD3D11RHI: Async texture creation enabled
[2024.07.28-10.58.20:105][  0]LogD3D11RHI: Array index from any shader is supported
[2024.07.28-10.58.20:115][  0]LogD3D11RHI: GPU Timing Frequency: 100.000000 (Debug: 2 1)
[2024.07.28-10.58.20:359][  0]LogTargetPlatformManager: Display: Loaded TargetPlatform 'AllDesktop'
[2024.07.28-10.58.20:379][  0]LogTargetPlatformManager: Display: Loaded TargetPlatform 'Android'
[2024.07.28-10.58.20:379][  0]LogTargetPlatformManager: Display: Loaded TargetPlatform 'Android_ASTC'
[2024.07.28-10.58.20:379][  0]LogTargetPlatformManager: Display: Loaded TargetPlatform 'Android_DXT'
[2024.07.28-10.58.20:379][  0]LogTargetPlatformManager: Display: Loaded TargetPlatform 'Android_ETC2'
[2024.07.28-10.58.20:380][  0]LogTargetPlatformManager: Display: Loaded TargetPlatform 'AndroidClient'
[2024.07.28-10.58.20:380][  0]LogTargetPlatformManager: Display: Loaded TargetPlatform 'Android_ASTCClient'
[2024.07.28-10.58.20:380][  0]LogTargetPlatformManager: Display: Loaded TargetPlatform 'Android_DXTClient'
[2024.07.28-10.58.20:380][  0]LogTargetPlatformManager: Display: Loaded TargetPlatform 'Android_ETC2Client'
[2024.07.28-10.58.20:380][  0]LogTargetPlatformManager: Display: Loaded TargetPlatform 'Android_Multi'
[2024.07.28-10.58.20:380][  0]LogTargetPlatformManager: Display: Loaded TargetPlatform 'Android_MultiClient'
[2024.07.28-10.58.20:409][  0]LogTargetPlatformManager: Display: Loaded TargetPlatform 'IOSClient'
[2024.07.28-10.58.20:409][  0]LogTargetPlatformManager: Display: Loaded TargetPlatform 'IOS'
[2024.07.28-10.58.20:422][  0]LogTargetPlatformManager: Display: Loaded TargetPlatform 'Linux'
[2024.07.28-10.58.20:431][  0]LogTargetPlatformManager: Display: Loaded TargetPlatform 'LinuxNoEditor'
[2024.07.28-10.58.20:439][  0]LogTargetPlatformManager: Display: Loaded TargetPlatform 'LinuxClient'
[2024.07.28-10.58.20:448][  0]LogTargetPlatformManager: Display: Loaded TargetPlatform 'LinuxServer'
[2024.07.28-10.58.20:460][  0]LogTargetPlatformManager: Display: Loaded TargetPlatform 'LinuxAArch64NoEditor'
[2024.07.28-10.58.20:469][  0]LogTargetPlatformManager: Display: Loaded TargetPlatform 'LinuxAArch64Client'
[2024.07.28-10.58.20:478][  0]LogTargetPlatformManager: Display: Loaded TargetPlatform 'LinuxAArch64Server'
[2024.07.28-10.58.20:500][  0]LogTargetPlatformManager: Display: Loaded TargetPlatform 'Lumin'
[2024.07.28-10.58.20:500][  0]LogTargetPlatformManager: Display: Loaded TargetPlatform 'LuminClient'
[2024.07.28-10.58.20:511][  0]LogTargetPlatformManager: Display: Loaded TargetPlatform 'MacNoEditor'
[2024.07.28-10.58.20:520][  0]LogTargetPlatformManager: Display: Loaded TargetPlatform 'Mac'
[2024.07.28-10.58.20:527][  0]LogTargetPlatformManager: Display: Loaded TargetPlatform 'MacClient'
[2024.07.28-10.58.20:536][  0]LogTargetPlatformManager: Display: Loaded TargetPlatform 'MacServer'
[2024.07.28-10.58.20:548][  0]LogTargetPlatformManager: Display: Loaded TargetPlatform 'TVOSClient'
[2024.07.28-10.58.20:548][  0]LogTargetPlatformManager: Display: Loaded TargetPlatform 'TVOS'
[2024.07.28-10.58.20:561][  0]LogTargetPlatformManager: Display: Loaded TargetPlatform 'WindowsNoEditor'
[2024.07.28-10.58.20:570][  0]LogTargetPlatformManager: Display: Loaded TargetPlatform 'Windows'
[2024.07.28-10.58.20:578][  0]LogTargetPlatformManager: Display: Loaded TargetPlatform 'WindowsClient'
[2024.07.28-10.58.20:586][  0]LogTargetPlatformManager: Display: Loaded TargetPlatform 'WindowsServer'
[2024.07.28-10.58.20:586][  0]LogTargetPlatformManager: Display: Building Assets For Windows
[2024.07.28-10.58.20:616][  0]LogAudioDebug: Display: Lib vorbis DLL was dynamically loaded.
[2024.07.28-10.58.20:712][  0]LogTextureFormatOodle: Display: Oodle Texture 2.9.0 init RDO Off
[2024.07.28-10.58.20:795][  0]LogRendererCore: Ray tracing is disabled. Reason: r.RayTracing=0.
[2024.07.28-10.58.20:795][  0]LogShaderCompilers: Guid format shader working directory is -14 characters bigger than the processId version (../../../../../Users/nanim/GitHub/InsectHeaven/InsectHeaven/Intermediate/Shaders/WorkingDirectory/21560/).
[2024.07.28-10.58.20:795][  0]LogShaderCompilers: Cleaned the shader compiler working directory 'C:/Users/nanim/AppData/Local/Temp/UnrealShaderWorkingDir/B1788FE446C060A609C0AD80C15B46BF/'.
[2024.07.28-10.58.20:795][  0]LogXGEController: Cannot use XGE Controller as Incredibuild is not installed on this machine.
[2024.07.28-10.58.20:796][  0]LogShaderCompilers: Cannot use XGE Shader Compiler as Incredibuild is not installed on this machine.
[2024.07.28-10.58.20:796][  0]LogShaderCompilers: Display: Using Local Shader Compiler.
[2024.07.28-10.58.21:254][  0]LogDerivedDataCache: Display: Max Cache Size: 512 MB
[2024.07.28-10.58.21:293][  0]LogDerivedDataCache: Loaded boot cache 0.04s 94MB C:/Users/nanim/AppData/Local/UnrealEngine/4.27/DerivedDataCache/Boot.ddc.
[2024.07.28-10.58.21:293][  0]LogDerivedDataCache: Display: Loaded Boot cache: C:/Users/nanim/AppData/Local/UnrealEngine/4.27/DerivedDataCache/Boot.ddc
[2024.07.28-10.58.21:293][  0]LogDerivedDataCache: FDerivedDataBackendGraph:  Pak pak cache file ../../../../../Users/nanim/GitHub/InsectHeaven/InsectHeaven/DerivedDataCache/DDC.ddp not found, will not use a pak cache.
[2024.07.28-10.58.21:293][  0]LogDerivedDataCache: Unable to find inner node Pak for hierarchical cache Hierarchy.
[2024.07.28-10.58.21:294][  0]LogDerivedDataCache: FDerivedDataBackendGraph:  CompressedPak pak cache file ../../../../../Users/nanim/GitHub/InsectHeaven/InsectHeaven/DerivedDataCache/Compressed.ddp not found, will not use a pak cache.
[2024.07.28-10.58.21:294][  0]LogDerivedDataCache: Unable to find inner node CompressedPak for hierarchical cache Hierarchy.
[2024.07.28-10.58.21:305][  0]LogDerivedDataCache: Display: Pak cache opened for reading ../../../Engine/DerivedDataCache/Compressed.ddp.
[2024.07.28-10.58.21:306][  0]LogDerivedDataCache: FDerivedDataBackendGraph:  EnterprisePak pak cache file ../../../Enterprise/DerivedDataCache/Compressed.ddp not found, will not use a pak cache.
[2024.07.28-10.58.21:306][  0]LogDerivedDataCache: Unable to find inner node EnterprisePak for hierarchical cache Hierarchy.
[2024.07.28-10.58.21:314][  0]LogDerivedDataCache: Speed tests for C:/Users/nanim/AppData/Local/UnrealEngine/Common/DerivedDataCache took 0.01 seconds
[2024.07.28-10.58.21:315][  0]LogDerivedDataCache: Display: Performance to C:/Users/nanim/AppData/Local/UnrealEngine/Common/DerivedDataCache: Latency=0.04ms. RandomReadSpeed=656.74MBs, RandomWriteSpeed=140.76MBs. Assigned SpeedClass 'Local'
[2024.07.28-10.58.21:316][  0]LogDerivedDataCache: Using Local data cache path C:/Users/nanim/AppData/Local/UnrealEngine/Common/DerivedDataCache: Writable
[2024.07.28-10.58.21:316][  0]LogDerivedDataCache: Shared data cache path not found in *engine.ini, will not use an Shared cache.
[2024.07.28-10.58.21:316][  0]LogDerivedDataCache: Unable to find inner node Shared for hierarchical cache Hierarchy.
[2024.07.28-10.58.21:341][  0]LogSlate: Using FreeType 2.10.0
[2024.07.28-10.58.21:342][  0]LogSlate: SlateFontServices - WITH_FREETYPE: 1, WITH_HARFBUZZ: 1
[2024.07.28-10.58.21:363][  0]LogAssetRegistry: FAssetRegistry took 0.0024 seconds to start up
[2024.07.28-10.58.21:505][  0]LogInit: Selected Device Profile: [Windows]
[2024.07.28-10.58.21:505][  0]LogInit: Active device profile: [000001D6A83C1400][000001D6A6BC83C0 49] Windows
[2024.07.28-10.58.21:505][  0]LogInit: Profiles: [000001D6A83C1400][000001D6A6BC83C0 49] Windows, [000001D6A835EA00][000001D69E17C540 49] WindowsNoEditor, [000001D6A83C3100][000001D6A6BCC680 49] WindowsServer, [000001D6A837FF00][000001D69E1807C0 49] WindowsClient, [000001D6A835FC00][000001D69E184900 49] IOS, [000001D6A837D700][000001D69E18CA80 49] iPadAir, [000001D6A835E200][000001D69E190C00 49] iPadAir2, [000001D6A8304400][000001D69E198EC0 49] IPadPro, [000001D6A8304500][000001D69E194F00 49] iPadAir3, [000001D6A837D900][000001D69E19D080 49] iPadAir4, [000001D6A8307000][000001D69E1A1200 49] iPadMini2, [000001D6A837FD00][000001D69E1A5380 49] iPadMini3, [000001D6A8304B00][000001D69E1A9500 49] iPadMini4, [000001D6A837CA00][000001D69E1AD680 49] iPadMini5, [000001D6A82FFC00][000001D69E1B5940 49] iPhone6, [000001D6A82FFD00][000001D69E1B1980 49] iPodTouch6, [000001D6A83C2500][000001D6A69F80C0 49] iPhone7, [000001D6A83C2300][000001D6A69F4100 49] iPodTouch7, [000001D6A82FC600][000001D6A69FC280 49] iPhone5S, [000001D6A8306E00][000001D6A6A00400 49] iPhone6Plus, [000001D6A82FDF00][000001D6A6A04580 49] iPhone6S, [000001D6A8305300][000001D6A6A08700 49] iPhone6SPlus, [000001D6A83C1300][000001D69E188840 49] iPhone7Plus, [000001D6A8306A00][000001D6A6A0C980 49] iPhoneSE, [000001D6A83C0B00][000001D6A6A10AC0 49] iPhone8, [000001D6A8306400][000001D6A6A18C40 49] iPhone8Plus, [000001D6A83C0100][000001D6A6A1CDC0 49] iPhoneX, [000001D6A8305000][000001D6A6A20F40 49] iPhoneXS, [000001D6A83C1800][000001D6A6A250C0 49] iPhoneXSMax, [000001D6A8307800][000001D6A6A29240 49] iPhoneXR, [000001D6A83C2D00][000001D6A6A2D3C0 49] iPhone11, [000001D6A8305F00][000001D6A6A31540 49] iPhone11Pro, [000001D6A83C3600][000001D6A6A356C0 49] iPhone11ProMax, [000001D6A8305A00][000001D6A6A39840 49] iPhoneSE2, [000001D6A83C1F00][000001D6A68B19C0 49] iPhone12Mini, [000001D6A8304900][000001D6A68B5B40 49] iPhone12, [000001D6A83C1000][000001D6A68B8140 49] iPhone12Pro, [000001D6A8305C00][000001D6A68BC2C0 49] iPhone12ProMax, [000001D6A83C1B00][000001D6A68C0440 49] iPadPro105, [000001D6A8304A00][000001D6A68C45C0 49] iPadPro129, [000001D6A83C2700][000001D6A68C8740 49] iPadPro97, [000001D6A8304C00][000001D6A68CC8C0 49] iPadPro2_129, [000001D6A83C2E00][000001D6A6A14A00 49] iPad5, [000001D6A8305E00][000001D6A68D0B40 49] iPad6, [000001D6A83C2100][000001D6A68D4C80 49] iPad7, [000001D6A8306F00][000001D6A68D8DC0 49] iPad8, [000001D6A83C0D00][000001D6A68E0F40 49] iPadPro11, [000001D6A8307A00][000001D6A68E50C0 49] iPadPro2_11, [000001D6A83C0400][000001D6A68E9240 49] iPadPro3_129, [000001D6A8305900][000001D6A68ED3C0 49] iPadPro4_129, [000001D6A83C3700][000001D6A68F1540 49] AppleTV, [000001D6A8307900][000001D6A68F56C0 49] AppleTV4K, [000001D6A83C2800][000001D6A68F9840 49] TVOS, [000001D6A8306500][000001D6A69859C0 49] Mac, [000001D6A83C3800][000001D6A6989B40 49] MacClient, [000001D6A8305B00][000001D6A69D6140 49] MacNoEditor, [000001D6A83C0600][000001D6A69DA2C0 49] MacServer, [000001D6A8307400][000001D6A69DE440 49] Linux, [000001D6A83C0200][000001D6A69E65C0 49] LinuxAArch64, [000001D6A8304300][000001D6A8F9E740 49] LinuxNoEditor, [000001D6A83C3C00][000001D6A8FA68C0 49] LinuxAArch64NoEditor, [000001D6A8305100][000001D69E6AEA40 49] LinuxClient, [000001D6A83C2F00][000001D6A68DCB80 49] LinuxAArch64Client, [000001D6A8304F00][000001D69E74ECC0 49] LinuxServer, [000001D6A83C1700][000001D69E752E00 49] LinuxAArch64Server, [000001D6A8306800][000001D69E75AF40 49] Android, [000001D6A837DB00][000001D69E76F0C0 49] Android_Low, [000001D6A82FC900][000001D69E777240 49] Android_Mid, [000001D6A837DE00][000001D69E77B3C0 49] Android_High, [000001D6A82FD900][000001D69E77F540 49] Android_Default, [000001D6A837EB00][000001D69E7836C0 49] Android_Adreno4xx, [000001D6A82FD100][000001D69E78F840 49] Android_Adreno5xx_Low, [000001D6A837E100][000001D6A8E7D9C0 49] Android_Adreno5xx, [000001D6A82FD600][000001D6A8E8BB40 49] Android_Adreno6xx, [000001D6A837CB00][000001D6A8E8E140 49] Android_Adreno6xx_Vulkan, [000001D6A82FC300][000001D6A8E922C0 49] Android_Mali_T6xx, [000001D6A837FC00][000001D6A8F5C440 49] Android_Mali_T7xx, [000001D6A82FE600][000001D6A15265C0 49] Android_Mali_T8xx, [000001D6A837CC00][000001D6A152A740 49] Android_Mali_G71, [000001D6A82FF100][000001D6A152E8C0 49] Android_Mali_G72, [000001D6A837C900][000001D69E748A40 49] Android_Mali_G72_Vulkan, [000001D6A82FF700][000001D6A1532BC0 49] Android_Mali_G76, [000001D6A837E900][000001D6A1536D40 49] Android_Mali_G76_Vulkan, [000001D6A82FD800][000001D69E76AE80 49] Android_Mali_G77, [000001D6A837F900][000001D6A153AFC0 49] Android_Mali_G77_Vulkan, [000001D6A82FF000][000001D6A153F100 49] Android_Mali_G78, [000001D6A837C500][000001D6A9391280 49] Android_Mali_G78_Vulkan, [000001D6A82FCB00][000001D6A9395400 49] Android_Mali_G710, [000001D6A837FB00][000001D6A9399580 49] Android_Mali_G710_Vulkan, [000001D6A82FCF00][000001D6A93A1700 49] Android_Vulkan_SM5, [000001D6A837E000][000001D6A93A5880 49] Android_PowerVR_G6xxx, [000001D6A82FC200][000001D6A93A9A00 49] Android_PowerVR_GT7xxx, [000001D6A837CF00][000001D6A93ADB80 49] Android_PowerVR_GE8xxx, [000001D6A82FED00][000001D6A93B0180 49] Android_PowerVR_GM9xxx, [000001D6A8307200][000001D6A93B4300 49] Android_PowerVR_GM9xxx_Vulkan, [000001D6A82FFF00][000001D6A93B8480 49] Android_TegraK1, [000001D6A8307100][000001D6A93C6600 49] Android_Unknown_Vulkan, [000001D6A82FCD00][000001D6A930C780 49] Lumin, [000001D6A8305800][000001D6A9330900 49] Lumin_Desktop, [000001D6A82FC400][000001D6A9334A80 49] HoloLens, 
[2024.07.28-10.58.21:645][  0]LogMeshReduction: Using QuadricMeshReduction for automatic static mesh reduction
[2024.07.28-10.58.21:645][  0]LogMeshReduction: Using SimplygonMeshReduction for automatic skeletal mesh reduction
[2024.07.28-10.58.21:646][  0]LogMeshReduction: Using ProxyLODMeshReduction for automatic mesh merging
[2024.07.28-10.58.21:646][  0]LogMeshReduction: No distributed automatic mesh merging module available
[2024.07.28-10.58.21:646][  0]LogMeshMerging: No distributed automatic mesh merging module available
[2024.07.28-10.58.21:663][  0]LogNetVersion: InsectHeaven 1.0.0, NetCL: 17155196, EngineNetVer: 17, GameNetVer: 0 (Checksum: 3375795940)
[2024.07.28-10.58.21:902][  0]LogTexture: Default maximum texture size for cubemaps generated from long-lat sources has been changed from 512 to unlimited. In order to preserve old behaiour for '/Engine/MapTemplates/Sky/DaylightAmbientCubemap.DaylightAmbientCubemap', its maximum texture size has been explicitly set to 512.
[2024.07.28-10.58.21:931][  0]LogHMD: PokeAHoleMaterial loaded successfully
[2024.07.28-10.58.21:936][  0]LogUObjectArray: 17178 objects as part of root set at end of initial load.
[2024.07.28-10.58.21:936][  0]LogUObjectAllocator: 4302048 out of 0 bytes used by permanent object pool.
[2024.07.28-10.58.21:936][  0]LogUObjectArray: CloseDisregardForGC: 0/0 objects in disregard for GC pool
[2024.07.28-10.58.22:540][  0]LogNiagaraDebuggerClient: Niagara Debugger Client Initialized | Session: E4FC93474F6EC26CA4DCB3B40A4B33D8 | Instance: 0BCDE4B741DC0212F59F2785CBD0F628 (DESKTOP-NS5ONMH-21560).
[2024.07.28-10.58.22:644][  0]LogTcpMessaging: Initializing TcpMessaging bridge
[2024.07.28-10.58.22:654][  0]LogUdpMessaging: Initializing bridge on interface 0.0.0.0:0 to multicast group 230.0.0.1:6666.
[2024.07.28-10.58.22:879][  0]LogPython: Using Python 3.7.7
[2024.07.28-10.58.23:865][  0]SourceControl: 소스 컨트롤이 꺼졌습니다.
[2024.07.28-10.58.23:865][  0]SourceControl: 소스 컨트롤이 꺼졌습니다.
[2024.07.28-10.58.24:123][  0]SourceControl: 소스 컨트롤이 꺼졌습니다.
[2024.07.28-10.58.24:132][  0]SourceControl: 소스 컨트롤이 꺼졌습니다.
[2024.07.28-10.58.24:171][  0]SourceControl: 소스 컨트롤이 꺼졌습니다.
[2024.07.28-10.58.24:187][  0]LogUProjectInfo: Found projects:
[2024.07.28-10.58.24:239][  0]LogAndroidPermission: UAndroidPermissionCallbackProxy::GetInstance
[2024.07.28-10.58.24:296][  0]LogAudioCaptureCore: Display: No Audio Capture implementations found. Audio input will be silent.
[2024.07.28-10.58.24:296][  0]LogAudioCaptureCore: Display: No Audio Capture implementations found. Audio input will be silent.
[2024.07.28-10.58.24:423][  0]LogOpenImageDenoise: OIDN starting up
[2024.07.28-10.58.24:590][  0]LogCollectionManager: Loaded 0 collections in 0.001381 seconds
[2024.07.28-10.58.24:634][  0]LogFileCache: Scanning file cache for directory 'C:/Users/nanim/GitHub/InsectHeaven/InsectHeaven/Saved/Collections/' took 0.00s
[2024.07.28-10.58.24:634][  0]LogFileCache: Scanning file cache for directory 'C:/Users/nanim/GitHub/InsectHeaven/InsectHeaven/Content/Developers/nanim/Collections/' took 0.00s
[2024.07.28-10.58.24:634][  0]LogFileCache: Scanning file cache for directory 'C:/Users/nanim/GitHub/InsectHeaven/InsectHeaven/Content/Collections/' took 0.00s
[2024.07.28-10.58.24:635][  0]LogOcInput: OculusInput pre-init called
[2024.07.28-10.58.24:830][  0]LogClass: Warning: ObjectProperty FDialogueClip::formerAction is not initialized properly. Module:InsectHeaven File:Library/Dialogue/DialogueEditToolWidget.h
[2024.07.28-10.58.24:830][  0]LogClass: Warning: ObjectProperty FDialogueClip::nowAction is not initialized properly. Module:InsectHeaven File:Library/Dialogue/DialogueEditToolWidget.h
[2024.07.28-10.58.24:830][  0]LogClass: Display: IntProperty FCharacter_2D::Name is not initialized properly. Module:InsectHeaven File:Table/DataStruct/Character_2D.h
[2024.07.28-10.58.24:830][  0]LogClass: Display: IntProperty FCharacter_2D::ImageID is not initialized properly. Module:InsectHeaven File:Table/DataStruct/Character_2D.h
[2024.07.28-10.58.24:831][  0]LogClass: Display: IntProperty FResource_Widget::PathFile is not initialized properly. Module:InsectHeaven File:Table/DataStruct/Resource_Widget.h
[2024.07.28-10.58.24:831][  0]LogClass: Display: IntProperty FScript_Local::Test is not initialized properly. Module:InsectHeaven File:Table/DataStruct/Script_Local.h
[2024.07.28-10.58.24:831][  0]LogClass: Display: 6 Uninitialized script struct members found including 2 object properties
[2024.07.28-10.58.24:832][  0]LogAutomationTest: Warning: ObjectProperty FDialogueClip::formerAction is not initialized properly. Module:InsectHeaven File:Library/Dialogue/DialogueEditToolWidget.h
[2024.07.28-10.58.24:832][  0]LogAutomationTest: Warning: ObjectProperty FDialogueClip::nowAction is not initialized properly. Module:InsectHeaven File:Library/Dialogue/DialogueEditToolWidget.h
[2024.07.28-10.58.24:832][  0]LogEngine: Initializing Engine...
[2024.07.28-10.58.24:840][  0]LogHMD: Failed to enumerate extensions. Please check that you have a valid OpenXR runtime installed.
[2024.07.28-10.58.24:840][  0]LogHMD: Failed to initialize OpenVR with code 110
[2024.07.28-10.58.24:840][  0]LogMagicLeap: Warning: VR disabled because ZI is not enabled.  To enable, in the editor, Edit -> Project Settings -> Plugins -> Magic Leap Plugin -> Enable Zero Iteration
[2024.07.28-10.58.24:841][  0]LogStats: UGameplayTagsManager::InitializeManager -  0.000 s
[2024.07.28-10.58.24:921][  0]LogInit: Initializing FReadOnlyCVARCache
[2024.07.28-10.58.24:933][  0]LogAIModule: Creating AISystem for world Untitled
[2024.07.28-10.58.24:933][  0]LogAudio: Display: Initializing Audio Device Manager...
[2024.07.28-10.58.24:941][  0]LogAudio: Display: Loading Default Audio Settings Objects...
[2024.07.28-10.58.24:942][  0]LogAudio: Display: No default SoundConcurrencyObject specified (or failed to load).
[2024.07.28-10.58.24:942][  0]LogAudio: Display: Audio Device Manager Initialized
[2024.07.28-10.58.24:942][  0]LogAudio: Display: Creating Audio Device:                 Id: 1, Scope: Shared, Realtime: True
[2024.07.28-10.58.24:942][  0]LogAudioMixer: Display: Audio Mixer Platform Settings:
[2024.07.28-10.58.24:943][  0]LogAudioMixer: Display: 	Sample Rate:						  48000
[2024.07.28-10.58.24:943][  0]LogAudioMixer: Display: 	Callback Buffer Frame Size Requested: 1024
[2024.07.28-10.58.24:943][  0]LogAudioMixer: Display: 	Callback Buffer Frame Size To Use:	  1024
[2024.07.28-10.58.24:943][  0]LogAudioMixer: Display: 	Number of buffers to queue:			  2
[2024.07.28-10.58.24:943][  0]LogAudioMixer: Display: 	Max Channels (voices):				  32
[2024.07.28-10.58.24:943][  0]LogAudioMixer: Display: 	Number of Async Source Workers:		  0
[2024.07.28-10.58.24:943][  0]LogAudio: Display: AudioDevice MaxSources: 32
[2024.07.28-10.58.24:944][  0]LogAudio: Display: Audio Spatialization Plugin: None (built-in).
[2024.07.28-10.58.24:944][  0]LogAudio: Display: Audio Reverb Plugin: None (built-in).
[2024.07.28-10.58.24:944][  0]LogAudio: Display: Audio Occlusion Plugin: None (built-in).
[2024.07.28-10.58.24:944][  0]LogAudioMixer: Display: Initializing audio mixer.
[2024.07.28-10.58.24:983][  0]LogAudioMixer: Display: 0: FrontLeft
[2024.07.28-10.58.24:983][  0]LogAudioMixer: Display: 1: FrontRight
[2024.07.28-10.58.25:028][  0]LogAudioMixer: Display: Using Audio Device 스피커(ABKO N550)
[2024.07.28-10.58.25:030][  0]LogAudioMixer: Display: Initializing Sound Submixes...
[2024.07.28-10.58.25:032][  0]LogAudioMixer: Display: Creating Master Submix 'MasterSubmixDefault'
[2024.07.28-10.58.25:032][  0]LogAudioMixer: Display: Creating Master Submix 'MasterReverbSubmixDefault'
[2024.07.28-10.58.25:033][  0]LogAudioMixer: Display: Creating Master Submix 'MasterEQSubmixDefault'
[2024.07.28-10.58.25:033][  0]LogAudioMixer: FMixerPlatformXAudio2::StartAudioStream() called
[2024.07.28-10.58.25:033][  0]LogAudioMixer: Display: Output buffers initialized: Frames=1024, Channels=2, Samples=2048
[2024.07.28-10.58.25:034][  0]LogAudioMixer: Display: Starting AudioMixerPlatformInterface::RunInternal()
[2024.07.28-10.58.25:034][  0]LogAudioMixer: Display: FMixerPlatformXAudio2::SubmitBuffer() called for the first time
[2024.07.28-10.58.25:034][  0]LogInit: FAudioDevice initialized.
[2024.07.28-10.58.25:034][  0]LogAudio: Display: Audio Device (ID: 1) registered with world 'Untitled'.
[2024.07.28-10.58.25:034][  0]LogNetVersion: Set ProjectVersion to 1.0.0.0. Version Checksum will be recalculated on next use.
[2024.07.28-10.58.25:163][  0]LogDerivedDataCache: Saved boot cache 0.13s 94MB C:/Users/nanim/AppData/Local/UnrealEngine/4.27/DerivedDataCache/Boot.ddc.
[2024.07.28-10.58.25:164][  0]LogInit: Texture streaming: Enabled
[2024.07.28-10.58.25:189][  0]LogAnalytics: Display: [UEEditor.Rocket.Release] APIServer = https://datarouter.ol.epicgames.com/. AppVersion = 4.27.2-18319896+++UE4+Release-4.27
[2024.07.28-10.58.25:200][  0]LogEngineSessionManager: EngineSessionManager initialized
[2024.07.28-10.58.25:200][  0]LogEditorSessionSummary: Verbose: Initializing EditorSessionSummaryWriter for editor session tracking
[2024.07.28-10.58.25:203][  0]LogEditorSessionSummary: EditorSessionSummaryWriter initialized
[2024.07.28-10.58.25:230][  0]LogInit: Transaction tracking system initialized
[2024.07.28-10.58.25:276][  0]BlueprintLog: New page: 에디터 로드
[2024.07.28-10.58.25:395][  0]LocalizationService: 현지화 서비스가 비활성화되었습니다.
[2024.07.28-10.58.25:455][  0]TimingProfiler: Initialize
[2024.07.28-10.58.25:455][  0]TimingProfiler: OnSessionChanged
[2024.07.28-10.58.25:456][  0]LoadingProfiler: Initialize
[2024.07.28-10.58.25:456][  0]LoadingProfiler: OnSessionChanged
[2024.07.28-10.58.25:456][  0]NetworkingProfiler: Initialize
[2024.07.28-10.58.25:456][  0]NetworkingProfiler: OnSessionChanged
[2024.07.28-10.58.25:456][  0]MemoryProfiler: Initialize
[2024.07.28-10.58.25:456][  0]MemoryProfiler: OnSessionChanged
[2024.07.28-10.58.25:630][  0]LogCook: Display: CookSettings for Memory: MemoryMaxUsedVirtual 0MiB, MemoryMaxUsedPhysical 16384MiB, MemoryMinFreeVirtual 0MiB, MemoryMinFreePhysical 1024MiB
[2024.07.28-10.58.25:630][  0]LogCook: Display: Mobile HDR setting 1
[2024.07.28-10.58.25:990][  0]LogFileCache: Scanning file cache for directory 'C:/Users/nanim/GitHub/InsectHeaven/InsectHeaven/Content/' took 0.01s
[2024.07.28-10.58.26:116][  0]LogInit: Display: Engine is initialized. Leaving FEngineLoop::Init()
[2024.07.28-10.58.26:119][  0]SourceControl: 소스 컨트롤이 꺼졌습니다.
[2024.07.28-10.58.26:119][  0]LogUnrealEdMisc: Loading editor; pre map load, took 8.567
[2024.07.28-10.58.26:119][  0]Cmd: MAP LOAD FILE="../../../../../Users/nanim/GitHub/InsectHeaven/InsectHeaven/Content/Scene/EmptyMainLevel.umap" TEMPLATE=0 SHOWPROGRESS=1 FEATURELEVEL=3
[2024.07.28-10.58.26:120][  0]LightingResults: New page: 라이팅 빌드
[2024.07.28-10.58.26:121][  0]LogWorld: UWorld::CleanupWorld for Untitled, bSessionEnded=true, bCleanupResources=true
[2024.07.28-10.58.26:121][  0]LogSlate: InvalidateAllWidgets triggered.  All widgets were invalidated
[2024.07.28-10.58.26:121][  0]MapCheck: New page: 맵 체크
[2024.07.28-10.58.26:121][  0]LightingResults: New page: 라이팅 빌드
[2024.07.28-10.58.26:136][  0]LogAudio: Display: Audio Device unregistered from world 'None'.
[2024.07.28-10.58.26:138][  0]LogUObjectHash: Compacting FUObjectHashTables data took   0.50ms
[2024.07.28-10.58.26:141][  0]LogAudio: Display: Audio Device (ID: 1) registered with world 'EmptyMainLevel'.
[2024.07.28-10.58.26:142][  0]LogAIModule: Creating AISystem for world EmptyMainLevel
[2024.07.28-10.58.26:143][  0]LogEditorServer: Finished looking for orphan Actors (0.000 secs)
[2024.07.28-10.58.26:146][  0]LogUObjectHash: Compacting FUObjectHashTables data took   0.34ms
[2024.07.28-10.58.26:146][  0]Cmd: MAP CHECKDEP NOCLEARLOG
[2024.07.28-10.58.26:146][  0]MapCheck: 맵 체크 완료: 오류 0 회, 경고 0 회, 소요 시간 0.148ms.
[2024.07.28-10.58.26:146][  0]LogFileHelpers: Loading map 'EmptyMainLevel' took 0.027
[2024.07.28-10.58.26:150][  0]LogUnrealEdMisc: Total Editor Startup Time, took 8.598
[2024.07.28-10.58.26:300][  0]LogSlate: Updating window title bar state: overlay mode, drag disabled, window buttons hidden, title bar hidden
[2024.07.28-10.58.26:303][  0]LogSlate: Updating window title bar state: overlay mode, drag disabled, window buttons hidden, title bar hidden
[2024.07.28-10.58.26:307][  0]LogSlate: Updating window title bar state: overlay mode, drag disabled, window buttons hidden, title bar hidden
[2024.07.28-10.58.26:310][  0]LogSlate: Updating window title bar state: overlay mode, drag disabled, window buttons hidden, title bar hidden
[2024.07.28-10.58.26:321][  0]LogNativeClassHierarchy: Verbose: Native class hierarchy populated in 0.0071 seconds. Added 3868 classes and 945 folders.
[2024.07.28-10.58.26:323][  0]LogNativeClassHierarchy: Verbose: Native class hierarchy updated for 'WidgetCarousel' in 0.0002 seconds. Added 0 classes and 0 folders.
[2024.07.28-10.58.26:325][  0]LogPakFile: PakFile PrimaryIndexSize=187
[2024.07.28-10.58.26:325][  0]LogPakFile: PakFile PathHashIndexSize=101
[2024.07.28-10.58.26:325][  0]LogPakFile: PakFile FullDirectoryIndexSize=148
[2024.07.28-10.58.26:325][  0]LogShaderLibrary: Display: ShaderCodeLibraryPakFileMountedCallback: PakFile 'C:/Program Files/UE_4.27/FeaturePacks/FP_FirstPerson.upack' (chunk index -1, root 'root:/') mounted
[2024.07.28-10.58.26:325][  0]LogShaderLibrary: Display: ShaderCodeLibraryPakFileMountedCallback: pending pak file info (ChunkID:-1 Root:root:/ File:C:/Program Files/UE_4.27/FeaturePacks/FP_FirstPerson.upack)
[2024.07.28-10.58.26:325][  0]LogPakFile: OnPakFileMounted2Time == 0.000335
[2024.07.28-10.58.26:326][  0]LogPakFile: PakFile PrimaryIndexSize=189
[2024.07.28-10.58.26:326][  0]LogPakFile: PakFile PathHashIndexSize=101
[2024.07.28-10.58.26:327][  0]LogPakFile: PakFile FullDirectoryIndexSize=152
[2024.07.28-10.58.26:327][  0]LogShaderLibrary: Display: ShaderCodeLibraryPakFileMountedCallback: PakFile 'C:/Program Files/UE_4.27/FeaturePacks/FP_FirstPersonBP.upack' (chunk index -1, root 'root:/') mounted
[2024.07.28-10.58.26:327][  0]LogShaderLibrary: Display: ShaderCodeLibraryPakFileMountedCallback: pending pak file info (ChunkID:-1 Root:root:/ File:C:/Program Files/UE_4.27/FeaturePacks/FP_FirstPersonBP.upack)
[2024.07.28-10.58.26:327][  0]LogPakFile: OnPakFileMounted2Time == 0.000231
[2024.07.28-10.58.26:328][  0]LogPakFile: PakFile PrimaryIndexSize=191
[2024.07.28-10.58.26:328][  0]LogPakFile: PakFile PathHashIndexSize=101
[2024.07.28-10.58.26:328][  0]LogPakFile: PakFile FullDirectoryIndexSize=160
[2024.07.28-10.58.26:328][  0]LogShaderLibrary: Display: ShaderCodeLibraryPakFileMountedCallback: PakFile 'C:/Program Files/UE_4.27/FeaturePacks/MobileStarterContent.upack' (chunk index -1, root 'root:/') mounted
[2024.07.28-10.58.26:328][  0]LogShaderLibrary: Display: ShaderCodeLibraryPakFileMountedCallback: pending pak file info (ChunkID:-1 Root:root:/ File:C:/Program Files/UE_4.27/FeaturePacks/MobileStarterContent.upack)
[2024.07.28-10.58.26:328][  0]LogPakFile: OnPakFileMounted2Time == 0.000264
[2024.07.28-10.58.26:329][  0]LogPakFile: PakFile PrimaryIndexSize=185
[2024.07.28-10.58.26:329][  0]LogPakFile: PakFile PathHashIndexSize=101
[2024.07.28-10.58.26:329][  0]LogPakFile: PakFile FullDirectoryIndexSize=148
[2024.07.28-10.58.26:329][  0]LogShaderLibrary: Display: ShaderCodeLibraryPakFileMountedCallback: PakFile 'C:/Program Files/UE_4.27/FeaturePacks/StarterContent.upack' (chunk index -1, root 'root:/') mounted
[2024.07.28-10.58.26:329][  0]LogShaderLibrary: Display: ShaderCodeLibraryPakFileMountedCallback: pending pak file info (ChunkID:-1 Root:root:/ File:C:/Program Files/UE_4.27/FeaturePacks/StarterContent.upack)
[2024.07.28-10.58.26:330][  0]LogPakFile: OnPakFileMounted2Time == 0.000327
[2024.07.28-10.58.26:330][  0]LogPakFile: PakFile PrimaryIndexSize=190
[2024.07.28-10.58.26:330][  0]LogPakFile: PakFile PathHashIndexSize=101
[2024.07.28-10.58.26:330][  0]LogPakFile: PakFile FullDirectoryIndexSize=154
[2024.07.28-10.58.26:331][  0]LogShaderLibrary: Display: ShaderCodeLibraryPakFileMountedCallback: PakFile 'C:/Program Files/UE_4.27/FeaturePacks/TP_2DSideScroller.upack' (chunk index -1, root 'root:/') mounted
[2024.07.28-10.58.26:331][  0]LogShaderLibrary: Display: ShaderCodeLibraryPakFileMountedCallback: pending pak file info (ChunkID:-1 Root:root:/ File:C:/Program Files/UE_4.27/FeaturePacks/TP_2DSideScroller.upack)
[2024.07.28-10.58.26:331][  0]LogPakFile: OnPakFileMounted2Time == 0.000242
[2024.07.28-10.58.26:331][  0]LogPakFile: PakFile PrimaryIndexSize=192
[2024.07.28-10.58.26:331][  0]LogPakFile: PakFile PathHashIndexSize=101
[2024.07.28-10.58.26:332][  0]LogPakFile: PakFile FullDirectoryIndexSize=158
[2024.07.28-10.58.26:332][  0]LogShaderLibrary: Display: ShaderCodeLibraryPakFileMountedCallback: PakFile 'C:/Program Files/UE_4.27/FeaturePacks/TP_2DSideScrollerBP.upack' (chunk index -1, root 'root:/') mounted
[2024.07.28-10.58.26:332][  0]LogShaderLibrary: Display: ShaderCodeLibraryPakFileMountedCallback: pending pak file info (ChunkID:-1 Root:root:/ File:C:/Program Files/UE_4.27/FeaturePacks/TP_2DSideScrollerBP.upack)
[2024.07.28-10.58.26:332][  0]LogPakFile: OnPakFileMounted2Time == 0.000297
[2024.07.28-10.58.26:333][  0]LogPakFile: PakFile PrimaryIndexSize=182
[2024.07.28-10.58.26:333][  0]LogPakFile: PakFile PathHashIndexSize=101
[2024.07.28-10.58.26:333][  0]LogPakFile: PakFile FullDirectoryIndexSize=138
[2024.07.28-10.58.26:333][  0]LogShaderLibrary: Display: ShaderCodeLibraryPakFileMountedCallback: PakFile 'C:/Program Files/UE_4.27/FeaturePacks/TP_Flying.upack' (chunk index -1, root 'root:/') mounted
[2024.07.28-10.58.26:333][  0]LogShaderLibrary: Display: ShaderCodeLibraryPakFileMountedCallback: pending pak file info (ChunkID:-1 Root:root:/ File:C:/Program Files/UE_4.27/FeaturePacks/TP_Flying.upack)
[2024.07.28-10.58.26:333][  0]LogPakFile: OnPakFileMounted2Time == 0.000249
[2024.07.28-10.58.26:334][  0]LogPakFile: PakFile PrimaryIndexSize=184
[2024.07.28-10.58.26:334][  0]LogPakFile: PakFile PathHashIndexSize=101
[2024.07.28-10.58.26:334][  0]LogPakFile: PakFile FullDirectoryIndexSize=142
[2024.07.28-10.58.26:334][  0]LogShaderLibrary: Display: ShaderCodeLibraryPakFileMountedCallback: PakFile 'C:/Program Files/UE_4.27/FeaturePacks/TP_FlyingBP.upack' (chunk index -1, root 'root:/') mounted
[2024.07.28-10.58.26:334][  0]LogShaderLibrary: Display: ShaderCodeLibraryPakFileMountedCallback: pending pak file info (ChunkID:-1 Root:root:/ File:C:/Program Files/UE_4.27/FeaturePacks/TP_FlyingBP.upack)
[2024.07.28-10.58.26:335][  0]LogPakFile: OnPakFileMounted2Time == 0.000306
[2024.07.28-10.58.26:335][  0]LogPakFile: PakFile PrimaryIndexSize=188
[2024.07.28-10.58.26:335][  0]LogPakFile: PakFile PathHashIndexSize=101
[2024.07.28-10.58.26:335][  0]LogPakFile: PakFile FullDirectoryIndexSize=150
[2024.07.28-10.58.26:337][  0]LogShaderLibrary: Display: ShaderCodeLibraryPakFileMountedCallback: PakFile 'C:/Program Files/UE_4.27/FeaturePacks/TP_HandheldARBP.upack' (chunk index -1, root 'root:/') mounted
[2024.07.28-10.58.26:337][  0]LogShaderLibrary: Display: ShaderCodeLibraryPakFileMountedCallback: pending pak file info (ChunkID:-1 Root:root:/ File:C:/Program Files/UE_4.27/FeaturePacks/TP_HandheldARBP.upack)
[2024.07.28-10.58.26:337][  0]LogPakFile: OnPakFileMounted2Time == 0.000301
[2024.07.28-10.58.26:338][  0]LogPakFile: PakFile PrimaryIndexSize=182
[2024.07.28-10.58.26:338][  0]LogPakFile: PakFile PathHashIndexSize=101
[2024.07.28-10.58.26:338][  0]LogPakFile: PakFile FullDirectoryIndexSize=138
[2024.07.28-10.58.26:338][  0]LogShaderLibrary: Display: ShaderCodeLibraryPakFileMountedCallback: PakFile 'C:/Program Files/UE_4.27/FeaturePacks/TP_Puzzle.upack' (chunk index -1, root 'root:/') mounted
[2024.07.28-10.58.26:338][  0]LogShaderLibrary: Display: ShaderCodeLibraryPakFileMountedCallback: pending pak file info (ChunkID:-1 Root:root:/ File:C:/Program Files/UE_4.27/FeaturePacks/TP_Puzzle.upack)
[2024.07.28-10.58.26:338][  0]LogPakFile: OnPakFileMounted2Time == 0.000235
[2024.07.28-10.58.26:339][  0]LogPakFile: PakFile PrimaryIndexSize=184
[2024.07.28-10.58.26:339][  0]LogPakFile: PakFile PathHashIndexSize=101
[2024.07.28-10.58.26:339][  0]LogPakFile: PakFile FullDirectoryIndexSize=142
[2024.07.28-10.58.26:339][  0]LogShaderLibrary: Display: ShaderCodeLibraryPakFileMountedCallback: PakFile 'C:/Program Files/UE_4.27/FeaturePacks/TP_PuzzleBP.upack' (chunk index -1, root 'root:/') mounted
[2024.07.28-10.58.26:339][  0]LogShaderLibrary: Display: ShaderCodeLibraryPakFileMountedCallback: pending pak file info (ChunkID:-1 Root:root:/ File:C:/Program Files/UE_4.27/FeaturePacks/TP_PuzzleBP.upack)
[2024.07.28-10.58.26:339][  0]LogPakFile: OnPakFileMounted2Time == 0.000269
[2024.07.28-10.58.26:340][  0]LogPakFile: PakFile PrimaryIndexSize=183
[2024.07.28-10.58.26:341][  0]LogPakFile: PakFile PathHashIndexSize=101
[2024.07.28-10.58.26:341][  0]LogPakFile: PakFile FullDirectoryIndexSize=140
[2024.07.28-10.58.26:341][  0]LogShaderLibrary: Display: ShaderCodeLibraryPakFileMountedCallback: PakFile 'C:/Program Files/UE_4.27/FeaturePacks/TP_Rolling.upack' (chunk index -1, root 'root:/') mounted
[2024.07.28-10.58.26:341][  0]LogShaderLibrary: Display: ShaderCodeLibraryPakFileMountedCallback: pending pak file info (ChunkID:-1 Root:root:/ File:C:/Program Files/UE_4.27/FeaturePacks/TP_Rolling.upack)
[2024.07.28-10.58.26:341][  0]LogPakFile: OnPakFileMounted2Time == 0.000282
[2024.07.28-10.58.26:342][  0]LogPakFile: PakFile PrimaryIndexSize=185
[2024.07.28-10.58.26:342][  0]LogPakFile: PakFile PathHashIndexSize=101
[2024.07.28-10.58.26:342][  0]LogPakFile: PakFile FullDirectoryIndexSize=144
[2024.07.28-10.58.26:342][  0]LogShaderLibrary: Display: ShaderCodeLibraryPakFileMountedCallback: PakFile 'C:/Program Files/UE_4.27/FeaturePacks/TP_RollingBP.upack' (chunk index -1, root 'root:/') mounted
[2024.07.28-10.58.26:342][  0]LogShaderLibrary: Display: ShaderCodeLibraryPakFileMountedCallback: pending pak file info (ChunkID:-1 Root:root:/ File:C:/Program Files/UE_4.27/FeaturePacks/TP_RollingBP.upack)
[2024.07.28-10.58.26:342][  0]LogPakFile: OnPakFileMounted2Time == 0.000233
[2024.07.28-10.58.26:343][  0]LogPakFile: PakFile PrimaryIndexSize=188
[2024.07.28-10.58.26:343][  0]LogPakFile: PakFile PathHashIndexSize=101
[2024.07.28-10.58.26:343][  0]LogPakFile: PakFile FullDirectoryIndexSize=150
[2024.07.28-10.58.26:343][  0]LogShaderLibrary: Display: ShaderCodeLibraryPakFileMountedCallback: PakFile 'C:/Program Files/UE_4.27/FeaturePacks/TP_SideScroller.upack' (chunk index -1, root 'root:/') mounted
[2024.07.28-10.58.26:344][  0]LogShaderLibrary: Display: ShaderCodeLibraryPakFileMountedCallback: pending pak file info (ChunkID:-1 Root:root:/ File:C:/Program Files/UE_4.27/FeaturePacks/TP_SideScroller.upack)
[2024.07.28-10.58.26:344][  0]LogPakFile: OnPakFileMounted2Time == 0.000242
[2024.07.28-10.58.26:345][  0]LogPakFile: PakFile PrimaryIndexSize=190
[2024.07.28-10.58.26:345][  0]LogPakFile: PakFile PathHashIndexSize=101
[2024.07.28-10.58.26:345][  0]LogPakFile: PakFile FullDirectoryIndexSize=154
[2024.07.28-10.58.26:345][  0]LogShaderLibrary: Display: ShaderCodeLibraryPakFileMountedCallback: PakFile 'C:/Program Files/UE_4.27/FeaturePacks/TP_SideScrollerBP.upack' (chunk index -1, root 'root:/') mounted
[2024.07.28-10.58.26:345][  0]LogShaderLibrary: Display: ShaderCodeLibraryPakFileMountedCallback: pending pak file info (ChunkID:-1 Root:root:/ File:C:/Program Files/UE_4.27/FeaturePacks/TP_SideScrollerBP.upack)
[2024.07.28-10.58.26:345][  0]LogPakFile: OnPakFileMounted2Time == 0.000308
[2024.07.28-10.58.26:346][  0]LogPakFile: PakFile PrimaryIndexSize=187
[2024.07.28-10.58.26:346][  0]LogPakFile: PakFile PathHashIndexSize=101
[2024.07.28-10.58.26:346][  0]LogPakFile: PakFile FullDirectoryIndexSize=148
[2024.07.28-10.58.26:346][  0]LogShaderLibrary: Display: ShaderCodeLibraryPakFileMountedCallback: PakFile 'C:/Program Files/UE_4.27/FeaturePacks/TP_ThirdPerson.upack' (chunk index -1, root 'root:/') mounted
[2024.07.28-10.58.26:346][  0]LogShaderLibrary: Display: ShaderCodeLibraryPakFileMountedCallback: pending pak file info (ChunkID:-1 Root:root:/ File:C:/Program Files/UE_4.27/FeaturePacks/TP_ThirdPerson.upack)
[2024.07.28-10.58.26:346][  0]LogPakFile: OnPakFileMounted2Time == 0.000264
[2024.07.28-10.58.26:347][  0]LogPakFile: PakFile PrimaryIndexSize=189
[2024.07.28-10.58.26:347][  0]LogPakFile: PakFile PathHashIndexSize=101
[2024.07.28-10.58.26:347][  0]LogPakFile: PakFile FullDirectoryIndexSize=152
[2024.07.28-10.58.26:347][  0]LogShaderLibrary: Display: ShaderCodeLibraryPakFileMountedCallback: PakFile 'C:/Program Files/UE_4.27/FeaturePacks/TP_ThirdPersonBP.upack' (chunk index -1, root 'root:/') mounted
[2024.07.28-10.58.26:348][  0]LogShaderLibrary: Display: ShaderCodeLibraryPakFileMountedCallback: pending pak file info (ChunkID:-1 Root:root:/ File:C:/Program Files/UE_4.27/FeaturePacks/TP_ThirdPersonBP.upack)
[2024.07.28-10.58.26:348][  0]LogPakFile: OnPakFileMounted2Time == 0.000246
[2024.07.28-10.58.26:348][  0]LogPakFile: PakFile PrimaryIndexSize=183
[2024.07.28-10.58.26:348][  0]LogPakFile: PakFile PathHashIndexSize=101
[2024.07.28-10.58.26:349][  0]LogPakFile: PakFile FullDirectoryIndexSize=140
[2024.07.28-10.58.26:349][  0]LogShaderLibrary: Display: ShaderCodeLibraryPakFileMountedCallback: PakFile 'C:/Program Files/UE_4.27/FeaturePacks/TP_TopDown.upack' (chunk index -1, root 'root:/') mounted
[2024.07.28-10.58.26:349][  0]LogShaderLibrary: Display: ShaderCodeLibraryPakFileMountedCallback: pending pak file info (ChunkID:-1 Root:root:/ File:C:/Program Files/UE_4.27/FeaturePacks/TP_TopDown.upack)
[2024.07.28-10.58.26:349][  0]LogPakFile: OnPakFileMounted2Time == 0.000296
[2024.07.28-10.58.26:350][  0]LogPakFile: PakFile PrimaryIndexSize=185
[2024.07.28-10.58.26:350][  0]LogPakFile: PakFile PathHashIndexSize=101
[2024.07.28-10.58.26:350][  0]LogPakFile: PakFile FullDirectoryIndexSize=144
[2024.07.28-10.58.26:350][  0]LogShaderLibrary: Display: ShaderCodeLibraryPakFileMountedCallback: PakFile 'C:/Program Files/UE_4.27/FeaturePacks/TP_TopDownBP.upack' (chunk index -1, root 'root:/') mounted
[2024.07.28-10.58.26:350][  0]LogShaderLibrary: Display: ShaderCodeLibraryPakFileMountedCallback: pending pak file info (ChunkID:-1 Root:root:/ File:C:/Program Files/UE_4.27/FeaturePacks/TP_TopDownBP.upack)
[2024.07.28-10.58.26:350][  0]LogPakFile: OnPakFileMounted2Time == 0.000254
[2024.07.28-10.58.26:351][  0]LogPakFile: PakFile PrimaryIndexSize=185
[2024.07.28-10.58.26:351][  0]LogPakFile: PakFile PathHashIndexSize=101
[2024.07.28-10.58.26:351][  0]LogPakFile: PakFile FullDirectoryIndexSize=144
[2024.07.28-10.58.26:351][  0]LogShaderLibrary: Display: ShaderCodeLibraryPakFileMountedCallback: PakFile 'C:/Program Files/UE_4.27/FeaturePacks/TP_TwinStick.upack' (chunk index -1, root 'root:/') mounted
[2024.07.28-10.58.26:351][  0]LogShaderLibrary: Display: ShaderCodeLibraryPakFileMountedCallback: pending pak file info (ChunkID:-1 Root:root:/ File:C:/Program Files/UE_4.27/FeaturePacks/TP_TwinStick.upack)
[2024.07.28-10.58.26:352][  0]LogPakFile: OnPakFileMounted2Time == 0.000282
[2024.07.28-10.58.26:352][  0]LogPakFile: PakFile PrimaryIndexSize=187
[2024.07.28-10.58.26:352][  0]LogPakFile: PakFile PathHashIndexSize=101
[2024.07.28-10.58.26:352][  0]LogPakFile: PakFile FullDirectoryIndexSize=148
[2024.07.28-10.58.26:353][  0]LogShaderLibrary: Display: ShaderCodeLibraryPakFileMountedCallback: PakFile 'C:/Program Files/UE_4.27/FeaturePacks/TP_TwinStickBP.upack' (chunk index -1, root 'root:/') mounted
[2024.07.28-10.58.26:353][  0]LogShaderLibrary: Display: ShaderCodeLibraryPakFileMountedCallback: pending pak file info (ChunkID:-1 Root:root:/ File:C:/Program Files/UE_4.27/FeaturePacks/TP_TwinStickBP.upack)
[2024.07.28-10.58.26:353][  0]LogPakFile: OnPakFileMounted2Time == 0.000371
[2024.07.28-10.58.26:354][  0]LogPakFile: PakFile PrimaryIndexSize=183
[2024.07.28-10.58.26:354][  0]LogPakFile: PakFile PathHashIndexSize=101
[2024.07.28-10.58.26:354][  0]LogPakFile: PakFile FullDirectoryIndexSize=140
[2024.07.28-10.58.26:354][  0]LogShaderLibrary: Display: ShaderCodeLibraryPakFileMountedCallback: PakFile 'C:/Program Files/UE_4.27/FeaturePacks/TP_Vehicle.upack' (chunk index -1, root 'root:/') mounted
[2024.07.28-10.58.26:354][  0]LogShaderLibrary: Display: ShaderCodeLibraryPakFileMountedCallback: pending pak file info (ChunkID:-1 Root:root:/ File:C:/Program Files/UE_4.27/FeaturePacks/TP_Vehicle.upack)
[2024.07.28-10.58.26:354][  0]LogPakFile: OnPakFileMounted2Time == 0.000237
[2024.07.28-10.58.26:355][  0]LogPakFile: PakFile PrimaryIndexSize=186
[2024.07.28-10.58.26:355][  0]LogPakFile: PakFile PathHashIndexSize=101
[2024.07.28-10.58.26:355][  0]LogPakFile: PakFile FullDirectoryIndexSize=146
[2024.07.28-10.58.26:355][  0]LogShaderLibrary: Display: ShaderCodeLibraryPakFileMountedCallback: PakFile 'C:/Program Files/UE_4.27/FeaturePacks/TP_VehicleAdv.upack' (chunk index -1, root 'root:/') mounted
[2024.07.28-10.58.26:355][  0]LogShaderLibrary: Display: ShaderCodeLibraryPakFileMountedCallback: pending pak file info (ChunkID:-1 Root:root:/ File:C:/Program Files/UE_4.27/FeaturePacks/TP_VehicleAdv.upack)
[2024.07.28-10.58.26:355][  0]LogPakFile: OnPakFileMounted2Time == 0.000269
[2024.07.28-10.58.26:356][  0]LogPakFile: PakFile PrimaryIndexSize=188
[2024.07.28-10.58.26:356][  0]LogPakFile: PakFile PathHashIndexSize=101
[2024.07.28-10.58.26:356][  0]LogPakFile: PakFile FullDirectoryIndexSize=150
[2024.07.28-10.58.26:356][  0]LogShaderLibrary: Display: ShaderCodeLibraryPakFileMountedCallback: PakFile 'C:/Program Files/UE_4.27/FeaturePacks/TP_VehicleAdvBP.upack' (chunk index -1, root 'root:/') mounted
[2024.07.28-10.58.26:357][  0]LogShaderLibrary: Display: ShaderCodeLibraryPakFileMountedCallback: pending pak file info (ChunkID:-1 Root:root:/ File:C:/Program Files/UE_4.27/FeaturePacks/TP_VehicleAdvBP.upack)
[2024.07.28-10.58.26:357][  0]LogPakFile: OnPakFileMounted2Time == 0.000317
[2024.07.28-10.58.26:357][  0]LogPakFile: PakFile PrimaryIndexSize=185
[2024.07.28-10.58.26:357][  0]LogPakFile: PakFile PathHashIndexSize=101
[2024.07.28-10.58.26:358][  0]LogPakFile: PakFile FullDirectoryIndexSize=144
[2024.07.28-10.58.26:358][  0]LogShaderLibrary: Display: ShaderCodeLibraryPakFileMountedCallback: PakFile 'C:/Program Files/UE_4.27/FeaturePacks/TP_VehicleBP.upack' (chunk index -1, root 'root:/') mounted
[2024.07.28-10.58.26:358][  0]LogShaderLibrary: Display: ShaderCodeLibraryPakFileMountedCallback: pending pak file info (ChunkID:-1 Root:root:/ File:C:/Program Files/UE_4.27/FeaturePacks/TP_VehicleBP.upack)
[2024.07.28-10.58.26:358][  0]LogPakFile: OnPakFileMounted2Time == 0.000291
[2024.07.28-10.58.26:359][  0]LogPakFile: PakFile PrimaryIndexSize=192
[2024.07.28-10.58.26:359][  0]LogPakFile: PakFile PathHashIndexSize=101
[2024.07.28-10.58.26:359][  0]LogPakFile: PakFile FullDirectoryIndexSize=158
[2024.07.28-10.58.26:359][  0]LogShaderLibrary: Display: ShaderCodeLibraryPakFileMountedCallback: PakFile 'C:/Program Files/UE_4.27/FeaturePacks/TP_VirtualRealityBP.upack' (chunk index -1, root 'root:/') mounted
[2024.07.28-10.58.26:359][  0]LogShaderLibrary: Display: ShaderCodeLibraryPakFileMountedCallback: pending pak file info (ChunkID:-1 Root:root:/ File:C:/Program Files/UE_4.27/FeaturePacks/TP_VirtualRealityBP.upack)
[2024.07.28-10.58.26:359][  0]LogPakFile: OnPakFileMounted2Time == 0.000251
[2024.07.28-10.58.26:403][  0]LogNativeClassHierarchy: Verbose: Native class hierarchy updated for 'AddContentDialog' in 0.0002 seconds. Added 0 classes and 0 folders.
[2024.07.28-10.58.26:404][  0]LogNativeClassHierarchy: Verbose: Native class hierarchy updated for 'SceneOutliner' in 0.0001 seconds. Added 2 classes and 0 folders.
[2024.07.28-10.58.26:438][  0]LogSlate: Took 0.000266 seconds to synchronously load lazily loaded font '../../../Engine/Content/Slate/Fonts/Roboto-Regular.ttf' (155K)
[2024.07.28-10.58.26:439][  0]LogSlate: Took 0.000178 seconds to synchronously load lazily loaded font '../../../Engine/Content/Editor/Slate/Fonts/FontAwesome.ttf' (139K)
[2024.07.28-10.58.26:440][  0]LogSlate: Took 0.000830 seconds to synchronously load lazily loaded font '../../../Engine/Content/Editor/Slate/Fonts/NanumGothic.ttf' (4243K)
[2024.07.28-10.58.26:442][  0]LogSlate: Took 0.000806 seconds to synchronously load lazily loaded font '../../../Engine/Content/Editor/Slate/Fonts/NanumGothicBold.ttf' (4188K)
[2024.07.28-10.58.26:442][  0]LogSlate: Took 0.000160 seconds to synchronously load lazily loaded font '../../../Engine/Content/Slate/Fonts/Roboto-Bold.ttf' (160K)
[2024.07.28-10.58.26:491][  0]LogRenderer: Reallocating scene render targets to support 1208x572 Format 10 NumSamples 1 (Frame:1).
[2024.07.28-10.58.26:542][  0]LogNativeClassHierarchy: Verbose: Native class hierarchy updated for 'HierarchicalLODOutliner' in 0.0003 seconds. Added 0 classes and 0 folders.
[2024.07.28-10.58.26:543][  0]LogLoad: (Engine Initialization) Total time: 8.99 seconds
[2024.07.28-10.58.26:543][  0]LogLoad: (Engine Initialization) Total Blueprint compile time: 0.00 seconds
[2024.07.28-10.58.26:579][  0]LogAssetRegistry: Asset discovery search completed in 5.2173 seconds
[2024.07.28-10.58.26:584][  0]LogCollectionManager: Fixed up redirectors for 0 collections in 0.000003 seconds (updated 0 objects)
[2024.07.28-10.58.26:584][  0]LogContentStreaming: Texture pool size now 1000 MB
[2024.07.28-10.58.26:891][  1]LogFileCache: Retrieving MD5 hashes for directory 'C:/Users/nanim/GitHub/InsectHeaven/InsectHeaven/Content/' took 0.33s
[2024.07.28-10.58.29:565][202]LogSlate: Took 0.000219 seconds to synchronously load lazily loaded font '../../../Engine/Content/Slate/Fonts/Roboto-Light.ttf' (167K)
[2024.07.28-10.58.35:612][848]LogEditorClassViewer: Warning: Class /Engine/Tutorial/InWorldBlueprintEditing/TutorialAssets/IWBE_Blutility.IWBE_Blutility_C has parent /Script/Blutility.PlacedEditorUtilityBase, but this parent is not found. The Class will not be shown in ClassViewer.
[2024.07.28-10.58.40:749][459]LogSlate: Window 'DialogueTool' being destroyed
[2024.07.28-10.58.40:754][459]LogSlate: Window 'DialogueTool' being destroyed
