Log file open, 07/28/24 19:29:42
LogWindows: Failed to load 'aqProf.dll' (GetLastError=126)
LogWindows: File 'aqProf.dll' does not exist
LogWindows: Failed to load 'VtuneApi.dll' (GetLastError=126)
LogWindows: File 'VtuneApi.dll' does not exist
LogWindows: Failed to load 'VtuneApi32e.dll' (GetLastError=126)
LogWindows: File 'VtuneApi32e.dll' does not exist
LogConsoleResponse: Display: Failed to find resolution value strings in scalability ini. Falling back to default.
LogConsoleResponse: Display: Failed to find resolution value strings in scalability ini. Falling back to default.
LogInit: Display: Running engine for game: InsectHeaven
LogPlatformFile: Not using cached read wrapper
LogTaskGraph: Started task graph with 5 named threads and 71 total threads with 3 sets of task threads.
LogStats: Stats thread started at 0.229322
LogICUInternationalization: ICU TimeZone Detection - Raw Offset: +9:00, Platform Override: ''
LogInit: Display: Loading text-based GConfig....
LogPluginManager: Mounting plugin MeshPainting
LogPluginManager: Mounting plugin XGEController
LogPluginManager: Mounting plugin Paper2D
LogPluginManager: Mounting plugin LightPropagationVolume
LogPluginManager: Mounting plugin AISupport
LogPluginManager: Mounting plugin EnvironmentQueryEditor
LogPluginManager: Mounting plugin LiveLink
LogPluginManager: Mounting plugin OodleData
LogPluginManager: Mounting plugin AnimationSharing
LogPluginManager: Mounting plugin OodleNetwork
LogPluginManager: Mounting plugin CodeLiteSourceCodeAccess
LogPluginManager: Mounting plugin CLionSourceCodeAccess
LogPluginManager: Mounting plugin KDevelopSourceCodeAccess
LogPluginManager: Mounting plugin NullSourceCodeAccess
LogPluginManager: Mounting plugin PerforceSourceControl
LogPluginManager: Mounting plugin PixWinPlugin
LogPluginManager: Mounting plugin GitSourceControl
LogPluginManager: Mounting plugin PlasticSourceControl
LogPluginManager: Mounting plugin PluginUtils
LogPluginManager: Mounting plugin PropertyAccessNode
LogPluginManager: Mounting plugin RiderSourceCodeAccess
LogPluginManager: Mounting plugin SubversionSourceControl
LogPluginManager: Mounting plugin TextureFormatOodle
LogPluginManager: Mounting plugin AssetManagerEditor
LogPluginManager: Mounting plugin UObjectPlugin
LogPluginManager: Mounting plugin VisualStudioCodeSourceCodeAccess
LogPluginManager: Mounting plugin VisualStudioSourceCodeAccess
LogPluginManager: Mounting plugin XCodeSourceCodeAccess
LogPluginManager: Mounting plugin CameraShakePreviewer
LogPluginManager: Mounting plugin GameplayCameras
LogPluginManager: Mounting plugin DatasmithContent
LogPluginManager: Mounting plugin CryptoKeys
LogPluginManager: Mounting plugin CurveEditorTools
LogPluginManager: Mounting plugin DataValidation
LogPluginManager: Mounting plugin EditorScriptingUtilities
LogPluginManager: Mounting plugin FacialAnimation
LogPluginManager: Mounting plugin GameplayTagsEditor
LogPluginManager: Mounting plugin GeometryMode
LogPluginManager: Mounting plugin VariantManagerContent
LogPluginManager: Mounting plugin MacGraphicsSwitching
LogPluginManager: Mounting plugin MaterialAnalyzer
LogPluginManager: Mounting plugin PluginBrowser
LogPluginManager: Mounting plugin MobileLauncherProfileWizard
LogPluginManager: Mounting plugin SpeedTreeImporter
LogPluginManager: Mounting plugin AndroidMedia
LogPluginManager: Mounting plugin Niagara
LogPluginManager: Mounting plugin AvfMedia
LogPluginManager: Mounting plugin ImgMedia
LogPluginManager: Mounting plugin MediaCompositing
LogPluginManager: Mounting plugin MediaPlayerEditor
LogPluginManager: Mounting plugin WebMMedia
LogPluginManager: Mounting plugin WmfMedia
LogPluginManager: Mounting plugin AlembicImporter
LogPluginManager: Mounting plugin AutomationUtils
LogPluginManager: Mounting plugin BackChannel
LogPluginManager: Mounting plugin ChaosCloth
LogPluginManager: Mounting plugin ChaosClothEditor
LogPluginManager: Mounting plugin ChaosEditor
LogPluginManager: Mounting plugin ChaosNiagara
LogPluginManager: Mounting plugin ChaosSolverPlugin
LogPluginManager: Mounting plugin CharacterAI
LogPluginManager: Mounting plugin TcpMessaging
LogPluginManager: Mounting plugin UdpMessaging
LogPluginManager: Mounting plugin ActorSequence
LogPluginManager: Mounting plugin LevelSequenceEditor
LogPluginManager: Mounting plugin MatineeToLevelSequence
LogPluginManager: Mounting plugin LuminPlatformFeatures
LogPluginManager: Mounting plugin TemplateSequence
LogPluginManager: Mounting plugin MagicLeap
LogPluginManager: Mounting plugin MagicLeapLightEstimation
LogPluginManager: Mounting plugin MagicLeapMedia
LogPluginManager: Mounting plugin MagicLeapPassableWorld
LogPluginManager: Mounting plugin MLSDK
LogPluginManager: Mounting plugin GeometryCache
LogPluginManager: Mounting plugin GeometryCollectionPlugin
LogPluginManager: Mounting plugin GeometryProcessing
LogPluginManager: Mounting plugin MotoSynth
LogPluginManager: Mounting plugin OpenImageDenoise
LogPluginManager: Mounting plugin PlanarCut
LogPluginManager: Mounting plugin PlatformCrypto
LogPluginManager: Mounting plugin ProxyLODPlugin
LogPluginManager: Mounting plugin PythonScriptPlugin
LogPluginManager: Mounting plugin SkeletalReduction
LogPluginManager: Mounting plugin OnlineSubsystem
LogPluginManager: Mounting plugin OnlineSubsystemNull
LogPluginManager: Mounting plugin OnlineSubsystemUtils
LogPluginManager: Mounting plugin LauncherChunkInstaller
LogPluginManager: Mounting plugin ActorLayerUtilities
LogPluginManager: Mounting plugin AndroidDeviceProfileSelector
LogPluginManager: Mounting plugin AndroidMoviePlayer
LogPluginManager: Mounting plugin AndroidPermission
LogPluginManager: Mounting plugin AppleMoviePlayer
LogPluginManager: Mounting plugin AppleImageUtils
LogPluginManager: Mounting plugin ArchVisCharacter
LogPluginManager: Mounting plugin AssetTags
LogPluginManager: Mounting plugin AudioCapture
LogPluginManager: Mounting plugin AudioSynesthesia
LogPluginManager: Mounting plugin ChunkDownloader
LogPluginManager: Mounting plugin CableComponent
LogPluginManager: Mounting plugin CustomMeshComponent
LogPluginManager: Mounting plugin EditableMesh
LogPluginManager: Mounting plugin GooglePAD
LogPluginManager: Mounting plugin GoogleCloudMessaging
LogPluginManager: Mounting plugin ExampleDeviceProfileSelector
LogPluginManager: Mounting plugin IOSDeviceProfileSelector
LogPluginManager: Mounting plugin LinuxDeviceProfileSelector
LogPluginManager: Mounting plugin LocationServicesBPLibrary
LogPluginManager: Mounting plugin MobilePatchingUtils
LogPluginManager: Mounting plugin OpenXR
LogPluginManager: Mounting plugin OpenXREyeTracker
LogPluginManager: Mounting plugin ScreenshotTools
LogPluginManager: Mounting plugin Takes
LogPluginManager: Mounting plugin OpenXRHandTracking
LogPluginManager: Mounting plugin PhysXVehicles
LogPluginManager: Mounting plugin ProceduralMeshComponent
LogPluginManager: Mounting plugin PropertyAccessEditor
LogPluginManager: Mounting plugin PostSplashScreen
LogPluginManager: Mounting plugin SignificanceManager
LogPluginManager: Mounting plugin RuntimePhysXCooking
LogPluginManager: Mounting plugin SoundFields
LogPluginManager: Mounting plugin Synthesis
LogPluginManager: Mounting plugin WebMMoviePlayer
LogPluginManager: Mounting plugin WindowsMoviePlayer
LogPluginManager: Mounting plugin ContentBrowserAssetDataSource
LogPluginManager: Mounting plugin ContentBrowserClassDataSource
LogPluginManager: Mounting plugin ContentBrowserFileDataSource
LogPluginManager: Mounting plugin RiderLink
LogPluginManager: Mounting plugin OnlineSubsystemGooglePlay
LogPluginManager: Mounting plugin OnlineSubsystemIOS
LogPluginManager: Mounting plugin OculusVR
LogPluginManager: Mounting plugin SteamVR
PixWinPlugin: PIX capture plugin failed to initialize! Check that the process is launched from PIX.
LogInit: Using libcurl 7.55.1-DEV
LogInit:  - built for x86_64-pc-win32
LogInit:  - supports SSL with OpenSSL/1.1.1
LogInit:  - supports HTTP deflate (compression) using libz 1.2.8
LogInit:  - other features:
LogInit:      CURL_VERSION_SSL
LogInit:      CURL_VERSION_LIBZ
LogInit:      CURL_VERSION_IPV6
LogInit:      CURL_VERSION_ASYNCHDNS
LogInit:      CURL_VERSION_LARGEFILE
LogInit:      CURL_VERSION_IDN
LogInit:  CurlRequestOptions (configurable via config and command line):
LogInit:  - bVerifyPeer = true  - Libcurl will verify peer certificate
LogInit:  - bUseHttpProxy = false  - Libcurl will NOT use HTTP proxy
LogInit:  - bDontReuseConnections = false  - Libcurl will reuse connections
LogInit:  - MaxHostConnections = 16  - Libcurl will limit the number of connections to a host
LogInit:  - LocalHostAddr = Default
LogInit:  - BufferSize = 65536
LogOnline: OSS: Creating online subsystem instance for: NULL
LogInit: WinSock: version 1.1 (2.2), MaxSocks=32767, MaxUdp=65467
LogOnline: OSS: TryLoadSubsystemAndSetDefault: Loaded subsystem for module [NULL]
LogOculusPluginWrapper: OculusPlugin initialized successfully
LogHMD: Failed initializing OVRPlugin 1.59.0
LogInit: Build: ++UE4+Release-4.27-CL-18319896
LogInit: Engine Version: 4.27.2-18319896+++UE4+Release-4.27
LogInit: Compatible Engine Version: 4.27.0-17155196+++UE4+Release-4.27
LogInit: Net CL: 17155196
LogInit: OS: Windows 10 (Release 2009) (), CPU: AMD Ryzen 9 7900X 12-Core Processor            , GPU: AMD Radeon RX 7900 XTX
LogInit: Compiled (64-bit): Nov 30 2021 07:12:08
LogInit: Compiled with Visual C++: 19.24.28315.00
LogInit: Build Configuration: DebugGame
LogInit: Branch Name: ++UE4+Release-4.27
LogInit: Command Line:  -skipcompile
LogInit: Base Directory: C:/Program Files/UE_4.27/Engine/Binaries/Win64/
LogInit: Allocator: TBB
LogInit: Installed Engine Build: 1
LogDevObjectVersion: Number of dev versions registered: 29
LogDevObjectVersion:   Dev-Blueprints (B0D832E4-1F89-4F0D-ACCF-7EB736FD4AA2): 10
LogDevObjectVersion:   Dev-Build (E1C64328-A22C-4D53-A36C-8E866417BD8C): 0
LogDevObjectVersion:   Dev-Core (375EC13C-06E4-48FB-B500-84F0262A717E): 4
LogDevObjectVersion:   Dev-Editor (E4B068ED-F494-42E9-A231-DA0B2E46BB41): 40
LogDevObjectVersion:   Dev-Framework (CFFC743F-43B0-4480-9391-14DF171D2073): 37
LogDevObjectVersion:   Dev-Mobile (B02B49B5-BB20-44E9-A304-32B752E40360): 3
LogDevObjectVersion:   Dev-Networking (A4E4105C-59A1-49B5-A7C5-40C4547EDFEE): 0
LogDevObjectVersion:   Dev-Online (39C831C9-5AE6-47DC-9A44-9C173E1C8E7C): 0
LogDevObjectVersion:   Dev-Physics (78F01B33-EBEA-4F98-B9B4-84EACCB95AA2): 14
LogDevObjectVersion:   Dev-Platform (6631380F-2D4D-43E0-8009-CF276956A95A): 0
LogDevObjectVersion:   Dev-Rendering (12F88B9F-8875-4AFC-A67C-D90C383ABD29): 45
LogDevObjectVersion:   Dev-Sequencer (7B5AE74C-D270-4C10-A958-57980B212A5A): 13
LogDevObjectVersion:   Dev-VR (D7296918-1DD6-4BDD-9DE2-64A83CC13884): 3
LogDevObjectVersion:   Dev-LoadTimes (C2A15278-BFE7-4AFE-6C17-90FF531DF755): 1
LogDevObjectVersion:   Private-Geometry (6EACA3D4-40EC-4CC1-B786-8BED09428FC5): 3
LogDevObjectVersion:   Dev-AnimPhys (29E575DD-E0A3-4627-9D10-D276232CDCEA): 17
LogDevObjectVersion:   Dev-Anim (AF43A65D-7FD3-4947-9873-3E8ED9C1BB05): 15
LogDevObjectVersion:   Dev-ReflectionCapture (6B266CEC-1EC7-4B8F-A30B-E4D90942FC07): 1
LogDevObjectVersion:   Dev-Automation (0DF73D61-A23F-47EA-B727-89E90C41499A): 1
LogDevObjectVersion:   FortniteMain (601D1886-AC64-4F84-AA16-D3DE0DEAC7D6): 47
LogDevObjectVersion:   FortniteRelease (E7086368-6B23-4C58-8439-1B7016265E91): 1
LogDevObjectVersion:   Dev-Enterprise (9DFFBCD6-494F-0158-E221-12823C92A888): 10
LogDevObjectVersion:   Dev-Niagara (F2AED0AC-9AFE-416F-8664-AA7FFA26D6FC): 1
LogDevObjectVersion:   Dev-Destruction (174F1F0B-B4C6-45A5-B13F-2EE8D0FB917D): 10
LogDevObjectVersion:   Dev-Physics-Ext (35F94A83-E258-406C-A318-09F59610247C): 41
LogDevObjectVersion:   Dev-PhysicsMaterial-Chaos (B68FC16E-8B1B-42E2-B453-215C058844FE): 1
LogDevObjectVersion:   Dev-CineCamera (B2E18506-4273-CFC2-A54E-F4BB758BBA07): 1
LogDevObjectVersion:   Dev-VirtualProduction (64F58936-FD1B-42BA-BA96-7289D5D0FA4E): 1
LogDevObjectVersion:   Dev-MediaFramework (6F0ED827-A609-4895-9C91-998D90180EA4): 2
LogInit: Presizing for max 25165824 objects, including 0 objects not considered by GC, pre-allocating 0 bytes for permanent pool.
LogConfig: Applying CVar settings from Section [/Script/Engine.StreamingSettings] File [C:/Users/nanim/GitHub/InsectHeaven/InsectHeaven/Saved/Config/Windows/Engine.ini]
LogConfig: Setting CVar [[s.MinBulkDataSizeForAsyncLoading:131072]]
LogConfig: Setting CVar [[s.AsyncLoadingThreadEnabled:0]]
LogConfig: Setting CVar [[s.EventDrivenLoaderEnabled:1]]
LogConfig: Setting CVar [[s.WarnIfTimeLimitExceeded:0]]
LogConfig: Setting CVar [[s.TimeLimitExceededMultiplier:1.5]]
LogConfig: Setting CVar [[s.TimeLimitExceededMinTime:0.005]]
LogConfig: Setting CVar [[s.UseBackgroundLevelStreaming:1]]
LogConfig: Setting CVar [[s.PriorityAsyncLoadingExtraTime:15.0]]
LogConfig: Setting CVar [[s.LevelStreamingActorsUpdateTimeLimit:5.0]]
LogConfig: Setting CVar [[s.PriorityLevelStreamingActorsUpdateExtraTime:5.0]]
LogConfig: Setting CVar [[s.LevelStreamingComponentsRegistrationGranularity:10]]
LogConfig: Setting CVar [[s.UnregisterComponentsTimeLimit:1.0]]
LogConfig: Setting CVar [[s.LevelStreamingComponentsUnregistrationGranularity:5]]
LogConfig: Setting CVar [[s.FlushStreamingOnExit:1]]
LogInit: Object subsystem initialized
LogConfig: Setting CVar [[con.DebugEarlyDefault:1]]
LogConfig: Setting CVar [[r.setres:1280x720]]
[2024.07.28-10.29.43:560][  0]LogConfig: Setting CVar [[r.VSync:0]]
[2024.07.28-10.29.43:560][  0]LogConfig: Setting CVar [[r.RHICmdBypass:0]]
[2024.07.28-10.29.43:560][  0]LogConfig: Applying CVar settings from Section [/Script/Engine.RendererSettings] File [C:/Users/nanim/GitHub/InsectHeaven/InsectHeaven/Saved/Config/Windows/Engine.ini]
[2024.07.28-10.29.43:560][  0]LogConfig: Setting CVar [[r.GPUCrashDebugging:0]]
[2024.07.28-10.29.43:560][  0]LogConfig: Applying CVar settings from Section [/Script/Engine.RendererOverrideSettings] File [C:/Users/nanim/GitHub/InsectHeaven/InsectHeaven/Saved/Config/Windows/Engine.ini]
[2024.07.28-10.29.43:560][  0]LogConfig: Applying CVar settings from Section [/Script/Engine.StreamingSettings] File [C:/Users/nanim/GitHub/InsectHeaven/InsectHeaven/Saved/Config/Windows/Engine.ini]
[2024.07.28-10.29.43:561][  0]LogConfig: Setting CVar [[s.MinBulkDataSizeForAsyncLoading:131072]]
[2024.07.28-10.29.43:561][  0]LogConfig: Setting CVar [[s.AsyncLoadingThreadEnabled:0]]
[2024.07.28-10.29.43:561][  0]LogConfig: Setting CVar [[s.EventDrivenLoaderEnabled:1]]
[2024.07.28-10.29.43:561][  0]LogConfig: Setting CVar [[s.WarnIfTimeLimitExceeded:0]]
[2024.07.28-10.29.43:561][  0]LogConfig: Setting CVar [[s.TimeLimitExceededMultiplier:1.5]]
[2024.07.28-10.29.43:561][  0]LogConfig: Setting CVar [[s.TimeLimitExceededMinTime:0.005]]
[2024.07.28-10.29.43:561][  0]LogConfig: Setting CVar [[s.UseBackgroundLevelStreaming:1]]
[2024.07.28-10.29.43:561][  0]LogConfig: Setting CVar [[s.PriorityAsyncLoadingExtraTime:15.0]]
[2024.07.28-10.29.43:561][  0]LogConfig: Setting CVar [[s.LevelStreamingActorsUpdateTimeLimit:5.0]]
[2024.07.28-10.29.43:561][  0]LogConfig: Setting CVar [[s.PriorityLevelStreamingActorsUpdateExtraTime:5.0]]
[2024.07.28-10.29.43:562][  0]LogConfig: Setting CVar [[s.LevelStreamingComponentsRegistrationGranularity:10]]
[2024.07.28-10.29.43:562][  0]LogConfig: Setting CVar [[s.UnregisterComponentsTimeLimit:1.0]]
[2024.07.28-10.29.43:562][  0]LogConfig: Setting CVar [[s.LevelStreamingComponentsUnregistrationGranularity:5]]
[2024.07.28-10.29.43:562][  0]LogConfig: Setting CVar [[s.FlushStreamingOnExit:1]]
[2024.07.28-10.29.43:562][  0]LogConfig: Applying CVar settings from Section [/Script/Engine.GarbageCollectionSettings] File [C:/Users/nanim/GitHub/InsectHeaven/InsectHeaven/Saved/Config/Windows/Engine.ini]
[2024.07.28-10.29.43:562][  0]LogConfig: Setting CVar [[gc.MaxObjectsNotConsideredByGC:1]]
[2024.07.28-10.29.43:562][  0]LogConfig: Setting CVar [[gc.SizeOfPermanentObjectPool:0]]
[2024.07.28-10.29.43:562][  0]LogConfig: Setting CVar [[gc.FlushStreamingOnGC:0]]
[2024.07.28-10.29.43:562][  0]LogConfig: Setting CVar [[gc.NumRetriesBeforeForcingGC:10]]
[2024.07.28-10.29.43:562][  0]LogConfig: Setting CVar [[gc.AllowParallelGC:1]]
[2024.07.28-10.29.43:562][  0]LogConfig: Setting CVar [[gc.TimeBetweenPurgingPendingKillObjects:61.1]]
[2024.07.28-10.29.43:563][  0]LogConfig: Setting CVar [[gc.MaxObjectsInEditor:25165824]]
[2024.07.28-10.29.43:563][  0]LogConfig: Setting CVar [[gc.IncrementalBeginDestroyEnabled:1]]
[2024.07.28-10.29.43:563][  0]LogConfig: Setting CVar [[gc.CreateGCClusters:1]]
[2024.07.28-10.29.43:563][  0]LogConfig: Setting CVar [[gc.MinGCClusterSize:5]]
[2024.07.28-10.29.43:563][  0]LogConfig: Setting CVar [[gc.ActorClusteringEnabled:0]]
[2024.07.28-10.29.43:563][  0]LogConfig: Setting CVar [[gc.BlueprintClusteringEnabled:0]]
[2024.07.28-10.29.43:563][  0]LogConfig: Setting CVar [[gc.UseDisregardForGCOnDedicatedServers:0]]
[2024.07.28-10.29.43:563][  0]LogConfig: Setting CVar [[gc.MultithreadedDestructionEnabled:1]]
[2024.07.28-10.29.43:563][  0]LogConfig: Applying CVar settings from Section [/Script/Engine.NetworkSettings] File [C:/Users/nanim/GitHub/InsectHeaven/InsectHeaven/Saved/Config/Windows/Engine.ini]
[2024.07.28-10.29.43:563][  0]LogConfig: Applying CVar settings from Section [/Script/UnrealEd.CookerSettings] File [C:/Users/nanim/GitHub/InsectHeaven/InsectHeaven/Saved/Config/Windows/Engine.ini]
[2024.07.28-10.29.43:605][  0]LogConfig: Applying CVar settings from Section [ViewDistanceQuality@3] File [C:/Users/nanim/GitHub/InsectHeaven/InsectHeaven/Saved/Config/Windows/Scalability.ini]
[2024.07.28-10.29.43:605][  0]LogConfig: Setting CVar [[r.SkeletalMeshLODBias:0]]
[2024.07.28-10.29.43:605][  0]LogConfig: Setting CVar [[r.ViewDistanceScale:1.0]]
[2024.07.28-10.29.43:605][  0]LogConfig: Applying CVar settings from Section [AntiAliasingQuality@3] File [C:/Users/nanim/GitHub/InsectHeaven/InsectHeaven/Saved/Config/Windows/Scalability.ini]
[2024.07.28-10.29.43:605][  0]LogConfig: Setting CVar [[r.PostProcessAAQuality:4]]
[2024.07.28-10.29.43:605][  0]LogConfig: Applying CVar settings from Section [ShadowQuality@3] File [C:/Users/nanim/GitHub/InsectHeaven/InsectHeaven/Saved/Config/Windows/Scalability.ini]
[2024.07.28-10.29.43:605][  0]LogConfig: Setting CVar [[r.LightFunctionQuality:1]]
[2024.07.28-10.29.43:606][  0]LogConfig: Setting CVar [[r.ShadowQuality:5]]
[2024.07.28-10.29.43:606][  0]LogConfig: Setting CVar [[r.Shadow.CSM.MaxCascades:10]]
[2024.07.28-10.29.43:606][  0]LogConfig: Setting CVar [[r.Shadow.MaxResolution:2048]]
[2024.07.28-10.29.43:606][  0]LogConfig: Setting CVar [[r.Shadow.MaxCSMResolution:2048]]
[2024.07.28-10.29.43:606][  0]LogConfig: Setting CVar [[r.Shadow.RadiusThreshold:0.01]]
[2024.07.28-10.29.43:606][  0]LogConfig: Setting CVar [[r.Shadow.DistanceScale:1.0]]
[2024.07.28-10.29.43:606][  0]LogConfig: Setting CVar [[r.Shadow.CSM.TransitionScale:1.0]]
[2024.07.28-10.29.43:606][  0]LogConfig: Setting CVar [[r.Shadow.PreShadowResolutionFactor:1.0]]
[2024.07.28-10.29.43:606][  0]LogConfig: Setting CVar [[r.DistanceFieldShadowing:1]]
[2024.07.28-10.29.43:606][  0]LogConfig: Setting CVar [[r.DistanceFieldAO:1]]
[2024.07.28-10.29.43:607][  0]LogConfig: Setting CVar [[r.AOQuality:2]]
[2024.07.28-10.29.43:607][  0]LogConfig: Setting CVar [[r.VolumetricFog:1]]
[2024.07.28-10.29.43:607][  0]LogConfig: Setting CVar [[r.VolumetricFog.GridPixelSize:8]]
[2024.07.28-10.29.43:607][  0]LogConfig: Setting CVar [[r.VolumetricFog.GridSizeZ:128]]
[2024.07.28-10.29.43:607][  0]LogConfig: Setting CVar [[r.VolumetricFog.HistoryMissSupersampleCount:4]]
[2024.07.28-10.29.43:607][  0]LogConfig: Setting CVar [[r.LightMaxDrawDistanceScale:1]]
[2024.07.28-10.29.43:607][  0]LogConfig: Setting CVar [[r.CapsuleShadows:1]]
[2024.07.28-10.29.43:607][  0]LogConfig: Applying CVar settings from Section [PostProcessQuality@3] File [C:/Users/nanim/GitHub/InsectHeaven/InsectHeaven/Saved/Config/Windows/Scalability.ini]
[2024.07.28-10.29.43:607][  0]LogConfig: Setting CVar [[r.MotionBlurQuality:4]]
[2024.07.28-10.29.43:607][  0]LogConfig: Setting CVar [[r.AmbientOcclusionMipLevelFactor:0.4]]
[2024.07.28-10.29.43:607][  0]LogConfig: Setting CVar [[r.AmbientOcclusionMaxQuality:100]]
[2024.07.28-10.29.43:608][  0]LogConfig: Setting CVar [[r.AmbientOcclusionLevels:-1]]
[2024.07.28-10.29.43:608][  0]LogConfig: Setting CVar [[r.AmbientOcclusionRadiusScale:1.0]]
[2024.07.28-10.29.43:608][  0]LogConfig: Setting CVar [[r.DepthOfFieldQuality:2]]
[2024.07.28-10.29.43:608][  0]LogConfig: Setting CVar [[r.RenderTargetPoolMin:400]]
[2024.07.28-10.29.43:608][  0]LogConfig: Setting CVar [[r.LensFlareQuality:2]]
[2024.07.28-10.29.43:608][  0]LogConfig: Setting CVar [[r.SceneColorFringeQuality:1]]
[2024.07.28-10.29.43:608][  0]LogConfig: Setting CVar [[r.EyeAdaptationQuality:2]]
[2024.07.28-10.29.43:608][  0]LogConfig: Setting CVar [[r.BloomQuality:5]]
[2024.07.28-10.29.43:608][  0]LogConfig: Setting CVar [[r.FastBlurThreshold:100]]
[2024.07.28-10.29.43:608][  0]LogConfig: Setting CVar [[r.Upscale.Quality:3]]
[2024.07.28-10.29.43:609][  0]LogConfig: Setting CVar [[r.Tonemapper.GrainQuantization:1]]
[2024.07.28-10.29.43:609][  0]LogConfig: Setting CVar [[r.LightShaftQuality:1]]
[2024.07.28-10.29.43:609][  0]LogConfig: Setting CVar [[r.Filter.SizeScale:1]]
[2024.07.28-10.29.43:609][  0]LogConfig: Setting CVar [[r.Tonemapper.Quality:5]]
[2024.07.28-10.29.43:609][  0]LogConfig: Setting CVar [[r.DOF.Gather.AccumulatorQuality:1        ; higher gathering accumulator quality]]
[2024.07.28-10.29.43:609][  0]LogConfig: Setting CVar [[r.DOF.Gather.PostfilterMethod:1          ; Median3x3 postfilering method]]
[2024.07.28-10.29.43:609][  0]LogConfig: Setting CVar [[r.DOF.Gather.EnableBokehSettings:0       ; no bokeh simulation when gathering]]
[2024.07.28-10.29.43:609][  0]LogConfig: Setting CVar [[r.DOF.Gather.RingCount:4                 ; medium number of samples when gathering]]
[2024.07.28-10.29.43:609][  0]LogConfig: Setting CVar [[r.DOF.Scatter.ForegroundCompositing:1    ; additive foreground scattering]]
[2024.07.28-10.29.43:610][  0]LogConfig: Setting CVar [[r.DOF.Scatter.BackgroundCompositing:2    ; additive background scattering]]
[2024.07.28-10.29.43:610][  0]LogConfig: Setting CVar [[r.DOF.Scatter.EnableBokehSettings:1      ; bokeh simulation when scattering]]
[2024.07.28-10.29.43:610][  0]LogConfig: Setting CVar [[r.DOF.Scatter.MaxSpriteRatio:0.1         ; only a maximum of 10% of scattered bokeh]]
[2024.07.28-10.29.43:610][  0]LogConfig: Setting CVar [[r.DOF.Recombine.Quality:1                ; cheap slight out of focus]]
[2024.07.28-10.29.43:610][  0]LogConfig: Setting CVar [[r.DOF.Recombine.EnableBokehSettings:0    ; no bokeh simulation on slight out of focus]]
[2024.07.28-10.29.43:610][  0]LogConfig: Setting CVar [[r.DOF.TemporalAAQuality:1                ; more stable temporal accumulation]]
[2024.07.28-10.29.43:610][  0]LogConfig: Setting CVar [[r.DOF.Kernel.MaxForegroundRadius:0.025]]
[2024.07.28-10.29.43:610][  0]LogConfig: Setting CVar [[r.DOF.Kernel.MaxBackgroundRadius:0.025]]
[2024.07.28-10.29.43:610][  0]LogConfig: Applying CVar settings from Section [TextureQuality@3] File [C:/Users/nanim/GitHub/InsectHeaven/InsectHeaven/Saved/Config/Windows/Scalability.ini]
[2024.07.28-10.29.43:610][  0]LogConfig: Setting CVar [[r.Streaming.MipBias:0]]
[2024.07.28-10.29.43:611][  0]LogConfig: Setting CVar [[r.Streaming.AmortizeCPUToGPUCopy:0]]
[2024.07.28-10.29.43:611][  0]LogConfig: Setting CVar [[r.Streaming.MaxNumTexturesToStreamPerFrame:0]]
[2024.07.28-10.29.43:611][  0]LogConfig: Setting CVar [[r.Streaming.Boost:1]]
[2024.07.28-10.29.43:611][  0]LogConfig: Setting CVar [[r.MaxAnisotropy:8]]
[2024.07.28-10.29.43:611][  0]LogConfig: Setting CVar [[r.VT.MaxAnisotropy:8]]
[2024.07.28-10.29.43:611][  0]LogConfig: Setting CVar [[r.Streaming.LimitPoolSizeToVRAM:0]]
[2024.07.28-10.29.43:611][  0]LogConfig: Setting CVar [[r.Streaming.PoolSize:1000]]
[2024.07.28-10.29.43:611][  0]LogConfig: Setting CVar [[r.Streaming.MaxEffectiveScreenSize:0]]
[2024.07.28-10.29.43:611][  0]LogConfig: Applying CVar settings from Section [EffectsQuality@3] File [C:/Users/nanim/GitHub/InsectHeaven/InsectHeaven/Saved/Config/Windows/Scalability.ini]
[2024.07.28-10.29.43:611][  0]LogConfig: Setting CVar [[r.TranslucencyLightingVolumeDim:64]]
[2024.07.28-10.29.43:612][  0]LogConfig: Setting CVar [[r.RefractionQuality:2]]
[2024.07.28-10.29.43:612][  0]LogConfig: Setting CVar [[r.SSR.Quality:3]]
[2024.07.28-10.29.43:612][  0]LogConfig: Setting CVar [[r.SSR.HalfResSceneColor:0]]
[2024.07.28-10.29.43:612][  0]LogConfig: Setting CVar [[r.SceneColorFormat:4]]
[2024.07.28-10.29.43:612][  0]LogConfig: Setting CVar [[r.DetailMode:2]]
[2024.07.28-10.29.43:612][  0]LogConfig: Setting CVar [[r.TranslucencyVolumeBlur:1]]
[2024.07.28-10.29.43:612][  0]LogConfig: Setting CVar [[r.MaterialQualityLevel:1 ; High quality]]
[2024.07.28-10.29.43:612][  0]LogConfig: Setting CVar [[r.AnisotropicMaterials:1]]
[2024.07.28-10.29.43:612][  0]LogConfig: Setting CVar [[r.SSS.Scale:1]]
[2024.07.28-10.29.43:612][  0]LogConfig: Setting CVar [[r.SSS.SampleSet:2]]
[2024.07.28-10.29.43:613][  0]LogConfig: Setting CVar [[r.SSS.Quality:1]]
[2024.07.28-10.29.43:613][  0]LogConfig: Setting CVar [[r.SSS.HalfRes:0]]
[2024.07.28-10.29.43:613][  0]LogConfig: Setting CVar [[r.SSGI.Quality:3]]
[2024.07.28-10.29.43:613][  0]LogConfig: Setting CVar [[r.EmitterSpawnRateScale:1.0]]
[2024.07.28-10.29.43:613][  0]LogConfig: Setting CVar [[r.ParticleLightQuality:2]]
[2024.07.28-10.29.43:613][  0]LogConfig: Setting CVar [[r.SkyAtmosphere.AerialPerspectiveLUT.FastApplyOnOpaque:1 ; Always have FastSkyLUT 1 in this case to avoid wrong sky]]
[2024.07.28-10.29.43:613][  0]LogConfig: Setting CVar [[r.SkyAtmosphere.AerialPerspectiveLUT.SampleCountMaxPerSlice:4]]
[2024.07.28-10.29.43:613][  0]LogConfig: Setting CVar [[r.SkyAtmosphere.AerialPerspectiveLUT.DepthResolution:16.0]]
[2024.07.28-10.29.43:613][  0]LogConfig: Setting CVar [[r.SkyAtmosphere.FastSkyLUT:1]]
[2024.07.28-10.29.43:613][  0]LogConfig: Setting CVar [[r.SkyAtmosphere.FastSkyLUT.SampleCountMin:4.0]]
[2024.07.28-10.29.43:614][  0]LogConfig: Setting CVar [[r.SkyAtmosphere.FastSkyLUT.SampleCountMax:128.0]]
[2024.07.28-10.29.43:614][  0]LogConfig: Setting CVar [[r.SkyAtmosphere.SampleCountMin:4.0]]
[2024.07.28-10.29.43:614][  0]LogConfig: Setting CVar [[r.SkyAtmosphere.SampleCountMax:128.0]]
[2024.07.28-10.29.43:614][  0]LogConfig: Setting CVar [[r.SkyAtmosphere.TransmittanceLUT.UseSmallFormat:0]]
[2024.07.28-10.29.43:614][  0]LogConfig: Setting CVar [[r.SkyAtmosphere.TransmittanceLUT.SampleCount:10.0]]
[2024.07.28-10.29.43:614][  0]LogConfig: Setting CVar [[r.SkyAtmosphere.MultiScatteringLUT.SampleCount:15.0]]
[2024.07.28-10.29.43:614][  0]LogConfig: Setting CVar [[r.SkyLight.RealTimeReflectionCapture:1]]
[2024.07.28-10.29.43:614][  0]LogConfig: Applying CVar settings from Section [FoliageQuality@3] File [C:/Users/nanim/GitHub/InsectHeaven/InsectHeaven/Saved/Config/Windows/Scalability.ini]
[2024.07.28-10.29.43:614][  0]LogConfig: Setting CVar [[foliage.DensityScale:1.0]]
[2024.07.28-10.29.43:614][  0]LogConfig: Setting CVar [[grass.DensityScale:1.0]]
[2024.07.28-10.29.43:614][  0]LogConfig: Applying CVar settings from Section [ShadingQuality@3] File [C:/Users/nanim/GitHub/InsectHeaven/InsectHeaven/Saved/Config/Windows/Scalability.ini]
[2024.07.28-10.29.43:615][  0]LogConfig: Setting CVar [[r.HairStrands.SkyLighting.IntegrationType:2]]
[2024.07.28-10.29.43:615][  0]LogConfig: Setting CVar [[r.HairStrands.SkyAO.SampleCount:4]]
[2024.07.28-10.29.43:615][  0]LogConfig: Setting CVar [[r.HairStrands.Visibility.MSAA.SamplePerPixel:4]]
[2024.07.28-10.29.43:615][  0]LogInit: Selected Device Profile: [Windows]
[2024.07.28-10.29.43:615][  0]LogInit: Applying CVar settings loaded from the selected device profile: [Windows]
[2024.07.28-10.29.43:615][  0]LogHAL: Display: Platform has ~ 32 GB [33457160192 / 34359738368 / 32], which maps to Largest [LargestMinGB=32, LargerMinGB=12, DefaultMinGB=8, SmallerMinGB=6, SmallestMinGB=0)
[2024.07.28-10.29.43:615][  0]LogInit: Going up to parent DeviceProfile []
[2024.07.28-10.29.43:615][  0]LogConfig: Applying CVar settings from Section [ViewDistanceQuality@3] File [C:/Users/nanim/GitHub/InsectHeaven/InsectHeaven/Saved/Config/Windows/Scalability.ini]
[2024.07.28-10.29.43:615][  0]LogConfig: Setting CVar [[r.SkeletalMeshLODBias:0]]
[2024.07.28-10.29.43:615][  0]LogConfig: Setting CVar [[r.ViewDistanceScale:1.0]]
[2024.07.28-10.29.43:616][  0]LogConfig: Applying CVar settings from Section [AntiAliasingQuality@3] File [C:/Users/nanim/GitHub/InsectHeaven/InsectHeaven/Saved/Config/Windows/Scalability.ini]
[2024.07.28-10.29.43:616][  0]LogConfig: Setting CVar [[r.PostProcessAAQuality:4]]
[2024.07.28-10.29.43:616][  0]LogConfig: Applying CVar settings from Section [ShadowQuality@3] File [C:/Users/nanim/GitHub/InsectHeaven/InsectHeaven/Saved/Config/Windows/Scalability.ini]
[2024.07.28-10.29.43:616][  0]LogConfig: Setting CVar [[r.LightFunctionQuality:1]]
[2024.07.28-10.29.43:616][  0]LogConfig: Setting CVar [[r.ShadowQuality:5]]
[2024.07.28-10.29.43:616][  0]LogConfig: Setting CVar [[r.Shadow.CSM.MaxCascades:10]]
[2024.07.28-10.29.43:616][  0]LogConfig: Setting CVar [[r.Shadow.MaxResolution:2048]]
[2024.07.28-10.29.43:616][  0]LogConfig: Setting CVar [[r.Shadow.MaxCSMResolution:2048]]
[2024.07.28-10.29.43:616][  0]LogConfig: Setting CVar [[r.Shadow.RadiusThreshold:0.01]]
[2024.07.28-10.29.43:616][  0]LogConfig: Setting CVar [[r.Shadow.DistanceScale:1.0]]
[2024.07.28-10.29.43:617][  0]LogConfig: Setting CVar [[r.Shadow.CSM.TransitionScale:1.0]]
[2024.07.28-10.29.43:617][  0]LogConfig: Setting CVar [[r.Shadow.PreShadowResolutionFactor:1.0]]
[2024.07.28-10.29.43:617][  0]LogConfig: Setting CVar [[r.DistanceFieldShadowing:1]]
[2024.07.28-10.29.43:617][  0]LogConfig: Setting CVar [[r.DistanceFieldAO:1]]
[2024.07.28-10.29.43:617][  0]LogConfig: Setting CVar [[r.AOQuality:2]]
[2024.07.28-10.29.43:617][  0]LogConfig: Setting CVar [[r.VolumetricFog:1]]
[2024.07.28-10.29.43:617][  0]LogConfig: Setting CVar [[r.VolumetricFog.GridPixelSize:8]]
[2024.07.28-10.29.43:617][  0]LogConfig: Setting CVar [[r.VolumetricFog.GridSizeZ:128]]
[2024.07.28-10.29.43:617][  0]LogConfig: Setting CVar [[r.VolumetricFog.HistoryMissSupersampleCount:4]]
[2024.07.28-10.29.43:618][  0]LogConfig: Setting CVar [[r.LightMaxDrawDistanceScale:1]]
[2024.07.28-10.29.43:618][  0]LogConfig: Setting CVar [[r.CapsuleShadows:1]]
[2024.07.28-10.29.43:618][  0]LogConfig: Applying CVar settings from Section [PostProcessQuality@3] File [C:/Users/nanim/GitHub/InsectHeaven/InsectHeaven/Saved/Config/Windows/Scalability.ini]
[2024.07.28-10.29.43:618][  0]LogConfig: Setting CVar [[r.MotionBlurQuality:4]]
[2024.07.28-10.29.43:618][  0]LogConfig: Setting CVar [[r.AmbientOcclusionMipLevelFactor:0.4]]
[2024.07.28-10.29.43:618][  0]LogConfig: Setting CVar [[r.AmbientOcclusionMaxQuality:100]]
[2024.07.28-10.29.43:618][  0]LogConfig: Setting CVar [[r.AmbientOcclusionLevels:-1]]
[2024.07.28-10.29.43:618][  0]LogConfig: Setting CVar [[r.AmbientOcclusionRadiusScale:1.0]]
[2024.07.28-10.29.43:618][  0]LogConfig: Setting CVar [[r.DepthOfFieldQuality:2]]
[2024.07.28-10.29.43:619][  0]LogConfig: Setting CVar [[r.RenderTargetPoolMin:400]]
[2024.07.28-10.29.43:619][  0]LogConfig: Setting CVar [[r.LensFlareQuality:2]]
[2024.07.28-10.29.43:619][  0]LogConfig: Setting CVar [[r.SceneColorFringeQuality:1]]
[2024.07.28-10.29.43:619][  0]LogConfig: Setting CVar [[r.EyeAdaptationQuality:2]]
[2024.07.28-10.29.43:619][  0]LogConfig: Setting CVar [[r.BloomQuality:5]]
[2024.07.28-10.29.43:619][  0]LogConfig: Setting CVar [[r.FastBlurThreshold:100]]
[2024.07.28-10.29.43:619][  0]LogConfig: Setting CVar [[r.Upscale.Quality:3]]
[2024.07.28-10.29.43:619][  0]LogConfig: Setting CVar [[r.Tonemapper.GrainQuantization:1]]
[2024.07.28-10.29.43:619][  0]LogConfig: Setting CVar [[r.LightShaftQuality:1]]
[2024.07.28-10.29.43:619][  0]LogConfig: Setting CVar [[r.Filter.SizeScale:1]]
[2024.07.28-10.29.43:620][  0]LogConfig: Setting CVar [[r.Tonemapper.Quality:5]]
[2024.07.28-10.29.43:620][  0]LogConfig: Setting CVar [[r.DOF.Gather.AccumulatorQuality:1        ; higher gathering accumulator quality]]
[2024.07.28-10.29.43:620][  0]LogConfig: Setting CVar [[r.DOF.Gather.PostfilterMethod:1          ; Median3x3 postfilering method]]
[2024.07.28-10.29.43:620][  0]LogConfig: Setting CVar [[r.DOF.Gather.EnableBokehSettings:0       ; no bokeh simulation when gathering]]
[2024.07.28-10.29.43:620][  0]LogConfig: Setting CVar [[r.DOF.Gather.RingCount:4                 ; medium number of samples when gathering]]
[2024.07.28-10.29.43:620][  0]LogConfig: Setting CVar [[r.DOF.Scatter.ForegroundCompositing:1    ; additive foreground scattering]]
[2024.07.28-10.29.43:620][  0]LogConfig: Setting CVar [[r.DOF.Scatter.BackgroundCompositing:2    ; additive background scattering]]
[2024.07.28-10.29.43:620][  0]LogConfig: Setting CVar [[r.DOF.Scatter.EnableBokehSettings:1      ; bokeh simulation when scattering]]
[2024.07.28-10.29.43:620][  0]LogConfig: Setting CVar [[r.DOF.Scatter.MaxSpriteRatio:0.1         ; only a maximum of 10% of scattered bokeh]]
[2024.07.28-10.29.43:620][  0]LogConfig: Setting CVar [[r.DOF.Recombine.Quality:1                ; cheap slight out of focus]]
[2024.07.28-10.29.43:621][  0]LogConfig: Setting CVar [[r.DOF.Recombine.EnableBokehSettings:0    ; no bokeh simulation on slight out of focus]]
[2024.07.28-10.29.43:621][  0]LogConfig: Setting CVar [[r.DOF.TemporalAAQuality:1                ; more stable temporal accumulation]]
[2024.07.28-10.29.43:621][  0]LogConfig: Setting CVar [[r.DOF.Kernel.MaxForegroundRadius:0.025]]
[2024.07.28-10.29.43:621][  0]LogConfig: Setting CVar [[r.DOF.Kernel.MaxBackgroundRadius:0.025]]
[2024.07.28-10.29.43:621][  0]LogConfig: Applying CVar settings from Section [TextureQuality@3] File [C:/Users/nanim/GitHub/InsectHeaven/InsectHeaven/Saved/Config/Windows/Scalability.ini]
[2024.07.28-10.29.43:621][  0]LogConfig: Setting CVar [[r.Streaming.MipBias:0]]
[2024.07.28-10.29.43:621][  0]LogConfig: Setting CVar [[r.Streaming.AmortizeCPUToGPUCopy:0]]
[2024.07.28-10.29.43:621][  0]LogConfig: Setting CVar [[r.Streaming.MaxNumTexturesToStreamPerFrame:0]]
[2024.07.28-10.29.43:621][  0]LogConfig: Setting CVar [[r.Streaming.Boost:1]]
[2024.07.28-10.29.43:621][  0]LogConfig: Setting CVar [[r.MaxAnisotropy:8]]
[2024.07.28-10.29.43:622][  0]LogConfig: Setting CVar [[r.VT.MaxAnisotropy:8]]
[2024.07.28-10.29.43:622][  0]LogConfig: Setting CVar [[r.Streaming.LimitPoolSizeToVRAM:0]]
[2024.07.28-10.29.43:622][  0]LogConfig: Setting CVar [[r.Streaming.PoolSize:1000]]
[2024.07.28-10.29.43:622][  0]LogConfig: Setting CVar [[r.Streaming.MaxEffectiveScreenSize:0]]
[2024.07.28-10.29.43:622][  0]LogConfig: Applying CVar settings from Section [EffectsQuality@3] File [C:/Users/nanim/GitHub/InsectHeaven/InsectHeaven/Saved/Config/Windows/Scalability.ini]
[2024.07.28-10.29.43:622][  0]LogConfig: Setting CVar [[r.TranslucencyLightingVolumeDim:64]]
[2024.07.28-10.29.43:622][  0]LogConfig: Setting CVar [[r.RefractionQuality:2]]
[2024.07.28-10.29.43:622][  0]LogConfig: Setting CVar [[r.SSR.Quality:3]]
[2024.07.28-10.29.43:623][  0]LogConfig: Setting CVar [[r.SSR.HalfResSceneColor:0]]
[2024.07.28-10.29.43:623][  0]LogConfig: Setting CVar [[r.SceneColorFormat:4]]
[2024.07.28-10.29.43:623][  0]LogConfig: Setting CVar [[r.DetailMode:2]]
[2024.07.28-10.29.43:623][  0]LogConfig: Setting CVar [[r.TranslucencyVolumeBlur:1]]
[2024.07.28-10.29.43:623][  0]LogConfig: Setting CVar [[r.MaterialQualityLevel:1 ; High quality]]
[2024.07.28-10.29.43:623][  0]LogConfig: Setting CVar [[r.AnisotropicMaterials:1]]
[2024.07.28-10.29.43:623][  0]LogConfig: Setting CVar [[r.SSS.Scale:1]]
[2024.07.28-10.29.43:623][  0]LogConfig: Setting CVar [[r.SSS.SampleSet:2]]
[2024.07.28-10.29.43:623][  0]LogConfig: Setting CVar [[r.SSS.Quality:1]]
[2024.07.28-10.29.43:623][  0]LogConfig: Setting CVar [[r.SSS.HalfRes:0]]
[2024.07.28-10.29.43:623][  0]LogConfig: Setting CVar [[r.SSGI.Quality:3]]
[2024.07.28-10.29.43:624][  0]LogConfig: Setting CVar [[r.EmitterSpawnRateScale:1.0]]
[2024.07.28-10.29.43:624][  0]LogConfig: Setting CVar [[r.ParticleLightQuality:2]]
[2024.07.28-10.29.43:624][  0]LogConfig: Setting CVar [[r.SkyAtmosphere.AerialPerspectiveLUT.FastApplyOnOpaque:1 ; Always have FastSkyLUT 1 in this case to avoid wrong sky]]
[2024.07.28-10.29.43:624][  0]LogConfig: Setting CVar [[r.SkyAtmosphere.AerialPerspectiveLUT.SampleCountMaxPerSlice:4]]
[2024.07.28-10.29.43:624][  0]LogConfig: Setting CVar [[r.SkyAtmosphere.AerialPerspectiveLUT.DepthResolution:16.0]]
[2024.07.28-10.29.43:624][  0]LogConfig: Setting CVar [[r.SkyAtmosphere.FastSkyLUT:1]]
[2024.07.28-10.29.43:624][  0]LogConfig: Setting CVar [[r.SkyAtmosphere.FastSkyLUT.SampleCountMin:4.0]]
[2024.07.28-10.29.43:624][  0]LogConfig: Setting CVar [[r.SkyAtmosphere.FastSkyLUT.SampleCountMax:128.0]]
[2024.07.28-10.29.43:624][  0]LogConfig: Setting CVar [[r.SkyAtmosphere.SampleCountMin:4.0]]
[2024.07.28-10.29.43:624][  0]LogConfig: Setting CVar [[r.SkyAtmosphere.SampleCountMax:128.0]]
[2024.07.28-10.29.43:625][  0]LogConfig: Setting CVar [[r.SkyAtmosphere.TransmittanceLUT.UseSmallFormat:0]]
[2024.07.28-10.29.43:625][  0]LogConfig: Setting CVar [[r.SkyAtmosphere.TransmittanceLUT.SampleCount:10.0]]
[2024.07.28-10.29.43:625][  0]LogConfig: Setting CVar [[r.SkyAtmosphere.MultiScatteringLUT.SampleCount:15.0]]
[2024.07.28-10.29.43:625][  0]LogConfig: Setting CVar [[r.SkyLight.RealTimeReflectionCapture:1]]
[2024.07.28-10.29.43:625][  0]LogConfig: Applying CVar settings from Section [FoliageQuality@3] File [C:/Users/nanim/GitHub/InsectHeaven/InsectHeaven/Saved/Config/Windows/Scalability.ini]
[2024.07.28-10.29.43:625][  0]LogConfig: Setting CVar [[foliage.DensityScale:1.0]]
[2024.07.28-10.29.43:625][  0]LogConfig: Setting CVar [[grass.DensityScale:1.0]]
[2024.07.28-10.29.43:625][  0]LogConfig: Applying CVar settings from Section [ShadingQuality@3] File [C:/Users/nanim/GitHub/InsectHeaven/InsectHeaven/Saved/Config/Windows/Scalability.ini]
[2024.07.28-10.29.43:625][  0]LogConfig: Setting CVar [[r.HairStrands.SkyLighting.IntegrationType:2]]
[2024.07.28-10.29.43:625][  0]LogConfig: Setting CVar [[r.HairStrands.SkyAO.SampleCount:4]]
[2024.07.28-10.29.43:625][  0]LogConfig: Setting CVar [[r.HairStrands.Visibility.MSAA.SamplePerPixel:4]]
[2024.07.28-10.29.43:626][  0]LogConfig: Applying CVar settings from Section [Startup] File [../../../Engine/Config/ConsoleVariables.ini]
[2024.07.28-10.29.43:626][  0]LogConfig: Setting CVar [[net.UseAdaptiveNetUpdateFrequency:0]]
[2024.07.28-10.29.43:626][  0]LogConfig: Setting CVar [[p.chaos.AllowCreatePhysxBodies:1]]
[2024.07.28-10.29.43:626][  0]LogConfig: Setting CVar [[fx.SkipVectorVMBackendOptimizations:1]]
[2024.07.28-10.29.43:626][  0]LogConfig: Applying CVar settings from Section [ConsoleVariables] File [C:/Users/nanim/GitHub/InsectHeaven/InsectHeaven/Saved/Config/Windows/Engine.ini]
[2024.07.28-10.29.43:626][  0]LogConfig: Applying CVar settings from Section [ConsoleVariables] File [C:/Users/nanim/GitHub/InsectHeaven/InsectHeaven/Saved/Config/Windows/Editor.ini]
[2024.07.28-10.29.43:627][  0]LogInit: Computer: DESKTOP-NS5ONMH
[2024.07.28-10.29.43:627][  0]LogInit: User: nanim
[2024.07.28-10.29.43:627][  0]LogInit: CPU Page size=4096, Cores=12
[2024.07.28-10.29.43:627][  0]LogInit: High frequency timer resolution =10.000000 MHz
[2024.07.28-10.29.43:627][  0]LogMemory: Memory total: Physical=31.2GB (32GB approx)
[2024.07.28-10.29.43:627][  0]LogMemory: Platform Memory Stats for Windows
[2024.07.28-10.29.43:627][  0]LogMemory: Process Physical Memory: 152.66 MB used, 152.66 MB peak
[2024.07.28-10.29.43:627][  0]LogMemory: Process Virtual Memory: 133.98 MB used, 133.98 MB peak
[2024.07.28-10.29.43:627][  0]LogMemory: Physical Memory: 15795.90 MB used,  16111.33 MB free, 31907.23 MB total
[2024.07.28-10.29.43:628][  0]LogMemory: Virtual Memory: 134177360.00 MB used,  40367.63 MB free, 134217728.00 MB total
[2024.07.28-10.29.43:640][  0]LogWindows: WindowsPlatformFeatures enabled
[2024.07.28-10.29.43:745][  0]LogInit: Physics initialised using underlying interface: PhysX
[2024.07.28-10.29.43:747][  0]LogInit: Using OS detected language (ko-KR).
[2024.07.28-10.29.43:747][  0]LogInit: Using OS detected locale (ko-KR).
[2024.07.28-10.29.43:750][  0]LogTextLocalizationManager: No specific localization for 'ko-KR' exists, so the 'ko' localization will be used.
[2024.07.28-10.29.43:822][  0]LogInit: Setting process to per monitor DPI aware
[2024.07.28-10.29.43:953][  0]LogWindowsTextInputMethodSystem: Display: IME system deactivated.
[2024.07.28-10.29.43:983][  0]LogSlate: New Slate User Created.  User Index 0, Is Virtual User: 0
[2024.07.28-10.29.43:983][  0]LogSlate: Slate User Registered.  User Index 0, Is Virtual User: 0
[2024.07.28-10.29.44:136][  0]LogD3D11RHI: Loaded GFSDK_Aftermath_Lib.x64.dll
[2024.07.28-10.29.44:144][  0]LogHMD: Failed to initialize OpenVR with code 110
[2024.07.28-10.29.44:144][  0]LogD3D11RHI: D3D11 min allowed feature level: 11_0
[2024.07.28-10.29.44:144][  0]LogD3D11RHI: D3D11 max allowed feature level: 11_0
[2024.07.28-10.29.44:144][  0]LogD3D11RHI: D3D11 adapters:
[2024.07.28-10.29.44:242][  0]LogD3D11RHI:    0. 'AMD Radeon RX 7900 XTX' (Feature Level 11_0)
[2024.07.28-10.29.44:242][  0]LogD3D11RHI:       24515/0/15953 MB DedicatedVideo/DedicatedSystem/SharedSystem, Outputs:2, VendorId:0x1002
[2024.07.28-10.29.44:301][  0]LogD3D11RHI:    1. 'AMD Radeon(TM) Graphics' (Feature Level 11_0)
[2024.07.28-10.29.44:302][  0]LogD3D11RHI:       485/0/15953 MB DedicatedVideo/DedicatedSystem/SharedSystem, Outputs:0, VendorId:0x1002
[2024.07.28-10.29.44:307][  0]LogD3D11RHI:    2. 'Microsoft Basic Render Driver' (Feature Level 11_0)
[2024.07.28-10.29.44:307][  0]LogD3D11RHI:       0/0/15953 MB DedicatedVideo/DedicatedSystem/SharedSystem, Outputs:0, VendorId:0x1414
[2024.07.28-10.29.44:307][  0]LogD3D11RHI: Chosen D3D11 Adapter:
[2024.07.28-10.29.44:307][  0]LogD3D11RHI:     Description : AMD Radeon RX 7900 XTX
[2024.07.28-10.29.44:307][  0]LogD3D11RHI:     VendorId    : 1002
[2024.07.28-10.29.44:307][  0]LogD3D11RHI:     DeviceId    : 744c
[2024.07.28-10.29.44:307][  0]LogD3D11RHI:     SubSysId    : e3b1002
[2024.07.28-10.29.44:307][  0]LogD3D11RHI:     Revision    : 00c8
[2024.07.28-10.29.44:307][  0]LogD3D11RHI:     DedicatedVideoMemory : 25706012672 bytes
[2024.07.28-10.29.44:307][  0]LogD3D11RHI:     DedicatedSystemMemory : 0 bytes
[2024.07.28-10.29.44:307][  0]LogD3D11RHI:     SharedSystemMemory : 16728580096 bytes
[2024.07.28-10.29.44:307][  0]LogD3D11RHI:     AdapterLuid : 0 69666
[2024.07.28-10.29.44:313][  0]LogD3D11RHI: Creating new Direct3DDevice
[2024.07.28-10.29.44:313][  0]LogD3D11RHI:     GPU DeviceId: 0x744c (for the marketing name, search the web for "GPU Device Id")
[2024.07.28-10.29.44:313][  0]LogWindows: EnumDisplayDevices:
[2024.07.28-10.29.44:313][  0]LogWindows:    0. 'AMD Radeon RX 7900 XTX' (P:1 D:1)
[2024.07.28-10.29.44:314][  0]LogWindows:    1. 'AMD Radeon RX 7900 XTX' (P:0 D:1)
[2024.07.28-10.29.44:315][  0]LogWindows:    2. 'AMD Radeon RX 7900 XTX' (P:0 D:0)
[2024.07.28-10.29.44:316][  0]LogWindows:    3. 'AMD Radeon RX 7900 XTX' (P:0 D:0)
[2024.07.28-10.29.44:317][  0]LogWindows:    4. 'AMD Radeon RX 7900 XTX' (P:0 D:0)
[2024.07.28-10.29.44:317][  0]LogWindows:    5. 'AMD Radeon(TM) Graphics' (P:0 D:0)
[2024.07.28-10.29.44:318][  0]LogWindows:    6. 'AMD Radeon(TM) Graphics' (P:0 D:0)
[2024.07.28-10.29.44:319][  0]LogWindows:    7. 'AMD Radeon(TM) Graphics' (P:0 D:0)
[2024.07.28-10.29.44:320][  0]LogWindows:    8. 'AMD Radeon(TM) Graphics' (P:0 D:0)
[2024.07.28-10.29.44:321][  0]LogWindows:    9. 'AMD Radeon(TM) Graphics' (P:0 D:0)
[2024.07.28-10.29.44:322][  0]LogWindows: DebugString: PrimaryIsNotTheChoosenAdapter PrimaryIsNotTheChoosenAdapter PrimaryIsNotTheChoosenAdapter PrimaryIsNotTheChoosenAdapter PrimaryIsNotTheChoosenAdapter FoundDriverCount:5 
[2024.07.28-10.29.44:322][  0]LogD3D11RHI:     Adapter Name: AMD Radeon RX 7900 XTX
[2024.07.28-10.29.44:322][  0]LogD3D11RHI:   Driver Version: AMD Software: Adrenalin Edition 23.8.1 (internal:31.0.21029.1006, unified:31.0.21029.1006)
[2024.07.28-10.29.44:322][  0]LogD3D11RHI:      Driver Date: 8-14-2023
[2024.07.28-10.29.44:322][  0]LogRHI: Texture pool is 16623 MB (70% of 23747 MB)
[2024.07.28-10.29.44:364][  0]LogD3D11RHI: Creating D3DDevice with AMD AGS, using adapter:
[2024.07.28-10.29.44:364][  0]LogD3D11RHI:     Description : AMD Radeon RX 7900 XTX
[2024.07.28-10.29.44:365][  0]LogD3D11RHI:     VendorId    : 1002
[2024.07.28-10.29.44:365][  0]LogD3D11RHI:     DeviceId    : 744c
[2024.07.28-10.29.44:365][  0]LogD3D11RHI:     SubSysId    : e3b1002
[2024.07.28-10.29.44:365][  0]LogD3D11RHI:     Revision    : 00c8
[2024.07.28-10.29.44:365][  0]LogD3D11RHI:     DedicatedVideoMemory : 25706012672 bytes
[2024.07.28-10.29.44:365][  0]LogD3D11RHI:     DedicatedSystemMemory : 0 bytes
[2024.07.28-10.29.44:365][  0]LogD3D11RHI:     SharedSystemMemory : 16728580096 bytes
[2024.07.28-10.29.44:365][  0]LogD3D11RHI:     AdapterLuid : 0 69666
[2024.07.28-10.29.44:430][  0]LogD3D11RHI: Created device via AGS, feature level 11_0, supported extensions 1fffffbf.
[2024.07.28-10.29.44:430][  0]LogD3D11RHI: RHI has support for 64 bit atomics
[2024.07.28-10.29.44:430][  0]LogD3D11RHI: Async texture creation enabled
[2024.07.28-10.29.44:430][  0]LogD3D11RHI: Array index from any shader is supported
[2024.07.28-10.29.44:440][  0]LogD3D11RHI: GPU Timing Frequency: 100.000000 (Debug: 2 1)
[2024.07.28-10.29.44:682][  0]LogTargetPlatformManager: Display: Loaded TargetPlatform 'AllDesktop'
[2024.07.28-10.29.44:703][  0]LogTargetPlatformManager: Display: Loaded TargetPlatform 'Android'
[2024.07.28-10.29.44:703][  0]LogTargetPlatformManager: Display: Loaded TargetPlatform 'Android_ASTC'
[2024.07.28-10.29.44:703][  0]LogTargetPlatformManager: Display: Loaded TargetPlatform 'Android_DXT'
[2024.07.28-10.29.44:703][  0]LogTargetPlatformManager: Display: Loaded TargetPlatform 'Android_ETC2'
[2024.07.28-10.29.44:703][  0]LogTargetPlatformManager: Display: Loaded TargetPlatform 'AndroidClient'
[2024.07.28-10.29.44:703][  0]LogTargetPlatformManager: Display: Loaded TargetPlatform 'Android_ASTCClient'
[2024.07.28-10.29.44:703][  0]LogTargetPlatformManager: Display: Loaded TargetPlatform 'Android_DXTClient'
[2024.07.28-10.29.44:704][  0]LogTargetPlatformManager: Display: Loaded TargetPlatform 'Android_ETC2Client'
[2024.07.28-10.29.44:704][  0]LogTargetPlatformManager: Display: Loaded TargetPlatform 'Android_Multi'
[2024.07.28-10.29.44:704][  0]LogTargetPlatformManager: Display: Loaded TargetPlatform 'Android_MultiClient'
[2024.07.28-10.29.44:732][  0]LogTargetPlatformManager: Display: Loaded TargetPlatform 'IOSClient'
[2024.07.28-10.29.44:732][  0]LogTargetPlatformManager: Display: Loaded TargetPlatform 'IOS'
[2024.07.28-10.29.44:744][  0]LogTargetPlatformManager: Display: Loaded TargetPlatform 'Linux'
[2024.07.28-10.29.44:752][  0]LogTargetPlatformManager: Display: Loaded TargetPlatform 'LinuxNoEditor'
[2024.07.28-10.29.44:761][  0]LogTargetPlatformManager: Display: Loaded TargetPlatform 'LinuxClient'
[2024.07.28-10.29.44:770][  0]LogTargetPlatformManager: Display: Loaded TargetPlatform 'LinuxServer'
[2024.07.28-10.29.44:781][  0]LogTargetPlatformManager: Display: Loaded TargetPlatform 'LinuxAArch64NoEditor'
[2024.07.28-10.29.44:789][  0]LogTargetPlatformManager: Display: Loaded TargetPlatform 'LinuxAArch64Client'
[2024.07.28-10.29.44:798][  0]LogTargetPlatformManager: Display: Loaded TargetPlatform 'LinuxAArch64Server'
[2024.07.28-10.29.44:819][  0]LogTargetPlatformManager: Display: Loaded TargetPlatform 'Lumin'
[2024.07.28-10.29.44:820][  0]LogTargetPlatformManager: Display: Loaded TargetPlatform 'LuminClient'
[2024.07.28-10.29.44:830][  0]LogTargetPlatformManager: Display: Loaded TargetPlatform 'MacNoEditor'
[2024.07.28-10.29.44:839][  0]LogTargetPlatformManager: Display: Loaded TargetPlatform 'Mac'
[2024.07.28-10.29.44:846][  0]LogTargetPlatformManager: Display: Loaded TargetPlatform 'MacClient'
[2024.07.28-10.29.44:855][  0]LogTargetPlatformManager: Display: Loaded TargetPlatform 'MacServer'
[2024.07.28-10.29.44:868][  0]LogTargetPlatformManager: Display: Loaded TargetPlatform 'TVOSClient'
[2024.07.28-10.29.44:868][  0]LogTargetPlatformManager: Display: Loaded TargetPlatform 'TVOS'
[2024.07.28-10.29.44:879][  0]LogTargetPlatformManager: Display: Loaded TargetPlatform 'WindowsNoEditor'
[2024.07.28-10.29.44:888][  0]LogTargetPlatformManager: Display: Loaded TargetPlatform 'Windows'
[2024.07.28-10.29.44:896][  0]LogTargetPlatformManager: Display: Loaded TargetPlatform 'WindowsClient'
[2024.07.28-10.29.44:905][  0]LogTargetPlatformManager: Display: Loaded TargetPlatform 'WindowsServer'
[2024.07.28-10.29.44:906][  0]LogTargetPlatformManager: Display: Building Assets For Windows
[2024.07.28-10.29.44:935][  0]LogAudioDebug: Display: Lib vorbis DLL was dynamically loaded.
[2024.07.28-10.29.45:031][  0]LogTextureFormatOodle: Display: Oodle Texture 2.9.0 init RDO Off
[2024.07.28-10.29.45:113][  0]LogRendererCore: Ray tracing is disabled. Reason: r.RayTracing=0.
[2024.07.28-10.29.45:113][  0]LogShaderCompilers: Guid format shader working directory is -13 characters bigger than the processId version (../../../../../Users/nanim/GitHub/InsectHeaven/InsectHeaven/Intermediate/Shaders/WorkingDirectory/6984/).
[2024.07.28-10.29.45:113][  0]LogShaderCompilers: Cleaned the shader compiler working directory 'C:/Users/nanim/AppData/Local/Temp/UnrealShaderWorkingDir/F11EF5E64B2A1B4FB085A799B9E5D962/'.
[2024.07.28-10.29.45:114][  0]LogXGEController: Cannot use XGE Controller as Incredibuild is not installed on this machine.
[2024.07.28-10.29.45:114][  0]LogShaderCompilers: Cannot use XGE Shader Compiler as Incredibuild is not installed on this machine.
[2024.07.28-10.29.45:114][  0]LogShaderCompilers: Display: Using Local Shader Compiler.
[2024.07.28-10.29.45:580][  0]LogDerivedDataCache: Display: Max Cache Size: 512 MB
[2024.07.28-10.29.45:630][  0]LogDerivedDataCache: Loaded boot cache 0.05s 94MB C:/Users/nanim/AppData/Local/UnrealEngine/4.27/DerivedDataCache/Boot.ddc.
[2024.07.28-10.29.45:631][  0]LogDerivedDataCache: Display: Loaded Boot cache: C:/Users/nanim/AppData/Local/UnrealEngine/4.27/DerivedDataCache/Boot.ddc
[2024.07.28-10.29.45:631][  0]LogDerivedDataCache: FDerivedDataBackendGraph:  Pak pak cache file ../../../../../Users/nanim/GitHub/InsectHeaven/InsectHeaven/DerivedDataCache/DDC.ddp not found, will not use a pak cache.
[2024.07.28-10.29.45:631][  0]LogDerivedDataCache: Unable to find inner node Pak for hierarchical cache Hierarchy.
[2024.07.28-10.29.45:631][  0]LogDerivedDataCache: FDerivedDataBackendGraph:  CompressedPak pak cache file ../../../../../Users/nanim/GitHub/InsectHeaven/InsectHeaven/DerivedDataCache/Compressed.ddp not found, will not use a pak cache.
[2024.07.28-10.29.45:631][  0]LogDerivedDataCache: Unable to find inner node CompressedPak for hierarchical cache Hierarchy.
[2024.07.28-10.29.45:643][  0]LogDerivedDataCache: Display: Pak cache opened for reading ../../../Engine/DerivedDataCache/Compressed.ddp.
[2024.07.28-10.29.45:643][  0]LogDerivedDataCache: FDerivedDataBackendGraph:  EnterprisePak pak cache file ../../../Enterprise/DerivedDataCache/Compressed.ddp not found, will not use a pak cache.
[2024.07.28-10.29.45:643][  0]LogDerivedDataCache: Unable to find inner node EnterprisePak for hierarchical cache Hierarchy.
[2024.07.28-10.29.45:678][  0]LogDerivedDataCache: Speed tests for C:/Users/nanim/AppData/Local/UnrealEngine/Common/DerivedDataCache took 0.03 seconds
[2024.07.28-10.29.45:678][  0]LogDerivedDataCache: Display: Performance to C:/Users/nanim/AppData/Local/UnrealEngine/Common/DerivedDataCache: Latency=0.04ms. RandomReadSpeed=764.55MBs, RandomWriteSpeed=28.25MBs. Assigned SpeedClass 'Local'
[2024.07.28-10.29.45:679][  0]LogDerivedDataCache: Using Local data cache path C:/Users/nanim/AppData/Local/UnrealEngine/Common/DerivedDataCache: Writable
[2024.07.28-10.29.45:680][  0]LogDerivedDataCache: Shared data cache path not found in *engine.ini, will not use an Shared cache.
[2024.07.28-10.29.45:680][  0]LogDerivedDataCache: Unable to find inner node Shared for hierarchical cache Hierarchy.
[2024.07.28-10.29.45:705][  0]LogSlate: Using FreeType 2.10.0
[2024.07.28-10.29.45:706][  0]LogSlate: SlateFontServices - WITH_FREETYPE: 1, WITH_HARFBUZZ: 1
[2024.07.28-10.29.45:725][  0]LogAssetRegistry: FAssetRegistry took 0.0021 seconds to start up
[2024.07.28-10.29.45:867][  0]LogInit: Selected Device Profile: [Windows]
[2024.07.28-10.29.45:867][  0]LogInit: Active device profile: [000001F7E6BB5400][000001F7E518A540 49] Windows
[2024.07.28-10.29.45:868][  0]LogInit: Profiles: [000001F7E6BB5400][000001F7E518A540 49] Windows, [000001F7E6B62A00][000001F7E5AE2680 49] WindowsNoEditor, [000001F7E6BB7100][000001F7DD7307C0 49] WindowsServer, [000001F7E6B47F00][000001F7DD734900 49] WindowsClient, [000001F7E6B63C00][000001F7DD73CA80 49] IOS, [000001F7E6B45700][000001F7DD740C00 49] iPadAir, [000001F7E6B62200][000001F7DD744D80 49] iPadAir2, [000001F7E6B08400][000001F7DD74D040 49] IPadPro, [000001F7E6B08500][000001F7DD749080 49] iPadAir3, [000001F7E6B45900][000001F7DD751200 49] iPadAir4, [000001F7E6B0B000][000001F7DD755380 49] iPadMini2, [000001F7E6B47D00][000001F7DD759500 49] iPadMini3, [000001F7E6B08B00][000001F7DD75D680 49] iPadMini4, [000001F7E6B44A00][000001F7DD761800 49] iPadMini5, [000001F7E6AF7C00][000001F7E4E4BAC0 49] iPhone6, [000001F7E6AF7D00][000001F7DD765B00 49] iPodTouch6, [000001F7E6BB6500][000001F7E4E52240 49] iPhone7, [000001F7E6BB6300][000001F7E4E4E280 49] iPodTouch7, [000001F7E6AF4600][000001F7E4E56400 49] iPhone5S, [000001F7E6B0AE00][000001F7E4E5A580 49] iPhone6Plus, [000001F7E6AF5F00][000001F7E4E5E700 49] iPhone6S, [000001F7E6B09300][000001F7DD738840 49] iPhone6SPlus, [000001F7E6BB5300][000001F7E4E62980 49] iPhone7Plus, [000001F7E6B0AA00][000001F7E4E66AC0 49] iPhoneSE, [000001F7E6BB4B00][000001F7E4E6EC40 49] iPhone8, [000001F7E6B0A400][000001F7E4E72DC0 49] iPhone8Plus, [000001F7E6BB4100][000001F7E4E76F40 49] iPhoneX, [000001F7E6B09000][000001F7E4E7B0C0 49] iPhoneXS, [000001F7E6BB5800][000001F7E4E7F240 49] iPhoneXSMax, [000001F7E6B0B800][000001F7E4E833C0 49] iPhoneXR, [000001F7E6BB6D00][000001F7E4E87540 49] iPhone11, [000001F7E6B09F00][000001F7E4E8B6C0 49] iPhone11Pro, [000001F7E6BB7600][000001F7E4E8F840 49] iPhone11ProMax, [000001F7E6B09A00][000001F7E2CF59C0 49] iPhoneSE2, [000001F7E6BB5F00][000001F7E2CF9B40 49] iPhone12Mini, [000001F7E6B08900][000001F7E2CFC140 49] iPhone12, [000001F7E6BB5000][000001F7E2D002C0 49] iPhone12Pro, [000001F7E6B09C00][000001F7E2D04440 49] iPhone12ProMax, [000001F7E6BB5B00][000001F7E2D085C0 49] iPadPro105, [000001F7E6B08A00][000001F7E2D0C740 49] iPadPro129, [000001F7E6BB6700][000001F7E2D108C0 49] iPadPro97, [000001F7E6B08C00][000001F7E4E6AA00 49] iPadPro2_129, [000001F7E6BB6E00][000001F7E2D14B40 49] iPad5, [000001F7E6B09E00][000001F7E2D18C80 49] iPad6, [000001F7E6BB6100][000001F7E2D1CDC0 49] iPad7, [000001F7E6B0AF00][000001F7E2D24F40 49] iPad8, [000001F7E6BB4D00][000001F7E2D290C0 49] iPadPro11, [000001F7E6B0BA00][000001F7E2D2D240 49] iPadPro2_11, [000001F7E6BB4400][000001F7E2D313C0 49] iPadPro3_129, [000001F7E6B09900][000001F7E2D35540 49] iPadPro4_129, [000001F7E6BB7700][000001F7E2D396C0 49] AppleTV, [000001F7E6B0B900][000001F7E2D3D840 49] AppleTV4K, [000001F7E6BB6800][000001F7E4DDB9C0 49] TVOS, [000001F7E6B0A500][000001F7E4DDFB40 49] Mac, [000001F7E6BB7800][000001F7E4DE2140 49] MacClient, [000001F7E6B09B00][000001F7E4E302C0 49] MacNoEditor, [000001F7E6BB4600][000001F7E4E34440 49] MacServer, [000001F7E6B0B400][000001F7E4E385C0 49] Linux, [000001F7E6BB4200][000001F7E4E40740 49] LinuxAArch64, [000001F7E6B08300][000001F7E5BAC8C0 49] LinuxNoEditor, [000001F7E6BB7C00][000001F7DD476A40 49] LinuxAArch64NoEditor, [000001F7E6B09100][000001F7E2D20B80 49] LinuxClient, [000001F7E6BB6F00][000001F7DD4E2CC0 49] LinuxAArch64Client, [000001F7E6B08F00][000001F7DD4E6E00 49] LinuxServer, [000001F7E6BB5700][000001F7DD4EAF40 49] LinuxAArch64Server, [000001F7E6B0A800][000001F7E5D7F0C0 49] Android, [000001F7E6B45B00][000001F7E5D87240 49] Android_Low, [000001F7E6AF4900][000001F7E5D8F3C0 49] Android_Mid, [000001F7E6B45E00][000001F7E5D97540 49] Android_High, [000001F7E6AF5900][000001F7E59976C0 49] Android_Default, [000001F7E6B46B00][000001F7E599B840 49] Android_Adreno4xx, [000001F7E6AF5100][000001F7E59A79C0 49] Android_Adreno5xx_Low, [000001F7E6B46100][000001F7E59ABB40 49] Android_Adreno5xx, [000001F7E6AF5600][000001F7E5DBC140 49] Android_Adreno6xx, [000001F7E6B44B00][000001F7E5B2E2C0 49] Android_Adreno6xx_Vulkan, [000001F7E6AF4300][000001F7E5B32440 49] Android_Mali_T6xx, [000001F7E6B47C00][000001F7E5B365C0 49] Android_Mali_T7xx, [000001F7E6AF6600][000001F7E5B3A740 49] Android_Mali_T8xx, [000001F7E6B44C00][000001F7DF7EE8C0 49] Android_Mali_G71, [000001F7E6AF7100][000001F7DF7F2A40 49] Android_Mali_G72, [000001F7E6B44900][000001F7DD472BC0 49] Android_Mali_G72_Vulkan, [000001F7E6AF7700][000001F7DF7F6D40 49] Android_Mali_G76, [000001F7E6B46900][000001F7E5D7AE80 49] Android_Mali_G76_Vulkan, [000001F7E6AF5800][000001F7DF7FAFC0 49] Android_Mali_G77, [000001F7E6B47900][000001F7DF7FF100 49] Android_Mali_G77_Vulkan, [000001F7E6AF7000][000001F7DF807280 49] Android_Mali_G78, [000001F7E6B44500][000001F7E5D6B400 49] Android_Mali_G78_Vulkan, [000001F7E6AF4B00][000001F7E55D5580 49] Android_Mali_G710, [000001F7E6B47B00][000001F7E55E5700 49] Android_Mali_G710_Vulkan, [000001F7E6AF4F00][000001F7E55ED880 49] Android_Vulkan_SM5, [000001F7E6B46000][000001F7E5715A00 49] Android_PowerVR_G6xxx, [000001F7E6AF4200][000001F7E5719B80 49] Android_PowerVR_GT7xxx, [000001F7E6B44F00][000001F7E571C180 49] Android_PowerVR_GE8xxx, [000001F7E6AF6D00][000001F7E5720300 49] Android_PowerVR_GM9xxx, [000001F7E6B0B200][000001F7E5724480 49] Android_PowerVR_GM9xxx_Vulkan, [000001F7E6AF7F00][000001F7E5728600 49] Android_TegraK1, [000001F7E6B0B100][000001F7E572C780 49] Android_Unknown_Vulkan, [000001F7E6AF4D00][000001F7E5730900 49] Lumin, [000001F7E6B09800][000001F7E5734A80 49] Lumin_Desktop, [000001F7E6AF4400][000001F7E5738C00 49] HoloLens, 
[2024.07.28-10.29.46:008][  0]LogMeshReduction: Using QuadricMeshReduction for automatic static mesh reduction
[2024.07.28-10.29.46:008][  0]LogMeshReduction: Using SimplygonMeshReduction for automatic skeletal mesh reduction
[2024.07.28-10.29.46:009][  0]LogMeshReduction: Using ProxyLODMeshReduction for automatic mesh merging
[2024.07.28-10.29.46:009][  0]LogMeshReduction: No distributed automatic mesh merging module available
[2024.07.28-10.29.46:009][  0]LogMeshMerging: No distributed automatic mesh merging module available
[2024.07.28-10.29.46:027][  0]LogNetVersion: InsectHeaven 1.0.0, NetCL: 17155196, EngineNetVer: 17, GameNetVer: 0 (Checksum: 3375795940)
[2024.07.28-10.29.46:266][  0]LogTexture: Default maximum texture size for cubemaps generated from long-lat sources has been changed from 512 to unlimited. In order to preserve old behaiour for '/Engine/MapTemplates/Sky/DaylightAmbientCubemap.DaylightAmbientCubemap', its maximum texture size has been explicitly set to 512.
[2024.07.28-10.29.46:297][  0]LogHMD: PokeAHoleMaterial loaded successfully
[2024.07.28-10.29.46:301][  0]LogUObjectArray: 17178 objects as part of root set at end of initial load.
[2024.07.28-10.29.46:301][  0]LogUObjectAllocator: 4302048 out of 0 bytes used by permanent object pool.
[2024.07.28-10.29.46:301][  0]LogUObjectArray: CloseDisregardForGC: 0/0 objects in disregard for GC pool
[2024.07.28-10.29.46:911][  0]LogNiagaraDebuggerClient: Niagara Debugger Client Initialized | Session: B0D5488E4E2EDB0A07F6E683188A2A97 | Instance: 658D286F4DC88D0258A1578B37F06A24 (DESKTOP-NS5ONMH-6984).
[2024.07.28-10.29.47:029][  0]LogTcpMessaging: Initializing TcpMessaging bridge
[2024.07.28-10.29.47:039][  0]LogUdpMessaging: Initializing bridge on interface 0.0.0.0:0 to multicast group 230.0.0.1:6666.
[2024.07.28-10.29.47:221][  0]LogPython: Using Python 3.7.7
[2024.07.28-10.29.48:032][  0]SourceControl: 소스 컨트롤이 꺼졌습니다.
[2024.07.28-10.29.48:032][  0]SourceControl: 소스 컨트롤이 꺼졌습니다.
[2024.07.28-10.29.48:041][  0]SourceControl: 소스 컨트롤이 꺼졌습니다.
[2024.07.28-10.29.48:049][  0]SourceControl: 소스 컨트롤이 꺼졌습니다.
[2024.07.28-10.29.48:076][  0]SourceControl: 소스 컨트롤이 꺼졌습니다.
[2024.07.28-10.29.48:093][  0]LogUProjectInfo: Found projects:
[2024.07.28-10.29.48:666][  0]LogOpenImageDenoise: OIDN starting up
[2024.07.28-10.29.48:700][  0]LogAndroidPermission: UAndroidPermissionCallbackProxy::GetInstance
[2024.07.28-10.29.48:755][  0]LogAudioCaptureCore: Display: No Audio Capture implementations found. Audio input will be silent.
[2024.07.28-10.29.48:755][  0]LogAudioCaptureCore: Display: No Audio Capture implementations found. Audio input will be silent.
[2024.07.28-10.29.48:958][  0]LogCollectionManager: Loaded 0 collections in 0.001525 seconds
[2024.07.28-10.29.49:011][  0]LogFileCache: Scanning file cache for directory 'C:/Users/nanim/GitHub/InsectHeaven/InsectHeaven/Saved/Collections/' took 0.00s
[2024.07.28-10.29.49:011][  0]LogFileCache: Scanning file cache for directory 'C:/Users/nanim/GitHub/InsectHeaven/InsectHeaven/Content/Developers/nanim/Collections/' took 0.00s
[2024.07.28-10.29.49:011][  0]LogFileCache: Scanning file cache for directory 'C:/Users/nanim/GitHub/InsectHeaven/InsectHeaven/Content/Collections/' took 0.00s
[2024.07.28-10.29.49:011][  0]LogOcInput: OculusInput pre-init called
[2024.07.28-10.29.49:201][  0]LogClass: Warning: ObjectProperty FDialogueClip::formerAction is not initialized properly. Module:InsectHeaven File:Library/Dialogue/DialogueEditToolWidget.h
[2024.07.28-10.29.49:201][  0]LogClass: Warning: ObjectProperty FDialogueClip::nowAction is not initialized properly. Module:InsectHeaven File:Library/Dialogue/DialogueEditToolWidget.h
[2024.07.28-10.29.49:201][  0]LogClass: Display: IntProperty FCharacter_2D::Name is not initialized properly. Module:InsectHeaven File:Table/DataStruct/Character_2D.h
[2024.07.28-10.29.49:201][  0]LogClass: Display: IntProperty FCharacter_2D::ImageID is not initialized properly. Module:InsectHeaven File:Table/DataStruct/Character_2D.h
[2024.07.28-10.29.49:202][  0]LogClass: Display: IntProperty FResource_Widget::PathFile is not initialized properly. Module:InsectHeaven File:Table/DataStruct/Resource_Widget.h
[2024.07.28-10.29.49:202][  0]LogClass: Display: IntProperty FScript_Local::Test is not initialized properly. Module:InsectHeaven File:Table/DataStruct/Script_Local.h
[2024.07.28-10.29.49:202][  0]LogClass: Display: 6 Uninitialized script struct members found including 2 object properties
[2024.07.28-10.29.49:203][  0]LogAutomationTest: Warning: ObjectProperty FDialogueClip::formerAction is not initialized properly. Module:InsectHeaven File:Library/Dialogue/DialogueEditToolWidget.h
[2024.07.28-10.29.49:203][  0]LogAutomationTest: Warning: ObjectProperty FDialogueClip::nowAction is not initialized properly. Module:InsectHeaven File:Library/Dialogue/DialogueEditToolWidget.h
[2024.07.28-10.29.49:203][  0]LogEngine: Initializing Engine...
[2024.07.28-10.29.49:211][  0]LogHMD: Failed to enumerate extensions. Please check that you have a valid OpenXR runtime installed.
[2024.07.28-10.29.49:211][  0]LogHMD: Failed to initialize OpenVR with code 110
[2024.07.28-10.29.49:211][  0]LogMagicLeap: Warning: VR disabled because ZI is not enabled.  To enable, in the editor, Edit -> Project Settings -> Plugins -> Magic Leap Plugin -> Enable Zero Iteration
[2024.07.28-10.29.49:212][  0]LogStats: UGameplayTagsManager::InitializeManager -  0.000 s
[2024.07.28-10.29.49:279][  0]LogInit: Initializing FReadOnlyCVARCache
[2024.07.28-10.29.49:292][  0]LogAIModule: Creating AISystem for world Untitled
[2024.07.28-10.29.49:293][  0]LogAudio: Display: Initializing Audio Device Manager...
[2024.07.28-10.29.49:301][  0]LogAudio: Display: Loading Default Audio Settings Objects...
[2024.07.28-10.29.49:301][  0]LogAudio: Display: No default SoundConcurrencyObject specified (or failed to load).
[2024.07.28-10.29.49:302][  0]LogAudio: Display: Audio Device Manager Initialized
[2024.07.28-10.29.49:302][  0]LogAudio: Display: Creating Audio Device:                 Id: 1, Scope: Shared, Realtime: True
[2024.07.28-10.29.49:302][  0]LogAudioMixer: Display: Audio Mixer Platform Settings:
[2024.07.28-10.29.49:302][  0]LogAudioMixer: Display: 	Sample Rate:						  48000
[2024.07.28-10.29.49:302][  0]LogAudioMixer: Display: 	Callback Buffer Frame Size Requested: 1024
[2024.07.28-10.29.49:302][  0]LogAudioMixer: Display: 	Callback Buffer Frame Size To Use:	  1024
[2024.07.28-10.29.49:302][  0]LogAudioMixer: Display: 	Number of buffers to queue:			  2
[2024.07.28-10.29.49:302][  0]LogAudioMixer: Display: 	Max Channels (voices):				  32
[2024.07.28-10.29.49:303][  0]LogAudioMixer: Display: 	Number of Async Source Workers:		  0
[2024.07.28-10.29.49:303][  0]LogAudio: Display: AudioDevice MaxSources: 32
[2024.07.28-10.29.49:303][  0]LogAudio: Display: Audio Spatialization Plugin: None (built-in).
[2024.07.28-10.29.49:303][  0]LogAudio: Display: Audio Reverb Plugin: None (built-in).
[2024.07.28-10.29.49:303][  0]LogAudio: Display: Audio Occlusion Plugin: None (built-in).
[2024.07.28-10.29.49:303][  0]LogAudioMixer: Display: Initializing audio mixer.
[2024.07.28-10.29.49:343][  0]LogAudioMixer: Display: 0: FrontLeft
[2024.07.28-10.29.49:344][  0]LogAudioMixer: Display: 1: FrontRight
[2024.07.28-10.29.49:396][  0]LogAudioMixer: Display: Using Audio Device 스피커(ABKO N550)
[2024.07.28-10.29.49:397][  0]LogAudioMixer: Display: Initializing Sound Submixes...
[2024.07.28-10.29.49:399][  0]LogAudioMixer: Display: Creating Master Submix 'MasterSubmixDefault'
[2024.07.28-10.29.49:400][  0]LogAudioMixer: Display: Creating Master Submix 'MasterReverbSubmixDefault'
[2024.07.28-10.29.49:400][  0]LogAudioMixer: Display: Creating Master Submix 'MasterEQSubmixDefault'
[2024.07.28-10.29.49:400][  0]LogAudioMixer: FMixerPlatformXAudio2::StartAudioStream() called
[2024.07.28-10.29.49:400][  0]LogAudioMixer: Display: Output buffers initialized: Frames=1024, Channels=2, Samples=2048
[2024.07.28-10.29.49:401][  0]LogAudioMixer: Display: Starting AudioMixerPlatformInterface::RunInternal()
[2024.07.28-10.29.49:402][  0]LogAudioMixer: Display: FMixerPlatformXAudio2::SubmitBuffer() called for the first time
[2024.07.28-10.29.49:402][  0]LogInit: FAudioDevice initialized.
[2024.07.28-10.29.49:402][  0]LogAudio: Display: Audio Device (ID: 1) registered with world 'Untitled'.
[2024.07.28-10.29.49:402][  0]LogNetVersion: Set ProjectVersion to 1.0.0.0. Version Checksum will be recalculated on next use.
[2024.07.28-10.29.49:922][  0]LogDerivedDataCache: Saved boot cache 0.52s 94MB C:/Users/nanim/AppData/Local/UnrealEngine/4.27/DerivedDataCache/Boot.ddc.
[2024.07.28-10.29.49:922][  0]LogInit: Texture streaming: Enabled
[2024.07.28-10.29.49:947][  0]LogAnalytics: Display: [UEEditor.Rocket.Release] APIServer = https://datarouter.ol.epicgames.com/. AppVersion = 4.27.2-18319896+++UE4+Release-4.27
[2024.07.28-10.29.49:957][  0]LogEngineSessionManager: EngineSessionManager initialized
[2024.07.28-10.29.49:957][  0]LogEditorSessionSummary: Verbose: Initializing EditorSessionSummaryWriter for editor session tracking
[2024.07.28-10.29.49:960][  0]LogEditorSessionSummary: EditorSessionSummaryWriter initialized
[2024.07.28-10.29.49:989][  0]LogInit: Transaction tracking system initialized
[2024.07.28-10.29.50:034][  0]BlueprintLog: New page: 에디터 로드
[2024.07.28-10.29.50:155][  0]LocalizationService: 현지화 서비스가 비활성화되었습니다.
[2024.07.28-10.29.50:213][  0]TimingProfiler: Initialize
[2024.07.28-10.29.50:213][  0]TimingProfiler: OnSessionChanged
[2024.07.28-10.29.50:213][  0]LoadingProfiler: Initialize
[2024.07.28-10.29.50:214][  0]LoadingProfiler: OnSessionChanged
[2024.07.28-10.29.50:214][  0]NetworkingProfiler: Initialize
[2024.07.28-10.29.50:214][  0]NetworkingProfiler: OnSessionChanged
[2024.07.28-10.29.50:214][  0]MemoryProfiler: Initialize
[2024.07.28-10.29.50:214][  0]MemoryProfiler: OnSessionChanged
[2024.07.28-10.29.50:384][  0]LogCook: Display: CookSettings for Memory: MemoryMaxUsedVirtual 0MiB, MemoryMaxUsedPhysical 16384MiB, MemoryMinFreeVirtual 0MiB, MemoryMinFreePhysical 1024MiB
[2024.07.28-10.29.50:384][  0]LogCook: Display: Mobile HDR setting 1
[2024.07.28-10.29.50:747][  0]LogFileCache: Scanning file cache for directory 'C:/Users/nanim/GitHub/InsectHeaven/InsectHeaven/Content/' took 0.01s
[2024.07.28-10.29.50:878][  0]LogInit: Display: Engine is initialized. Leaving FEngineLoop::Init()
[2024.07.28-10.29.50:882][  0]SourceControl: 소스 컨트롤이 꺼졌습니다.
[2024.07.28-10.29.50:882][  0]LogUnrealEdMisc: Loading editor; pre map load, took 9.057
[2024.07.28-10.29.50:882][  0]Cmd: MAP LOAD FILE="../../../../../Users/nanim/GitHub/InsectHeaven/InsectHeaven/Content/Scene/EmptyMainLevel.umap" TEMPLATE=0 SHOWPROGRESS=1 FEATURELEVEL=3
[2024.07.28-10.29.50:883][  0]LightingResults: New page: 라이팅 빌드
[2024.07.28-10.29.50:884][  0]LogWorld: UWorld::CleanupWorld for Untitled, bSessionEnded=true, bCleanupResources=true
[2024.07.28-10.29.50:884][  0]LogSlate: InvalidateAllWidgets triggered.  All widgets were invalidated
[2024.07.28-10.29.50:884][  0]MapCheck: New page: 맵 체크
[2024.07.28-10.29.50:884][  0]LightingResults: New page: 라이팅 빌드
[2024.07.28-10.29.50:889][  0]LogAudio: Display: Audio Device unregistered from world 'None'.
[2024.07.28-10.29.50:891][  0]LogUObjectHash: Compacting FUObjectHashTables data took   0.45ms
[2024.07.28-10.29.50:894][  0]LogAudio: Display: Audio Device (ID: 1) registered with world 'EmptyMainLevel'.
[2024.07.28-10.29.50:895][  0]LogAIModule: Creating AISystem for world EmptyMainLevel
[2024.07.28-10.29.50:895][  0]LogEditorServer: Finished looking for orphan Actors (0.000 secs)
[2024.07.28-10.29.50:898][  0]LogUObjectHash: Compacting FUObjectHashTables data took   0.36ms
[2024.07.28-10.29.50:899][  0]Cmd: MAP CHECKDEP NOCLEARLOG
[2024.07.28-10.29.50:899][  0]MapCheck: 맵 체크 완료: 오류 0 회, 경고 0 회, 소요 시간 0.149ms.
[2024.07.28-10.29.50:899][  0]LogFileHelpers: Loading map 'EmptyMainLevel' took 0.017
[2024.07.28-10.29.50:903][  0]LogUnrealEdMisc: Total Editor Startup Time, took 9.078
[2024.07.28-10.29.51:026][  0]LogSlate: Updating window title bar state: overlay mode, drag disabled, window buttons hidden, title bar hidden
[2024.07.28-10.29.51:029][  0]LogSlate: Updating window title bar state: overlay mode, drag disabled, window buttons hidden, title bar hidden
[2024.07.28-10.29.51:032][  0]LogSlate: Updating window title bar state: overlay mode, drag disabled, window buttons hidden, title bar hidden
[2024.07.28-10.29.51:035][  0]LogSlate: Updating window title bar state: overlay mode, drag disabled, window buttons hidden, title bar hidden
[2024.07.28-10.29.51:047][  0]LogNativeClassHierarchy: Verbose: Native class hierarchy populated in 0.0070 seconds. Added 3866 classes and 945 folders.
[2024.07.28-10.29.51:049][  0]LogNativeClassHierarchy: Verbose: Native class hierarchy updated for 'WidgetCarousel' in 0.0002 seconds. Added 0 classes and 0 folders.
[2024.07.28-10.29.51:050][  0]LogPakFile: PakFile PrimaryIndexSize=187
[2024.07.28-10.29.51:050][  0]LogPakFile: PakFile PathHashIndexSize=101
[2024.07.28-10.29.51:050][  0]LogPakFile: PakFile FullDirectoryIndexSize=148
[2024.07.28-10.29.51:050][  0]LogShaderLibrary: Display: ShaderCodeLibraryPakFileMountedCallback: PakFile 'C:/Program Files/UE_4.27/FeaturePacks/FP_FirstPerson.upack' (chunk index -1, root 'root:/') mounted
[2024.07.28-10.29.51:050][  0]LogShaderLibrary: Display: ShaderCodeLibraryPakFileMountedCallback: pending pak file info (ChunkID:-1 Root:root:/ File:C:/Program Files/UE_4.27/FeaturePacks/FP_FirstPerson.upack)
[2024.07.28-10.29.51:050][  0]LogPakFile: OnPakFileMounted2Time == 0.000229
[2024.07.28-10.29.51:051][  0]LogPakFile: PakFile PrimaryIndexSize=189
[2024.07.28-10.29.51:051][  0]LogPakFile: PakFile PathHashIndexSize=101
[2024.07.28-10.29.51:051][  0]LogPakFile: PakFile FullDirectoryIndexSize=152
[2024.07.28-10.29.51:051][  0]LogShaderLibrary: Display: ShaderCodeLibraryPakFileMountedCallback: PakFile 'C:/Program Files/UE_4.27/FeaturePacks/FP_FirstPersonBP.upack' (chunk index -1, root 'root:/') mounted
[2024.07.28-10.29.51:051][  0]LogShaderLibrary: Display: ShaderCodeLibraryPakFileMountedCallback: pending pak file info (ChunkID:-1 Root:root:/ File:C:/Program Files/UE_4.27/FeaturePacks/FP_FirstPersonBP.upack)
[2024.07.28-10.29.51:052][  0]LogPakFile: OnPakFileMounted2Time == 0.000198
[2024.07.28-10.29.51:052][  0]LogPakFile: PakFile PrimaryIndexSize=191
[2024.07.28-10.29.51:052][  0]LogPakFile: PakFile PathHashIndexSize=101
[2024.07.28-10.29.51:052][  0]LogPakFile: PakFile FullDirectoryIndexSize=160
[2024.07.28-10.29.51:052][  0]LogShaderLibrary: Display: ShaderCodeLibraryPakFileMountedCallback: PakFile 'C:/Program Files/UE_4.27/FeaturePacks/MobileStarterContent.upack' (chunk index -1, root 'root:/') mounted
[2024.07.28-10.29.51:053][  0]LogShaderLibrary: Display: ShaderCodeLibraryPakFileMountedCallback: pending pak file info (ChunkID:-1 Root:root:/ File:C:/Program Files/UE_4.27/FeaturePacks/MobileStarterContent.upack)
[2024.07.28-10.29.51:053][  0]LogPakFile: OnPakFileMounted2Time == 0.000291
[2024.07.28-10.29.51:053][  0]LogPakFile: PakFile PrimaryIndexSize=185
[2024.07.28-10.29.51:053][  0]LogPakFile: PakFile PathHashIndexSize=101
[2024.07.28-10.29.51:053][  0]LogPakFile: PakFile FullDirectoryIndexSize=148
[2024.07.28-10.29.51:054][  0]LogShaderLibrary: Display: ShaderCodeLibraryPakFileMountedCallback: PakFile 'C:/Program Files/UE_4.27/FeaturePacks/StarterContent.upack' (chunk index -1, root 'root:/') mounted
[2024.07.28-10.29.51:054][  0]LogShaderLibrary: Display: ShaderCodeLibraryPakFileMountedCallback: pending pak file info (ChunkID:-1 Root:root:/ File:C:/Program Files/UE_4.27/FeaturePacks/StarterContent.upack)
[2024.07.28-10.29.51:054][  0]LogPakFile: OnPakFileMounted2Time == 0.000213
[2024.07.28-10.29.51:054][  0]LogPakFile: PakFile PrimaryIndexSize=190
[2024.07.28-10.29.51:055][  0]LogPakFile: PakFile PathHashIndexSize=101
[2024.07.28-10.29.51:055][  0]LogPakFile: PakFile FullDirectoryIndexSize=154
[2024.07.28-10.29.51:055][  0]LogShaderLibrary: Display: ShaderCodeLibraryPakFileMountedCallback: PakFile 'C:/Program Files/UE_4.27/FeaturePacks/TP_2DSideScroller.upack' (chunk index -1, root 'root:/') mounted
[2024.07.28-10.29.51:055][  0]LogShaderLibrary: Display: ShaderCodeLibraryPakFileMountedCallback: pending pak file info (ChunkID:-1 Root:root:/ File:C:/Program Files/UE_4.27/FeaturePacks/TP_2DSideScroller.upack)
[2024.07.28-10.29.51:055][  0]LogPakFile: OnPakFileMounted2Time == 0.000267
[2024.07.28-10.29.51:056][  0]LogPakFile: PakFile PrimaryIndexSize=192
[2024.07.28-10.29.51:056][  0]LogPakFile: PakFile PathHashIndexSize=101
[2024.07.28-10.29.51:056][  0]LogPakFile: PakFile FullDirectoryIndexSize=158
[2024.07.28-10.29.51:056][  0]LogShaderLibrary: Display: ShaderCodeLibraryPakFileMountedCallback: PakFile 'C:/Program Files/UE_4.27/FeaturePacks/TP_2DSideScrollerBP.upack' (chunk index -1, root 'root:/') mounted
[2024.07.28-10.29.51:056][  0]LogShaderLibrary: Display: ShaderCodeLibraryPakFileMountedCallback: pending pak file info (ChunkID:-1 Root:root:/ File:C:/Program Files/UE_4.27/FeaturePacks/TP_2DSideScrollerBP.upack)
[2024.07.28-10.29.51:056][  0]LogPakFile: OnPakFileMounted2Time == 0.000192
[2024.07.28-10.29.51:057][  0]LogPakFile: PakFile PrimaryIndexSize=182
[2024.07.28-10.29.51:057][  0]LogPakFile: PakFile PathHashIndexSize=101
[2024.07.28-10.29.51:057][  0]LogPakFile: PakFile FullDirectoryIndexSize=138
[2024.07.28-10.29.51:057][  0]LogShaderLibrary: Display: ShaderCodeLibraryPakFileMountedCallback: PakFile 'C:/Program Files/UE_4.27/FeaturePacks/TP_Flying.upack' (chunk index -1, root 'root:/') mounted
[2024.07.28-10.29.51:057][  0]LogShaderLibrary: Display: ShaderCodeLibraryPakFileMountedCallback: pending pak file info (ChunkID:-1 Root:root:/ File:C:/Program Files/UE_4.27/FeaturePacks/TP_Flying.upack)
[2024.07.28-10.29.51:057][  0]LogPakFile: OnPakFileMounted2Time == 0.000209
[2024.07.28-10.29.51:058][  0]LogPakFile: PakFile PrimaryIndexSize=184
[2024.07.28-10.29.51:058][  0]LogPakFile: PakFile PathHashIndexSize=101
[2024.07.28-10.29.51:058][  0]LogPakFile: PakFile FullDirectoryIndexSize=142
[2024.07.28-10.29.51:058][  0]LogShaderLibrary: Display: ShaderCodeLibraryPakFileMountedCallback: PakFile 'C:/Program Files/UE_4.27/FeaturePacks/TP_FlyingBP.upack' (chunk index -1, root 'root:/') mounted
[2024.07.28-10.29.51:058][  0]LogShaderLibrary: Display: ShaderCodeLibraryPakFileMountedCallback: pending pak file info (ChunkID:-1 Root:root:/ File:C:/Program Files/UE_4.27/FeaturePacks/TP_FlyingBP.upack)
[2024.07.28-10.29.51:058][  0]LogPakFile: OnPakFileMounted2Time == 0.000204
[2024.07.28-10.29.51:059][  0]LogPakFile: PakFile PrimaryIndexSize=188
[2024.07.28-10.29.51:059][  0]LogPakFile: PakFile PathHashIndexSize=101
[2024.07.28-10.29.51:059][  0]LogPakFile: PakFile FullDirectoryIndexSize=150
[2024.07.28-10.29.51:059][  0]LogShaderLibrary: Display: ShaderCodeLibraryPakFileMountedCallback: PakFile 'C:/Program Files/UE_4.27/FeaturePacks/TP_HandheldARBP.upack' (chunk index -1, root 'root:/') mounted
[2024.07.28-10.29.51:059][  0]LogShaderLibrary: Display: ShaderCodeLibraryPakFileMountedCallback: pending pak file info (ChunkID:-1 Root:root:/ File:C:/Program Files/UE_4.27/FeaturePacks/TP_HandheldARBP.upack)
[2024.07.28-10.29.51:059][  0]LogPakFile: OnPakFileMounted2Time == 0.000193
[2024.07.28-10.29.51:060][  0]LogPakFile: PakFile PrimaryIndexSize=182
[2024.07.28-10.29.51:060][  0]LogPakFile: PakFile PathHashIndexSize=101
[2024.07.28-10.29.51:060][  0]LogPakFile: PakFile FullDirectoryIndexSize=138
[2024.07.28-10.29.51:060][  0]LogShaderLibrary: Display: ShaderCodeLibraryPakFileMountedCallback: PakFile 'C:/Program Files/UE_4.27/FeaturePacks/TP_Puzzle.upack' (chunk index -1, root 'root:/') mounted
[2024.07.28-10.29.51:060][  0]LogShaderLibrary: Display: ShaderCodeLibraryPakFileMountedCallback: pending pak file info (ChunkID:-1 Root:root:/ File:C:/Program Files/UE_4.27/FeaturePacks/TP_Puzzle.upack)
[2024.07.28-10.29.51:060][  0]LogPakFile: OnPakFileMounted2Time == 0.000173
[2024.07.28-10.29.51:061][  0]LogPakFile: PakFile PrimaryIndexSize=184
[2024.07.28-10.29.51:061][  0]LogPakFile: PakFile PathHashIndexSize=101
[2024.07.28-10.29.51:061][  0]LogPakFile: PakFile FullDirectoryIndexSize=142
[2024.07.28-10.29.51:061][  0]LogShaderLibrary: Display: ShaderCodeLibraryPakFileMountedCallback: PakFile 'C:/Program Files/UE_4.27/FeaturePacks/TP_PuzzleBP.upack' (chunk index -1, root 'root:/') mounted
[2024.07.28-10.29.51:061][  0]LogShaderLibrary: Display: ShaderCodeLibraryPakFileMountedCallback: pending pak file info (ChunkID:-1 Root:root:/ File:C:/Program Files/UE_4.27/FeaturePacks/TP_PuzzleBP.upack)
[2024.07.28-10.29.51:061][  0]LogPakFile: OnPakFileMounted2Time == 0.000254
[2024.07.28-10.29.51:062][  0]LogPakFile: PakFile PrimaryIndexSize=183
[2024.07.28-10.29.51:062][  0]LogPakFile: PakFile PathHashIndexSize=101
[2024.07.28-10.29.51:062][  0]LogPakFile: PakFile FullDirectoryIndexSize=140
[2024.07.28-10.29.51:062][  0]LogShaderLibrary: Display: ShaderCodeLibraryPakFileMountedCallback: PakFile 'C:/Program Files/UE_4.27/FeaturePacks/TP_Rolling.upack' (chunk index -1, root 'root:/') mounted
[2024.07.28-10.29.51:062][  0]LogShaderLibrary: Display: ShaderCodeLibraryPakFileMountedCallback: pending pak file info (ChunkID:-1 Root:root:/ File:C:/Program Files/UE_4.27/FeaturePacks/TP_Rolling.upack)
[2024.07.28-10.29.51:062][  0]LogPakFile: OnPakFileMounted2Time == 0.000298
[2024.07.28-10.29.51:063][  0]LogPakFile: PakFile PrimaryIndexSize=185
[2024.07.28-10.29.51:063][  0]LogPakFile: PakFile PathHashIndexSize=101
[2024.07.28-10.29.51:063][  0]LogPakFile: PakFile FullDirectoryIndexSize=144
[2024.07.28-10.29.51:063][  0]LogShaderLibrary: Display: ShaderCodeLibraryPakFileMountedCallback: PakFile 'C:/Program Files/UE_4.27/FeaturePacks/TP_RollingBP.upack' (chunk index -1, root 'root:/') mounted
[2024.07.28-10.29.51:063][  0]LogShaderLibrary: Display: ShaderCodeLibraryPakFileMountedCallback: pending pak file info (ChunkID:-1 Root:root:/ File:C:/Program Files/UE_4.27/FeaturePacks/TP_RollingBP.upack)
[2024.07.28-10.29.51:063][  0]LogPakFile: OnPakFileMounted2Time == 0.000205
[2024.07.28-10.29.51:064][  0]LogPakFile: PakFile PrimaryIndexSize=188
[2024.07.28-10.29.51:064][  0]LogPakFile: PakFile PathHashIndexSize=101
[2024.07.28-10.29.51:064][  0]LogPakFile: PakFile FullDirectoryIndexSize=150
[2024.07.28-10.29.51:064][  0]LogShaderLibrary: Display: ShaderCodeLibraryPakFileMountedCallback: PakFile 'C:/Program Files/UE_4.27/FeaturePacks/TP_SideScroller.upack' (chunk index -1, root 'root:/') mounted
[2024.07.28-10.29.51:064][  0]LogShaderLibrary: Display: ShaderCodeLibraryPakFileMountedCallback: pending pak file info (ChunkID:-1 Root:root:/ File:C:/Program Files/UE_4.27/FeaturePacks/TP_SideScroller.upack)
[2024.07.28-10.29.51:064][  0]LogPakFile: OnPakFileMounted2Time == 0.000223
[2024.07.28-10.29.51:065][  0]LogPakFile: PakFile PrimaryIndexSize=190
[2024.07.28-10.29.51:065][  0]LogPakFile: PakFile PathHashIndexSize=101
[2024.07.28-10.29.51:065][  0]LogPakFile: PakFile FullDirectoryIndexSize=154
[2024.07.28-10.29.51:065][  0]LogShaderLibrary: Display: ShaderCodeLibraryPakFileMountedCallback: PakFile 'C:/Program Files/UE_4.27/FeaturePacks/TP_SideScrollerBP.upack' (chunk index -1, root 'root:/') mounted
[2024.07.28-10.29.51:065][  0]LogShaderLibrary: Display: ShaderCodeLibraryPakFileMountedCallback: pending pak file info (ChunkID:-1 Root:root:/ File:C:/Program Files/UE_4.27/FeaturePacks/TP_SideScrollerBP.upack)
[2024.07.28-10.29.51:066][  0]LogPakFile: OnPakFileMounted2Time == 0.000214
[2024.07.28-10.29.51:066][  0]LogPakFile: PakFile PrimaryIndexSize=187
[2024.07.28-10.29.51:066][  0]LogPakFile: PakFile PathHashIndexSize=101
[2024.07.28-10.29.51:066][  0]LogPakFile: PakFile FullDirectoryIndexSize=148
[2024.07.28-10.29.51:066][  0]LogShaderLibrary: Display: ShaderCodeLibraryPakFileMountedCallback: PakFile 'C:/Program Files/UE_4.27/FeaturePacks/TP_ThirdPerson.upack' (chunk index -1, root 'root:/') mounted
[2024.07.28-10.29.51:067][  0]LogShaderLibrary: Display: ShaderCodeLibraryPakFileMountedCallback: pending pak file info (ChunkID:-1 Root:root:/ File:C:/Program Files/UE_4.27/FeaturePacks/TP_ThirdPerson.upack)
[2024.07.28-10.29.51:067][  0]LogPakFile: OnPakFileMounted2Time == 0.000225
[2024.07.28-10.29.51:067][  0]LogPakFile: PakFile PrimaryIndexSize=189
[2024.07.28-10.29.51:067][  0]LogPakFile: PakFile PathHashIndexSize=101
[2024.07.28-10.29.51:067][  0]LogPakFile: PakFile FullDirectoryIndexSize=152
[2024.07.28-10.29.51:068][  0]LogShaderLibrary: Display: ShaderCodeLibraryPakFileMountedCallback: PakFile 'C:/Program Files/UE_4.27/FeaturePacks/TP_ThirdPersonBP.upack' (chunk index -1, root 'root:/') mounted
[2024.07.28-10.29.51:068][  0]LogShaderLibrary: Display: ShaderCodeLibraryPakFileMountedCallback: pending pak file info (ChunkID:-1 Root:root:/ File:C:/Program Files/UE_4.27/FeaturePacks/TP_ThirdPersonBP.upack)
[2024.07.28-10.29.51:068][  0]LogPakFile: OnPakFileMounted2Time == 0.000239
[2024.07.28-10.29.51:068][  0]LogPakFile: PakFile PrimaryIndexSize=183
[2024.07.28-10.29.51:068][  0]LogPakFile: PakFile PathHashIndexSize=101
[2024.07.28-10.29.51:069][  0]LogPakFile: PakFile FullDirectoryIndexSize=140
[2024.07.28-10.29.51:069][  0]LogShaderLibrary: Display: ShaderCodeLibraryPakFileMountedCallback: PakFile 'C:/Program Files/UE_4.27/FeaturePacks/TP_TopDown.upack' (chunk index -1, root 'root:/') mounted
[2024.07.28-10.29.51:069][  0]LogShaderLibrary: Display: ShaderCodeLibraryPakFileMountedCallback: pending pak file info (ChunkID:-1 Root:root:/ File:C:/Program Files/UE_4.27/FeaturePacks/TP_TopDown.upack)
[2024.07.28-10.29.51:069][  0]LogPakFile: OnPakFileMounted2Time == 0.000230
[2024.07.28-10.29.51:070][  0]LogPakFile: PakFile PrimaryIndexSize=185
[2024.07.28-10.29.51:070][  0]LogPakFile: PakFile PathHashIndexSize=101
[2024.07.28-10.29.51:070][  0]LogPakFile: PakFile FullDirectoryIndexSize=144
[2024.07.28-10.29.51:070][  0]LogShaderLibrary: Display: ShaderCodeLibraryPakFileMountedCallback: PakFile 'C:/Program Files/UE_4.27/FeaturePacks/TP_TopDownBP.upack' (chunk index -1, root 'root:/') mounted
[2024.07.28-10.29.51:070][  0]LogShaderLibrary: Display: ShaderCodeLibraryPakFileMountedCallback: pending pak file info (ChunkID:-1 Root:root:/ File:C:/Program Files/UE_4.27/FeaturePacks/TP_TopDownBP.upack)
[2024.07.28-10.29.51:070][  0]LogPakFile: OnPakFileMounted2Time == 0.000183
[2024.07.28-10.29.51:071][  0]LogPakFile: PakFile PrimaryIndexSize=185
[2024.07.28-10.29.51:071][  0]LogPakFile: PakFile PathHashIndexSize=101
[2024.07.28-10.29.51:071][  0]LogPakFile: PakFile FullDirectoryIndexSize=144
[2024.07.28-10.29.51:071][  0]LogShaderLibrary: Display: ShaderCodeLibraryPakFileMountedCallback: PakFile 'C:/Program Files/UE_4.27/FeaturePacks/TP_TwinStick.upack' (chunk index -1, root 'root:/') mounted
[2024.07.28-10.29.51:071][  0]LogShaderLibrary: Display: ShaderCodeLibraryPakFileMountedCallback: pending pak file info (ChunkID:-1 Root:root:/ File:C:/Program Files/UE_4.27/FeaturePacks/TP_TwinStick.upack)
[2024.07.28-10.29.51:071][  0]LogPakFile: OnPakFileMounted2Time == 0.000211
[2024.07.28-10.29.51:072][  0]LogPakFile: PakFile PrimaryIndexSize=187
[2024.07.28-10.29.51:072][  0]LogPakFile: PakFile PathHashIndexSize=101
[2024.07.28-10.29.51:072][  0]LogPakFile: PakFile FullDirectoryIndexSize=148
[2024.07.28-10.29.51:072][  0]LogShaderLibrary: Display: ShaderCodeLibraryPakFileMountedCallback: PakFile 'C:/Program Files/UE_4.27/FeaturePacks/TP_TwinStickBP.upack' (chunk index -1, root 'root:/') mounted
[2024.07.28-10.29.51:072][  0]LogShaderLibrary: Display: ShaderCodeLibraryPakFileMountedCallback: pending pak file info (ChunkID:-1 Root:root:/ File:C:/Program Files/UE_4.27/FeaturePacks/TP_TwinStickBP.upack)
[2024.07.28-10.29.51:072][  0]LogPakFile: OnPakFileMounted2Time == 0.000206
[2024.07.28-10.29.51:073][  0]LogPakFile: PakFile PrimaryIndexSize=183
[2024.07.28-10.29.51:073][  0]LogPakFile: PakFile PathHashIndexSize=101
[2024.07.28-10.29.51:073][  0]LogPakFile: PakFile FullDirectoryIndexSize=140
[2024.07.28-10.29.51:073][  0]LogShaderLibrary: Display: ShaderCodeLibraryPakFileMountedCallback: PakFile 'C:/Program Files/UE_4.27/FeaturePacks/TP_Vehicle.upack' (chunk index -1, root 'root:/') mounted
[2024.07.28-10.29.51:073][  0]LogShaderLibrary: Display: ShaderCodeLibraryPakFileMountedCallback: pending pak file info (ChunkID:-1 Root:root:/ File:C:/Program Files/UE_4.27/FeaturePacks/TP_Vehicle.upack)
[2024.07.28-10.29.51:073][  0]LogPakFile: OnPakFileMounted2Time == 0.000194
[2024.07.28-10.29.51:074][  0]LogPakFile: PakFile PrimaryIndexSize=186
[2024.07.28-10.29.51:074][  0]LogPakFile: PakFile PathHashIndexSize=101
[2024.07.28-10.29.51:074][  0]LogPakFile: PakFile FullDirectoryIndexSize=146
[2024.07.28-10.29.51:074][  0]LogShaderLibrary: Display: ShaderCodeLibraryPakFileMountedCallback: PakFile 'C:/Program Files/UE_4.27/FeaturePacks/TP_VehicleAdv.upack' (chunk index -1, root 'root:/') mounted
[2024.07.28-10.29.51:074][  0]LogShaderLibrary: Display: ShaderCodeLibraryPakFileMountedCallback: pending pak file info (ChunkID:-1 Root:root:/ File:C:/Program Files/UE_4.27/FeaturePacks/TP_VehicleAdv.upack)
[2024.07.28-10.29.51:074][  0]LogPakFile: OnPakFileMounted2Time == 0.000216
[2024.07.28-10.29.51:075][  0]LogPakFile: PakFile PrimaryIndexSize=188
[2024.07.28-10.29.51:075][  0]LogPakFile: PakFile PathHashIndexSize=101
[2024.07.28-10.29.51:075][  0]LogPakFile: PakFile FullDirectoryIndexSize=150
[2024.07.28-10.29.51:075][  0]LogShaderLibrary: Display: ShaderCodeLibraryPakFileMountedCallback: PakFile 'C:/Program Files/UE_4.27/FeaturePacks/TP_VehicleAdvBP.upack' (chunk index -1, root 'root:/') mounted
[2024.07.28-10.29.51:075][  0]LogShaderLibrary: Display: ShaderCodeLibraryPakFileMountedCallback: pending pak file info (ChunkID:-1 Root:root:/ File:C:/Program Files/UE_4.27/FeaturePacks/TP_VehicleAdvBP.upack)
[2024.07.28-10.29.51:075][  0]LogPakFile: OnPakFileMounted2Time == 0.000186
[2024.07.28-10.29.51:076][  0]LogPakFile: PakFile PrimaryIndexSize=185
[2024.07.28-10.29.51:076][  0]LogPakFile: PakFile PathHashIndexSize=101
[2024.07.28-10.29.51:076][  0]LogPakFile: PakFile FullDirectoryIndexSize=144
[2024.07.28-10.29.51:076][  0]LogShaderLibrary: Display: ShaderCodeLibraryPakFileMountedCallback: PakFile 'C:/Program Files/UE_4.27/FeaturePacks/TP_VehicleBP.upack' (chunk index -1, root 'root:/') mounted
[2024.07.28-10.29.51:076][  0]LogShaderLibrary: Display: ShaderCodeLibraryPakFileMountedCallback: pending pak file info (ChunkID:-1 Root:root:/ File:C:/Program Files/UE_4.27/FeaturePacks/TP_VehicleBP.upack)
[2024.07.28-10.29.51:076][  0]LogPakFile: OnPakFileMounted2Time == 0.000186
[2024.07.28-10.29.51:077][  0]LogPakFile: PakFile PrimaryIndexSize=192
[2024.07.28-10.29.51:077][  0]LogPakFile: PakFile PathHashIndexSize=101
[2024.07.28-10.29.51:077][  0]LogPakFile: PakFile FullDirectoryIndexSize=158
[2024.07.28-10.29.51:077][  0]LogShaderLibrary: Display: ShaderCodeLibraryPakFileMountedCallback: PakFile 'C:/Program Files/UE_4.27/FeaturePacks/TP_VirtualRealityBP.upack' (chunk index -1, root 'root:/') mounted
[2024.07.28-10.29.51:077][  0]LogShaderLibrary: Display: ShaderCodeLibraryPakFileMountedCallback: pending pak file info (ChunkID:-1 Root:root:/ File:C:/Program Files/UE_4.27/FeaturePacks/TP_VirtualRealityBP.upack)
[2024.07.28-10.29.51:077][  0]LogPakFile: OnPakFileMounted2Time == 0.000203
[2024.07.28-10.29.51:125][  0]LogNativeClassHierarchy: Verbose: Native class hierarchy updated for 'AddContentDialog' in 0.0002 seconds. Added 0 classes and 0 folders.
[2024.07.28-10.29.51:126][  0]LogNativeClassHierarchy: Verbose: Native class hierarchy updated for 'SceneOutliner' in 0.0001 seconds. Added 2 classes and 0 folders.
[2024.07.28-10.29.51:166][  0]LogSlate: Took 0.000270 seconds to synchronously load lazily loaded font '../../../Engine/Content/Slate/Fonts/Roboto-Regular.ttf' (155K)
[2024.07.28-10.29.51:167][  0]LogSlate: Took 0.000190 seconds to synchronously load lazily loaded font '../../../Engine/Content/Editor/Slate/Fonts/FontAwesome.ttf' (139K)
[2024.07.28-10.29.51:169][  0]LogSlate: Took 0.000878 seconds to synchronously load lazily loaded font '../../../Engine/Content/Editor/Slate/Fonts/NanumGothic.ttf' (4243K)
[2024.07.28-10.29.51:170][  0]LogSlate: Took 0.000974 seconds to synchronously load lazily loaded font '../../../Engine/Content/Editor/Slate/Fonts/NanumGothicBold.ttf' (4188K)
[2024.07.28-10.29.51:170][  0]LogSlate: Took 0.000162 seconds to synchronously load lazily loaded font '../../../Engine/Content/Slate/Fonts/Roboto-Bold.ttf' (160K)
[2024.07.28-10.29.51:221][  0]LogRenderer: Reallocating scene render targets to support 1208x572 Format 10 NumSamples 1 (Frame:1).
[2024.07.28-10.29.51:275][  0]LogNativeClassHierarchy: Verbose: Native class hierarchy updated for 'HierarchicalLODOutliner' in 0.0002 seconds. Added 0 classes and 0 folders.
[2024.07.28-10.29.51:275][  0]LogLoad: (Engine Initialization) Total time: 9.45 seconds
[2024.07.28-10.29.51:276][  0]LogLoad: (Engine Initialization) Total Blueprint compile time: 0.00 seconds
[2024.07.28-10.29.51:307][  0]LogAssetRegistry: Asset discovery search completed in 5.5830 seconds
[2024.07.28-10.29.51:312][  0]LogCollectionManager: Fixed up redirectors for 0 collections in 0.000002 seconds (updated 0 objects)
[2024.07.28-10.29.51:313][  0]LogContentStreaming: Texture pool size now 1000 MB
[2024.07.28-10.29.58:274][819]LogSlate: Took 0.000190 seconds to synchronously load lazily loaded font '../../../Engine/Content/Slate/Fonts/Roboto-Light.ttf' (167K)
[2024.07.28-10.29.58:292][819]LogAssetEditorSubsystem: Opening Asset editor for WidgetBlueprint /Game/Widget/Dialogue/DialogueToolLayerAdd.DialogueToolLayerAdd
[2024.07.28-10.29.58:430][819]LogNativeClassHierarchy: Verbose: Native class hierarchy updated for 'BlueprintGraph' in 0.0004 seconds. Added 126 classes and 0 folders.
[2024.07.28-10.29.59:065][819]LogSlate: Took 0.000293 seconds to synchronously load lazily loaded font '../../../Engine/Content/Slate/Fonts/Roboto-BoldCondensed.ttf' (158K)
[2024.07.28-10.30.26:649][572]Cmd: OBJ SAVEPACKAGE PACKAGE="/Game/Widget/Dialogue/DialogueToolLayerAdd" FILE="../../../../../Users/nanim/GitHub/InsectHeaven/InsectHeaven/Content/Widget/Dialogue/DialogueToolLayerAdd.uasset" SILENT=true
[2024.07.28-10.30.26:655][572]LogSavePackage: Moving '../../../../../Users/nanim/GitHub/InsectHeaven/InsectHeaven/Saved/DialogueToolLayerAddFACC3FB247A0BFD72BCEA5A4C00D24EC.tmp' to '../../../../../Users/nanim/GitHub/InsectHeaven/InsectHeaven/Content/Widget/Dialogue/DialogueToolLayerAdd.uasset'
[2024.07.28-10.30.26:668][572]AssetCheck: New page: 에셋 저장:  DialogueToolLayerAdd
[2024.07.28-10.30.26:668][572]LogContentValidation: Display: WidgetBlueprint /Game/Widget/Dialogue/DialogueToolLayerAdd.DialogueToolLayerAdd 유효성 검사 중
[2024.07.28-10.30.27:099][622]BlueprintLog: New page: DialogueToolLayerAdd 컴파일
[2024.07.28-10.30.27:138][622]LogUObjectHash: Compacting FUObjectHashTables data took   2.28ms
[2024.07.28-10.30.27:199][622]LogSlate: Took 0.000301 seconds to synchronously load lazily loaded font '../../../Engine/Content/Slate/Fonts/DroidSansMono.ttf' (77K)
[2024.07.28-10.30.27:200][622]LogSlate: Took 0.000918 seconds to synchronously load lazily loaded font '../../../Engine/Content/Editor/Slate/Fonts/NanumGothicExtraBold.ttf' (4074K)
[2024.07.28-10.30.28:141][735]LogSlate: Window 'DialogueToolLayerAdd' being destroyed
[2024.07.28-10.30.28:146][735]LogSlate: Window 'DialogueToolLayerAdd' being destroyed
[2024.07.28-10.30.28:148][735]LogWorld: UWorld::CleanupWorld for World_1, bSessionEnded=true, bCleanupResources=true
[2024.07.28-10.30.28:148][735]LogSlate: InvalidateAllWidgets triggered.  All widgets were invalidated
[2024.07.28-10.30.28:152][735]LogWorld: UWorld::CleanupWorld for World_0, bSessionEnded=true, bCleanupResources=true
[2024.07.28-10.30.28:152][735]LogSlate: InvalidateAllWidgets triggered.  All widgets were invalidated
[2024.07.28-10.30.28:675][795]LogEditorViewport: Clicking Background
[2024.07.28-10.30.30:469][  7]LogAssetEditorSubsystem: Opening Asset editor for WidgetBlueprint /Game/Widget/Dialogue/DialogueToolActionAdd.DialogueToolActionAdd
[2024.07.28-10.31.16:403][533]LogEditorTransaction: Undo 위젯 크기조정
[2024.07.28-10.31.39:217][187]LogEditorTransaction: Undo Right 편집
[2024.07.28-10.31.41:486][410]LogEditorTransaction: Undo Left 편집
[2024.07.28-10.32.00:216][450]LogSavePackage: Moving '../../../../../Users/nanim/GitHub/InsectHeaven/InsectHeaven/Saved/DialogueToolActionAdd222379ED499CE5EFA9437C99D91E296F.tmp' to '../../../../../Users/nanim/GitHub/InsectHeaven/InsectHeaven/Content/Widget/Dialogue/DialogueToolActionAdd.uasset'
[2024.07.28-10.32.00:227][450]AssetCheck: New page: 에셋 저장:  DialogueToolActionAdd
[2024.07.28-10.32.00:228][450]LogContentValidation: Display: WidgetBlueprint /Game/Widget/Dialogue/DialogueToolActionAdd.DialogueToolActionAdd 유효성 검사 중
[2024.07.28-10.32.00:610][495]BlueprintLog: New page: DialogueToolActionAdd 컴파일
[2024.07.28-10.32.00:652][495]LogUObjectHash: Compacting FUObjectHashTables data took   2.34ms
[2024.07.28-10.32.40:599][229]LogSavePackage: Moving '../../../../../Users/nanim/GitHub/InsectHeaven/InsectHeaven/Saved/DialogueToolActionAdd948E64024FD30FFE1C792B9077828602.tmp' to '../../../../../Users/nanim/GitHub/InsectHeaven/InsectHeaven/Content/Widget/Dialogue/DialogueToolActionAdd.uasset'
[2024.07.28-10.32.40:609][229]AssetCheck: New page: 에셋 저장:  DialogueToolActionAdd
[2024.07.28-10.32.40:609][229]LogContentValidation: Display: WidgetBlueprint /Game/Widget/Dialogue/DialogueToolActionAdd.DialogueToolActionAdd 유효성 검사 중
[2024.07.28-10.32.41:003][274]BlueprintLog: New page: DialogueToolActionAdd 컴파일
[2024.07.28-10.32.41:035][274]LogUObjectHash: Compacting FUObjectHashTables data took   1.69ms
[2024.07.28-10.32.42:662][462]LogSlate: Window 'DialogueToolActionAdd' being destroyed
[2024.07.28-10.32.42:666][462]LogSlate: Window 'DialogueToolActionAdd' being destroyed
[2024.07.28-10.32.42:669][462]LogWorld: UWorld::CleanupWorld for World_4, bSessionEnded=true, bCleanupResources=true
[2024.07.28-10.32.42:669][462]LogSlate: InvalidateAllWidgets triggered.  All widgets were invalidated
[2024.07.28-10.32.42:672][462]LogWorld: UWorld::CleanupWorld for World_3, bSessionEnded=true, bCleanupResources=true
[2024.07.28-10.32.42:673][462]LogSlate: InvalidateAllWidgets triggered.  All widgets were invalidated
[2024.07.28-10.32.43:419][549]LogEditorViewport: Clicking Background
[2024.07.28-10.32.44:953][733]LogEditorViewport: Clicking Background
