Log file open, 08/10/24 18:36:51
LogWindows: Failed to load 'aqProf.dll' (GetLastError=126)
LogWindows: File 'aqProf.dll' does not exist
LogWindows: Failed to load 'VtuneApi.dll' (GetLastError=126)
LogWindows: File 'VtuneApi.dll' does not exist
LogWindows: Failed to load 'VtuneApi32e.dll' (GetLastError=126)
LogWindows: File 'VtuneApi32e.dll' does not exist
LogConsoleResponse: Display: Failed to find resolution value strings in scalability ini. Falling back to default.
LogConsoleResponse: Display: Failed to find resolution value strings in scalability ini. Falling back to default.
LogInit: Display: Running engine for game: InsectHeaven
LogPlatformFile: Not using cached read wrapper
LogTaskGraph: Started task graph with 5 named threads and 71 total threads with 3 sets of task threads.
LogStats: Stats thread started at 2.621772
LogICUInternationalization: ICU TimeZone Detection - Raw Offset: +9:00, Platform Override: ''
LogInit: Display: Loading text-based GConfig....
LogPluginManager: Mounting plugin MeshPainting
LogPluginManager: Mounting plugin XGEController
LogPluginManager: Mounting plugin Paper2D
LogPluginManager: Mounting plugin AISupport
LogPluginManager: Mounting plugin EnvironmentQueryEditor
LogPluginManager: Mounting plugin LiveLink
LogPluginManager: Mounting plugin LightPropagationVolume
LogPluginManager: Mounting plugin CameraShakePreviewer
LogPluginManager: Mounting plugin GameplayCameras
LogPluginManager: Mounting plugin OodleData
LogPluginManager: Mounting plugin OodleNetwork
LogPluginManager: Mounting plugin AnimationSharing
LogPluginManager: Mounting plugin CLionSourceCodeAccess
LogPluginManager: Mounting plugin CodeLiteSourceCodeAccess
LogPluginManager: Mounting plugin GitSourceControl
LogPluginManager: Mounting plugin KDevelopSourceCodeAccess
LogPluginManager: Mounting plugin NullSourceCodeAccess
LogPluginManager: Mounting plugin PerforceSourceControl
LogPluginManager: Mounting plugin PixWinPlugin
LogPluginManager: Mounting plugin PlasticSourceControl
LogPluginManager: Mounting plugin PluginUtils
LogPluginManager: Mounting plugin PropertyAccessNode
LogPluginManager: Mounting plugin RiderSourceCodeAccess
LogPluginManager: Mounting plugin SubversionSourceControl
LogPluginManager: Mounting plugin TextureFormatOodle
LogPluginManager: Mounting plugin UObjectPlugin
LogPluginManager: Mounting plugin VisualStudioCodeSourceCodeAccess
LogPluginManager: Mounting plugin VisualStudioSourceCodeAccess
LogPluginManager: Mounting plugin XCodeSourceCodeAccess
LogPluginManager: Mounting plugin AssetManagerEditor
LogPluginManager: Mounting plugin CryptoKeys
LogPluginManager: Mounting plugin CurveEditorTools
LogPluginManager: Mounting plugin DataValidation
LogPluginManager: Mounting plugin EditorScriptingUtilities
LogPluginManager: Mounting plugin FacialAnimation
LogPluginManager: Mounting plugin GameplayTagsEditor
LogPluginManager: Mounting plugin GeometryMode
LogPluginManager: Mounting plugin MacGraphicsSwitching
LogPluginManager: Mounting plugin MaterialAnalyzer
LogPluginManager: Mounting plugin MobileLauncherProfileWizard
LogPluginManager: Mounting plugin PluginBrowser
LogPluginManager: Mounting plugin SpeedTreeImporter
LogPluginManager: Mounting plugin DatasmithContent
LogPluginManager: Mounting plugin VariantManagerContent
LogPluginManager: Mounting plugin AlembicImporter
LogPluginManager: Mounting plugin AutomationUtils
LogPluginManager: Mounting plugin BackChannel
LogPluginManager: Mounting plugin ChaosCloth
LogPluginManager: Mounting plugin ChaosClothEditor
LogPluginManager: Mounting plugin ChaosEditor
LogPluginManager: Mounting plugin ChaosNiagara
LogPluginManager: Mounting plugin ChaosSolverPlugin
LogPluginManager: Mounting plugin CharacterAI
LogPluginManager: Mounting plugin GeometryCache
LogPluginManager: Mounting plugin GeometryCollectionPlugin
LogPluginManager: Mounting plugin GeometryProcessing
LogPluginManager: Mounting plugin MotoSynth
LogPluginManager: Mounting plugin OpenImageDenoise
LogPluginManager: Mounting plugin PlanarCut
LogPluginManager: Mounting plugin PlatformCrypto
LogPluginManager: Mounting plugin ProxyLODPlugin
LogPluginManager: Mounting plugin PythonScriptPlugin
LogPluginManager: Mounting plugin SkeletalReduction
LogPluginManager: Mounting plugin Niagara
LogPluginManager: Mounting plugin LuminPlatformFeatures
LogPluginManager: Mounting plugin MagicLeap
LogPluginManager: Mounting plugin MagicLeapLightEstimation
LogPluginManager: Mounting plugin MagicLeapMedia
LogPluginManager: Mounting plugin MagicLeapPassableWorld
LogPluginManager: Mounting plugin MLSDK
LogPluginManager: Mounting plugin AndroidMedia
LogPluginManager: Mounting plugin AvfMedia
LogPluginManager: Mounting plugin ImgMedia
LogPluginManager: Mounting plugin MediaCompositing
LogPluginManager: Mounting plugin MediaPlayerEditor
LogPluginManager: Mounting plugin WebMMedia
LogPluginManager: Mounting plugin WmfMedia
LogPluginManager: Mounting plugin TcpMessaging
LogPluginManager: Mounting plugin UdpMessaging
LogPluginManager: Mounting plugin ActorSequence
LogPluginManager: Mounting plugin LevelSequenceEditor
LogPluginManager: Mounting plugin MatineeToLevelSequence
LogPluginManager: Mounting plugin TemplateSequence
LogPluginManager: Mounting plugin OnlineSubsystem
LogPluginManager: Mounting plugin OnlineSubsystemNull
LogPluginManager: Mounting plugin OnlineSubsystemUtils
LogPluginManager: Mounting plugin LauncherChunkInstaller
LogPluginManager: Mounting plugin ActorLayerUtilities
LogPluginManager: Mounting plugin AndroidDeviceProfileSelector
LogPluginManager: Mounting plugin AndroidMoviePlayer
LogPluginManager: Mounting plugin AndroidPermission
LogPluginManager: Mounting plugin AppleImageUtils
LogPluginManager: Mounting plugin AppleMoviePlayer
LogPluginManager: Mounting plugin ArchVisCharacter
LogPluginManager: Mounting plugin AssetTags
LogPluginManager: Mounting plugin AudioCapture
LogPluginManager: Mounting plugin AudioSynesthesia
LogPluginManager: Mounting plugin CableComponent
LogPluginManager: Mounting plugin ChunkDownloader
LogPluginManager: Mounting plugin CustomMeshComponent
LogPluginManager: Mounting plugin EditableMesh
LogPluginManager: Mounting plugin ExampleDeviceProfileSelector
LogPluginManager: Mounting plugin GoogleCloudMessaging
LogPluginManager: Mounting plugin GooglePAD
LogPluginManager: Mounting plugin IOSDeviceProfileSelector
LogPluginManager: Mounting plugin LinuxDeviceProfileSelector
LogPluginManager: Mounting plugin LocationServicesBPLibrary
LogPluginManager: Mounting plugin MobilePatchingUtils
LogPluginManager: Mounting plugin OpenXR
LogPluginManager: Mounting plugin OpenXREyeTracker
LogPluginManager: Mounting plugin OpenXRHandTracking
LogPluginManager: Mounting plugin PhysXVehicles
LogPluginManager: Mounting plugin PostSplashScreen
LogPluginManager: Mounting plugin ProceduralMeshComponent
LogPluginManager: Mounting plugin PropertyAccessEditor
LogPluginManager: Mounting plugin RuntimePhysXCooking
LogPluginManager: Mounting plugin SignificanceManager
LogPluginManager: Mounting plugin SoundFields
LogPluginManager: Mounting plugin Synthesis
LogPluginManager: Mounting plugin WebMMoviePlayer
LogPluginManager: Mounting plugin WindowsMoviePlayer
LogPluginManager: Mounting plugin ScreenshotTools
LogPluginManager: Mounting plugin Takes
LogPluginManager: Mounting plugin ContentBrowserAssetDataSource
LogPluginManager: Mounting plugin ContentBrowserClassDataSource
LogPluginManager: Mounting plugin ContentBrowserFileDataSource
LogPluginManager: Mounting plugin RiderLink
LogPluginManager: Mounting plugin OnlineSubsystemGooglePlay
LogPluginManager: Mounting plugin OnlineSubsystemIOS
LogPluginManager: Mounting plugin OculusVR
LogPluginManager: Mounting plugin SteamVR
PixWinPlugin: PIX capture plugin failed to initialize! Check that the process is launched from PIX.
LogInit: Using libcurl 7.55.1-DEV
LogInit:  - built for x86_64-pc-win32
LogInit:  - supports SSL with OpenSSL/1.1.1
LogInit:  - supports HTTP deflate (compression) using libz 1.2.8
LogInit:  - other features:
LogInit:      CURL_VERSION_SSL
LogInit:      CURL_VERSION_LIBZ
LogInit:      CURL_VERSION_IPV6
LogInit:      CURL_VERSION_ASYNCHDNS
LogInit:      CURL_VERSION_LARGEFILE
LogInit:      CURL_VERSION_IDN
LogInit:  CurlRequestOptions (configurable via config and command line):
LogInit:  - bVerifyPeer = true  - Libcurl will verify peer certificate
LogInit:  - bUseHttpProxy = false  - Libcurl will NOT use HTTP proxy
LogInit:  - bDontReuseConnections = false  - Libcurl will reuse connections
LogInit:  - MaxHostConnections = 16  - Libcurl will limit the number of connections to a host
LogInit:  - LocalHostAddr = Default
LogInit:  - BufferSize = 65536
LogOnline: OSS: Creating online subsystem instance for: NULL
LogInit: WinSock: version 1.1 (2.2), MaxSocks=32767, MaxUdp=65467
LogOnline: OSS: TryLoadSubsystemAndSetDefault: Loaded subsystem for module [NULL]
LogOculusPluginWrapper: OculusPlugin initialized successfully
LogHMD: Failed initializing OVRPlugin 1.59.0
LogInit: Build: ++UE4+Release-4.27-CL-18319896
LogInit: Engine Version: 4.27.2-18319896+++UE4+Release-4.27
LogInit: Compatible Engine Version: 4.27.0-17155196+++UE4+Release-4.27
LogInit: Net CL: 17155196
LogInit: OS: Windows 10 (Release 2009) (), CPU: AMD Ryzen 9 7900X 12-Core Processor            , GPU: AMD Radeon RX 7900 XTX
LogInit: Compiled (64-bit): Nov 30 2021 07:12:08
LogInit: Compiled with Visual C++: 19.24.28315.00
LogInit: Build Configuration: DebugGame
LogInit: Branch Name: ++UE4+Release-4.27
LogInit: Command Line:  -skipcompile
LogInit: Base Directory: C:/Program Files/UE_4.27/Engine/Binaries/Win64/
LogInit: Allocator: TBB
LogInit: Installed Engine Build: 1
LogDevObjectVersion: Number of dev versions registered: 29
LogDevObjectVersion:   Dev-Blueprints (B0D832E4-1F89-4F0D-ACCF-7EB736FD4AA2): 10
LogDevObjectVersion:   Dev-Build (E1C64328-A22C-4D53-A36C-8E866417BD8C): 0
LogDevObjectVersion:   Dev-Core (375EC13C-06E4-48FB-B500-84F0262A717E): 4
LogDevObjectVersion:   Dev-Editor (E4B068ED-F494-42E9-A231-DA0B2E46BB41): 40
LogDevObjectVersion:   Dev-Framework (CFFC743F-43B0-4480-9391-14DF171D2073): 37
LogDevObjectVersion:   Dev-Mobile (B02B49B5-BB20-44E9-A304-32B752E40360): 3
LogDevObjectVersion:   Dev-Networking (A4E4105C-59A1-49B5-A7C5-40C4547EDFEE): 0
LogDevObjectVersion:   Dev-Online (39C831C9-5AE6-47DC-9A44-9C173E1C8E7C): 0
LogDevObjectVersion:   Dev-Physics (78F01B33-EBEA-4F98-B9B4-84EACCB95AA2): 14
LogDevObjectVersion:   Dev-Platform (6631380F-2D4D-43E0-8009-CF276956A95A): 0
LogDevObjectVersion:   Dev-Rendering (12F88B9F-8875-4AFC-A67C-D90C383ABD29): 45
LogDevObjectVersion:   Dev-Sequencer (7B5AE74C-D270-4C10-A958-57980B212A5A): 13
LogDevObjectVersion:   Dev-VR (D7296918-1DD6-4BDD-9DE2-64A83CC13884): 3
LogDevObjectVersion:   Dev-LoadTimes (C2A15278-BFE7-4AFE-6C17-90FF531DF755): 1
LogDevObjectVersion:   Private-Geometry (6EACA3D4-40EC-4CC1-B786-8BED09428FC5): 3
LogDevObjectVersion:   Dev-AnimPhys (29E575DD-E0A3-4627-9D10-D276232CDCEA): 17
LogDevObjectVersion:   Dev-Anim (AF43A65D-7FD3-4947-9873-3E8ED9C1BB05): 15
LogDevObjectVersion:   Dev-ReflectionCapture (6B266CEC-1EC7-4B8F-A30B-E4D90942FC07): 1
LogDevObjectVersion:   Dev-Automation (0DF73D61-A23F-47EA-B727-89E90C41499A): 1
LogDevObjectVersion:   FortniteMain (601D1886-AC64-4F84-AA16-D3DE0DEAC7D6): 47
LogDevObjectVersion:   FortniteRelease (E7086368-6B23-4C58-8439-1B7016265E91): 1
LogDevObjectVersion:   Dev-Enterprise (9DFFBCD6-494F-0158-E221-12823C92A888): 10
LogDevObjectVersion:   Dev-Niagara (F2AED0AC-9AFE-416F-8664-AA7FFA26D6FC): 1
LogDevObjectVersion:   Dev-Destruction (174F1F0B-B4C6-45A5-B13F-2EE8D0FB917D): 10
LogDevObjectVersion:   Dev-Physics-Ext (35F94A83-E258-406C-A318-09F59610247C): 41
LogDevObjectVersion:   Dev-PhysicsMaterial-Chaos (B68FC16E-8B1B-42E2-B453-215C058844FE): 1
LogDevObjectVersion:   Dev-CineCamera (B2E18506-4273-CFC2-A54E-F4BB758BBA07): 1
LogDevObjectVersion:   Dev-VirtualProduction (64F58936-FD1B-42BA-BA96-7289D5D0FA4E): 1
LogDevObjectVersion:   Dev-MediaFramework (6F0ED827-A609-4895-9C91-998D90180EA4): 2
LogInit: Presizing for max 25165824 objects, including 0 objects not considered by GC, pre-allocating 0 bytes for permanent pool.
LogConfig: Applying CVar settings from Section [/Script/Engine.StreamingSettings] File [C:/Users/nanim/GitHub/InsectHeaven/InsectHeaven/Saved/Config/Windows/Engine.ini]
LogConfig: Setting CVar [[s.MinBulkDataSizeForAsyncLoading:131072]]
LogConfig: Setting CVar [[s.AsyncLoadingThreadEnabled:0]]
LogConfig: Setting CVar [[s.EventDrivenLoaderEnabled:1]]
LogConfig: Setting CVar [[s.WarnIfTimeLimitExceeded:0]]
LogConfig: Setting CVar [[s.TimeLimitExceededMultiplier:1.5]]
LogConfig: Setting CVar [[s.TimeLimitExceededMinTime:0.005]]
LogConfig: Setting CVar [[s.UseBackgroundLevelStreaming:1]]
LogConfig: Setting CVar [[s.PriorityAsyncLoadingExtraTime:15.0]]
LogConfig: Setting CVar [[s.LevelStreamingActorsUpdateTimeLimit:5.0]]
LogConfig: Setting CVar [[s.PriorityLevelStreamingActorsUpdateExtraTime:5.0]]
LogConfig: Setting CVar [[s.LevelStreamingComponentsRegistrationGranularity:10]]
LogConfig: Setting CVar [[s.UnregisterComponentsTimeLimit:1.0]]
LogConfig: Setting CVar [[s.LevelStreamingComponentsUnregistrationGranularity:5]]
LogConfig: Setting CVar [[s.FlushStreamingOnExit:1]]
LogInit: Object subsystem initialized
LogConfig: Setting CVar [[con.DebugEarlyDefault:1]]
LogConfig: Setting CVar [[r.setres:1280x720]]
[2024.08.10-09.36.58:292][  0]LogConfig: Setting CVar [[r.VSync:0]]
[2024.08.10-09.36.58:293][  0]LogConfig: Setting CVar [[r.RHICmdBypass:0]]
[2024.08.10-09.36.58:342][  0]LogConfig: Applying CVar settings from Section [/Script/Engine.RendererSettings] File [C:/Users/nanim/GitHub/InsectHeaven/InsectHeaven/Saved/Config/Windows/Engine.ini]
[2024.08.10-09.36.58:342][  0]LogConfig: Setting CVar [[r.GPUCrashDebugging:0]]
[2024.08.10-09.36.58:343][  0]LogConfig: Applying CVar settings from Section [/Script/Engine.RendererOverrideSettings] File [C:/Users/nanim/GitHub/InsectHeaven/InsectHeaven/Saved/Config/Windows/Engine.ini]
[2024.08.10-09.36.58:343][  0]LogConfig: Applying CVar settings from Section [/Script/Engine.StreamingSettings] File [C:/Users/nanim/GitHub/InsectHeaven/InsectHeaven/Saved/Config/Windows/Engine.ini]
[2024.08.10-09.36.58:343][  0]LogConfig: Setting CVar [[s.MinBulkDataSizeForAsyncLoading:131072]]
[2024.08.10-09.36.58:343][  0]LogConfig: Setting CVar [[s.AsyncLoadingThreadEnabled:0]]
[2024.08.10-09.36.58:343][  0]LogConfig: Setting CVar [[s.EventDrivenLoaderEnabled:1]]
[2024.08.10-09.36.58:343][  0]LogConfig: Setting CVar [[s.WarnIfTimeLimitExceeded:0]]
[2024.08.10-09.36.58:343][  0]LogConfig: Setting CVar [[s.TimeLimitExceededMultiplier:1.5]]
[2024.08.10-09.36.58:343][  0]LogConfig: Setting CVar [[s.TimeLimitExceededMinTime:0.005]]
[2024.08.10-09.36.58:344][  0]LogConfig: Setting CVar [[s.UseBackgroundLevelStreaming:1]]
[2024.08.10-09.36.58:344][  0]LogConfig: Setting CVar [[s.PriorityAsyncLoadingExtraTime:15.0]]
[2024.08.10-09.36.58:344][  0]LogConfig: Setting CVar [[s.LevelStreamingActorsUpdateTimeLimit:5.0]]
[2024.08.10-09.36.58:344][  0]LogConfig: Setting CVar [[s.PriorityLevelStreamingActorsUpdateExtraTime:5.0]]
[2024.08.10-09.36.58:344][  0]LogConfig: Setting CVar [[s.LevelStreamingComponentsRegistrationGranularity:10]]
[2024.08.10-09.36.58:344][  0]LogConfig: Setting CVar [[s.UnregisterComponentsTimeLimit:1.0]]
[2024.08.10-09.36.58:344][  0]LogConfig: Setting CVar [[s.LevelStreamingComponentsUnregistrationGranularity:5]]
[2024.08.10-09.36.58:344][  0]LogConfig: Setting CVar [[s.FlushStreamingOnExit:1]]
[2024.08.10-09.36.58:344][  0]LogConfig: Applying CVar settings from Section [/Script/Engine.GarbageCollectionSettings] File [C:/Users/nanim/GitHub/InsectHeaven/InsectHeaven/Saved/Config/Windows/Engine.ini]
[2024.08.10-09.36.58:345][  0]LogConfig: Setting CVar [[gc.MaxObjectsNotConsideredByGC:1]]
[2024.08.10-09.36.58:345][  0]LogConfig: Setting CVar [[gc.SizeOfPermanentObjectPool:0]]
[2024.08.10-09.36.58:345][  0]LogConfig: Setting CVar [[gc.FlushStreamingOnGC:0]]
[2024.08.10-09.36.58:345][  0]LogConfig: Setting CVar [[gc.NumRetriesBeforeForcingGC:10]]
[2024.08.10-09.36.58:345][  0]LogConfig: Setting CVar [[gc.AllowParallelGC:1]]
[2024.08.10-09.36.58:345][  0]LogConfig: Setting CVar [[gc.TimeBetweenPurgingPendingKillObjects:61.1]]
[2024.08.10-09.36.58:345][  0]LogConfig: Setting CVar [[gc.MaxObjectsInEditor:25165824]]
[2024.08.10-09.36.58:346][  0]LogConfig: Setting CVar [[gc.IncrementalBeginDestroyEnabled:1]]
[2024.08.10-09.36.58:346][  0]LogConfig: Setting CVar [[gc.CreateGCClusters:1]]
[2024.08.10-09.36.58:346][  0]LogConfig: Setting CVar [[gc.MinGCClusterSize:5]]
[2024.08.10-09.36.58:346][  0]LogConfig: Setting CVar [[gc.ActorClusteringEnabled:0]]
[2024.08.10-09.36.58:346][  0]LogConfig: Setting CVar [[gc.BlueprintClusteringEnabled:0]]
[2024.08.10-09.36.58:346][  0]LogConfig: Setting CVar [[gc.UseDisregardForGCOnDedicatedServers:0]]
[2024.08.10-09.36.58:346][  0]LogConfig: Setting CVar [[gc.MultithreadedDestructionEnabled:1]]
[2024.08.10-09.36.58:346][  0]LogConfig: Applying CVar settings from Section [/Script/Engine.NetworkSettings] File [C:/Users/nanim/GitHub/InsectHeaven/InsectHeaven/Saved/Config/Windows/Engine.ini]
[2024.08.10-09.36.58:347][  0]LogConfig: Applying CVar settings from Section [/Script/UnrealEd.CookerSettings] File [C:/Users/nanim/GitHub/InsectHeaven/InsectHeaven/Saved/Config/Windows/Engine.ini]
[2024.08.10-09.36.58:573][  0]LogConfig: Applying CVar settings from Section [ViewDistanceQuality@3] File [C:/Users/nanim/GitHub/InsectHeaven/InsectHeaven/Saved/Config/Windows/Scalability.ini]
[2024.08.10-09.36.58:573][  0]LogConfig: Setting CVar [[r.SkeletalMeshLODBias:0]]
[2024.08.10-09.36.58:573][  0]LogConfig: Setting CVar [[r.ViewDistanceScale:1.0]]
[2024.08.10-09.36.58:573][  0]LogConfig: Applying CVar settings from Section [AntiAliasingQuality@3] File [C:/Users/nanim/GitHub/InsectHeaven/InsectHeaven/Saved/Config/Windows/Scalability.ini]
[2024.08.10-09.36.58:573][  0]LogConfig: Setting CVar [[r.PostProcessAAQuality:4]]
[2024.08.10-09.36.58:573][  0]LogConfig: Applying CVar settings from Section [ShadowQuality@3] File [C:/Users/nanim/GitHub/InsectHeaven/InsectHeaven/Saved/Config/Windows/Scalability.ini]
[2024.08.10-09.36.58:574][  0]LogConfig: Setting CVar [[r.LightFunctionQuality:1]]
[2024.08.10-09.36.58:574][  0]LogConfig: Setting CVar [[r.ShadowQuality:5]]
[2024.08.10-09.36.58:574][  0]LogConfig: Setting CVar [[r.Shadow.CSM.MaxCascades:10]]
[2024.08.10-09.36.58:574][  0]LogConfig: Setting CVar [[r.Shadow.MaxResolution:2048]]
[2024.08.10-09.36.58:574][  0]LogConfig: Setting CVar [[r.Shadow.MaxCSMResolution:2048]]
[2024.08.10-09.36.58:574][  0]LogConfig: Setting CVar [[r.Shadow.RadiusThreshold:0.01]]
[2024.08.10-09.36.58:574][  0]LogConfig: Setting CVar [[r.Shadow.DistanceScale:1.0]]
[2024.08.10-09.36.58:574][  0]LogConfig: Setting CVar [[r.Shadow.CSM.TransitionScale:1.0]]
[2024.08.10-09.36.58:575][  0]LogConfig: Setting CVar [[r.Shadow.PreShadowResolutionFactor:1.0]]
[2024.08.10-09.36.58:575][  0]LogConfig: Setting CVar [[r.DistanceFieldShadowing:1]]
[2024.08.10-09.36.58:575][  0]LogConfig: Setting CVar [[r.DistanceFieldAO:1]]
[2024.08.10-09.36.58:575][  0]LogConfig: Setting CVar [[r.AOQuality:2]]
[2024.08.10-09.36.58:575][  0]LogConfig: Setting CVar [[r.VolumetricFog:1]]
[2024.08.10-09.36.58:575][  0]LogConfig: Setting CVar [[r.VolumetricFog.GridPixelSize:8]]
[2024.08.10-09.36.58:575][  0]LogConfig: Setting CVar [[r.VolumetricFog.GridSizeZ:128]]
[2024.08.10-09.36.58:575][  0]LogConfig: Setting CVar [[r.VolumetricFog.HistoryMissSupersampleCount:4]]
[2024.08.10-09.36.58:575][  0]LogConfig: Setting CVar [[r.LightMaxDrawDistanceScale:1]]
[2024.08.10-09.36.58:576][  0]LogConfig: Setting CVar [[r.CapsuleShadows:1]]
[2024.08.10-09.36.58:576][  0]LogConfig: Applying CVar settings from Section [PostProcessQuality@3] File [C:/Users/nanim/GitHub/InsectHeaven/InsectHeaven/Saved/Config/Windows/Scalability.ini]
[2024.08.10-09.36.58:576][  0]LogConfig: Setting CVar [[r.MotionBlurQuality:4]]
[2024.08.10-09.36.58:576][  0]LogConfig: Setting CVar [[r.AmbientOcclusionMipLevelFactor:0.4]]
[2024.08.10-09.36.58:576][  0]LogConfig: Setting CVar [[r.AmbientOcclusionMaxQuality:100]]
[2024.08.10-09.36.58:576][  0]LogConfig: Setting CVar [[r.AmbientOcclusionLevels:-1]]
[2024.08.10-09.36.58:576][  0]LogConfig: Setting CVar [[r.AmbientOcclusionRadiusScale:1.0]]
[2024.08.10-09.36.58:576][  0]LogConfig: Setting CVar [[r.DepthOfFieldQuality:2]]
[2024.08.10-09.36.58:577][  0]LogConfig: Setting CVar [[r.RenderTargetPoolMin:400]]
[2024.08.10-09.36.58:577][  0]LogConfig: Setting CVar [[r.LensFlareQuality:2]]
[2024.08.10-09.36.58:577][  0]LogConfig: Setting CVar [[r.SceneColorFringeQuality:1]]
[2024.08.10-09.36.58:577][  0]LogConfig: Setting CVar [[r.EyeAdaptationQuality:2]]
[2024.08.10-09.36.58:577][  0]LogConfig: Setting CVar [[r.BloomQuality:5]]
[2024.08.10-09.36.58:577][  0]LogConfig: Setting CVar [[r.FastBlurThreshold:100]]
[2024.08.10-09.36.58:577][  0]LogConfig: Setting CVar [[r.Upscale.Quality:3]]
[2024.08.10-09.36.58:577][  0]LogConfig: Setting CVar [[r.Tonemapper.GrainQuantization:1]]
[2024.08.10-09.36.58:577][  0]LogConfig: Setting CVar [[r.LightShaftQuality:1]]
[2024.08.10-09.36.58:577][  0]LogConfig: Setting CVar [[r.Filter.SizeScale:1]]
[2024.08.10-09.36.58:578][  0]LogConfig: Setting CVar [[r.Tonemapper.Quality:5]]
[2024.08.10-09.36.58:578][  0]LogConfig: Setting CVar [[r.DOF.Gather.AccumulatorQuality:1        ; higher gathering accumulator quality]]
[2024.08.10-09.36.58:578][  0]LogConfig: Setting CVar [[r.DOF.Gather.PostfilterMethod:1          ; Median3x3 postfilering method]]
[2024.08.10-09.36.58:578][  0]LogConfig: Setting CVar [[r.DOF.Gather.EnableBokehSettings:0       ; no bokeh simulation when gathering]]
[2024.08.10-09.36.58:578][  0]LogConfig: Setting CVar [[r.DOF.Gather.RingCount:4                 ; medium number of samples when gathering]]
[2024.08.10-09.36.58:578][  0]LogConfig: Setting CVar [[r.DOF.Scatter.ForegroundCompositing:1    ; additive foreground scattering]]
[2024.08.10-09.36.58:578][  0]LogConfig: Setting CVar [[r.DOF.Scatter.BackgroundCompositing:2    ; additive background scattering]]
[2024.08.10-09.36.58:578][  0]LogConfig: Setting CVar [[r.DOF.Scatter.EnableBokehSettings:1      ; bokeh simulation when scattering]]
[2024.08.10-09.36.58:578][  0]LogConfig: Setting CVar [[r.DOF.Scatter.MaxSpriteRatio:0.1         ; only a maximum of 10% of scattered bokeh]]
[2024.08.10-09.36.58:579][  0]LogConfig: Setting CVar [[r.DOF.Recombine.Quality:1                ; cheap slight out of focus]]
[2024.08.10-09.36.58:579][  0]LogConfig: Setting CVar [[r.DOF.Recombine.EnableBokehSettings:0    ; no bokeh simulation on slight out of focus]]
[2024.08.10-09.36.58:579][  0]LogConfig: Setting CVar [[r.DOF.TemporalAAQuality:1                ; more stable temporal accumulation]]
[2024.08.10-09.36.58:579][  0]LogConfig: Setting CVar [[r.DOF.Kernel.MaxForegroundRadius:0.025]]
[2024.08.10-09.36.58:579][  0]LogConfig: Setting CVar [[r.DOF.Kernel.MaxBackgroundRadius:0.025]]
[2024.08.10-09.36.58:579][  0]LogConfig: Applying CVar settings from Section [TextureQuality@3] File [C:/Users/nanim/GitHub/InsectHeaven/InsectHeaven/Saved/Config/Windows/Scalability.ini]
[2024.08.10-09.36.58:579][  0]LogConfig: Setting CVar [[r.Streaming.MipBias:0]]
[2024.08.10-09.36.58:580][  0]LogConfig: Setting CVar [[r.Streaming.AmortizeCPUToGPUCopy:0]]
[2024.08.10-09.36.58:580][  0]LogConfig: Setting CVar [[r.Streaming.MaxNumTexturesToStreamPerFrame:0]]
[2024.08.10-09.36.58:580][  0]LogConfig: Setting CVar [[r.Streaming.Boost:1]]
[2024.08.10-09.36.58:580][  0]LogConfig: Setting CVar [[r.MaxAnisotropy:8]]
[2024.08.10-09.36.58:580][  0]LogConfig: Setting CVar [[r.VT.MaxAnisotropy:8]]
[2024.08.10-09.36.58:580][  0]LogConfig: Setting CVar [[r.Streaming.LimitPoolSizeToVRAM:0]]
[2024.08.10-09.36.58:580][  0]LogConfig: Setting CVar [[r.Streaming.PoolSize:1000]]
[2024.08.10-09.36.58:580][  0]LogConfig: Setting CVar [[r.Streaming.MaxEffectiveScreenSize:0]]
[2024.08.10-09.36.58:580][  0]LogConfig: Applying CVar settings from Section [EffectsQuality@3] File [C:/Users/nanim/GitHub/InsectHeaven/InsectHeaven/Saved/Config/Windows/Scalability.ini]
[2024.08.10-09.36.58:581][  0]LogConfig: Setting CVar [[r.TranslucencyLightingVolumeDim:64]]
[2024.08.10-09.36.58:581][  0]LogConfig: Setting CVar [[r.RefractionQuality:2]]
[2024.08.10-09.36.58:581][  0]LogConfig: Setting CVar [[r.SSR.Quality:3]]
[2024.08.10-09.36.58:581][  0]LogConfig: Setting CVar [[r.SSR.HalfResSceneColor:0]]
[2024.08.10-09.36.58:581][  0]LogConfig: Setting CVar [[r.SceneColorFormat:4]]
[2024.08.10-09.36.58:581][  0]LogConfig: Setting CVar [[r.DetailMode:2]]
[2024.08.10-09.36.58:581][  0]LogConfig: Setting CVar [[r.TranslucencyVolumeBlur:1]]
[2024.08.10-09.36.58:581][  0]LogConfig: Setting CVar [[r.MaterialQualityLevel:1 ; High quality]]
[2024.08.10-09.36.58:581][  0]LogConfig: Setting CVar [[r.AnisotropicMaterials:1]]
[2024.08.10-09.36.58:582][  0]LogConfig: Setting CVar [[r.SSS.Scale:1]]
[2024.08.10-09.36.58:582][  0]LogConfig: Setting CVar [[r.SSS.SampleSet:2]]
[2024.08.10-09.36.58:582][  0]LogConfig: Setting CVar [[r.SSS.Quality:1]]
[2024.08.10-09.36.58:582][  0]LogConfig: Setting CVar [[r.SSS.HalfRes:0]]
[2024.08.10-09.36.58:582][  0]LogConfig: Setting CVar [[r.SSGI.Quality:3]]
[2024.08.10-09.36.58:582][  0]LogConfig: Setting CVar [[r.EmitterSpawnRateScale:1.0]]
[2024.08.10-09.36.58:582][  0]LogConfig: Setting CVar [[r.ParticleLightQuality:2]]
[2024.08.10-09.36.58:582][  0]LogConfig: Setting CVar [[r.SkyAtmosphere.AerialPerspectiveLUT.FastApplyOnOpaque:1 ; Always have FastSkyLUT 1 in this case to avoid wrong sky]]
[2024.08.10-09.36.58:582][  0]LogConfig: Setting CVar [[r.SkyAtmosphere.AerialPerspectiveLUT.SampleCountMaxPerSlice:4]]
[2024.08.10-09.36.58:583][  0]LogConfig: Setting CVar [[r.SkyAtmosphere.AerialPerspectiveLUT.DepthResolution:16.0]]
[2024.08.10-09.36.58:583][  0]LogConfig: Setting CVar [[r.SkyAtmosphere.FastSkyLUT:1]]
[2024.08.10-09.36.58:583][  0]LogConfig: Setting CVar [[r.SkyAtmosphere.FastSkyLUT.SampleCountMin:4.0]]
[2024.08.10-09.36.58:583][  0]LogConfig: Setting CVar [[r.SkyAtmosphere.FastSkyLUT.SampleCountMax:128.0]]
[2024.08.10-09.36.58:583][  0]LogConfig: Setting CVar [[r.SkyAtmosphere.SampleCountMin:4.0]]
[2024.08.10-09.36.58:583][  0]LogConfig: Setting CVar [[r.SkyAtmosphere.SampleCountMax:128.0]]
[2024.08.10-09.36.58:583][  0]LogConfig: Setting CVar [[r.SkyAtmosphere.TransmittanceLUT.UseSmallFormat:0]]
[2024.08.10-09.36.58:583][  0]LogConfig: Setting CVar [[r.SkyAtmosphere.TransmittanceLUT.SampleCount:10.0]]
[2024.08.10-09.36.58:583][  0]LogConfig: Setting CVar [[r.SkyAtmosphere.MultiScatteringLUT.SampleCount:15.0]]
[2024.08.10-09.36.58:583][  0]LogConfig: Setting CVar [[r.SkyLight.RealTimeReflectionCapture:1]]
[2024.08.10-09.36.58:584][  0]LogConfig: Applying CVar settings from Section [FoliageQuality@3] File [C:/Users/nanim/GitHub/InsectHeaven/InsectHeaven/Saved/Config/Windows/Scalability.ini]
[2024.08.10-09.36.58:584][  0]LogConfig: Setting CVar [[foliage.DensityScale:1.0]]
[2024.08.10-09.36.58:584][  0]LogConfig: Setting CVar [[grass.DensityScale:1.0]]
[2024.08.10-09.36.58:584][  0]LogConfig: Applying CVar settings from Section [ShadingQuality@3] File [C:/Users/nanim/GitHub/InsectHeaven/InsectHeaven/Saved/Config/Windows/Scalability.ini]
[2024.08.10-09.36.58:584][  0]LogConfig: Setting CVar [[r.HairStrands.SkyLighting.IntegrationType:2]]
[2024.08.10-09.36.58:584][  0]LogConfig: Setting CVar [[r.HairStrands.SkyAO.SampleCount:4]]
[2024.08.10-09.36.58:584][  0]LogConfig: Setting CVar [[r.HairStrands.Visibility.MSAA.SamplePerPixel:4]]
[2024.08.10-09.36.58:634][  0]LogInit: Selected Device Profile: [Windows]
[2024.08.10-09.36.58:651][  0]LogInit: Applying CVar settings loaded from the selected device profile: [Windows]
[2024.08.10-09.36.58:657][  0]LogHAL: Display: Platform has ~ 32 GB [33457160192 / 34359738368 / 32], which maps to Largest [LargestMinGB=32, LargerMinGB=12, DefaultMinGB=8, SmallerMinGB=6, SmallestMinGB=0)
[2024.08.10-09.36.58:672][  0]LogInit: Going up to parent DeviceProfile []
[2024.08.10-09.36.58:701][  0]LogConfig: Applying CVar settings from Section [ViewDistanceQuality@3] File [C:/Users/nanim/GitHub/InsectHeaven/InsectHeaven/Saved/Config/Windows/Scalability.ini]
[2024.08.10-09.36.58:701][  0]LogConfig: Setting CVar [[r.SkeletalMeshLODBias:0]]
[2024.08.10-09.36.58:701][  0]LogConfig: Setting CVar [[r.ViewDistanceScale:1.0]]
[2024.08.10-09.36.58:701][  0]LogConfig: Applying CVar settings from Section [AntiAliasingQuality@3] File [C:/Users/nanim/GitHub/InsectHeaven/InsectHeaven/Saved/Config/Windows/Scalability.ini]
[2024.08.10-09.36.58:701][  0]LogConfig: Setting CVar [[r.PostProcessAAQuality:4]]
[2024.08.10-09.36.58:702][  0]LogConfig: Applying CVar settings from Section [ShadowQuality@3] File [C:/Users/nanim/GitHub/InsectHeaven/InsectHeaven/Saved/Config/Windows/Scalability.ini]
[2024.08.10-09.36.58:702][  0]LogConfig: Setting CVar [[r.LightFunctionQuality:1]]
[2024.08.10-09.36.58:702][  0]LogConfig: Setting CVar [[r.ShadowQuality:5]]
[2024.08.10-09.36.58:702][  0]LogConfig: Setting CVar [[r.Shadow.CSM.MaxCascades:10]]
[2024.08.10-09.36.58:702][  0]LogConfig: Setting CVar [[r.Shadow.MaxResolution:2048]]
[2024.08.10-09.36.58:702][  0]LogConfig: Setting CVar [[r.Shadow.MaxCSMResolution:2048]]
[2024.08.10-09.36.58:702][  0]LogConfig: Setting CVar [[r.Shadow.RadiusThreshold:0.01]]
[2024.08.10-09.36.58:702][  0]LogConfig: Setting CVar [[r.Shadow.DistanceScale:1.0]]
[2024.08.10-09.36.58:703][  0]LogConfig: Setting CVar [[r.Shadow.CSM.TransitionScale:1.0]]
[2024.08.10-09.36.58:703][  0]LogConfig: Setting CVar [[r.Shadow.PreShadowResolutionFactor:1.0]]
[2024.08.10-09.36.58:703][  0]LogConfig: Setting CVar [[r.DistanceFieldShadowing:1]]
[2024.08.10-09.36.58:703][  0]LogConfig: Setting CVar [[r.DistanceFieldAO:1]]
[2024.08.10-09.36.58:703][  0]LogConfig: Setting CVar [[r.AOQuality:2]]
[2024.08.10-09.36.58:703][  0]LogConfig: Setting CVar [[r.VolumetricFog:1]]
[2024.08.10-09.36.58:703][  0]LogConfig: Setting CVar [[r.VolumetricFog.GridPixelSize:8]]
[2024.08.10-09.36.58:703][  0]LogConfig: Setting CVar [[r.VolumetricFog.GridSizeZ:128]]
[2024.08.10-09.36.58:704][  0]LogConfig: Setting CVar [[r.VolumetricFog.HistoryMissSupersampleCount:4]]
[2024.08.10-09.36.58:704][  0]LogConfig: Setting CVar [[r.LightMaxDrawDistanceScale:1]]
[2024.08.10-09.36.58:704][  0]LogConfig: Setting CVar [[r.CapsuleShadows:1]]
[2024.08.10-09.36.58:704][  0]LogConfig: Applying CVar settings from Section [PostProcessQuality@3] File [C:/Users/nanim/GitHub/InsectHeaven/InsectHeaven/Saved/Config/Windows/Scalability.ini]
[2024.08.10-09.36.58:704][  0]LogConfig: Setting CVar [[r.MotionBlurQuality:4]]
[2024.08.10-09.36.58:704][  0]LogConfig: Setting CVar [[r.AmbientOcclusionMipLevelFactor:0.4]]
[2024.08.10-09.36.58:704][  0]LogConfig: Setting CVar [[r.AmbientOcclusionMaxQuality:100]]
[2024.08.10-09.36.58:704][  0]LogConfig: Setting CVar [[r.AmbientOcclusionLevels:-1]]
[2024.08.10-09.36.58:704][  0]LogConfig: Setting CVar [[r.AmbientOcclusionRadiusScale:1.0]]
[2024.08.10-09.36.58:704][  0]LogConfig: Setting CVar [[r.DepthOfFieldQuality:2]]
[2024.08.10-09.36.58:705][  0]LogConfig: Setting CVar [[r.RenderTargetPoolMin:400]]
[2024.08.10-09.36.58:705][  0]LogConfig: Setting CVar [[r.LensFlareQuality:2]]
[2024.08.10-09.36.58:705][  0]LogConfig: Setting CVar [[r.SceneColorFringeQuality:1]]
[2024.08.10-09.36.58:705][  0]LogConfig: Setting CVar [[r.EyeAdaptationQuality:2]]
[2024.08.10-09.36.58:705][  0]LogConfig: Setting CVar [[r.BloomQuality:5]]
[2024.08.10-09.36.58:705][  0]LogConfig: Setting CVar [[r.FastBlurThreshold:100]]
[2024.08.10-09.36.58:705][  0]LogConfig: Setting CVar [[r.Upscale.Quality:3]]
[2024.08.10-09.36.58:705][  0]LogConfig: Setting CVar [[r.Tonemapper.GrainQuantization:1]]
[2024.08.10-09.36.58:705][  0]LogConfig: Setting CVar [[r.LightShaftQuality:1]]
[2024.08.10-09.36.58:706][  0]LogConfig: Setting CVar [[r.Filter.SizeScale:1]]
[2024.08.10-09.36.58:706][  0]LogConfig: Setting CVar [[r.Tonemapper.Quality:5]]
[2024.08.10-09.36.58:706][  0]LogConfig: Setting CVar [[r.DOF.Gather.AccumulatorQuality:1        ; higher gathering accumulator quality]]
[2024.08.10-09.36.58:706][  0]LogConfig: Setting CVar [[r.DOF.Gather.PostfilterMethod:1          ; Median3x3 postfilering method]]
[2024.08.10-09.36.58:706][  0]LogConfig: Setting CVar [[r.DOF.Gather.EnableBokehSettings:0       ; no bokeh simulation when gathering]]
[2024.08.10-09.36.58:706][  0]LogConfig: Setting CVar [[r.DOF.Gather.RingCount:4                 ; medium number of samples when gathering]]
[2024.08.10-09.36.58:706][  0]LogConfig: Setting CVar [[r.DOF.Scatter.ForegroundCompositing:1    ; additive foreground scattering]]
[2024.08.10-09.36.58:706][  0]LogConfig: Setting CVar [[r.DOF.Scatter.BackgroundCompositing:2    ; additive background scattering]]
[2024.08.10-09.36.58:706][  0]LogConfig: Setting CVar [[r.DOF.Scatter.EnableBokehSettings:1      ; bokeh simulation when scattering]]
[2024.08.10-09.36.58:707][  0]LogConfig: Setting CVar [[r.DOF.Scatter.MaxSpriteRatio:0.1         ; only a maximum of 10% of scattered bokeh]]
[2024.08.10-09.36.58:707][  0]LogConfig: Setting CVar [[r.DOF.Recombine.Quality:1                ; cheap slight out of focus]]
[2024.08.10-09.36.58:707][  0]LogConfig: Setting CVar [[r.DOF.Recombine.EnableBokehSettings:0    ; no bokeh simulation on slight out of focus]]
[2024.08.10-09.36.58:707][  0]LogConfig: Setting CVar [[r.DOF.TemporalAAQuality:1                ; more stable temporal accumulation]]
[2024.08.10-09.36.58:707][  0]LogConfig: Setting CVar [[r.DOF.Kernel.MaxForegroundRadius:0.025]]
[2024.08.10-09.36.58:707][  0]LogConfig: Setting CVar [[r.DOF.Kernel.MaxBackgroundRadius:0.025]]
[2024.08.10-09.36.58:707][  0]LogConfig: Applying CVar settings from Section [TextureQuality@3] File [C:/Users/nanim/GitHub/InsectHeaven/InsectHeaven/Saved/Config/Windows/Scalability.ini]
[2024.08.10-09.36.58:707][  0]LogConfig: Setting CVar [[r.Streaming.MipBias:0]]
[2024.08.10-09.36.58:708][  0]LogConfig: Setting CVar [[r.Streaming.AmortizeCPUToGPUCopy:0]]
[2024.08.10-09.36.58:708][  0]LogConfig: Setting CVar [[r.Streaming.MaxNumTexturesToStreamPerFrame:0]]
[2024.08.10-09.36.58:708][  0]LogConfig: Setting CVar [[r.Streaming.Boost:1]]
[2024.08.10-09.36.58:708][  0]LogConfig: Setting CVar [[r.MaxAnisotropy:8]]
[2024.08.10-09.36.58:708][  0]LogConfig: Setting CVar [[r.VT.MaxAnisotropy:8]]
[2024.08.10-09.36.58:708][  0]LogConfig: Setting CVar [[r.Streaming.LimitPoolSizeToVRAM:0]]
[2024.08.10-09.36.58:708][  0]LogConfig: Setting CVar [[r.Streaming.PoolSize:1000]]
[2024.08.10-09.36.58:708][  0]LogConfig: Setting CVar [[r.Streaming.MaxEffectiveScreenSize:0]]
[2024.08.10-09.36.58:708][  0]LogConfig: Applying CVar settings from Section [EffectsQuality@3] File [C:/Users/nanim/GitHub/InsectHeaven/InsectHeaven/Saved/Config/Windows/Scalability.ini]
[2024.08.10-09.36.58:709][  0]LogConfig: Setting CVar [[r.TranslucencyLightingVolumeDim:64]]
[2024.08.10-09.36.58:709][  0]LogConfig: Setting CVar [[r.RefractionQuality:2]]
[2024.08.10-09.36.58:709][  0]LogConfig: Setting CVar [[r.SSR.Quality:3]]
[2024.08.10-09.36.58:709][  0]LogConfig: Setting CVar [[r.SSR.HalfResSceneColor:0]]
[2024.08.10-09.36.58:709][  0]LogConfig: Setting CVar [[r.SceneColorFormat:4]]
[2024.08.10-09.36.58:709][  0]LogConfig: Setting CVar [[r.DetailMode:2]]
[2024.08.10-09.36.58:709][  0]LogConfig: Setting CVar [[r.TranslucencyVolumeBlur:1]]
[2024.08.10-09.36.58:710][  0]LogConfig: Setting CVar [[r.MaterialQualityLevel:1 ; High quality]]
[2024.08.10-09.36.58:710][  0]LogConfig: Setting CVar [[r.AnisotropicMaterials:1]]
[2024.08.10-09.36.58:710][  0]LogConfig: Setting CVar [[r.SSS.Scale:1]]
[2024.08.10-09.36.58:710][  0]LogConfig: Setting CVar [[r.SSS.SampleSet:2]]
[2024.08.10-09.36.58:710][  0]LogConfig: Setting CVar [[r.SSS.Quality:1]]
[2024.08.10-09.36.58:710][  0]LogConfig: Setting CVar [[r.SSS.HalfRes:0]]
[2024.08.10-09.36.58:710][  0]LogConfig: Setting CVar [[r.SSGI.Quality:3]]
[2024.08.10-09.36.58:710][  0]LogConfig: Setting CVar [[r.EmitterSpawnRateScale:1.0]]
[2024.08.10-09.36.58:710][  0]LogConfig: Setting CVar [[r.ParticleLightQuality:2]]
[2024.08.10-09.36.58:710][  0]LogConfig: Setting CVar [[r.SkyAtmosphere.AerialPerspectiveLUT.FastApplyOnOpaque:1 ; Always have FastSkyLUT 1 in this case to avoid wrong sky]]
[2024.08.10-09.36.58:711][  0]LogConfig: Setting CVar [[r.SkyAtmosphere.AerialPerspectiveLUT.SampleCountMaxPerSlice:4]]
[2024.08.10-09.36.58:711][  0]LogConfig: Setting CVar [[r.SkyAtmosphere.AerialPerspectiveLUT.DepthResolution:16.0]]
[2024.08.10-09.36.58:711][  0]LogConfig: Setting CVar [[r.SkyAtmosphere.FastSkyLUT:1]]
[2024.08.10-09.36.58:711][  0]LogConfig: Setting CVar [[r.SkyAtmosphere.FastSkyLUT.SampleCountMin:4.0]]
[2024.08.10-09.36.58:711][  0]LogConfig: Setting CVar [[r.SkyAtmosphere.FastSkyLUT.SampleCountMax:128.0]]
[2024.08.10-09.36.58:711][  0]LogConfig: Setting CVar [[r.SkyAtmosphere.SampleCountMin:4.0]]
[2024.08.10-09.36.58:711][  0]LogConfig: Setting CVar [[r.SkyAtmosphere.SampleCountMax:128.0]]
[2024.08.10-09.36.58:711][  0]LogConfig: Setting CVar [[r.SkyAtmosphere.TransmittanceLUT.UseSmallFormat:0]]
[2024.08.10-09.36.58:711][  0]LogConfig: Setting CVar [[r.SkyAtmosphere.TransmittanceLUT.SampleCount:10.0]]
[2024.08.10-09.36.58:711][  0]LogConfig: Setting CVar [[r.SkyAtmosphere.MultiScatteringLUT.SampleCount:15.0]]
[2024.08.10-09.36.58:712][  0]LogConfig: Setting CVar [[r.SkyLight.RealTimeReflectionCapture:1]]
[2024.08.10-09.36.58:712][  0]LogConfig: Applying CVar settings from Section [FoliageQuality@3] File [C:/Users/nanim/GitHub/InsectHeaven/InsectHeaven/Saved/Config/Windows/Scalability.ini]
[2024.08.10-09.36.58:712][  0]LogConfig: Setting CVar [[foliage.DensityScale:1.0]]
[2024.08.10-09.36.58:712][  0]LogConfig: Setting CVar [[grass.DensityScale:1.0]]
[2024.08.10-09.36.58:712][  0]LogConfig: Applying CVar settings from Section [ShadingQuality@3] File [C:/Users/nanim/GitHub/InsectHeaven/InsectHeaven/Saved/Config/Windows/Scalability.ini]
[2024.08.10-09.36.58:712][  0]LogConfig: Setting CVar [[r.HairStrands.SkyLighting.IntegrationType:2]]
[2024.08.10-09.36.58:712][  0]LogConfig: Setting CVar [[r.HairStrands.SkyAO.SampleCount:4]]
[2024.08.10-09.36.58:712][  0]LogConfig: Setting CVar [[r.HairStrands.Visibility.MSAA.SamplePerPixel:4]]
[2024.08.10-09.36.58:712][  0]LogConfig: Applying CVar settings from Section [Startup] File [../../../Engine/Config/ConsoleVariables.ini]
[2024.08.10-09.36.58:713][  0]LogConfig: Setting CVar [[net.UseAdaptiveNetUpdateFrequency:0]]
[2024.08.10-09.36.58:713][  0]LogConfig: Setting CVar [[p.chaos.AllowCreatePhysxBodies:1]]
[2024.08.10-09.36.58:713][  0]LogConfig: Setting CVar [[fx.SkipVectorVMBackendOptimizations:1]]
[2024.08.10-09.36.58:713][  0]LogConfig: Applying CVar settings from Section [ConsoleVariables] File [C:/Users/nanim/GitHub/InsectHeaven/InsectHeaven/Saved/Config/Windows/Engine.ini]
[2024.08.10-09.36.58:713][  0]LogConfig: Applying CVar settings from Section [ConsoleVariables] File [C:/Users/nanim/GitHub/InsectHeaven/InsectHeaven/Saved/Config/Windows/Editor.ini]
[2024.08.10-09.36.58:729][  0]LogInit: Computer: DESKTOP-NS5ONMH
[2024.08.10-09.36.58:729][  0]LogInit: User: nanim
[2024.08.10-09.36.58:729][  0]LogInit: CPU Page size=4096, Cores=12
[2024.08.10-09.36.58:729][  0]LogInit: High frequency timer resolution =10.000000 MHz
[2024.08.10-09.36.58:729][  0]LogMemory: Memory total: Physical=31.2GB (32GB approx)
[2024.08.10-09.36.58:750][  0]LogMemory: Platform Memory Stats for Windows
[2024.08.10-09.36.58:751][  0]LogMemory: Process Physical Memory: 152.45 MB used, 152.45 MB peak
[2024.08.10-09.36.58:751][  0]LogMemory: Process Virtual Memory: 125.87 MB used, 125.87 MB peak
[2024.08.10-09.36.58:751][  0]LogMemory: Physical Memory: 16196.13 MB used,  15711.10 MB free, 31907.23 MB total
[2024.08.10-09.36.58:751][  0]LogMemory: Virtual Memory: 134173736.00 MB used,  43992.08 MB free, 134217728.00 MB total
[2024.08.10-09.36.58:912][  0]LogWindows: WindowsPlatformFeatures enabled
[2024.08.10-09.37.00:798][  0]LogInit: Physics initialised using underlying interface: PhysX
[2024.08.10-09.37.00:845][  0]LogInit: Using OS detected language (ko-KR).
[2024.08.10-09.37.00:845][  0]LogInit: Using OS detected locale (ko-KR).
[2024.08.10-09.37.00:903][  0]LogTextLocalizationManager: No specific localization for 'ko-KR' exists, so the 'ko' localization will be used.
[2024.08.10-09.37.01:579][  0]LogInit: Setting process to per monitor DPI aware
[2024.08.10-09.37.02:314][  0]LogWindowsTextInputMethodSystem: Display: IME system deactivated.
[2024.08.10-09.37.02:927][  0]LogSlate: New Slate User Created.  User Index 0, Is Virtual User: 0
[2024.08.10-09.37.02:927][  0]LogSlate: Slate User Registered.  User Index 0, Is Virtual User: 0
[2024.08.10-09.37.10:447][  0]LogD3D11RHI: Loaded GFSDK_Aftermath_Lib.x64.dll
[2024.08.10-09.37.10:499][  0]LogHMD: Failed to initialize OpenVR with code 110
[2024.08.10-09.37.10:499][  0]LogD3D11RHI: D3D11 min allowed feature level: 11_0
[2024.08.10-09.37.10:499][  0]LogD3D11RHI: D3D11 max allowed feature level: 11_0
[2024.08.10-09.37.10:499][  0]LogD3D11RHI: D3D11 adapters:
[2024.08.10-09.37.11:200][  0]LogD3D11RHI:    0. 'AMD Radeon RX 7900 XTX' (Feature Level 11_0)
[2024.08.10-09.37.11:200][  0]LogD3D11RHI:       24515/0/15953 MB DedicatedVideo/DedicatedSystem/SharedSystem, Outputs:2, VendorId:0x1002
[2024.08.10-09.37.11:268][  0]LogD3D11RHI:    1. 'AMD Radeon(TM) Graphics' (Feature Level 11_0)
[2024.08.10-09.37.11:268][  0]LogD3D11RHI:       485/0/15953 MB DedicatedVideo/DedicatedSystem/SharedSystem, Outputs:0, VendorId:0x1002
[2024.08.10-09.37.11:301][  0]LogD3D11RHI:    2. 'Microsoft Basic Render Driver' (Feature Level 11_0)
[2024.08.10-09.37.11:301][  0]LogD3D11RHI:       0/0/15953 MB DedicatedVideo/DedicatedSystem/SharedSystem, Outputs:0, VendorId:0x1414
[2024.08.10-09.37.11:301][  0]LogD3D11RHI: Chosen D3D11 Adapter:
[2024.08.10-09.37.11:301][  0]LogD3D11RHI:     Description : AMD Radeon RX 7900 XTX
[2024.08.10-09.37.11:301][  0]LogD3D11RHI:     VendorId    : 1002
[2024.08.10-09.37.11:301][  0]LogD3D11RHI:     DeviceId    : 744c
[2024.08.10-09.37.11:302][  0]LogD3D11RHI:     SubSysId    : e3b1002
[2024.08.10-09.37.11:302][  0]LogD3D11RHI:     Revision    : 00c8
[2024.08.10-09.37.11:302][  0]LogD3D11RHI:     DedicatedVideoMemory : 25706012672 bytes
[2024.08.10-09.37.11:302][  0]LogD3D11RHI:     DedicatedSystemMemory : 0 bytes
[2024.08.10-09.37.11:302][  0]LogD3D11RHI:     SharedSystemMemory : 16728580096 bytes
[2024.08.10-09.37.11:302][  0]LogD3D11RHI:     AdapterLuid : 0 69666
[2024.08.10-09.37.11:348][  0]LogD3D11RHI: Creating new Direct3DDevice
[2024.08.10-09.37.11:349][  0]LogD3D11RHI:     GPU DeviceId: 0x744c (for the marketing name, search the web for "GPU Device Id")
[2024.08.10-09.37.11:349][  0]LogWindows: EnumDisplayDevices:
[2024.08.10-09.37.11:349][  0]LogWindows:    0. 'AMD Radeon RX 7900 XTX' (P:1 D:1)
[2024.08.10-09.37.11:350][  0]LogWindows:    1. 'AMD Radeon RX 7900 XTX' (P:0 D:1)
[2024.08.10-09.37.11:351][  0]LogWindows:    2. 'AMD Radeon RX 7900 XTX' (P:0 D:0)
[2024.08.10-09.37.11:352][  0]LogWindows:    3. 'AMD Radeon RX 7900 XTX' (P:0 D:0)
[2024.08.10-09.37.11:353][  0]LogWindows:    4. 'AMD Radeon RX 7900 XTX' (P:0 D:0)
[2024.08.10-09.37.11:353][  0]LogWindows:    5. 'AMD Radeon(TM) Graphics' (P:0 D:0)
[2024.08.10-09.37.11:354][  0]LogWindows:    6. 'AMD Radeon(TM) Graphics' (P:0 D:0)
[2024.08.10-09.37.11:355][  0]LogWindows:    7. 'AMD Radeon(TM) Graphics' (P:0 D:0)
[2024.08.10-09.37.11:356][  0]LogWindows:    8. 'AMD Radeon(TM) Graphics' (P:0 D:0)
[2024.08.10-09.37.11:357][  0]LogWindows:    9. 'AMD Radeon(TM) Graphics' (P:0 D:0)
[2024.08.10-09.37.11:358][  0]LogWindows: DebugString: PrimaryIsNotTheChoosenAdapter PrimaryIsNotTheChoosenAdapter PrimaryIsNotTheChoosenAdapter PrimaryIsNotTheChoosenAdapter PrimaryIsNotTheChoosenAdapter FoundDriverCount:5 
[2024.08.10-09.37.11:358][  0]LogD3D11RHI:     Adapter Name: AMD Radeon RX 7900 XTX
[2024.08.10-09.37.11:358][  0]LogD3D11RHI:   Driver Version: AMD Software: Adrenalin Edition 23.8.1 (internal:31.0.21029.1006, unified:31.0.21029.1006)
[2024.08.10-09.37.11:358][  0]LogD3D11RHI:      Driver Date: 8-14-2023
[2024.08.10-09.37.11:366][  0]LogRHI: Texture pool is 16623 MB (70% of 23747 MB)
[2024.08.10-09.37.11:475][  0]LogD3D11RHI: Creating D3DDevice with AMD AGS, using adapter:
[2024.08.10-09.37.11:475][  0]LogD3D11RHI:     Description : AMD Radeon RX 7900 XTX
[2024.08.10-09.37.11:475][  0]LogD3D11RHI:     VendorId    : 1002
[2024.08.10-09.37.11:475][  0]LogD3D11RHI:     DeviceId    : 744c
[2024.08.10-09.37.11:475][  0]LogD3D11RHI:     SubSysId    : e3b1002
[2024.08.10-09.37.11:475][  0]LogD3D11RHI:     Revision    : 00c8
[2024.08.10-09.37.11:476][  0]LogD3D11RHI:     DedicatedVideoMemory : 25706012672 bytes
[2024.08.10-09.37.11:476][  0]LogD3D11RHI:     DedicatedSystemMemory : 0 bytes
[2024.08.10-09.37.11:476][  0]LogD3D11RHI:     SharedSystemMemory : 16728580096 bytes
[2024.08.10-09.37.11:476][  0]LogD3D11RHI:     AdapterLuid : 0 69666
[2024.08.10-09.37.11:598][  0]LogD3D11RHI: Created device via AGS, feature level 11_0, supported extensions 1fffffbf.
[2024.08.10-09.37.11:598][  0]LogD3D11RHI: RHI has support for 64 bit atomics
[2024.08.10-09.37.11:598][  0]LogD3D11RHI: Async texture creation enabled
[2024.08.10-09.37.11:598][  0]LogD3D11RHI: Array index from any shader is supported
[2024.08.10-09.37.12:119][  0]LogD3D11RHI: GPU Timing Frequency: 100.000000 (Debug: 2 1)
[2024.08.10-09.37.12:564][  0]LogTargetPlatformManager: Display: Loaded TargetPlatform 'AllDesktop'
[2024.08.10-09.37.12:610][  0]LogTargetPlatformManager: Display: Loaded TargetPlatform 'Android'
[2024.08.10-09.37.12:610][  0]LogTargetPlatformManager: Display: Loaded TargetPlatform 'Android_ASTC'
[2024.08.10-09.37.12:611][  0]LogTargetPlatformManager: Display: Loaded TargetPlatform 'Android_DXT'
[2024.08.10-09.37.12:611][  0]LogTargetPlatformManager: Display: Loaded TargetPlatform 'Android_ETC2'
[2024.08.10-09.37.12:611][  0]LogTargetPlatformManager: Display: Loaded TargetPlatform 'AndroidClient'
[2024.08.10-09.37.12:611][  0]LogTargetPlatformManager: Display: Loaded TargetPlatform 'Android_ASTCClient'
[2024.08.10-09.37.12:611][  0]LogTargetPlatformManager: Display: Loaded TargetPlatform 'Android_DXTClient'
[2024.08.10-09.37.12:611][  0]LogTargetPlatformManager: Display: Loaded TargetPlatform 'Android_ETC2Client'
[2024.08.10-09.37.12:611][  0]LogTargetPlatformManager: Display: Loaded TargetPlatform 'Android_Multi'
[2024.08.10-09.37.12:611][  0]LogTargetPlatformManager: Display: Loaded TargetPlatform 'Android_MultiClient'
[2024.08.10-09.37.12:691][  0]LogTargetPlatformManager: Display: Loaded TargetPlatform 'IOSClient'
[2024.08.10-09.37.12:691][  0]LogTargetPlatformManager: Display: Loaded TargetPlatform 'IOS'
[2024.08.10-09.37.12:748][  0]LogTargetPlatformManager: Display: Loaded TargetPlatform 'Linux'
[2024.08.10-09.37.12:958][  0]LogTargetPlatformManager: Display: Loaded TargetPlatform 'LinuxNoEditor'
[2024.08.10-09.37.12:983][  0]LogTargetPlatformManager: Display: Loaded TargetPlatform 'LinuxClient'
[2024.08.10-09.37.13:026][  0]LogTargetPlatformManager: Display: Loaded TargetPlatform 'LinuxServer'
[2024.08.10-09.37.13:065][  0]LogTargetPlatformManager: Display: Loaded TargetPlatform 'LinuxAArch64NoEditor'
[2024.08.10-09.37.13:091][  0]LogTargetPlatformManager: Display: Loaded TargetPlatform 'LinuxAArch64Client'
[2024.08.10-09.37.13:115][  0]LogTargetPlatformManager: Display: Loaded TargetPlatform 'LinuxAArch64Server'
[2024.08.10-09.37.13:146][  0]LogTargetPlatformManager: Display: Loaded TargetPlatform 'Lumin'
[2024.08.10-09.37.13:146][  0]LogTargetPlatformManager: Display: Loaded TargetPlatform 'LuminClient'
[2024.08.10-09.37.13:251][  0]LogTargetPlatformManager: Display: Loaded TargetPlatform 'MacNoEditor'
[2024.08.10-09.37.13:285][  0]LogTargetPlatformManager: Display: Loaded TargetPlatform 'Mac'
[2024.08.10-09.37.13:354][  0]LogTargetPlatformManager: Display: Loaded TargetPlatform 'MacClient'
[2024.08.10-09.37.13:402][  0]LogTargetPlatformManager: Display: Loaded TargetPlatform 'MacServer'
[2024.08.10-09.37.13:432][  0]LogTargetPlatformManager: Display: Loaded TargetPlatform 'TVOSClient'
[2024.08.10-09.37.13:432][  0]LogTargetPlatformManager: Display: Loaded TargetPlatform 'TVOS'
[2024.08.10-09.37.13:475][  0]LogTargetPlatformManager: Display: Loaded TargetPlatform 'WindowsNoEditor'
[2024.08.10-09.37.13:533][  0]LogTargetPlatformManager: Display: Loaded TargetPlatform 'Windows'
[2024.08.10-09.37.13:547][  0]LogTargetPlatformManager: Display: Loaded TargetPlatform 'WindowsClient'
[2024.08.10-09.37.13:560][  0]LogTargetPlatformManager: Display: Loaded TargetPlatform 'WindowsServer'
[2024.08.10-09.37.13:560][  0]LogTargetPlatformManager: Display: Building Assets For Windows
[2024.08.10-09.37.13:961][  0]LogAudioDebug: Display: Lib vorbis DLL was dynamically loaded.
[2024.08.10-09.37.14:586][  0]LogTextureFormatOodle: Display: Oodle Texture 2.9.0 init RDO Off
[2024.08.10-09.37.15:398][  0]LogRendererCore: Ray tracing is disabled. Reason: r.RayTracing=0.
[2024.08.10-09.37.15:434][  0]LogShaderCompilers: Guid format shader working directory is -14 characters bigger than the processId version (../../../../../Users/nanim/GitHub/InsectHeaven/InsectHeaven/Intermediate/Shaders/WorkingDirectory/14652/).
[2024.08.10-09.37.15:435][  0]LogShaderCompilers: Cleaned the shader compiler working directory 'C:/Users/nanim/AppData/Local/Temp/UnrealShaderWorkingDir/BBF43668493E8739D906059E42AA996C/'.
[2024.08.10-09.37.15:437][  0]LogXGEController: Cannot use XGE Controller as Incredibuild is not installed on this machine.
[2024.08.10-09.37.15:438][  0]LogShaderCompilers: Cannot use XGE Shader Compiler as Incredibuild is not installed on this machine.
[2024.08.10-09.37.15:438][  0]LogShaderCompilers: Display: Using Local Shader Compiler.
[2024.08.10-09.37.22:283][  0]LogDerivedDataCache: Display: Max Cache Size: 512 MB
[2024.08.10-09.37.23:385][  0]LogDerivedDataCache: Loaded boot cache 1.08s 96MB C:/Users/nanim/AppData/Local/UnrealEngine/4.27/DerivedDataCache/Boot.ddc.
[2024.08.10-09.37.23:385][  0]LogDerivedDataCache: Display: Loaded Boot cache: C:/Users/nanim/AppData/Local/UnrealEngine/4.27/DerivedDataCache/Boot.ddc
[2024.08.10-09.37.23:385][  0]LogDerivedDataCache: FDerivedDataBackendGraph:  Pak pak cache file ../../../../../Users/nanim/GitHub/InsectHeaven/InsectHeaven/DerivedDataCache/DDC.ddp not found, will not use a pak cache.
[2024.08.10-09.37.23:386][  0]LogDerivedDataCache: Unable to find inner node Pak for hierarchical cache Hierarchy.
[2024.08.10-09.37.23:386][  0]LogDerivedDataCache: FDerivedDataBackendGraph:  CompressedPak pak cache file ../../../../../Users/nanim/GitHub/InsectHeaven/InsectHeaven/DerivedDataCache/Compressed.ddp not found, will not use a pak cache.
[2024.08.10-09.37.23:386][  0]LogDerivedDataCache: Unable to find inner node CompressedPak for hierarchical cache Hierarchy.
[2024.08.10-09.37.23:579][  0]LogDerivedDataCache: Display: Pak cache opened for reading ../../../Engine/DerivedDataCache/Compressed.ddp.
[2024.08.10-09.37.23:580][  0]LogDerivedDataCache: FDerivedDataBackendGraph:  EnterprisePak pak cache file ../../../Enterprise/DerivedDataCache/Compressed.ddp not found, will not use a pak cache.
[2024.08.10-09.37.23:580][  0]LogDerivedDataCache: Unable to find inner node EnterprisePak for hierarchical cache Hierarchy.
[2024.08.10-09.37.24:093][  0]LogDerivedDataCache: Speed tests for C:/Users/nanim/AppData/Local/UnrealEngine/Common/DerivedDataCache took 0.51 seconds
[2024.08.10-09.37.24:094][  0]LogDerivedDataCache: Display: Performance to C:/Users/nanim/AppData/Local/UnrealEngine/Common/DerivedDataCache: Latency=8.35ms. RandomReadSpeed=2.51MBs, RandomWriteSpeed=21.38MBs. Assigned SpeedClass 'Fast'
[2024.08.10-09.37.24:095][  0]LogDerivedDataCache: Using Local data cache path C:/Users/nanim/AppData/Local/UnrealEngine/Common/DerivedDataCache: Writable
[2024.08.10-09.37.24:095][  0]LogDerivedDataCache: Shared data cache path not found in *engine.ini, will not use an Shared cache.
[2024.08.10-09.37.24:095][  0]LogDerivedDataCache: Unable to find inner node Shared for hierarchical cache Hierarchy.
[2024.08.10-09.37.24:417][  0]LogSlate: Using FreeType 2.10.0
[2024.08.10-09.37.24:528][  0]LogSlate: SlateFontServices - WITH_FREETYPE: 1, WITH_HARFBUZZ: 1
[2024.08.10-09.37.25:983][  0]LogAssetRegistry: FAssetRegistry took 0.0233 seconds to start up
[2024.08.10-09.37.29:279][  0]LogInit: Selected Device Profile: [Windows]
[2024.08.10-09.37.29:279][  0]LogInit: Active device profile: [0000019DED93D400][0000019DE7D8A940 49] Windows
[2024.08.10-09.37.29:280][  0]LogInit: Profiles: [0000019DED93D400][0000019DE7D8A940 49] Windows, [0000019DED8DEA00][0000019DE7D92AC0 49] WindowsNoEditor, [0000019DED93F100][0000019DE7D96C40 49] WindowsServer, [0000019DED8E7F00][0000019DE7D9ADC0 49] WindowsClient, [0000019DED8DFC00][0000019DE7D9EF40 49] IOS, [0000019DED8E5700][0000019DE73690C0 49] iPadAir, [0000019DED8DE200][0000019DE736D240 49] iPadAir2, [0000019DED890400][0000019DE7375500 49] IPadPro, [0000019DED890500][0000019DE7371540 49] iPadAir3, [0000019DED8E5900][0000019DE73796C0 49] iPadAir4, [0000019DED893000][0000019DE737D840 49] iPadMini2, [0000019DED8E7D00][0000019DE73819C0 49] iPadMini3, [0000019DED890B00][0000019DE758FB40 49] iPadMini4, [0000019DED8E4A00][0000019DE7592140 49] iPadMini5, [0000019DED87FC00][0000019DE759A400 49] iPhone6, [0000019DED87FD00][0000019DE7596440 49] iPodTouch6, [0000019DED93E500][0000019DE75A2700 49] iPhone7, [0000019DED93E300][0000019DE759E740 49] iPodTouch7, [0000019DED87C600][0000019DE7D8E880 49] iPhone5S, [0000019DED892E00][0000019DE75A69C0 49] iPhone6Plus, [0000019DED87DF00][0000019DE75AAB00 49] iPhone6S, [0000019DED891300][0000019DE75B2C80 49] iPhone6SPlus, [0000019DED93D300][0000019DE75B6E00 49] iPhone7Plus, [0000019DED892A00][0000019DE75BAF80 49] iPhoneSE, [0000019DED93CB00][0000019DE75BF100 49] iPhone8, [0000019DED892400][0000019DEBB6F280 49] iPhone8Plus, [0000019DED93C100][0000019DEBB73400 49] iPhoneX, [0000019DED891000][0000019DEBB77580 49] iPhoneXS, [0000019DED93D800][0000019DEBB7B700 49] iPhoneXSMax, [0000019DED893800][0000019DEBB7F880 49] iPhoneXR, [0000019DED93ED00][0000019DEBB83A00 49] iPhone11, [0000019DED891F00][0000019DEBB87B80 49] iPhone11Pro, [0000019DED93F600][0000019DEBB8A180 49] iPhone11ProMax, [0000019DED891A00][0000019DEBB8E300 49] iPhoneSE2, [0000019DED93DF00][0000019DEBB92480 49] iPhone12Mini, [0000019DED890900][0000019DEBB96600 49] iPhone12, [0000019DED93D000][0000019DEBB9A780 49] iPhone12Pro, [0000019DED891C00][0000019DEBB9E900 49] iPhone12ProMax, [0000019DED93DB00][0000019DE75AEA40 49] iPadPro105, [0000019DED890A00][0000019DEBBA2B80 49] iPadPro129, [0000019DED93E700][0000019DEBBA6CC0 49] iPadPro97, [0000019DED890C00][0000019DEBBAEE40 49] iPadPro2_129, [0000019DED93EE00][0000019DEBBB2FC0 49] iPad5, [0000019DED891E00][0000019DEBBB7140 49] iPad6, [0000019DED93E100][0000019DEBBBB2C0 49] iPad7, [0000019DED892F00][0000019DEBBBF440 49] iPad8, [0000019DED93CD00][0000019DEBBC35C0 49] iPadPro11, [0000019DED893A00][0000019DEBBC7740 49] iPadPro2_11, [0000019DED93C400][0000019DEBBCB8C0 49] iPadPro3_129, [0000019DED891900][0000019DEBBCFA40 49] iPadPro4_129, [0000019DED93F700][0000019DEBBD3BC0 49] AppleTV, [0000019DED893900][0000019DEBBD61C0 49] AppleTV4K, [0000019DED93E800][0000019DEBBDA340 49] TVOS, [0000019DED892500][0000019DEBBDE4C0 49] Mac, [0000019DED93F800][0000019DEBBE2640 49] MacClient, [0000019DED891B00][0000019DEBBE67C0 49] MacNoEditor, [0000019DED93C600][0000019DEBBEA940 49] MacServer, [0000019DED893400][0000019DEBBEEAC0 49] Linux, [0000019DED93C200][0000019DEBBAAC00 49] LinuxAArch64, [0000019DED890300][0000019DEBBF2D40 49] LinuxNoEditor, [0000019DED93FC00][0000019DEBBF6E80 49] LinuxAArch64NoEditor, [0000019DED891100][0000019DEBBFAFC0 49] LinuxClient, [0000019DED93EF00][0000019DEBC03140 49] LinuxAArch64Client, [0000019DED890F00][0000019DEBC072C0 49] LinuxServer, [0000019DED93D700][0000019DEBC0B440 49] LinuxAArch64Server, [0000019DED892800][0000019DEBC0F5C0 49] Android, [0000019DED8E5B00][0000019DEBC13740 49] Android_Low, [0000019DED87C900][0000019DEBC178C0 49] Android_Mid, [0000019DED8E5E00][0000019DEBC1BA40 49] Android_High, [0000019DED87D900][0000019DEBC1FBC0 49] Android_Default, [0000019DED8E6B00][0000019DEBC221C0 49] Android_Adreno4xx, [0000019DED87D100][0000019DEBC26340 49] Android_Adreno5xx_Low, [0000019DED8E6100][0000019DEBC2A4C0 49] Android_Adreno5xx, [0000019DED87D600][0000019DEBC2E640 49] Android_Adreno6xx, [0000019DED8E4B00][0000019DEBC327C0 49] Android_Adreno6xx_Vulkan, [0000019DED87C300][0000019DEBC36940 49] Android_Mali_T6xx, [0000019DED8E7C00][0000019DEBC3AAC0 49] Android_Mali_T7xx, [0000019DED87E600][0000019DEBC3EC40 49] Android_Mali_T8xx, [0000019DED8E4C00][0000019DEBBFED80 49] Android_Mali_G71, [0000019DED87F100][0000019DEBC42EC0 49] Android_Mali_G72, [0000019DED8E4900][0000019DEBC47000 49] Android_Mali_G72_Vulkan, [0000019DED87F700][0000019DEBC4B140 49] Android_Mali_G76, [0000019DED8E6900][0000019DEBC532C0 49] Android_Mali_G76_Vulkan, [0000019DED87D800][0000019DEBC57440 49] Android_Mali_G77, [0000019DED8E7900][0000019DEBC5B5C0 49] Android_Mali_G77_Vulkan, [0000019DED87F000][0000019DEBC5F740 49] Android_Mali_G78, [0000019DED8E4500][0000019DEBC638C0 49] Android_Mali_G78_Vulkan, [0000019DED87CB00][0000019DEBC67A40 49] Android_Mali_G710, [0000019DED8E7B00][0000019DEBC6BBC0 49] Android_Mali_G710_Vulkan, [0000019DED87CF00][0000019DEBC6E1C0 49] Android_Vulkan_SM5, [0000019DED8E6000][0000019DEBC72340 49] Android_PowerVR_G6xxx, [0000019DED87C200][0000019DEBC764C0 49] Android_PowerVR_GT7xxx, [0000019DED8E4F00][0000019DEBC7A640 49] Android_PowerVR_GE8xxx, [0000019DED87ED00][0000019DEBC7E7C0 49] Android_PowerVR_GM9xxx, [0000019DED893200][0000019DEBC82940 49] Android_PowerVR_GM9xxx_Vulkan, [0000019DED87FF00][0000019DEBC86AC0 49] Android_TegraK1, [0000019DED893100][0000019DEBC8AC40 49] Android_Unknown_Vulkan, [0000019DED87CD00][0000019DEBC8EDC0 49] Lumin, [0000019DED891800][0000019DEBC92F40 49] Lumin_Desktop, [0000019DED87C400][0000019DEBC4F080 49] HoloLens, 
[2024.08.10-09.37.30:774][  0]LogMeshReduction: Using QuadricMeshReduction for automatic static mesh reduction
[2024.08.10-09.37.30:774][  0]LogMeshReduction: Using SimplygonMeshReduction for automatic skeletal mesh reduction
[2024.08.10-09.37.30:774][  0]LogMeshReduction: Using ProxyLODMeshReduction for automatic mesh merging
[2024.08.10-09.37.30:774][  0]LogMeshReduction: No distributed automatic mesh merging module available
[2024.08.10-09.37.30:774][  0]LogMeshMerging: No distributed automatic mesh merging module available
[2024.08.10-09.37.31:753][  0]LogNetVersion: InsectHeaven 1.0.0, NetCL: 17155196, EngineNetVer: 17, GameNetVer: 0 (Checksum: 3375795940)
[2024.08.10-09.37.46:490][  0]LogTexture: Default maximum texture size for cubemaps generated from long-lat sources has been changed from 512 to unlimited. In order to preserve old behaiour for '/Engine/MapTemplates/Sky/DaylightAmbientCubemap.DaylightAmbientCubemap', its maximum texture size has been explicitly set to 512.
[2024.08.10-09.37.47:229][  0]LogHMD: PokeAHoleMaterial loaded successfully
[2024.08.10-09.37.47:330][  0]LogUObjectArray: 17178 objects as part of root set at end of initial load.
[2024.08.10-09.37.47:330][  0]LogUObjectAllocator: 4302048 out of 0 bytes used by permanent object pool.
[2024.08.10-09.37.47:330][  0]LogUObjectArray: CloseDisregardForGC: 0/0 objects in disregard for GC pool
[2024.08.10-09.37.52:815][  0]LogPython: Using Python 3.7.7
[2024.08.10-09.37.54:603][  0]LogNiagaraDebuggerClient: Niagara Debugger Client Initialized | Session: 86A947D3426C4331F773E4992D5A4669 | Instance: 684ECF8F49933F6F96A87BA198BD349C (DESKTOP-NS5ONMH-14652).
[2024.08.10-09.37.56:950][  0]LogTcpMessaging: Initializing TcpMessaging bridge
[2024.08.10-09.37.56:991][  0]LogUdpMessaging: Initializing bridge on interface 0.0.0.0:0 to multicast group 230.0.0.1:6666.
[2024.08.10-09.37.59:819][  0]SourceControl: 소스 컨트롤이 꺼졌습니다.
[2024.08.10-09.37.59:819][  0]SourceControl: 소스 컨트롤이 꺼졌습니다.
[2024.08.10-09.37.59:968][  0]SourceControl: 소스 컨트롤이 꺼졌습니다.
[2024.08.10-09.37.59:995][  0]SourceControl: 소스 컨트롤이 꺼졌습니다.
[2024.08.10-09.38.00:230][  0]SourceControl: 소스 컨트롤이 꺼졌습니다.
[2024.08.10-09.38.00:305][  0]LogUProjectInfo: Found projects:
[2024.08.10-09.38.03:270][  0]LogOpenImageDenoise: OIDN starting up
[2024.08.10-09.38.03:896][  0]LogAndroidPermission: UAndroidPermissionCallbackProxy::GetInstance
[2024.08.10-09.38.04:018][  0]LogAudioCaptureCore: Display: No Audio Capture implementations found. Audio input will be silent.
[2024.08.10-09.38.04:018][  0]LogAudioCaptureCore: Display: No Audio Capture implementations found. Audio input will be silent.
[2024.08.10-09.38.05:504][  0]LogCollectionManager: Loaded 0 collections in 0.001501 seconds
[2024.08.10-09.38.05:981][  0]LogFileCache: Scanning file cache for directory 'C:/Users/nanim/GitHub/InsectHeaven/InsectHeaven/Saved/Collections/' took 0.01s
[2024.08.10-09.38.05:981][  0]LogFileCache: Scanning file cache for directory 'C:/Users/nanim/GitHub/InsectHeaven/InsectHeaven/Content/Developers/nanim/Collections/' took 0.00s
[2024.08.10-09.38.05:981][  0]LogFileCache: Scanning file cache for directory 'C:/Users/nanim/GitHub/InsectHeaven/InsectHeaven/Content/Collections/' took 0.00s
[2024.08.10-09.38.06:208][  0]LogOcInput: OculusInput pre-init called
[2024.08.10-09.38.08:050][  0]LogClass: Display: IntProperty FCharacter_2D::Name is not initialized properly. Module:InsectHeaven File:Table/DataStruct/Character_2D.h
[2024.08.10-09.38.08:051][  0]LogClass: Display: IntProperty FCharacter_2D::ImageID is not initialized properly. Module:InsectHeaven File:Table/DataStruct/Character_2D.h
[2024.08.10-09.38.08:051][  0]LogClass: Warning: ObjectProperty FDialogueClip::formerAction is not initialized properly. Module:InsectHeaven File:Library/Dialogue/DialogueEditToolWidget.h
[2024.08.10-09.38.08:051][  0]LogClass: Warning: ObjectProperty FDialogueClip::nowAction is not initialized properly. Module:InsectHeaven File:Library/Dialogue/DialogueEditToolWidget.h
[2024.08.10-09.38.08:051][  0]LogClass: Display: IntProperty FResource_Widget::PathFile is not initialized properly. Module:InsectHeaven File:Table/DataStruct/Resource_Widget.h
[2024.08.10-09.38.08:051][  0]LogClass: Display: IntProperty FScript_Local::Test is not initialized properly. Module:InsectHeaven File:Table/DataStruct/Script_Local.h
[2024.08.10-09.38.08:052][  0]LogClass: Display: 6 Uninitialized script struct members found including 2 object properties
[2024.08.10-09.38.08:099][  0]LogAutomationTest: Warning: ObjectProperty FDialogueClip::formerAction is not initialized properly. Module:InsectHeaven File:Library/Dialogue/DialogueEditToolWidget.h
[2024.08.10-09.38.08:099][  0]LogAutomationTest: Warning: ObjectProperty FDialogueClip::nowAction is not initialized properly. Module:InsectHeaven File:Library/Dialogue/DialogueEditToolWidget.h
[2024.08.10-09.38.08:216][  0]LogEngine: Initializing Engine...
[2024.08.10-09.38.08:489][  0]LogHMD: Failed to enumerate extensions. Please check that you have a valid OpenXR runtime installed.
[2024.08.10-09.38.08:490][  0]LogHMD: Failed to initialize OpenVR with code 110
[2024.08.10-09.38.08:490][  0]LogMagicLeap: Warning: VR disabled because ZI is not enabled.  To enable, in the editor, Edit -> Project Settings -> Plugins -> Magic Leap Plugin -> Enable Zero Iteration
[2024.08.10-09.38.08:552][  0]LogStats: UGameplayTagsManager::InitializeManager -  0.001 s
[2024.08.10-09.38.09:636][  0]LogInit: Initializing FReadOnlyCVARCache
[2024.08.10-09.38.10:041][  0]LogAIModule: Creating AISystem for world Untitled
[2024.08.10-09.38.10:083][  0]LogAudio: Display: Initializing Audio Device Manager...
[2024.08.10-09.38.10:115][  0]LogAudio: Display: Loading Default Audio Settings Objects...
[2024.08.10-09.38.10:193][  0]LogAudio: Display: No default SoundConcurrencyObject specified (or failed to load).
[2024.08.10-09.38.10:245][  0]LogAudio: Display: Audio Device Manager Initialized
[2024.08.10-09.38.10:245][  0]LogAudio: Display: Creating Audio Device:                 Id: 1, Scope: Shared, Realtime: True
[2024.08.10-09.38.10:264][  0]LogAudioMixer: Display: Audio Mixer Platform Settings:
[2024.08.10-09.38.10:264][  0]LogAudioMixer: Display: 	Sample Rate:						  48000
[2024.08.10-09.38.10:264][  0]LogAudioMixer: Display: 	Callback Buffer Frame Size Requested: 1024
[2024.08.10-09.38.10:264][  0]LogAudioMixer: Display: 	Callback Buffer Frame Size To Use:	  1024
[2024.08.10-09.38.10:264][  0]LogAudioMixer: Display: 	Number of buffers to queue:			  2
[2024.08.10-09.38.10:264][  0]LogAudioMixer: Display: 	Max Channels (voices):				  32
[2024.08.10-09.38.10:264][  0]LogAudioMixer: Display: 	Number of Async Source Workers:		  0
[2024.08.10-09.38.10:271][  0]LogAudio: Display: AudioDevice MaxSources: 32
[2024.08.10-09.38.10:271][  0]LogAudio: Display: Audio Spatialization Plugin: None (built-in).
[2024.08.10-09.38.10:272][  0]LogAudio: Display: Audio Reverb Plugin: None (built-in).
[2024.08.10-09.38.10:272][  0]LogAudio: Display: Audio Occlusion Plugin: None (built-in).
[2024.08.10-09.38.10:272][  0]LogAudioMixer: Display: Initializing audio mixer.
[2024.08.10-09.38.10:402][  0]LogAudioMixer: Display: 0: FrontLeft
[2024.08.10-09.38.10:402][  0]LogAudioMixer: Display: 1: FrontRight
[2024.08.10-09.38.10:800][  0]LogAudioMixer: Display: Using Audio Device 스피커(ABKO N550)
[2024.08.10-09.38.10:814][  0]LogAudioMixer: Display: Initializing Sound Submixes...
[2024.08.10-09.38.10:864][  0]LogAudioMixer: Display: Creating Master Submix 'MasterSubmixDefault'
[2024.08.10-09.38.10:865][  0]LogAudioMixer: Display: Creating Master Submix 'MasterReverbSubmixDefault'
[2024.08.10-09.38.10:866][  0]LogAudioMixer: Display: Creating Master Submix 'MasterEQSubmixDefault'
[2024.08.10-09.38.10:866][  0]LogAudioMixer: FMixerPlatformXAudio2::StartAudioStream() called
[2024.08.10-09.38.10:866][  0]LogAudioMixer: Display: Output buffers initialized: Frames=1024, Channels=2, Samples=2048
[2024.08.10-09.38.10:867][  0]LogAudioMixer: Display: Starting AudioMixerPlatformInterface::RunInternal()
[2024.08.10-09.38.10:867][  0]LogAudioMixer: Display: FMixerPlatformXAudio2::SubmitBuffer() called for the first time
[2024.08.10-09.38.10:868][  0]LogInit: FAudioDevice initialized.
[2024.08.10-09.38.10:868][  0]LogAudio: Display: Audio Device (ID: 1) registered with world 'Untitled'.
[2024.08.10-09.38.10:868][  0]LogNetVersion: Set ProjectVersion to 1.0.0.0. Version Checksum will be recalculated on next use.
[2024.08.10-09.38.11:243][  0]LogDerivedDataCache: Saved boot cache 0.38s 94MB C:/Users/nanim/AppData/Local/UnrealEngine/4.27/DerivedDataCache/Boot.ddc.
[2024.08.10-09.38.11:244][  0]LogInit: Texture streaming: Enabled
[2024.08.10-09.38.11:554][  0]LogAnalytics: Display: [UEEditor.Rocket.Release] APIServer = https://datarouter.ol.epicgames.com/. AppVersion = 4.27.2-18319896+++UE4+Release-4.27
[2024.08.10-09.38.11:573][  0]LogEngineSessionManager: EngineSessionManager initialized
[2024.08.10-09.38.11:573][  0]LogEngineSessionManager: EngineSessionManager sent abnormal shutdown report. Type=Debugger, SessionId={0EF91320-459C-34DB-E7A2-9FA6E9E32888}
[2024.08.10-09.38.11:596][  0]LogEditorSessionSummary: Verbose: Initializing EditorSessionSummaryWriter for editor session tracking
[2024.08.10-09.38.11:657][  0]LogEditorSessionSummary: EditorSessionSummaryWriter initialized
[2024.08.10-09.38.11:805][  0]LogInit: Transaction tracking system initialized
[2024.08.10-09.38.12:061][  0]BlueprintLog: New page: 에디터 로드
[2024.08.10-09.38.14:805][  0]LocalizationService: 현지화 서비스가 비활성화되었습니다.
[2024.08.10-09.38.15:325][  0]TimingProfiler: Initialize
[2024.08.10-09.38.15:327][  0]TimingProfiler: OnSessionChanged
[2024.08.10-09.38.15:327][  0]LoadingProfiler: Initialize
[2024.08.10-09.38.15:327][  0]LoadingProfiler: OnSessionChanged
[2024.08.10-09.38.15:328][  0]NetworkingProfiler: Initialize
[2024.08.10-09.38.15:328][  0]NetworkingProfiler: OnSessionChanged
[2024.08.10-09.38.15:328][  0]MemoryProfiler: Initialize
[2024.08.10-09.38.15:328][  0]MemoryProfiler: OnSessionChanged
[2024.08.10-09.38.18:716][  0]LogCook: Display: CookSettings for Memory: MemoryMaxUsedVirtual 0MiB, MemoryMaxUsedPhysical 16384MiB, MemoryMinFreeVirtual 0MiB, MemoryMinFreePhysical 1024MiB
[2024.08.10-09.38.18:716][  0]LogCook: Display: Mobile HDR setting 1
[2024.08.10-09.38.19:376][  0]LogFileCache: Scanning file cache for directory 'C:/Users/nanim/GitHub/InsectHeaven/InsectHeaven/Content/' took 0.14s
[2024.08.10-09.38.22:950][  0]LogInit: Display: Engine is initialized. Leaving FEngineLoop::Init()
[2024.08.10-09.38.23:053][  0]SourceControl: 소스 컨트롤이 꺼졌습니다.
[2024.08.10-09.38.23:090][  0]LogUnrealEdMisc: Loading editor; pre map load, took 106.788
[2024.08.10-09.38.23:158][  0]Cmd: MAP LOAD FILE="../../../../../Users/nanim/GitHub/InsectHeaven/InsectHeaven/Content/Scene/EmptyMainLevel.umap" TEMPLATE=0 SHOWPROGRESS=1 FEATURELEVEL=3
[2024.08.10-09.38.23:181][  0]LightingResults: New page: 라이팅 빌드
[2024.08.10-09.38.23:264][  0]LogWorld: UWorld::CleanupWorld for Untitled, bSessionEnded=true, bCleanupResources=true
[2024.08.10-09.38.23:325][  0]LogSlate: InvalidateAllWidgets triggered.  All widgets were invalidated
[2024.08.10-09.38.23:415][  0]MapCheck: New page: 맵 체크
[2024.08.10-09.38.23:415][  0]LightingResults: New page: 라이팅 빌드
[2024.08.10-09.38.23:730][  0]LogAudio: Display: Audio Device unregistered from world 'None'.
[2024.08.10-09.38.23:925][  0]LogUObjectHash: Compacting FUObjectHashTables data took   0.53ms
[2024.08.10-09.38.24:040][  0]LogAudio: Display: Audio Device (ID: 1) registered with world 'EmptyMainLevel'.
[2024.08.10-09.38.24:041][  0]LogAIModule: Creating AISystem for world EmptyMainLevel
[2024.08.10-09.38.24:186][  0]LogEditorServer: Finished looking for orphan Actors (0.000 secs)
[2024.08.10-09.38.24:294][  0]LogUObjectHash: Compacting FUObjectHashTables data took   0.36ms
[2024.08.10-09.38.24:313][  0]Cmd: MAP CHECKDEP NOCLEARLOG
[2024.08.10-09.38.24:334][  0]MapCheck: 맵 체크 완료: 오류 0 회, 경고 0 회, 소요 시간 19.885ms.
[2024.08.10-09.38.24:334][  0]LogFileHelpers: Loading map 'EmptyMainLevel' took 1.220
[2024.08.10-09.38.24:846][  0]LogUnrealEdMisc: Total Editor Startup Time, took 108.544
[2024.08.10-09.38.25:731][  0]LogSlate: Updating window title bar state: overlay mode, drag disabled, window buttons hidden, title bar hidden
[2024.08.10-09.38.25:735][  0]LogSlate: Updating window title bar state: overlay mode, drag disabled, window buttons hidden, title bar hidden
[2024.08.10-09.38.25:738][  0]LogSlate: Updating window title bar state: overlay mode, drag disabled, window buttons hidden, title bar hidden
[2024.08.10-09.38.25:741][  0]LogSlate: Updating window title bar state: overlay mode, drag disabled, window buttons hidden, title bar hidden
[2024.08.10-09.38.25:952][  0]LogNativeClassHierarchy: Verbose: Native class hierarchy populated in 0.0068 seconds. Added 3870 classes and 945 folders.
[2024.08.10-09.38.26:006][  0]LogNativeClassHierarchy: Verbose: Native class hierarchy updated for 'WidgetCarousel' in 0.0003 seconds. Added 0 classes and 0 folders.
[2024.08.10-09.38.26:216][  0]LogPakFile: PakFile PrimaryIndexSize=187
[2024.08.10-09.38.26:217][  0]LogPakFile: PakFile PathHashIndexSize=101
[2024.08.10-09.38.26:217][  0]LogPakFile: PakFile FullDirectoryIndexSize=148
[2024.08.10-09.38.26:225][  0]LogShaderLibrary: Display: ShaderCodeLibraryPakFileMountedCallback: PakFile 'C:/Program Files/UE_4.27/FeaturePacks/FP_FirstPerson.upack' (chunk index -1, root 'root:/') mounted
[2024.08.10-09.38.26:225][  0]LogShaderLibrary: Display: ShaderCodeLibraryPakFileMountedCallback: pending pak file info (ChunkID:-1 Root:root:/ File:C:/Program Files/UE_4.27/FeaturePacks/FP_FirstPerson.upack)
[2024.08.10-09.38.26:225][  0]LogPakFile: OnPakFileMounted2Time == 0.008445
[2024.08.10-09.38.26:290][  0]LogPakFile: PakFile PrimaryIndexSize=189
[2024.08.10-09.38.26:290][  0]LogPakFile: PakFile PathHashIndexSize=101
[2024.08.10-09.38.26:290][  0]LogPakFile: PakFile FullDirectoryIndexSize=152
[2024.08.10-09.38.26:290][  0]LogShaderLibrary: Display: ShaderCodeLibraryPakFileMountedCallback: PakFile 'C:/Program Files/UE_4.27/FeaturePacks/FP_FirstPersonBP.upack' (chunk index -1, root 'root:/') mounted
[2024.08.10-09.38.26:291][  0]LogShaderLibrary: Display: ShaderCodeLibraryPakFileMountedCallback: pending pak file info (ChunkID:-1 Root:root:/ File:C:/Program Files/UE_4.27/FeaturePacks/FP_FirstPersonBP.upack)
[2024.08.10-09.38.26:291][  0]LogPakFile: OnPakFileMounted2Time == 0.000208
[2024.08.10-09.38.26:365][  0]LogPakFile: PakFile PrimaryIndexSize=191
[2024.08.10-09.38.26:366][  0]LogPakFile: PakFile PathHashIndexSize=101
[2024.08.10-09.38.26:366][  0]LogPakFile: PakFile FullDirectoryIndexSize=160
[2024.08.10-09.38.26:366][  0]LogShaderLibrary: Display: ShaderCodeLibraryPakFileMountedCallback: PakFile 'C:/Program Files/UE_4.27/FeaturePacks/MobileStarterContent.upack' (chunk index -1, root 'root:/') mounted
[2024.08.10-09.38.26:366][  0]LogShaderLibrary: Display: ShaderCodeLibraryPakFileMountedCallback: pending pak file info (ChunkID:-1 Root:root:/ File:C:/Program Files/UE_4.27/FeaturePacks/MobileStarterContent.upack)
[2024.08.10-09.38.26:366][  0]LogPakFile: OnPakFileMounted2Time == 0.000255
[2024.08.10-09.38.26:371][  0]LogPakFile: PakFile PrimaryIndexSize=185
[2024.08.10-09.38.26:371][  0]LogPakFile: PakFile PathHashIndexSize=101
[2024.08.10-09.38.26:372][  0]LogPakFile: PakFile FullDirectoryIndexSize=148
[2024.08.10-09.38.26:372][  0]LogShaderLibrary: Display: ShaderCodeLibraryPakFileMountedCallback: PakFile 'C:/Program Files/UE_4.27/FeaturePacks/StarterContent.upack' (chunk index -1, root 'root:/') mounted
[2024.08.10-09.38.26:372][  0]LogShaderLibrary: Display: ShaderCodeLibraryPakFileMountedCallback: pending pak file info (ChunkID:-1 Root:root:/ File:C:/Program Files/UE_4.27/FeaturePacks/StarterContent.upack)
[2024.08.10-09.38.26:372][  0]LogPakFile: OnPakFileMounted2Time == 0.000289
[2024.08.10-09.38.26:391][  0]LogPakFile: PakFile PrimaryIndexSize=190
[2024.08.10-09.38.26:391][  0]LogPakFile: PakFile PathHashIndexSize=101
[2024.08.10-09.38.26:391][  0]LogPakFile: PakFile FullDirectoryIndexSize=154
[2024.08.10-09.38.26:391][  0]LogShaderLibrary: Display: ShaderCodeLibraryPakFileMountedCallback: PakFile 'C:/Program Files/UE_4.27/FeaturePacks/TP_2DSideScroller.upack' (chunk index -1, root 'root:/') mounted
[2024.08.10-09.38.26:391][  0]LogShaderLibrary: Display: ShaderCodeLibraryPakFileMountedCallback: pending pak file info (ChunkID:-1 Root:root:/ File:C:/Program Files/UE_4.27/FeaturePacks/TP_2DSideScroller.upack)
[2024.08.10-09.38.26:391][  0]LogPakFile: OnPakFileMounted2Time == 0.000228
[2024.08.10-09.38.26:405][  0]LogPakFile: PakFile PrimaryIndexSize=192
[2024.08.10-09.38.26:405][  0]LogPakFile: PakFile PathHashIndexSize=101
[2024.08.10-09.38.26:405][  0]LogPakFile: PakFile FullDirectoryIndexSize=158
[2024.08.10-09.38.26:405][  0]LogShaderLibrary: Display: ShaderCodeLibraryPakFileMountedCallback: PakFile 'C:/Program Files/UE_4.27/FeaturePacks/TP_2DSideScrollerBP.upack' (chunk index -1, root 'root:/') mounted
[2024.08.10-09.38.26:405][  0]LogShaderLibrary: Display: ShaderCodeLibraryPakFileMountedCallback: pending pak file info (ChunkID:-1 Root:root:/ File:C:/Program Files/UE_4.27/FeaturePacks/TP_2DSideScrollerBP.upack)
[2024.08.10-09.38.26:406][  0]LogPakFile: OnPakFileMounted2Time == 0.000295
[2024.08.10-09.38.26:410][  0]LogPakFile: PakFile PrimaryIndexSize=182
[2024.08.10-09.38.26:410][  0]LogPakFile: PakFile PathHashIndexSize=101
[2024.08.10-09.38.26:410][  0]LogPakFile: PakFile FullDirectoryIndexSize=138
[2024.08.10-09.38.26:410][  0]LogShaderLibrary: Display: ShaderCodeLibraryPakFileMountedCallback: PakFile 'C:/Program Files/UE_4.27/FeaturePacks/TP_Flying.upack' (chunk index -1, root 'root:/') mounted
[2024.08.10-09.38.26:410][  0]LogShaderLibrary: Display: ShaderCodeLibraryPakFileMountedCallback: pending pak file info (ChunkID:-1 Root:root:/ File:C:/Program Files/UE_4.27/FeaturePacks/TP_Flying.upack)
[2024.08.10-09.38.26:410][  0]LogPakFile: OnPakFileMounted2Time == 0.000398
[2024.08.10-09.38.26:420][  0]LogPakFile: PakFile PrimaryIndexSize=184
[2024.08.10-09.38.26:421][  0]LogPakFile: PakFile PathHashIndexSize=101
[2024.08.10-09.38.26:421][  0]LogPakFile: PakFile FullDirectoryIndexSize=142
[2024.08.10-09.38.26:421][  0]LogShaderLibrary: Display: ShaderCodeLibraryPakFileMountedCallback: PakFile 'C:/Program Files/UE_4.27/FeaturePacks/TP_FlyingBP.upack' (chunk index -1, root 'root:/') mounted
[2024.08.10-09.38.26:421][  0]LogShaderLibrary: Display: ShaderCodeLibraryPakFileMountedCallback: pending pak file info (ChunkID:-1 Root:root:/ File:C:/Program Files/UE_4.27/FeaturePacks/TP_FlyingBP.upack)
[2024.08.10-09.38.26:421][  0]LogPakFile: OnPakFileMounted2Time == 0.000274
[2024.08.10-09.38.26:434][  0]LogPakFile: PakFile PrimaryIndexSize=188
[2024.08.10-09.38.26:434][  0]LogPakFile: PakFile PathHashIndexSize=101
[2024.08.10-09.38.26:435][  0]LogPakFile: PakFile FullDirectoryIndexSize=150
[2024.08.10-09.38.26:435][  0]LogShaderLibrary: Display: ShaderCodeLibraryPakFileMountedCallback: PakFile 'C:/Program Files/UE_4.27/FeaturePacks/TP_HandheldARBP.upack' (chunk index -1, root 'root:/') mounted
[2024.08.10-09.38.26:435][  0]LogShaderLibrary: Display: ShaderCodeLibraryPakFileMountedCallback: pending pak file info (ChunkID:-1 Root:root:/ File:C:/Program Files/UE_4.27/FeaturePacks/TP_HandheldARBP.upack)
[2024.08.10-09.38.26:435][  0]LogPakFile: OnPakFileMounted2Time == 0.000286
[2024.08.10-09.38.26:552][  0]LogPakFile: PakFile PrimaryIndexSize=182
[2024.08.10-09.38.26:553][  0]LogPakFile: PakFile PathHashIndexSize=101
[2024.08.10-09.38.26:553][  0]LogPakFile: PakFile FullDirectoryIndexSize=138
[2024.08.10-09.38.26:553][  0]LogShaderLibrary: Display: ShaderCodeLibraryPakFileMountedCallback: PakFile 'C:/Program Files/UE_4.27/FeaturePacks/TP_Puzzle.upack' (chunk index -1, root 'root:/') mounted
[2024.08.10-09.38.26:553][  0]LogShaderLibrary: Display: ShaderCodeLibraryPakFileMountedCallback: pending pak file info (ChunkID:-1 Root:root:/ File:C:/Program Files/UE_4.27/FeaturePacks/TP_Puzzle.upack)
[2024.08.10-09.38.26:553][  0]LogPakFile: OnPakFileMounted2Time == 0.000189
[2024.08.10-09.38.26:610][  0]LogPakFile: PakFile PrimaryIndexSize=184
[2024.08.10-09.38.26:611][  0]LogPakFile: PakFile PathHashIndexSize=101
[2024.08.10-09.38.26:611][  0]LogPakFile: PakFile FullDirectoryIndexSize=142
[2024.08.10-09.38.26:611][  0]LogShaderLibrary: Display: ShaderCodeLibraryPakFileMountedCallback: PakFile 'C:/Program Files/UE_4.27/FeaturePacks/TP_PuzzleBP.upack' (chunk index -1, root 'root:/') mounted
[2024.08.10-09.38.26:611][  0]LogShaderLibrary: Display: ShaderCodeLibraryPakFileMountedCallback: pending pak file info (ChunkID:-1 Root:root:/ File:C:/Program Files/UE_4.27/FeaturePacks/TP_PuzzleBP.upack)
[2024.08.10-09.38.26:611][  0]LogPakFile: OnPakFileMounted2Time == 0.000219
[2024.08.10-09.38.26:636][  0]LogPakFile: PakFile PrimaryIndexSize=183
[2024.08.10-09.38.26:637][  0]LogPakFile: PakFile PathHashIndexSize=101
[2024.08.10-09.38.26:637][  0]LogPakFile: PakFile FullDirectoryIndexSize=140
[2024.08.10-09.38.26:637][  0]LogShaderLibrary: Display: ShaderCodeLibraryPakFileMountedCallback: PakFile 'C:/Program Files/UE_4.27/FeaturePacks/TP_Rolling.upack' (chunk index -1, root 'root:/') mounted
[2024.08.10-09.38.26:637][  0]LogShaderLibrary: Display: ShaderCodeLibraryPakFileMountedCallback: pending pak file info (ChunkID:-1 Root:root:/ File:C:/Program Files/UE_4.27/FeaturePacks/TP_Rolling.upack)
[2024.08.10-09.38.26:637][  0]LogPakFile: OnPakFileMounted2Time == 0.000190
[2024.08.10-09.38.26:643][  0]LogPakFile: PakFile PrimaryIndexSize=185
[2024.08.10-09.38.26:643][  0]LogPakFile: PakFile PathHashIndexSize=101
[2024.08.10-09.38.26:643][  0]LogPakFile: PakFile FullDirectoryIndexSize=144
[2024.08.10-09.38.26:643][  0]LogShaderLibrary: Display: ShaderCodeLibraryPakFileMountedCallback: PakFile 'C:/Program Files/UE_4.27/FeaturePacks/TP_RollingBP.upack' (chunk index -1, root 'root:/') mounted
[2024.08.10-09.38.26:643][  0]LogShaderLibrary: Display: ShaderCodeLibraryPakFileMountedCallback: pending pak file info (ChunkID:-1 Root:root:/ File:C:/Program Files/UE_4.27/FeaturePacks/TP_RollingBP.upack)
[2024.08.10-09.38.26:643][  0]LogPakFile: OnPakFileMounted2Time == 0.000223
[2024.08.10-09.38.26:710][  0]LogPakFile: PakFile PrimaryIndexSize=188
[2024.08.10-09.38.26:710][  0]LogPakFile: PakFile PathHashIndexSize=101
[2024.08.10-09.38.26:710][  0]LogPakFile: PakFile FullDirectoryIndexSize=150
[2024.08.10-09.38.26:710][  0]LogShaderLibrary: Display: ShaderCodeLibraryPakFileMountedCallback: PakFile 'C:/Program Files/UE_4.27/FeaturePacks/TP_SideScroller.upack' (chunk index -1, root 'root:/') mounted
[2024.08.10-09.38.26:710][  0]LogShaderLibrary: Display: ShaderCodeLibraryPakFileMountedCallback: pending pak file info (ChunkID:-1 Root:root:/ File:C:/Program Files/UE_4.27/FeaturePacks/TP_SideScroller.upack)
[2024.08.10-09.38.26:710][  0]LogPakFile: OnPakFileMounted2Time == 0.000228
[2024.08.10-09.38.26:746][  0]LogPakFile: PakFile PrimaryIndexSize=190
[2024.08.10-09.38.26:746][  0]LogPakFile: PakFile PathHashIndexSize=101
[2024.08.10-09.38.26:746][  0]LogPakFile: PakFile FullDirectoryIndexSize=154
[2024.08.10-09.38.26:746][  0]LogShaderLibrary: Display: ShaderCodeLibraryPakFileMountedCallback: PakFile 'C:/Program Files/UE_4.27/FeaturePacks/TP_SideScrollerBP.upack' (chunk index -1, root 'root:/') mounted
[2024.08.10-09.38.26:746][  0]LogShaderLibrary: Display: ShaderCodeLibraryPakFileMountedCallback: pending pak file info (ChunkID:-1 Root:root:/ File:C:/Program Files/UE_4.27/FeaturePacks/TP_SideScrollerBP.upack)
[2024.08.10-09.38.26:746][  0]LogPakFile: OnPakFileMounted2Time == 0.000224
[2024.08.10-09.38.26:751][  0]LogPakFile: PakFile PrimaryIndexSize=187
[2024.08.10-09.38.26:751][  0]LogPakFile: PakFile PathHashIndexSize=101
[2024.08.10-09.38.26:752][  0]LogPakFile: PakFile FullDirectoryIndexSize=148
[2024.08.10-09.38.26:752][  0]LogShaderLibrary: Display: ShaderCodeLibraryPakFileMountedCallback: PakFile 'C:/Program Files/UE_4.27/FeaturePacks/TP_ThirdPerson.upack' (chunk index -1, root 'root:/') mounted
[2024.08.10-09.38.26:752][  0]LogShaderLibrary: Display: ShaderCodeLibraryPakFileMountedCallback: pending pak file info (ChunkID:-1 Root:root:/ File:C:/Program Files/UE_4.27/FeaturePacks/TP_ThirdPerson.upack)
[2024.08.10-09.38.26:752][  0]LogPakFile: OnPakFileMounted2Time == 0.000248
[2024.08.10-09.38.26:756][  0]LogPakFile: PakFile PrimaryIndexSize=189
[2024.08.10-09.38.26:756][  0]LogPakFile: PakFile PathHashIndexSize=101
[2024.08.10-09.38.26:756][  0]LogPakFile: PakFile FullDirectoryIndexSize=152
[2024.08.10-09.38.26:756][  0]LogShaderLibrary: Display: ShaderCodeLibraryPakFileMountedCallback: PakFile 'C:/Program Files/UE_4.27/FeaturePacks/TP_ThirdPersonBP.upack' (chunk index -1, root 'root:/') mounted
[2024.08.10-09.38.26:756][  0]LogShaderLibrary: Display: ShaderCodeLibraryPakFileMountedCallback: pending pak file info (ChunkID:-1 Root:root:/ File:C:/Program Files/UE_4.27/FeaturePacks/TP_ThirdPersonBP.upack)
[2024.08.10-09.38.26:756][  0]LogPakFile: OnPakFileMounted2Time == 0.000287
[2024.08.10-09.38.26:779][  0]LogPakFile: PakFile PrimaryIndexSize=183
[2024.08.10-09.38.26:779][  0]LogPakFile: PakFile PathHashIndexSize=101
[2024.08.10-09.38.26:779][  0]LogPakFile: PakFile FullDirectoryIndexSize=140
[2024.08.10-09.38.26:780][  0]LogShaderLibrary: Display: ShaderCodeLibraryPakFileMountedCallback: PakFile 'C:/Program Files/UE_4.27/FeaturePacks/TP_TopDown.upack' (chunk index -1, root 'root:/') mounted
[2024.08.10-09.38.26:780][  0]LogShaderLibrary: Display: ShaderCodeLibraryPakFileMountedCallback: pending pak file info (ChunkID:-1 Root:root:/ File:C:/Program Files/UE_4.27/FeaturePacks/TP_TopDown.upack)
[2024.08.10-09.38.26:780][  0]LogPakFile: OnPakFileMounted2Time == 0.000302
[2024.08.10-09.38.26:791][  0]LogPakFile: PakFile PrimaryIndexSize=185
[2024.08.10-09.38.26:791][  0]LogPakFile: PakFile PathHashIndexSize=101
[2024.08.10-09.38.26:791][  0]LogPakFile: PakFile FullDirectoryIndexSize=144
[2024.08.10-09.38.26:791][  0]LogShaderLibrary: Display: ShaderCodeLibraryPakFileMountedCallback: PakFile 'C:/Program Files/UE_4.27/FeaturePacks/TP_TopDownBP.upack' (chunk index -1, root 'root:/') mounted
[2024.08.10-09.38.26:791][  0]LogShaderLibrary: Display: ShaderCodeLibraryPakFileMountedCallback: pending pak file info (ChunkID:-1 Root:root:/ File:C:/Program Files/UE_4.27/FeaturePacks/TP_TopDownBP.upack)
[2024.08.10-09.38.26:792][  0]LogPakFile: OnPakFileMounted2Time == 0.000221
[2024.08.10-09.38.26:832][  0]LogPakFile: PakFile PrimaryIndexSize=185
[2024.08.10-09.38.26:832][  0]LogPakFile: PakFile PathHashIndexSize=101
[2024.08.10-09.38.26:832][  0]LogPakFile: PakFile FullDirectoryIndexSize=144
[2024.08.10-09.38.26:832][  0]LogShaderLibrary: Display: ShaderCodeLibraryPakFileMountedCallback: PakFile 'C:/Program Files/UE_4.27/FeaturePacks/TP_TwinStick.upack' (chunk index -1, root 'root:/') mounted
[2024.08.10-09.38.26:832][  0]LogShaderLibrary: Display: ShaderCodeLibraryPakFileMountedCallback: pending pak file info (ChunkID:-1 Root:root:/ File:C:/Program Files/UE_4.27/FeaturePacks/TP_TwinStick.upack)
[2024.08.10-09.38.26:833][  0]LogPakFile: OnPakFileMounted2Time == 0.000239
[2024.08.10-09.38.26:838][  0]LogPakFile: PakFile PrimaryIndexSize=187
[2024.08.10-09.38.26:838][  0]LogPakFile: PakFile PathHashIndexSize=101
[2024.08.10-09.38.26:838][  0]LogPakFile: PakFile FullDirectoryIndexSize=148
[2024.08.10-09.38.26:838][  0]LogShaderLibrary: Display: ShaderCodeLibraryPakFileMountedCallback: PakFile 'C:/Program Files/UE_4.27/FeaturePacks/TP_TwinStickBP.upack' (chunk index -1, root 'root:/') mounted
[2024.08.10-09.38.26:839][  0]LogShaderLibrary: Display: ShaderCodeLibraryPakFileMountedCallback: pending pak file info (ChunkID:-1 Root:root:/ File:C:/Program Files/UE_4.27/FeaturePacks/TP_TwinStickBP.upack)
[2024.08.10-09.38.26:839][  0]LogPakFile: OnPakFileMounted2Time == 0.000375
[2024.08.10-09.38.26:845][  0]LogPakFile: PakFile PrimaryIndexSize=183
[2024.08.10-09.38.26:845][  0]LogPakFile: PakFile PathHashIndexSize=101
[2024.08.10-09.38.26:845][  0]LogPakFile: PakFile FullDirectoryIndexSize=140
[2024.08.10-09.38.26:845][  0]LogShaderLibrary: Display: ShaderCodeLibraryPakFileMountedCallback: PakFile 'C:/Program Files/UE_4.27/FeaturePacks/TP_Vehicle.upack' (chunk index -1, root 'root:/') mounted
[2024.08.10-09.38.26:845][  0]LogShaderLibrary: Display: ShaderCodeLibraryPakFileMountedCallback: pending pak file info (ChunkID:-1 Root:root:/ File:C:/Program Files/UE_4.27/FeaturePacks/TP_Vehicle.upack)
[2024.08.10-09.38.26:846][  0]LogPakFile: OnPakFileMounted2Time == 0.000311
[2024.08.10-09.38.26:851][  0]LogPakFile: PakFile PrimaryIndexSize=186
[2024.08.10-09.38.26:851][  0]LogPakFile: PakFile PathHashIndexSize=101
[2024.08.10-09.38.26:851][  0]LogPakFile: PakFile FullDirectoryIndexSize=146
[2024.08.10-09.38.26:851][  0]LogShaderLibrary: Display: ShaderCodeLibraryPakFileMountedCallback: PakFile 'C:/Program Files/UE_4.27/FeaturePacks/TP_VehicleAdv.upack' (chunk index -1, root 'root:/') mounted
[2024.08.10-09.38.26:851][  0]LogShaderLibrary: Display: ShaderCodeLibraryPakFileMountedCallback: pending pak file info (ChunkID:-1 Root:root:/ File:C:/Program Files/UE_4.27/FeaturePacks/TP_VehicleAdv.upack)
[2024.08.10-09.38.26:851][  0]LogPakFile: OnPakFileMounted2Time == 0.000277
[2024.08.10-09.38.26:893][  0]LogPakFile: PakFile PrimaryIndexSize=188
[2024.08.10-09.38.26:894][  0]LogPakFile: PakFile PathHashIndexSize=101
[2024.08.10-09.38.26:894][  0]LogPakFile: PakFile FullDirectoryIndexSize=150
[2024.08.10-09.38.26:894][  0]LogShaderLibrary: Display: ShaderCodeLibraryPakFileMountedCallback: PakFile 'C:/Program Files/UE_4.27/FeaturePacks/TP_VehicleAdvBP.upack' (chunk index -1, root 'root:/') mounted
[2024.08.10-09.38.26:894][  0]LogShaderLibrary: Display: ShaderCodeLibraryPakFileMountedCallback: pending pak file info (ChunkID:-1 Root:root:/ File:C:/Program Files/UE_4.27/FeaturePacks/TP_VehicleAdvBP.upack)
[2024.08.10-09.38.26:894][  0]LogPakFile: OnPakFileMounted2Time == 0.000280
[2024.08.10-09.38.26:936][  0]LogPakFile: PakFile PrimaryIndexSize=185
[2024.08.10-09.38.26:936][  0]LogPakFile: PakFile PathHashIndexSize=101
[2024.08.10-09.38.26:936][  0]LogPakFile: PakFile FullDirectoryIndexSize=144
[2024.08.10-09.38.26:936][  0]LogShaderLibrary: Display: ShaderCodeLibraryPakFileMountedCallback: PakFile 'C:/Program Files/UE_4.27/FeaturePacks/TP_VehicleBP.upack' (chunk index -1, root 'root:/') mounted
[2024.08.10-09.38.26:936][  0]LogShaderLibrary: Display: ShaderCodeLibraryPakFileMountedCallback: pending pak file info (ChunkID:-1 Root:root:/ File:C:/Program Files/UE_4.27/FeaturePacks/TP_VehicleBP.upack)
[2024.08.10-09.38.26:936][  0]LogPakFile: OnPakFileMounted2Time == 0.000200
[2024.08.10-09.38.26:945][  0]LogPakFile: PakFile PrimaryIndexSize=192
[2024.08.10-09.38.26:945][  0]LogPakFile: PakFile PathHashIndexSize=101
[2024.08.10-09.38.26:946][  0]LogPakFile: PakFile FullDirectoryIndexSize=158
[2024.08.10-09.38.26:946][  0]LogShaderLibrary: Display: ShaderCodeLibraryPakFileMountedCallback: PakFile 'C:/Program Files/UE_4.27/FeaturePacks/TP_VirtualRealityBP.upack' (chunk index -1, root 'root:/') mounted
[2024.08.10-09.38.26:946][  0]LogShaderLibrary: Display: ShaderCodeLibraryPakFileMountedCallback: pending pak file info (ChunkID:-1 Root:root:/ File:C:/Program Files/UE_4.27/FeaturePacks/TP_VirtualRealityBP.upack)
[2024.08.10-09.38.26:946][  0]LogPakFile: OnPakFileMounted2Time == 0.000261
[2024.08.10-09.38.28:124][  0]LogNativeClassHierarchy: Verbose: Native class hierarchy updated for 'AddContentDialog' in 0.0002 seconds. Added 0 classes and 0 folders.
[2024.08.10-09.38.28:156][  0]LogNativeClassHierarchy: Verbose: Native class hierarchy updated for 'SceneOutliner' in 0.0002 seconds. Added 2 classes and 0 folders.
[2024.08.10-09.38.28:617][  0]LogSlate: Took 0.091384 seconds to synchronously load lazily loaded font '../../../Engine/Content/Slate/Fonts/Roboto-Regular.ttf' (155K)
[2024.08.10-09.38.28:700][  0]LogSlate: Took 0.058609 seconds to synchronously load lazily loaded font '../../../Engine/Content/Editor/Slate/Fonts/FontAwesome.ttf' (139K)
[2024.08.10-09.38.28:850][  0]LogSlate: Took 0.149443 seconds to synchronously load lazily loaded font '../../../Engine/Content/Editor/Slate/Fonts/NanumGothic.ttf' (4243K)
[2024.08.10-09.38.28:915][  0]LogSlate: Took 0.064319 seconds to synchronously load lazily loaded font '../../../Engine/Content/Editor/Slate/Fonts/NanumGothicBold.ttf' (4188K)
[2024.08.10-09.38.28:943][  0]LogSlate: Took 0.027891 seconds to synchronously load lazily loaded font '../../../Engine/Content/Slate/Fonts/Roboto-Bold.ttf' (160K)
[2024.08.10-09.38.30:082][  0]LogRenderer: Reallocating scene render targets to support 1208x572 Format 10 NumSamples 1 (Frame:1).
[2024.08.10-09.38.31:040][  0]LogNativeClassHierarchy: Verbose: Native class hierarchy updated for 'HierarchicalLODOutliner' in 0.0002 seconds. Added 0 classes and 0 folders.
[2024.08.10-09.38.31:040][  0]LogLoad: (Engine Initialization) Total time: 114.74 seconds
[2024.08.10-09.38.31:040][  0]LogLoad: (Engine Initialization) Total Blueprint compile time: 0.00 seconds
[2024.08.10-09.38.31:323][  0]LogContentStreaming: Texture pool size now 1000 MB
[2024.08.10-09.38.31:689][  1]LogFileCache: Retrieving MD5 hashes for directory 'C:/Users/nanim/GitHub/InsectHeaven/InsectHeaven/Content/' took 0.56s
[2024.08.10-09.38.31:694][  1]LogAssetRegistry: Asset discovery search completed in 65.7124 seconds
[2024.08.10-09.38.31:800][  1]LogCollectionManager: Fixed up redirectors for 0 collections in 0.000007 seconds (updated 0 objects)
[2024.08.10-09.38.34:424][  9]LogSlate: Took 0.053305 seconds to synchronously load lazily loaded font '../../../Engine/Content/Slate/Fonts/Roboto-Light.ttf' (167K)
[2024.08.10-09.38.47:800][ 91]LogEditorViewport: Clicking Background
[2024.08.10-09.38.49:434][260]LogAssetEditorSubsystem: Opening Asset editor for WidgetBlueprint /Game/Widget/Dialogue/DialogueScene.DialogueScene
[2024.08.10-09.38.52:941][260]LogNativeClassHierarchy: Verbose: Native class hierarchy updated for 'BlueprintGraph' in 0.0004 seconds. Added 126 classes and 0 folders.
[2024.08.10-09.38.55:675][260]LogSlate: Took 0.167406 seconds to synchronously load lazily loaded font '../../../Engine/Content/Slate/Fonts/Roboto-BoldCondensed.ttf' (158K)
[2024.08.10-09.43.18:122][231]LogSlate: Took 0.017070 seconds to synchronously load lazily loaded font '../../../Engine/Content/Slate/Fonts/Roboto-Italic.ttf' (157K)
[2024.08.10-09.48.19:781][889]Cmd: OBJ SAVEPACKAGE PACKAGE="/Game/Widget/Dialogue/DialogueScene" FILE="../../../../../Users/nanim/GitHub/InsectHeaven/InsectHeaven/Content/Widget/Dialogue/DialogueScene.uasset" SILENT=true
[2024.08.10-09.48.19:941][889]LogSavePackage: Moving '../../../../../Users/nanim/GitHub/InsectHeaven/InsectHeaven/Saved/DialogueScene3553731843C15049E605E69790804379.tmp' to '../../../../../Users/nanim/GitHub/InsectHeaven/InsectHeaven/Content/Widget/Dialogue/DialogueScene.uasset'
[2024.08.10-09.48.19:966][889]AssetCheck: New page: 에셋 저장:  DialogueScene
[2024.08.10-09.48.19:967][889]LogContentValidation: Display: WidgetBlueprint /Game/Widget/Dialogue/DialogueScene.DialogueScene 유효성 검사 중
[2024.08.10-09.48.20:104][904]BlueprintLog: New page: DialogueScene 컴파일
[2024.08.10-09.48.20:173][904]LogUObjectHash: Compacting FUObjectHashTables data took   2.57ms
[2024.08.10-09.52.47:018][390]Cmd: OBJ SAVEPACKAGE PACKAGE="/Game/Widget/Dialogue/DialogueScene" FILE="../../../../../Users/nanim/GitHub/InsectHeaven/InsectHeaven/Content/Widget/Dialogue/DialogueScene.uasset" SILENT=true
[2024.08.10-09.52.47:037][390]LogSavePackage: Moving '../../../../../Users/nanim/GitHub/InsectHeaven/InsectHeaven/Saved/DialogueScene87F411A642CBDCE6EE32778034AF6DD3.tmp' to '../../../../../Users/nanim/GitHub/InsectHeaven/InsectHeaven/Content/Widget/Dialogue/DialogueScene.uasset'
[2024.08.10-09.52.47:102][390]AssetCheck: New page: 에셋 저장:  DialogueScene
[2024.08.10-09.52.47:102][390]LogContentValidation: Display: WidgetBlueprint /Game/Widget/Dialogue/DialogueScene.DialogueScene 유효성 검사 중
[2024.08.10-09.52.47:333][416]BlueprintLog: New page: DialogueScene 컴파일
[2024.08.10-09.52.47:360][416]LogUObjectHash: Compacting FUObjectHashTables data took   2.27ms
[2024.08.10-09.55.56:573][511]Cmd: OBJ SAVEPACKAGE PACKAGE="/Game/Widget/Dialogue/DialogueScene" FILE="../../../../../Users/nanim/GitHub/InsectHeaven/InsectHeaven/Content/Widget/Dialogue/DialogueScene.uasset" SILENT=true
[2024.08.10-09.55.56:591][511]LogSavePackage: Moving '../../../../../Users/nanim/GitHub/InsectHeaven/InsectHeaven/Saved/DialogueSceneD948FD514ABDF3C953EB7A849AA63C1E.tmp' to '../../../../../Users/nanim/GitHub/InsectHeaven/InsectHeaven/Content/Widget/Dialogue/DialogueScene.uasset'
[2024.08.10-09.55.56:605][511]AssetCheck: New page: 에셋 저장:  DialogueScene
[2024.08.10-09.55.56:605][511]LogContentValidation: Display: WidgetBlueprint /Game/Widget/Dialogue/DialogueScene.DialogueScene 유효성 검사 중
[2024.08.10-09.55.56:925][547]BlueprintLog: New page: DialogueScene 컴파일
[2024.08.10-09.55.56:952][547]LogUObjectHash: Compacting FUObjectHashTables data took   2.36ms
[2024.08.10-09.57.57:942][988]Cmd: OBJ SAVEPACKAGE PACKAGE="/Game/Widget/Dialogue/DialogueScene" FILE="../../../../../Users/nanim/GitHub/InsectHeaven/InsectHeaven/Content/Widget/Dialogue/DialogueScene.uasset" SILENT=true
[2024.08.10-09.57.57:960][988]LogSavePackage: Moving '../../../../../Users/nanim/GitHub/InsectHeaven/InsectHeaven/Saved/DialogueSceneBDA7992F404AAAF4022C85938C7B011C.tmp' to '../../../../../Users/nanim/GitHub/InsectHeaven/InsectHeaven/Content/Widget/Dialogue/DialogueScene.uasset'
[2024.08.10-09.57.57:973][988]AssetCheck: New page: 에셋 저장:  DialogueScene
[2024.08.10-09.57.57:973][988]LogContentValidation: Display: WidgetBlueprint /Game/Widget/Dialogue/DialogueScene.DialogueScene 유효성 검사 중
[2024.08.10-09.57.59:009][110]BlueprintLog: New page: DialogueScene 컴파일
[2024.08.10-09.57.59:035][110]LogUObjectHash: Compacting FUObjectHashTables data took   2.36ms
[2024.08.10-09.58.01:343][376]LogSlate: Window 'DialogueScene' being destroyed
[2024.08.10-09.58.01:348][376]LogSlate: Window 'DialogueScene' being destroyed
[2024.08.10-09.58.01:422][376]LogWorld: UWorld::CleanupWorld for World_1, bSessionEnded=true, bCleanupResources=true
[2024.08.10-09.58.01:422][376]LogSlate: InvalidateAllWidgets triggered.  All widgets were invalidated
[2024.08.10-09.58.01:453][376]LogWorld: UWorld::CleanupWorld for World_0, bSessionEnded=true, bCleanupResources=true
[2024.08.10-09.58.01:453][376]LogSlate: InvalidateAllWidgets triggered.  All widgets were invalidated
