Log file open, 07/28/24 19:51:51
LogWindows: Failed to load 'aqProf.dll' (GetLastError=126)
LogWindows: File 'aqProf.dll' does not exist
LogWindows: Failed to load 'VtuneApi.dll' (GetLastError=126)
LogWindows: File 'VtuneApi.dll' does not exist
LogWindows: Failed to load 'VtuneApi32e.dll' (GetLastError=126)
LogWindows: File 'VtuneApi32e.dll' does not exist
LogConsoleResponse: Display: Failed to find resolution value strings in scalability ini. Falling back to default.
LogConsoleResponse: Display: Failed to find resolution value strings in scalability ini. Falling back to default.
LogInit: Display: Running engine for game: InsectHeaven
LogPlatformFile: Not using cached read wrapper
LogTaskGraph: Started task graph with 5 named threads and 71 total threads with 3 sets of task threads.
LogStats: Stats thread started at 0.225829
LogICUInternationalization: ICU TimeZone Detection - Raw Offset: +9:00, Platform Override: ''
LogInit: Display: Loading text-based GConfig....
LogPluginManager: Mounting plugin MeshPainting
LogPluginManager: Mounting plugin XGEController
LogPluginManager: Mounting plugin AISupport
LogPluginManager: Mounting plugin Paper2D
LogPluginManager: Mounting plugin LightPropagationVolume
LogPluginManager: Mounting plugin EnvironmentQueryEditor
LogPluginManager: Mounting plugin CameraShakePreviewer
LogPluginManager: Mounting plugin GameplayCameras
LogPluginManager: Mounting plugin LiveLink
LogPluginManager: Mounting plugin OodleData
LogPluginManager: Mounting plugin OodleNetwork
LogPluginManager: Mounting plugin AssetManagerEditor
LogPluginManager: Mounting plugin CryptoKeys
LogPluginManager: Mounting plugin DataValidation
LogPluginManager: Mounting plugin EditorScriptingUtilities
LogPluginManager: Mounting plugin FacialAnimation
LogPluginManager: Mounting plugin GameplayTagsEditor
LogPluginManager: Mounting plugin GeometryMode
LogPluginManager: Mounting plugin CurveEditorTools
LogPluginManager: Mounting plugin MacGraphicsSwitching
LogPluginManager: Mounting plugin MobileLauncherProfileWizard
LogPluginManager: Mounting plugin MaterialAnalyzer
LogPluginManager: Mounting plugin SpeedTreeImporter
LogPluginManager: Mounting plugin PluginBrowser
LogPluginManager: Mounting plugin Niagara
LogPluginManager: Mounting plugin AlembicImporter
LogPluginManager: Mounting plugin AutomationUtils
LogPluginManager: Mounting plugin ChaosClothEditor
LogPluginManager: Mounting plugin ChaosSolverPlugin
LogPluginManager: Mounting plugin ChaosCloth
LogPluginManager: Mounting plugin BackChannel
LogPluginManager: Mounting plugin CharacterAI
LogPluginManager: Mounting plugin ChaosNiagara
LogPluginManager: Mounting plugin ChaosEditor
LogPluginManager: Mounting plugin CLionSourceCodeAccess
LogPluginManager: Mounting plugin AnimationSharing
LogPluginManager: Mounting plugin LuminPlatformFeatures
LogPluginManager: Mounting plugin MagicLeap
LogPluginManager: Mounting plugin MagicLeapMedia
LogPluginManager: Mounting plugin MagicLeapLightEstimation
LogPluginManager: Mounting plugin MagicLeapPassableWorld
LogPluginManager: Mounting plugin MLSDK
LogPluginManager: Mounting plugin GeometryCache
LogPluginManager: Mounting plugin GeometryCollectionPlugin
LogPluginManager: Mounting plugin GeometryProcessing
LogPluginManager: Mounting plugin MotoSynth
LogPluginManager: Mounting plugin OpenImageDenoise
LogPluginManager: Mounting plugin PlanarCut
LogPluginManager: Mounting plugin PlatformCrypto
LogPluginManager: Mounting plugin ProxyLODPlugin
LogPluginManager: Mounting plugin PythonScriptPlugin
LogPluginManager: Mounting plugin CodeLiteSourceCodeAccess
LogPluginManager: Mounting plugin GitSourceControl
LogPluginManager: Mounting plugin KDevelopSourceCodeAccess
LogPluginManager: Mounting plugin NullSourceCodeAccess
LogPluginManager: Mounting plugin PerforceSourceControl
LogPluginManager: Mounting plugin PixWinPlugin
LogPluginManager: Mounting plugin PluginUtils
LogPluginManager: Mounting plugin PlasticSourceControl
LogPluginManager: Mounting plugin PropertyAccessNode
LogPluginManager: Mounting plugin RiderSourceCodeAccess
LogPluginManager: Mounting plugin SubversionSourceControl
LogPluginManager: Mounting plugin TextureFormatOodle
LogPluginManager: Mounting plugin UObjectPlugin
LogPluginManager: Mounting plugin VisualStudioCodeSourceCodeAccess
LogPluginManager: Mounting plugin XCodeSourceCodeAccess
LogPluginManager: Mounting plugin VisualStudioSourceCodeAccess
LogPluginManager: Mounting plugin SkeletalReduction
LogPluginManager: Mounting plugin DatasmithContent
LogPluginManager: Mounting plugin TcpMessaging
LogPluginManager: Mounting plugin UdpMessaging
LogPluginManager: Mounting plugin VariantManagerContent
LogPluginManager: Mounting plugin OnlineSubsystem
LogPluginManager: Mounting plugin ActorSequence
LogPluginManager: Mounting plugin LevelSequenceEditor
LogPluginManager: Mounting plugin MatineeToLevelSequence
LogPluginManager: Mounting plugin OnlineSubsystemNull
LogPluginManager: Mounting plugin OnlineSubsystemUtils
LogPluginManager: Mounting plugin TemplateSequence
LogPluginManager: Mounting plugin AndroidMedia
LogPluginManager: Mounting plugin AvfMedia
LogPluginManager: Mounting plugin ImgMedia
LogPluginManager: Mounting plugin MediaCompositing
LogPluginManager: Mounting plugin MediaPlayerEditor
LogPluginManager: Mounting plugin WebMMedia
LogPluginManager: Mounting plugin WmfMedia
LogPluginManager: Mounting plugin LauncherChunkInstaller
LogPluginManager: Mounting plugin ActorLayerUtilities
LogPluginManager: Mounting plugin AndroidMoviePlayer
LogPluginManager: Mounting plugin AndroidDeviceProfileSelector
LogPluginManager: Mounting plugin AndroidPermission
LogPluginManager: Mounting plugin AppleImageUtils
LogPluginManager: Mounting plugin AppleMoviePlayer
LogPluginManager: Mounting plugin AudioCapture
LogPluginManager: Mounting plugin AssetTags
LogPluginManager: Mounting plugin ArchVisCharacter
LogPluginManager: Mounting plugin AudioSynesthesia
LogPluginManager: Mounting plugin CableComponent
LogPluginManager: Mounting plugin ChunkDownloader
LogPluginManager: Mounting plugin CustomMeshComponent
LogPluginManager: Mounting plugin EditableMesh
LogPluginManager: Mounting plugin ExampleDeviceProfileSelector
LogPluginManager: Mounting plugin ScreenshotTools
LogPluginManager: Mounting plugin Takes
LogPluginManager: Mounting plugin GoogleCloudMessaging
LogPluginManager: Mounting plugin GooglePAD
LogPluginManager: Mounting plugin IOSDeviceProfileSelector
LogPluginManager: Mounting plugin LinuxDeviceProfileSelector
LogPluginManager: Mounting plugin LocationServicesBPLibrary
LogPluginManager: Mounting plugin MobilePatchingUtils
LogPluginManager: Mounting plugin OpenXR
LogPluginManager: Mounting plugin OpenXREyeTracker
LogPluginManager: Mounting plugin OpenXRHandTracking
LogPluginManager: Mounting plugin PostSplashScreen
LogPluginManager: Mounting plugin PhysXVehicles
LogPluginManager: Mounting plugin ProceduralMeshComponent
LogPluginManager: Mounting plugin PropertyAccessEditor
LogPluginManager: Mounting plugin RuntimePhysXCooking
LogPluginManager: Mounting plugin SignificanceManager
LogPluginManager: Mounting plugin SoundFields
LogPluginManager: Mounting plugin Synthesis
LogPluginManager: Mounting plugin WebMMoviePlayer
LogPluginManager: Mounting plugin WindowsMoviePlayer
LogPluginManager: Mounting plugin ContentBrowserAssetDataSource
LogPluginManager: Mounting plugin ContentBrowserClassDataSource
LogPluginManager: Mounting plugin ContentBrowserFileDataSource
LogPluginManager: Mounting plugin RiderLink
LogPluginManager: Mounting plugin OnlineSubsystemGooglePlay
LogPluginManager: Mounting plugin OnlineSubsystemIOS
LogPluginManager: Mounting plugin OculusVR
LogPluginManager: Mounting plugin SteamVR
PixWinPlugin: PIX capture plugin failed to initialize! Check that the process is launched from PIX.
LogInit: Using libcurl 7.55.1-DEV
LogInit:  - built for x86_64-pc-win32
LogInit:  - supports SSL with OpenSSL/1.1.1
LogInit:  - supports HTTP deflate (compression) using libz 1.2.8
LogInit:  - other features:
LogInit:      CURL_VERSION_SSL
LogInit:      CURL_VERSION_LIBZ
LogInit:      CURL_VERSION_IPV6
LogInit:      CURL_VERSION_ASYNCHDNS
LogInit:      CURL_VERSION_LARGEFILE
LogInit:      CURL_VERSION_IDN
LogInit:  CurlRequestOptions (configurable via config and command line):
LogInit:  - bVerifyPeer = true  - Libcurl will verify peer certificate
LogInit:  - bUseHttpProxy = false  - Libcurl will NOT use HTTP proxy
LogInit:  - bDontReuseConnections = false  - Libcurl will reuse connections
LogInit:  - MaxHostConnections = 16  - Libcurl will limit the number of connections to a host
LogInit:  - LocalHostAddr = Default
LogInit:  - BufferSize = 65536
LogOnline: OSS: Creating online subsystem instance for: NULL
LogInit: WinSock: version 1.1 (2.2), MaxSocks=32767, MaxUdp=65467
LogOnline: OSS: TryLoadSubsystemAndSetDefault: Loaded subsystem for module [NULL]
LogOculusPluginWrapper: OculusPlugin initialized successfully
LogHMD: Failed initializing OVRPlugin 1.59.0
LogInit: Build: ++UE4+Release-4.27-CL-18319896
LogInit: Engine Version: 4.27.2-18319896+++UE4+Release-4.27
LogInit: Compatible Engine Version: 4.27.0-17155196+++UE4+Release-4.27
LogInit: Net CL: 17155196
LogInit: OS: Windows 10 (Release 2009) (), CPU: AMD Ryzen 9 7900X 12-Core Processor            , GPU: AMD Radeon RX 7900 XTX
LogInit: Compiled (64-bit): Nov 30 2021 07:12:08
LogInit: Compiled with Visual C++: 19.24.28315.00
LogInit: Build Configuration: DebugGame
LogInit: Branch Name: ++UE4+Release-4.27
LogInit: Command Line:  -skipcompile
LogInit: Base Directory: C:/Program Files/UE_4.27/Engine/Binaries/Win64/
LogInit: Allocator: TBB
LogInit: Installed Engine Build: 1
LogDevObjectVersion: Number of dev versions registered: 29
LogDevObjectVersion:   Dev-Blueprints (B0D832E4-1F89-4F0D-ACCF-7EB736FD4AA2): 10
LogDevObjectVersion:   Dev-Build (E1C64328-A22C-4D53-A36C-8E866417BD8C): 0
LogDevObjectVersion:   Dev-Core (375EC13C-06E4-48FB-B500-84F0262A717E): 4
LogDevObjectVersion:   Dev-Editor (E4B068ED-F494-42E9-A231-DA0B2E46BB41): 40
LogDevObjectVersion:   Dev-Framework (CFFC743F-43B0-4480-9391-14DF171D2073): 37
LogDevObjectVersion:   Dev-Mobile (B02B49B5-BB20-44E9-A304-32B752E40360): 3
LogDevObjectVersion:   Dev-Networking (A4E4105C-59A1-49B5-A7C5-40C4547EDFEE): 0
LogDevObjectVersion:   Dev-Online (39C831C9-5AE6-47DC-9A44-9C173E1C8E7C): 0
LogDevObjectVersion:   Dev-Physics (78F01B33-EBEA-4F98-B9B4-84EACCB95AA2): 14
LogDevObjectVersion:   Dev-Platform (6631380F-2D4D-43E0-8009-CF276956A95A): 0
LogDevObjectVersion:   Dev-Rendering (12F88B9F-8875-4AFC-A67C-D90C383ABD29): 45
LogDevObjectVersion:   Dev-Sequencer (7B5AE74C-D270-4C10-A958-57980B212A5A): 13
LogDevObjectVersion:   Dev-VR (D7296918-1DD6-4BDD-9DE2-64A83CC13884): 3
LogDevObjectVersion:   Dev-LoadTimes (C2A15278-BFE7-4AFE-6C17-90FF531DF755): 1
LogDevObjectVersion:   Private-Geometry (6EACA3D4-40EC-4CC1-B786-8BED09428FC5): 3
LogDevObjectVersion:   Dev-AnimPhys (29E575DD-E0A3-4627-9D10-D276232CDCEA): 17
LogDevObjectVersion:   Dev-Anim (AF43A65D-7FD3-4947-9873-3E8ED9C1BB05): 15
LogDevObjectVersion:   Dev-ReflectionCapture (6B266CEC-1EC7-4B8F-A30B-E4D90942FC07): 1
LogDevObjectVersion:   Dev-Automation (0DF73D61-A23F-47EA-B727-89E90C41499A): 1
LogDevObjectVersion:   FortniteMain (601D1886-AC64-4F84-AA16-D3DE0DEAC7D6): 47
LogDevObjectVersion:   FortniteRelease (E7086368-6B23-4C58-8439-1B7016265E91): 1
LogDevObjectVersion:   Dev-Enterprise (9DFFBCD6-494F-0158-E221-12823C92A888): 10
LogDevObjectVersion:   Dev-Niagara (F2AED0AC-9AFE-416F-8664-AA7FFA26D6FC): 1
LogDevObjectVersion:   Dev-Destruction (174F1F0B-B4C6-45A5-B13F-2EE8D0FB917D): 10
LogDevObjectVersion:   Dev-Physics-Ext (35F94A83-E258-406C-A318-09F59610247C): 41
LogDevObjectVersion:   Dev-PhysicsMaterial-Chaos (B68FC16E-8B1B-42E2-B453-215C058844FE): 1
LogDevObjectVersion:   Dev-CineCamera (B2E18506-4273-CFC2-A54E-F4BB758BBA07): 1
LogDevObjectVersion:   Dev-VirtualProduction (64F58936-FD1B-42BA-BA96-7289D5D0FA4E): 1
LogDevObjectVersion:   Dev-MediaFramework (6F0ED827-A609-4895-9C91-998D90180EA4): 2
LogInit: Presizing for max 25165824 objects, including 0 objects not considered by GC, pre-allocating 0 bytes for permanent pool.
LogConfig: Applying CVar settings from Section [/Script/Engine.StreamingSettings] File [C:/Users/nanim/GitHub/InsectHeaven/InsectHeaven/Saved/Config/Windows/Engine.ini]
LogConfig: Setting CVar [[s.MinBulkDataSizeForAsyncLoading:131072]]
LogConfig: Setting CVar [[s.AsyncLoadingThreadEnabled:0]]
LogConfig: Setting CVar [[s.EventDrivenLoaderEnabled:1]]
LogConfig: Setting CVar [[s.WarnIfTimeLimitExceeded:0]]
LogConfig: Setting CVar [[s.TimeLimitExceededMultiplier:1.5]]
LogConfig: Setting CVar [[s.TimeLimitExceededMinTime:0.005]]
LogConfig: Setting CVar [[s.UseBackgroundLevelStreaming:1]]
LogConfig: Setting CVar [[s.PriorityAsyncLoadingExtraTime:15.0]]
LogConfig: Setting CVar [[s.LevelStreamingActorsUpdateTimeLimit:5.0]]
LogConfig: Setting CVar [[s.PriorityLevelStreamingActorsUpdateExtraTime:5.0]]
LogConfig: Setting CVar [[s.LevelStreamingComponentsRegistrationGranularity:10]]
LogConfig: Setting CVar [[s.UnregisterComponentsTimeLimit:1.0]]
LogConfig: Setting CVar [[s.LevelStreamingComponentsUnregistrationGranularity:5]]
LogConfig: Setting CVar [[s.FlushStreamingOnExit:1]]
LogInit: Object subsystem initialized
LogConfig: Setting CVar [[con.DebugEarlyDefault:1]]
LogConfig: Setting CVar [[r.setres:1280x720]]
[2024.07.28-10.51.52:119][  0]LogConfig: Setting CVar [[r.VSync:0]]
[2024.07.28-10.51.52:119][  0]LogConfig: Setting CVar [[r.RHICmdBypass:0]]
[2024.07.28-10.51.52:119][  0]LogConfig: Applying CVar settings from Section [/Script/Engine.RendererSettings] File [C:/Users/nanim/GitHub/InsectHeaven/InsectHeaven/Saved/Config/Windows/Engine.ini]
[2024.07.28-10.51.52:119][  0]LogConfig: Setting CVar [[r.GPUCrashDebugging:0]]
[2024.07.28-10.51.52:119][  0]LogConfig: Applying CVar settings from Section [/Script/Engine.RendererOverrideSettings] File [C:/Users/nanim/GitHub/InsectHeaven/InsectHeaven/Saved/Config/Windows/Engine.ini]
[2024.07.28-10.51.52:119][  0]LogConfig: Applying CVar settings from Section [/Script/Engine.StreamingSettings] File [C:/Users/nanim/GitHub/InsectHeaven/InsectHeaven/Saved/Config/Windows/Engine.ini]
[2024.07.28-10.51.52:119][  0]LogConfig: Setting CVar [[s.MinBulkDataSizeForAsyncLoading:131072]]
[2024.07.28-10.51.52:119][  0]LogConfig: Setting CVar [[s.AsyncLoadingThreadEnabled:0]]
[2024.07.28-10.51.52:119][  0]LogConfig: Setting CVar [[s.EventDrivenLoaderEnabled:1]]
[2024.07.28-10.51.52:119][  0]LogConfig: Setting CVar [[s.WarnIfTimeLimitExceeded:0]]
[2024.07.28-10.51.52:120][  0]LogConfig: Setting CVar [[s.TimeLimitExceededMultiplier:1.5]]
[2024.07.28-10.51.52:120][  0]LogConfig: Setting CVar [[s.TimeLimitExceededMinTime:0.005]]
[2024.07.28-10.51.52:120][  0]LogConfig: Setting CVar [[s.UseBackgroundLevelStreaming:1]]
[2024.07.28-10.51.52:120][  0]LogConfig: Setting CVar [[s.PriorityAsyncLoadingExtraTime:15.0]]
[2024.07.28-10.51.52:120][  0]LogConfig: Setting CVar [[s.LevelStreamingActorsUpdateTimeLimit:5.0]]
[2024.07.28-10.51.52:120][  0]LogConfig: Setting CVar [[s.PriorityLevelStreamingActorsUpdateExtraTime:5.0]]
[2024.07.28-10.51.52:120][  0]LogConfig: Setting CVar [[s.LevelStreamingComponentsRegistrationGranularity:10]]
[2024.07.28-10.51.52:120][  0]LogConfig: Setting CVar [[s.UnregisterComponentsTimeLimit:1.0]]
[2024.07.28-10.51.52:120][  0]LogConfig: Setting CVar [[s.LevelStreamingComponentsUnregistrationGranularity:5]]
[2024.07.28-10.51.52:120][  0]LogConfig: Setting CVar [[s.FlushStreamingOnExit:1]]
[2024.07.28-10.51.52:121][  0]LogConfig: Applying CVar settings from Section [/Script/Engine.GarbageCollectionSettings] File [C:/Users/nanim/GitHub/InsectHeaven/InsectHeaven/Saved/Config/Windows/Engine.ini]
[2024.07.28-10.51.52:121][  0]LogConfig: Setting CVar [[gc.MaxObjectsNotConsideredByGC:1]]
[2024.07.28-10.51.52:121][  0]LogConfig: Setting CVar [[gc.SizeOfPermanentObjectPool:0]]
[2024.07.28-10.51.52:121][  0]LogConfig: Setting CVar [[gc.FlushStreamingOnGC:0]]
[2024.07.28-10.51.52:121][  0]LogConfig: Setting CVar [[gc.NumRetriesBeforeForcingGC:10]]
[2024.07.28-10.51.52:121][  0]LogConfig: Setting CVar [[gc.AllowParallelGC:1]]
[2024.07.28-10.51.52:121][  0]LogConfig: Setting CVar [[gc.TimeBetweenPurgingPendingKillObjects:61.1]]
[2024.07.28-10.51.52:121][  0]LogConfig: Setting CVar [[gc.MaxObjectsInEditor:25165824]]
[2024.07.28-10.51.52:121][  0]LogConfig: Setting CVar [[gc.IncrementalBeginDestroyEnabled:1]]
[2024.07.28-10.51.52:121][  0]LogConfig: Setting CVar [[gc.CreateGCClusters:1]]
[2024.07.28-10.51.52:121][  0]LogConfig: Setting CVar [[gc.MinGCClusterSize:5]]
[2024.07.28-10.51.52:122][  0]LogConfig: Setting CVar [[gc.ActorClusteringEnabled:0]]
[2024.07.28-10.51.52:122][  0]LogConfig: Setting CVar [[gc.BlueprintClusteringEnabled:0]]
[2024.07.28-10.51.52:122][  0]LogConfig: Setting CVar [[gc.UseDisregardForGCOnDedicatedServers:0]]
[2024.07.28-10.51.52:122][  0]LogConfig: Setting CVar [[gc.MultithreadedDestructionEnabled:1]]
[2024.07.28-10.51.52:122][  0]LogConfig: Applying CVar settings from Section [/Script/Engine.NetworkSettings] File [C:/Users/nanim/GitHub/InsectHeaven/InsectHeaven/Saved/Config/Windows/Engine.ini]
[2024.07.28-10.51.52:122][  0]LogConfig: Applying CVar settings from Section [/Script/UnrealEd.CookerSettings] File [C:/Users/nanim/GitHub/InsectHeaven/InsectHeaven/Saved/Config/Windows/Engine.ini]
[2024.07.28-10.51.52:161][  0]LogConfig: Applying CVar settings from Section [ViewDistanceQuality@3] File [C:/Users/nanim/GitHub/InsectHeaven/InsectHeaven/Saved/Config/Windows/Scalability.ini]
[2024.07.28-10.51.52:161][  0]LogConfig: Setting CVar [[r.SkeletalMeshLODBias:0]]
[2024.07.28-10.51.52:161][  0]LogConfig: Setting CVar [[r.ViewDistanceScale:1.0]]
[2024.07.28-10.51.52:161][  0]LogConfig: Applying CVar settings from Section [AntiAliasingQuality@3] File [C:/Users/nanim/GitHub/InsectHeaven/InsectHeaven/Saved/Config/Windows/Scalability.ini]
[2024.07.28-10.51.52:161][  0]LogConfig: Setting CVar [[r.PostProcessAAQuality:4]]
[2024.07.28-10.51.52:162][  0]LogConfig: Applying CVar settings from Section [ShadowQuality@3] File [C:/Users/nanim/GitHub/InsectHeaven/InsectHeaven/Saved/Config/Windows/Scalability.ini]
[2024.07.28-10.51.52:162][  0]LogConfig: Setting CVar [[r.LightFunctionQuality:1]]
[2024.07.28-10.51.52:162][  0]LogConfig: Setting CVar [[r.ShadowQuality:5]]
[2024.07.28-10.51.52:162][  0]LogConfig: Setting CVar [[r.Shadow.CSM.MaxCascades:10]]
[2024.07.28-10.51.52:162][  0]LogConfig: Setting CVar [[r.Shadow.MaxResolution:2048]]
[2024.07.28-10.51.52:162][  0]LogConfig: Setting CVar [[r.Shadow.MaxCSMResolution:2048]]
[2024.07.28-10.51.52:162][  0]LogConfig: Setting CVar [[r.Shadow.RadiusThreshold:0.01]]
[2024.07.28-10.51.52:162][  0]LogConfig: Setting CVar [[r.Shadow.DistanceScale:1.0]]
[2024.07.28-10.51.52:162][  0]LogConfig: Setting CVar [[r.Shadow.CSM.TransitionScale:1.0]]
[2024.07.28-10.51.52:162][  0]LogConfig: Setting CVar [[r.Shadow.PreShadowResolutionFactor:1.0]]
[2024.07.28-10.51.52:162][  0]LogConfig: Setting CVar [[r.DistanceFieldShadowing:1]]
[2024.07.28-10.51.52:162][  0]LogConfig: Setting CVar [[r.DistanceFieldAO:1]]
[2024.07.28-10.51.52:163][  0]LogConfig: Setting CVar [[r.AOQuality:2]]
[2024.07.28-10.51.52:163][  0]LogConfig: Setting CVar [[r.VolumetricFog:1]]
[2024.07.28-10.51.52:163][  0]LogConfig: Setting CVar [[r.VolumetricFog.GridPixelSize:8]]
[2024.07.28-10.51.52:163][  0]LogConfig: Setting CVar [[r.VolumetricFog.GridSizeZ:128]]
[2024.07.28-10.51.52:163][  0]LogConfig: Setting CVar [[r.VolumetricFog.HistoryMissSupersampleCount:4]]
[2024.07.28-10.51.52:163][  0]LogConfig: Setting CVar [[r.LightMaxDrawDistanceScale:1]]
[2024.07.28-10.51.52:163][  0]LogConfig: Setting CVar [[r.CapsuleShadows:1]]
[2024.07.28-10.51.52:163][  0]LogConfig: Applying CVar settings from Section [PostProcessQuality@3] File [C:/Users/nanim/GitHub/InsectHeaven/InsectHeaven/Saved/Config/Windows/Scalability.ini]
[2024.07.28-10.51.52:163][  0]LogConfig: Setting CVar [[r.MotionBlurQuality:4]]
[2024.07.28-10.51.52:163][  0]LogConfig: Setting CVar [[r.AmbientOcclusionMipLevelFactor:0.4]]
[2024.07.28-10.51.52:163][  0]LogConfig: Setting CVar [[r.AmbientOcclusionMaxQuality:100]]
[2024.07.28-10.51.52:163][  0]LogConfig: Setting CVar [[r.AmbientOcclusionLevels:-1]]
[2024.07.28-10.51.52:163][  0]LogConfig: Setting CVar [[r.AmbientOcclusionRadiusScale:1.0]]
[2024.07.28-10.51.52:163][  0]LogConfig: Setting CVar [[r.DepthOfFieldQuality:2]]
[2024.07.28-10.51.52:164][  0]LogConfig: Setting CVar [[r.RenderTargetPoolMin:400]]
[2024.07.28-10.51.52:164][  0]LogConfig: Setting CVar [[r.LensFlareQuality:2]]
[2024.07.28-10.51.52:164][  0]LogConfig: Setting CVar [[r.SceneColorFringeQuality:1]]
[2024.07.28-10.51.52:164][  0]LogConfig: Setting CVar [[r.EyeAdaptationQuality:2]]
[2024.07.28-10.51.52:164][  0]LogConfig: Setting CVar [[r.BloomQuality:5]]
[2024.07.28-10.51.52:164][  0]LogConfig: Setting CVar [[r.FastBlurThreshold:100]]
[2024.07.28-10.51.52:164][  0]LogConfig: Setting CVar [[r.Upscale.Quality:3]]
[2024.07.28-10.51.52:164][  0]LogConfig: Setting CVar [[r.Tonemapper.GrainQuantization:1]]
[2024.07.28-10.51.52:164][  0]LogConfig: Setting CVar [[r.LightShaftQuality:1]]
[2024.07.28-10.51.52:164][  0]LogConfig: Setting CVar [[r.Filter.SizeScale:1]]
[2024.07.28-10.51.52:164][  0]LogConfig: Setting CVar [[r.Tonemapper.Quality:5]]
[2024.07.28-10.51.52:164][  0]LogConfig: Setting CVar [[r.DOF.Gather.AccumulatorQuality:1        ; higher gathering accumulator quality]]
[2024.07.28-10.51.52:164][  0]LogConfig: Setting CVar [[r.DOF.Gather.PostfilterMethod:1          ; Median3x3 postfilering method]]
[2024.07.28-10.51.52:165][  0]LogConfig: Setting CVar [[r.DOF.Gather.EnableBokehSettings:0       ; no bokeh simulation when gathering]]
[2024.07.28-10.51.52:165][  0]LogConfig: Setting CVar [[r.DOF.Gather.RingCount:4                 ; medium number of samples when gathering]]
[2024.07.28-10.51.52:165][  0]LogConfig: Setting CVar [[r.DOF.Scatter.ForegroundCompositing:1    ; additive foreground scattering]]
[2024.07.28-10.51.52:165][  0]LogConfig: Setting CVar [[r.DOF.Scatter.BackgroundCompositing:2    ; additive background scattering]]
[2024.07.28-10.51.52:165][  0]LogConfig: Setting CVar [[r.DOF.Scatter.EnableBokehSettings:1      ; bokeh simulation when scattering]]
[2024.07.28-10.51.52:165][  0]LogConfig: Setting CVar [[r.DOF.Scatter.MaxSpriteRatio:0.1         ; only a maximum of 10% of scattered bokeh]]
[2024.07.28-10.51.52:165][  0]LogConfig: Setting CVar [[r.DOF.Recombine.Quality:1                ; cheap slight out of focus]]
[2024.07.28-10.51.52:165][  0]LogConfig: Setting CVar [[r.DOF.Recombine.EnableBokehSettings:0    ; no bokeh simulation on slight out of focus]]
[2024.07.28-10.51.52:165][  0]LogConfig: Setting CVar [[r.DOF.TemporalAAQuality:1                ; more stable temporal accumulation]]
[2024.07.28-10.51.52:165][  0]LogConfig: Setting CVar [[r.DOF.Kernel.MaxForegroundRadius:0.025]]
[2024.07.28-10.51.52:165][  0]LogConfig: Setting CVar [[r.DOF.Kernel.MaxBackgroundRadius:0.025]]
[2024.07.28-10.51.52:165][  0]LogConfig: Applying CVar settings from Section [TextureQuality@3] File [C:/Users/nanim/GitHub/InsectHeaven/InsectHeaven/Saved/Config/Windows/Scalability.ini]
[2024.07.28-10.51.52:166][  0]LogConfig: Setting CVar [[r.Streaming.MipBias:0]]
[2024.07.28-10.51.52:166][  0]LogConfig: Setting CVar [[r.Streaming.AmortizeCPUToGPUCopy:0]]
[2024.07.28-10.51.52:166][  0]LogConfig: Setting CVar [[r.Streaming.MaxNumTexturesToStreamPerFrame:0]]
[2024.07.28-10.51.52:166][  0]LogConfig: Setting CVar [[r.Streaming.Boost:1]]
[2024.07.28-10.51.52:166][  0]LogConfig: Setting CVar [[r.MaxAnisotropy:8]]
[2024.07.28-10.51.52:166][  0]LogConfig: Setting CVar [[r.VT.MaxAnisotropy:8]]
[2024.07.28-10.51.52:166][  0]LogConfig: Setting CVar [[r.Streaming.LimitPoolSizeToVRAM:0]]
[2024.07.28-10.51.52:166][  0]LogConfig: Setting CVar [[r.Streaming.PoolSize:1000]]
[2024.07.28-10.51.52:166][  0]LogConfig: Setting CVar [[r.Streaming.MaxEffectiveScreenSize:0]]
[2024.07.28-10.51.52:166][  0]LogConfig: Applying CVar settings from Section [EffectsQuality@3] File [C:/Users/nanim/GitHub/InsectHeaven/InsectHeaven/Saved/Config/Windows/Scalability.ini]
[2024.07.28-10.51.52:166][  0]LogConfig: Setting CVar [[r.TranslucencyLightingVolumeDim:64]]
[2024.07.28-10.51.52:167][  0]LogConfig: Setting CVar [[r.RefractionQuality:2]]
[2024.07.28-10.51.52:167][  0]LogConfig: Setting CVar [[r.SSR.Quality:3]]
[2024.07.28-10.51.52:167][  0]LogConfig: Setting CVar [[r.SSR.HalfResSceneColor:0]]
[2024.07.28-10.51.52:167][  0]LogConfig: Setting CVar [[r.SceneColorFormat:4]]
[2024.07.28-10.51.52:167][  0]LogConfig: Setting CVar [[r.DetailMode:2]]
[2024.07.28-10.51.52:167][  0]LogConfig: Setting CVar [[r.TranslucencyVolumeBlur:1]]
[2024.07.28-10.51.52:167][  0]LogConfig: Setting CVar [[r.MaterialQualityLevel:1 ; High quality]]
[2024.07.28-10.51.52:167][  0]LogConfig: Setting CVar [[r.AnisotropicMaterials:1]]
[2024.07.28-10.51.52:167][  0]LogConfig: Setting CVar [[r.SSS.Scale:1]]
[2024.07.28-10.51.52:167][  0]LogConfig: Setting CVar [[r.SSS.SampleSet:2]]
[2024.07.28-10.51.52:167][  0]LogConfig: Setting CVar [[r.SSS.Quality:1]]
[2024.07.28-10.51.52:167][  0]LogConfig: Setting CVar [[r.SSS.HalfRes:0]]
[2024.07.28-10.51.52:168][  0]LogConfig: Setting CVar [[r.SSGI.Quality:3]]
[2024.07.28-10.51.52:168][  0]LogConfig: Setting CVar [[r.EmitterSpawnRateScale:1.0]]
[2024.07.28-10.51.52:168][  0]LogConfig: Setting CVar [[r.ParticleLightQuality:2]]
[2024.07.28-10.51.52:168][  0]LogConfig: Setting CVar [[r.SkyAtmosphere.AerialPerspectiveLUT.FastApplyOnOpaque:1 ; Always have FastSkyLUT 1 in this case to avoid wrong sky]]
[2024.07.28-10.51.52:168][  0]LogConfig: Setting CVar [[r.SkyAtmosphere.AerialPerspectiveLUT.SampleCountMaxPerSlice:4]]
[2024.07.28-10.51.52:168][  0]LogConfig: Setting CVar [[r.SkyAtmosphere.AerialPerspectiveLUT.DepthResolution:16.0]]
[2024.07.28-10.51.52:168][  0]LogConfig: Setting CVar [[r.SkyAtmosphere.FastSkyLUT:1]]
[2024.07.28-10.51.52:168][  0]LogConfig: Setting CVar [[r.SkyAtmosphere.FastSkyLUT.SampleCountMin:4.0]]
[2024.07.28-10.51.52:168][  0]LogConfig: Setting CVar [[r.SkyAtmosphere.FastSkyLUT.SampleCountMax:128.0]]
[2024.07.28-10.51.52:168][  0]LogConfig: Setting CVar [[r.SkyAtmosphere.SampleCountMin:4.0]]
[2024.07.28-10.51.52:168][  0]LogConfig: Setting CVar [[r.SkyAtmosphere.SampleCountMax:128.0]]
[2024.07.28-10.51.52:168][  0]LogConfig: Setting CVar [[r.SkyAtmosphere.TransmittanceLUT.UseSmallFormat:0]]
[2024.07.28-10.51.52:168][  0]LogConfig: Setting CVar [[r.SkyAtmosphere.TransmittanceLUT.SampleCount:10.0]]
[2024.07.28-10.51.52:168][  0]LogConfig: Setting CVar [[r.SkyAtmosphere.MultiScatteringLUT.SampleCount:15.0]]
[2024.07.28-10.51.52:169][  0]LogConfig: Setting CVar [[r.SkyLight.RealTimeReflectionCapture:1]]
[2024.07.28-10.51.52:169][  0]LogConfig: Applying CVar settings from Section [FoliageQuality@3] File [C:/Users/nanim/GitHub/InsectHeaven/InsectHeaven/Saved/Config/Windows/Scalability.ini]
[2024.07.28-10.51.52:169][  0]LogConfig: Setting CVar [[foliage.DensityScale:1.0]]
[2024.07.28-10.51.52:169][  0]LogConfig: Setting CVar [[grass.DensityScale:1.0]]
[2024.07.28-10.51.52:169][  0]LogConfig: Applying CVar settings from Section [ShadingQuality@3] File [C:/Users/nanim/GitHub/InsectHeaven/InsectHeaven/Saved/Config/Windows/Scalability.ini]
[2024.07.28-10.51.52:169][  0]LogConfig: Setting CVar [[r.HairStrands.SkyLighting.IntegrationType:2]]
[2024.07.28-10.51.52:169][  0]LogConfig: Setting CVar [[r.HairStrands.SkyAO.SampleCount:4]]
[2024.07.28-10.51.52:169][  0]LogConfig: Setting CVar [[r.HairStrands.Visibility.MSAA.SamplePerPixel:4]]
[2024.07.28-10.51.52:169][  0]LogInit: Selected Device Profile: [Windows]
[2024.07.28-10.51.52:169][  0]LogInit: Applying CVar settings loaded from the selected device profile: [Windows]
[2024.07.28-10.51.52:169][  0]LogHAL: Display: Platform has ~ 32 GB [33457160192 / 34359738368 / 32], which maps to Largest [LargestMinGB=32, LargerMinGB=12, DefaultMinGB=8, SmallerMinGB=6, SmallestMinGB=0)
[2024.07.28-10.51.52:169][  0]LogInit: Going up to parent DeviceProfile []
[2024.07.28-10.51.52:170][  0]LogConfig: Applying CVar settings from Section [ViewDistanceQuality@3] File [C:/Users/nanim/GitHub/InsectHeaven/InsectHeaven/Saved/Config/Windows/Scalability.ini]
[2024.07.28-10.51.52:170][  0]LogConfig: Setting CVar [[r.SkeletalMeshLODBias:0]]
[2024.07.28-10.51.52:170][  0]LogConfig: Setting CVar [[r.ViewDistanceScale:1.0]]
[2024.07.28-10.51.52:170][  0]LogConfig: Applying CVar settings from Section [AntiAliasingQuality@3] File [C:/Users/nanim/GitHub/InsectHeaven/InsectHeaven/Saved/Config/Windows/Scalability.ini]
[2024.07.28-10.51.52:170][  0]LogConfig: Setting CVar [[r.PostProcessAAQuality:4]]
[2024.07.28-10.51.52:170][  0]LogConfig: Applying CVar settings from Section [ShadowQuality@3] File [C:/Users/nanim/GitHub/InsectHeaven/InsectHeaven/Saved/Config/Windows/Scalability.ini]
[2024.07.28-10.51.52:170][  0]LogConfig: Setting CVar [[r.LightFunctionQuality:1]]
[2024.07.28-10.51.52:170][  0]LogConfig: Setting CVar [[r.ShadowQuality:5]]
[2024.07.28-10.51.52:170][  0]LogConfig: Setting CVar [[r.Shadow.CSM.MaxCascades:10]]
[2024.07.28-10.51.52:170][  0]LogConfig: Setting CVar [[r.Shadow.MaxResolution:2048]]
[2024.07.28-10.51.52:171][  0]LogConfig: Setting CVar [[r.Shadow.MaxCSMResolution:2048]]
[2024.07.28-10.51.52:171][  0]LogConfig: Setting CVar [[r.Shadow.RadiusThreshold:0.01]]
[2024.07.28-10.51.52:171][  0]LogConfig: Setting CVar [[r.Shadow.DistanceScale:1.0]]
[2024.07.28-10.51.52:171][  0]LogConfig: Setting CVar [[r.Shadow.CSM.TransitionScale:1.0]]
[2024.07.28-10.51.52:171][  0]LogConfig: Setting CVar [[r.Shadow.PreShadowResolutionFactor:1.0]]
[2024.07.28-10.51.52:171][  0]LogConfig: Setting CVar [[r.DistanceFieldShadowing:1]]
[2024.07.28-10.51.52:171][  0]LogConfig: Setting CVar [[r.DistanceFieldAO:1]]
[2024.07.28-10.51.52:171][  0]LogConfig: Setting CVar [[r.AOQuality:2]]
[2024.07.28-10.51.52:171][  0]LogConfig: Setting CVar [[r.VolumetricFog:1]]
[2024.07.28-10.51.52:171][  0]LogConfig: Setting CVar [[r.VolumetricFog.GridPixelSize:8]]
[2024.07.28-10.51.52:172][  0]LogConfig: Setting CVar [[r.VolumetricFog.GridSizeZ:128]]
[2024.07.28-10.51.52:172][  0]LogConfig: Setting CVar [[r.VolumetricFog.HistoryMissSupersampleCount:4]]
[2024.07.28-10.51.52:172][  0]LogConfig: Setting CVar [[r.LightMaxDrawDistanceScale:1]]
[2024.07.28-10.51.52:172][  0]LogConfig: Setting CVar [[r.CapsuleShadows:1]]
[2024.07.28-10.51.52:172][  0]LogConfig: Applying CVar settings from Section [PostProcessQuality@3] File [C:/Users/nanim/GitHub/InsectHeaven/InsectHeaven/Saved/Config/Windows/Scalability.ini]
[2024.07.28-10.51.52:172][  0]LogConfig: Setting CVar [[r.MotionBlurQuality:4]]
[2024.07.28-10.51.52:172][  0]LogConfig: Setting CVar [[r.AmbientOcclusionMipLevelFactor:0.4]]
[2024.07.28-10.51.52:172][  0]LogConfig: Setting CVar [[r.AmbientOcclusionMaxQuality:100]]
[2024.07.28-10.51.52:172][  0]LogConfig: Setting CVar [[r.AmbientOcclusionLevels:-1]]
[2024.07.28-10.51.52:172][  0]LogConfig: Setting CVar [[r.AmbientOcclusionRadiusScale:1.0]]
[2024.07.28-10.51.52:172][  0]LogConfig: Setting CVar [[r.DepthOfFieldQuality:2]]
[2024.07.28-10.51.52:172][  0]LogConfig: Setting CVar [[r.RenderTargetPoolMin:400]]
[2024.07.28-10.51.52:172][  0]LogConfig: Setting CVar [[r.LensFlareQuality:2]]
[2024.07.28-10.51.52:173][  0]LogConfig: Setting CVar [[r.SceneColorFringeQuality:1]]
[2024.07.28-10.51.52:173][  0]LogConfig: Setting CVar [[r.EyeAdaptationQuality:2]]
[2024.07.28-10.51.52:173][  0]LogConfig: Setting CVar [[r.BloomQuality:5]]
[2024.07.28-10.51.52:173][  0]LogConfig: Setting CVar [[r.FastBlurThreshold:100]]
[2024.07.28-10.51.52:173][  0]LogConfig: Setting CVar [[r.Upscale.Quality:3]]
[2024.07.28-10.51.52:173][  0]LogConfig: Setting CVar [[r.Tonemapper.GrainQuantization:1]]
[2024.07.28-10.51.52:173][  0]LogConfig: Setting CVar [[r.LightShaftQuality:1]]
[2024.07.28-10.51.52:173][  0]LogConfig: Setting CVar [[r.Filter.SizeScale:1]]
[2024.07.28-10.51.52:173][  0]LogConfig: Setting CVar [[r.Tonemapper.Quality:5]]
[2024.07.28-10.51.52:173][  0]LogConfig: Setting CVar [[r.DOF.Gather.AccumulatorQuality:1        ; higher gathering accumulator quality]]
[2024.07.28-10.51.52:174][  0]LogConfig: Setting CVar [[r.DOF.Gather.PostfilterMethod:1          ; Median3x3 postfilering method]]
[2024.07.28-10.51.52:174][  0]LogConfig: Setting CVar [[r.DOF.Gather.EnableBokehSettings:0       ; no bokeh simulation when gathering]]
[2024.07.28-10.51.52:174][  0]LogConfig: Setting CVar [[r.DOF.Gather.RingCount:4                 ; medium number of samples when gathering]]
[2024.07.28-10.51.52:174][  0]LogConfig: Setting CVar [[r.DOF.Scatter.ForegroundCompositing:1    ; additive foreground scattering]]
[2024.07.28-10.51.52:174][  0]LogConfig: Setting CVar [[r.DOF.Scatter.BackgroundCompositing:2    ; additive background scattering]]
[2024.07.28-10.51.52:174][  0]LogConfig: Setting CVar [[r.DOF.Scatter.EnableBokehSettings:1      ; bokeh simulation when scattering]]
[2024.07.28-10.51.52:174][  0]LogConfig: Setting CVar [[r.DOF.Scatter.MaxSpriteRatio:0.1         ; only a maximum of 10% of scattered bokeh]]
[2024.07.28-10.51.52:174][  0]LogConfig: Setting CVar [[r.DOF.Recombine.Quality:1                ; cheap slight out of focus]]
[2024.07.28-10.51.52:174][  0]LogConfig: Setting CVar [[r.DOF.Recombine.EnableBokehSettings:0    ; no bokeh simulation on slight out of focus]]
[2024.07.28-10.51.52:175][  0]LogConfig: Setting CVar [[r.DOF.TemporalAAQuality:1                ; more stable temporal accumulation]]
[2024.07.28-10.51.52:175][  0]LogConfig: Setting CVar [[r.DOF.Kernel.MaxForegroundRadius:0.025]]
[2024.07.28-10.51.52:175][  0]LogConfig: Setting CVar [[r.DOF.Kernel.MaxBackgroundRadius:0.025]]
[2024.07.28-10.51.52:175][  0]LogConfig: Applying CVar settings from Section [TextureQuality@3] File [C:/Users/nanim/GitHub/InsectHeaven/InsectHeaven/Saved/Config/Windows/Scalability.ini]
[2024.07.28-10.51.52:175][  0]LogConfig: Setting CVar [[r.Streaming.MipBias:0]]
[2024.07.28-10.51.52:175][  0]LogConfig: Setting CVar [[r.Streaming.AmortizeCPUToGPUCopy:0]]
[2024.07.28-10.51.52:175][  0]LogConfig: Setting CVar [[r.Streaming.MaxNumTexturesToStreamPerFrame:0]]
[2024.07.28-10.51.52:175][  0]LogConfig: Setting CVar [[r.Streaming.Boost:1]]
[2024.07.28-10.51.52:175][  0]LogConfig: Setting CVar [[r.MaxAnisotropy:8]]
[2024.07.28-10.51.52:176][  0]LogConfig: Setting CVar [[r.VT.MaxAnisotropy:8]]
[2024.07.28-10.51.52:176][  0]LogConfig: Setting CVar [[r.Streaming.LimitPoolSizeToVRAM:0]]
[2024.07.28-10.51.52:176][  0]LogConfig: Setting CVar [[r.Streaming.PoolSize:1000]]
[2024.07.28-10.51.52:176][  0]LogConfig: Setting CVar [[r.Streaming.MaxEffectiveScreenSize:0]]
[2024.07.28-10.51.52:176][  0]LogConfig: Applying CVar settings from Section [EffectsQuality@3] File [C:/Users/nanim/GitHub/InsectHeaven/InsectHeaven/Saved/Config/Windows/Scalability.ini]
[2024.07.28-10.51.52:176][  0]LogConfig: Setting CVar [[r.TranslucencyLightingVolumeDim:64]]
[2024.07.28-10.51.52:176][  0]LogConfig: Setting CVar [[r.RefractionQuality:2]]
[2024.07.28-10.51.52:176][  0]LogConfig: Setting CVar [[r.SSR.Quality:3]]
[2024.07.28-10.51.52:176][  0]LogConfig: Setting CVar [[r.SSR.HalfResSceneColor:0]]
[2024.07.28-10.51.52:177][  0]LogConfig: Setting CVar [[r.SceneColorFormat:4]]
[2024.07.28-10.51.52:177][  0]LogConfig: Setting CVar [[r.DetailMode:2]]
[2024.07.28-10.51.52:177][  0]LogConfig: Setting CVar [[r.TranslucencyVolumeBlur:1]]
[2024.07.28-10.51.52:177][  0]LogConfig: Setting CVar [[r.MaterialQualityLevel:1 ; High quality]]
[2024.07.28-10.51.52:177][  0]LogConfig: Setting CVar [[r.AnisotropicMaterials:1]]
[2024.07.28-10.51.52:177][  0]LogConfig: Setting CVar [[r.SSS.Scale:1]]
[2024.07.28-10.51.52:177][  0]LogConfig: Setting CVar [[r.SSS.SampleSet:2]]
[2024.07.28-10.51.52:177][  0]LogConfig: Setting CVar [[r.SSS.Quality:1]]
[2024.07.28-10.51.52:177][  0]LogConfig: Setting CVar [[r.SSS.HalfRes:0]]
[2024.07.28-10.51.52:177][  0]LogConfig: Setting CVar [[r.SSGI.Quality:3]]
[2024.07.28-10.51.52:178][  0]LogConfig: Setting CVar [[r.EmitterSpawnRateScale:1.0]]
[2024.07.28-10.51.52:178][  0]LogConfig: Setting CVar [[r.ParticleLightQuality:2]]
[2024.07.28-10.51.52:178][  0]LogConfig: Setting CVar [[r.SkyAtmosphere.AerialPerspectiveLUT.FastApplyOnOpaque:1 ; Always have FastSkyLUT 1 in this case to avoid wrong sky]]
[2024.07.28-10.51.52:178][  0]LogConfig: Setting CVar [[r.SkyAtmosphere.AerialPerspectiveLUT.SampleCountMaxPerSlice:4]]
[2024.07.28-10.51.52:178][  0]LogConfig: Setting CVar [[r.SkyAtmosphere.AerialPerspectiveLUT.DepthResolution:16.0]]
[2024.07.28-10.51.52:178][  0]LogConfig: Setting CVar [[r.SkyAtmosphere.FastSkyLUT:1]]
[2024.07.28-10.51.52:178][  0]LogConfig: Setting CVar [[r.SkyAtmosphere.FastSkyLUT.SampleCountMin:4.0]]
[2024.07.28-10.51.52:178][  0]LogConfig: Setting CVar [[r.SkyAtmosphere.FastSkyLUT.SampleCountMax:128.0]]
[2024.07.28-10.51.52:178][  0]LogConfig: Setting CVar [[r.SkyAtmosphere.SampleCountMin:4.0]]
[2024.07.28-10.51.52:178][  0]LogConfig: Setting CVar [[r.SkyAtmosphere.SampleCountMax:128.0]]
[2024.07.28-10.51.52:178][  0]LogConfig: Setting CVar [[r.SkyAtmosphere.TransmittanceLUT.UseSmallFormat:0]]
[2024.07.28-10.51.52:178][  0]LogConfig: Setting CVar [[r.SkyAtmosphere.TransmittanceLUT.SampleCount:10.0]]
[2024.07.28-10.51.52:178][  0]LogConfig: Setting CVar [[r.SkyAtmosphere.MultiScatteringLUT.SampleCount:15.0]]
[2024.07.28-10.51.52:179][  0]LogConfig: Setting CVar [[r.SkyLight.RealTimeReflectionCapture:1]]
[2024.07.28-10.51.52:179][  0]LogConfig: Applying CVar settings from Section [FoliageQuality@3] File [C:/Users/nanim/GitHub/InsectHeaven/InsectHeaven/Saved/Config/Windows/Scalability.ini]
[2024.07.28-10.51.52:179][  0]LogConfig: Setting CVar [[foliage.DensityScale:1.0]]
[2024.07.28-10.51.52:179][  0]LogConfig: Setting CVar [[grass.DensityScale:1.0]]
[2024.07.28-10.51.52:179][  0]LogConfig: Applying CVar settings from Section [ShadingQuality@3] File [C:/Users/nanim/GitHub/InsectHeaven/InsectHeaven/Saved/Config/Windows/Scalability.ini]
[2024.07.28-10.51.52:179][  0]LogConfig: Setting CVar [[r.HairStrands.SkyLighting.IntegrationType:2]]
[2024.07.28-10.51.52:179][  0]LogConfig: Setting CVar [[r.HairStrands.SkyAO.SampleCount:4]]
[2024.07.28-10.51.52:179][  0]LogConfig: Setting CVar [[r.HairStrands.Visibility.MSAA.SamplePerPixel:4]]
[2024.07.28-10.51.52:179][  0]LogConfig: Applying CVar settings from Section [Startup] File [../../../Engine/Config/ConsoleVariables.ini]
[2024.07.28-10.51.52:180][  0]LogConfig: Setting CVar [[net.UseAdaptiveNetUpdateFrequency:0]]
[2024.07.28-10.51.52:180][  0]LogConfig: Setting CVar [[p.chaos.AllowCreatePhysxBodies:1]]
[2024.07.28-10.51.52:180][  0]LogConfig: Setting CVar [[fx.SkipVectorVMBackendOptimizations:1]]
[2024.07.28-10.51.52:180][  0]LogConfig: Applying CVar settings from Section [ConsoleVariables] File [C:/Users/nanim/GitHub/InsectHeaven/InsectHeaven/Saved/Config/Windows/Engine.ini]
[2024.07.28-10.51.52:180][  0]LogConfig: Applying CVar settings from Section [ConsoleVariables] File [C:/Users/nanim/GitHub/InsectHeaven/InsectHeaven/Saved/Config/Windows/Editor.ini]
[2024.07.28-10.51.52:180][  0]LogInit: Computer: DESKTOP-NS5ONMH
[2024.07.28-10.51.52:180][  0]LogInit: User: nanim
[2024.07.28-10.51.52:180][  0]LogInit: CPU Page size=4096, Cores=12
[2024.07.28-10.51.52:180][  0]LogInit: High frequency timer resolution =10.000000 MHz
[2024.07.28-10.51.52:180][  0]LogMemory: Memory total: Physical=31.2GB (32GB approx)
[2024.07.28-10.51.52:180][  0]LogMemory: Platform Memory Stats for Windows
[2024.07.28-10.51.52:180][  0]LogMemory: Process Physical Memory: 151.41 MB used, 151.42 MB peak
[2024.07.28-10.51.52:181][  0]LogMemory: Process Virtual Memory: 134.02 MB used, 134.02 MB peak
[2024.07.28-10.51.52:181][  0]LogMemory: Physical Memory: 15675.12 MB used,  16232.11 MB free, 31907.23 MB total
[2024.07.28-10.51.52:181][  0]LogMemory: Virtual Memory: 134177304.00 MB used,  40427.07 MB free, 134217728.00 MB total
[2024.07.28-10.51.52:193][  0]LogWindows: WindowsPlatformFeatures enabled
[2024.07.28-10.51.52:298][  0]LogInit: Physics initialised using underlying interface: PhysX
[2024.07.28-10.51.52:298][  0]LogInit: Using OS detected language (ko-KR).
[2024.07.28-10.51.52:299][  0]LogInit: Using OS detected locale (ko-KR).
[2024.07.28-10.51.52:304][  0]LogTextLocalizationManager: No specific localization for 'ko-KR' exists, so the 'ko' localization will be used.
[2024.07.28-10.51.52:374][  0]LogInit: Setting process to per monitor DPI aware
[2024.07.28-10.51.52:504][  0]LogWindowsTextInputMethodSystem: Display: IME system deactivated.
[2024.07.28-10.51.52:523][  0]LogSlate: New Slate User Created.  User Index 0, Is Virtual User: 0
[2024.07.28-10.51.52:523][  0]LogSlate: Slate User Registered.  User Index 0, Is Virtual User: 0
[2024.07.28-10.51.52:666][  0]LogD3D11RHI: Loaded GFSDK_Aftermath_Lib.x64.dll
[2024.07.28-10.51.52:673][  0]LogHMD: Failed to initialize OpenVR with code 110
[2024.07.28-10.51.52:673][  0]LogD3D11RHI: D3D11 min allowed feature level: 11_0
[2024.07.28-10.51.52:673][  0]LogD3D11RHI: D3D11 max allowed feature level: 11_0
[2024.07.28-10.51.52:673][  0]LogD3D11RHI: D3D11 adapters:
[2024.07.28-10.51.52:766][  0]LogD3D11RHI:    0. 'AMD Radeon RX 7900 XTX' (Feature Level 11_0)
[2024.07.28-10.51.52:766][  0]LogD3D11RHI:       24515/0/15953 MB DedicatedVideo/DedicatedSystem/SharedSystem, Outputs:2, VendorId:0x1002
[2024.07.28-10.51.52:824][  0]LogD3D11RHI:    1. 'AMD Radeon(TM) Graphics' (Feature Level 11_0)
[2024.07.28-10.51.52:824][  0]LogD3D11RHI:       485/0/15953 MB DedicatedVideo/DedicatedSystem/SharedSystem, Outputs:0, VendorId:0x1002
[2024.07.28-10.51.52:829][  0]LogD3D11RHI:    2. 'Microsoft Basic Render Driver' (Feature Level 11_0)
[2024.07.28-10.51.52:829][  0]LogD3D11RHI:       0/0/15953 MB DedicatedVideo/DedicatedSystem/SharedSystem, Outputs:0, VendorId:0x1414
[2024.07.28-10.51.52:829][  0]LogD3D11RHI: Chosen D3D11 Adapter:
[2024.07.28-10.51.52:830][  0]LogD3D11RHI:     Description : AMD Radeon RX 7900 XTX
[2024.07.28-10.51.52:830][  0]LogD3D11RHI:     VendorId    : 1002
[2024.07.28-10.51.52:830][  0]LogD3D11RHI:     DeviceId    : 744c
[2024.07.28-10.51.52:830][  0]LogD3D11RHI:     SubSysId    : e3b1002
[2024.07.28-10.51.52:830][  0]LogD3D11RHI:     Revision    : 00c8
[2024.07.28-10.51.52:830][  0]LogD3D11RHI:     DedicatedVideoMemory : 25706012672 bytes
[2024.07.28-10.51.52:830][  0]LogD3D11RHI:     DedicatedSystemMemory : 0 bytes
[2024.07.28-10.51.52:830][  0]LogD3D11RHI:     SharedSystemMemory : 16728580096 bytes
[2024.07.28-10.51.52:830][  0]LogD3D11RHI:     AdapterLuid : 0 69666
[2024.07.28-10.51.52:835][  0]LogD3D11RHI: Creating new Direct3DDevice
[2024.07.28-10.51.52:835][  0]LogD3D11RHI:     GPU DeviceId: 0x744c (for the marketing name, search the web for "GPU Device Id")
[2024.07.28-10.51.52:835][  0]LogWindows: EnumDisplayDevices:
[2024.07.28-10.51.52:835][  0]LogWindows:    0. 'AMD Radeon RX 7900 XTX' (P:1 D:1)
[2024.07.28-10.51.52:836][  0]LogWindows:    1. 'AMD Radeon RX 7900 XTX' (P:0 D:1)
[2024.07.28-10.51.52:837][  0]LogWindows:    2. 'AMD Radeon RX 7900 XTX' (P:0 D:0)
[2024.07.28-10.51.52:837][  0]LogWindows:    3. 'AMD Radeon RX 7900 XTX' (P:0 D:0)
[2024.07.28-10.51.52:838][  0]LogWindows:    4. 'AMD Radeon RX 7900 XTX' (P:0 D:0)
[2024.07.28-10.51.52:839][  0]LogWindows:    5. 'AMD Radeon(TM) Graphics' (P:0 D:0)
[2024.07.28-10.51.52:840][  0]LogWindows:    6. 'AMD Radeon(TM) Graphics' (P:0 D:0)
[2024.07.28-10.51.52:841][  0]LogWindows:    7. 'AMD Radeon(TM) Graphics' (P:0 D:0)
[2024.07.28-10.51.52:841][  0]LogWindows:    8. 'AMD Radeon(TM) Graphics' (P:0 D:0)
[2024.07.28-10.51.52:842][  0]LogWindows:    9. 'AMD Radeon(TM) Graphics' (P:0 D:0)
[2024.07.28-10.51.52:843][  0]LogWindows: DebugString: PrimaryIsNotTheChoosenAdapter PrimaryIsNotTheChoosenAdapter PrimaryIsNotTheChoosenAdapter PrimaryIsNotTheChoosenAdapter PrimaryIsNotTheChoosenAdapter FoundDriverCount:5 
[2024.07.28-10.51.52:843][  0]LogD3D11RHI:     Adapter Name: AMD Radeon RX 7900 XTX
[2024.07.28-10.51.52:843][  0]LogD3D11RHI:   Driver Version: AMD Software: Adrenalin Edition 23.8.1 (internal:31.0.21029.1006, unified:31.0.21029.1006)
[2024.07.28-10.51.52:843][  0]LogD3D11RHI:      Driver Date: 8-14-2023
[2024.07.28-10.51.52:843][  0]LogRHI: Texture pool is 16623 MB (70% of 23747 MB)
[2024.07.28-10.51.52:886][  0]LogD3D11RHI: Creating D3DDevice with AMD AGS, using adapter:
[2024.07.28-10.51.52:886][  0]LogD3D11RHI:     Description : AMD Radeon RX 7900 XTX
[2024.07.28-10.51.52:886][  0]LogD3D11RHI:     VendorId    : 1002
[2024.07.28-10.51.52:886][  0]LogD3D11RHI:     DeviceId    : 744c
[2024.07.28-10.51.52:886][  0]LogD3D11RHI:     SubSysId    : e3b1002
[2024.07.28-10.51.52:886][  0]LogD3D11RHI:     Revision    : 00c8
[2024.07.28-10.51.52:886][  0]LogD3D11RHI:     DedicatedVideoMemory : 25706012672 bytes
[2024.07.28-10.51.52:886][  0]LogD3D11RHI:     DedicatedSystemMemory : 0 bytes
[2024.07.28-10.51.52:887][  0]LogD3D11RHI:     SharedSystemMemory : 16728580096 bytes
[2024.07.28-10.51.52:887][  0]LogD3D11RHI:     AdapterLuid : 0 69666
[2024.07.28-10.51.52:949][  0]LogD3D11RHI: Created device via AGS, feature level 11_0, supported extensions 1fffffbf.
[2024.07.28-10.51.52:949][  0]LogD3D11RHI: RHI has support for 64 bit atomics
[2024.07.28-10.51.52:949][  0]LogD3D11RHI: Async texture creation enabled
[2024.07.28-10.51.52:949][  0]LogD3D11RHI: Array index from any shader is supported
[2024.07.28-10.51.52:960][  0]LogD3D11RHI: GPU Timing Frequency: 100.000000 (Debug: 2 1)
[2024.07.28-10.51.53:202][  0]LogTargetPlatformManager: Display: Loaded TargetPlatform 'AllDesktop'
[2024.07.28-10.51.53:223][  0]LogTargetPlatformManager: Display: Loaded TargetPlatform 'Android'
[2024.07.28-10.51.53:223][  0]LogTargetPlatformManager: Display: Loaded TargetPlatform 'Android_ASTC'
[2024.07.28-10.51.53:223][  0]LogTargetPlatformManager: Display: Loaded TargetPlatform 'Android_DXT'
[2024.07.28-10.51.53:223][  0]LogTargetPlatformManager: Display: Loaded TargetPlatform 'Android_ETC2'
[2024.07.28-10.51.53:223][  0]LogTargetPlatformManager: Display: Loaded TargetPlatform 'AndroidClient'
[2024.07.28-10.51.53:223][  0]LogTargetPlatformManager: Display: Loaded TargetPlatform 'Android_ASTCClient'
[2024.07.28-10.51.53:224][  0]LogTargetPlatformManager: Display: Loaded TargetPlatform 'Android_DXTClient'
[2024.07.28-10.51.53:224][  0]LogTargetPlatformManager: Display: Loaded TargetPlatform 'Android_ETC2Client'
[2024.07.28-10.51.53:224][  0]LogTargetPlatformManager: Display: Loaded TargetPlatform 'Android_Multi'
[2024.07.28-10.51.53:224][  0]LogTargetPlatformManager: Display: Loaded TargetPlatform 'Android_MultiClient'
[2024.07.28-10.51.53:252][  0]LogTargetPlatformManager: Display: Loaded TargetPlatform 'IOSClient'
[2024.07.28-10.51.53:252][  0]LogTargetPlatformManager: Display: Loaded TargetPlatform 'IOS'
[2024.07.28-10.51.53:265][  0]LogTargetPlatformManager: Display: Loaded TargetPlatform 'Linux'
[2024.07.28-10.51.53:274][  0]LogTargetPlatformManager: Display: Loaded TargetPlatform 'LinuxNoEditor'
[2024.07.28-10.51.53:282][  0]LogTargetPlatformManager: Display: Loaded TargetPlatform 'LinuxClient'
[2024.07.28-10.51.53:290][  0]LogTargetPlatformManager: Display: Loaded TargetPlatform 'LinuxServer'
[2024.07.28-10.51.53:302][  0]LogTargetPlatformManager: Display: Loaded TargetPlatform 'LinuxAArch64NoEditor'
[2024.07.28-10.51.53:310][  0]LogTargetPlatformManager: Display: Loaded TargetPlatform 'LinuxAArch64Client'
[2024.07.28-10.51.53:320][  0]LogTargetPlatformManager: Display: Loaded TargetPlatform 'LinuxAArch64Server'
[2024.07.28-10.51.53:341][  0]LogTargetPlatformManager: Display: Loaded TargetPlatform 'Lumin'
[2024.07.28-10.51.53:341][  0]LogTargetPlatformManager: Display: Loaded TargetPlatform 'LuminClient'
[2024.07.28-10.51.53:352][  0]LogTargetPlatformManager: Display: Loaded TargetPlatform 'MacNoEditor'
[2024.07.28-10.51.53:362][  0]LogTargetPlatformManager: Display: Loaded TargetPlatform 'Mac'
[2024.07.28-10.51.53:370][  0]LogTargetPlatformManager: Display: Loaded TargetPlatform 'MacClient'
[2024.07.28-10.51.53:378][  0]LogTargetPlatformManager: Display: Loaded TargetPlatform 'MacServer'
[2024.07.28-10.51.53:390][  0]LogTargetPlatformManager: Display: Loaded TargetPlatform 'TVOSClient'
[2024.07.28-10.51.53:390][  0]LogTargetPlatformManager: Display: Loaded TargetPlatform 'TVOS'
[2024.07.28-10.51.53:402][  0]LogTargetPlatformManager: Display: Loaded TargetPlatform 'WindowsNoEditor'
[2024.07.28-10.51.53:411][  0]LogTargetPlatformManager: Display: Loaded TargetPlatform 'Windows'
[2024.07.28-10.51.53:419][  0]LogTargetPlatformManager: Display: Loaded TargetPlatform 'WindowsClient'
[2024.07.28-10.51.53:428][  0]LogTargetPlatformManager: Display: Loaded TargetPlatform 'WindowsServer'
[2024.07.28-10.51.53:428][  0]LogTargetPlatformManager: Display: Building Assets For Windows
[2024.07.28-10.51.53:457][  0]LogAudioDebug: Display: Lib vorbis DLL was dynamically loaded.
[2024.07.28-10.51.53:555][  0]LogTextureFormatOodle: Display: Oodle Texture 2.9.0 init RDO Off
[2024.07.28-10.51.53:639][  0]LogRendererCore: Ray tracing is disabled. Reason: r.RayTracing=0.
[2024.07.28-10.51.53:639][  0]LogShaderCompilers: Guid format shader working directory is -14 characters bigger than the processId version (../../../../../Users/nanim/GitHub/InsectHeaven/InsectHeaven/Intermediate/Shaders/WorkingDirectory/19492/).
[2024.07.28-10.51.53:639][  0]LogShaderCompilers: Cleaned the shader compiler working directory 'C:/Users/nanim/AppData/Local/Temp/UnrealShaderWorkingDir/C7E884D842E5512B7BF073B865C2B89F/'.
[2024.07.28-10.51.53:639][  0]LogXGEController: Cannot use XGE Controller as Incredibuild is not installed on this machine.
[2024.07.28-10.51.53:639][  0]LogShaderCompilers: Cannot use XGE Shader Compiler as Incredibuild is not installed on this machine.
[2024.07.28-10.51.53:640][  0]LogShaderCompilers: Display: Using Local Shader Compiler.
[2024.07.28-10.51.54:092][  0]LogDerivedDataCache: Display: Max Cache Size: 512 MB
[2024.07.28-10.51.54:130][  0]LogDerivedDataCache: Loaded boot cache 0.04s 94MB C:/Users/nanim/AppData/Local/UnrealEngine/4.27/DerivedDataCache/Boot.ddc.
[2024.07.28-10.51.54:130][  0]LogDerivedDataCache: Display: Loaded Boot cache: C:/Users/nanim/AppData/Local/UnrealEngine/4.27/DerivedDataCache/Boot.ddc
[2024.07.28-10.51.54:130][  0]LogDerivedDataCache: FDerivedDataBackendGraph:  Pak pak cache file ../../../../../Users/nanim/GitHub/InsectHeaven/InsectHeaven/DerivedDataCache/DDC.ddp not found, will not use a pak cache.
[2024.07.28-10.51.54:130][  0]LogDerivedDataCache: Unable to find inner node Pak for hierarchical cache Hierarchy.
[2024.07.28-10.51.54:131][  0]LogDerivedDataCache: FDerivedDataBackendGraph:  CompressedPak pak cache file ../../../../../Users/nanim/GitHub/InsectHeaven/InsectHeaven/DerivedDataCache/Compressed.ddp not found, will not use a pak cache.
[2024.07.28-10.51.54:131][  0]LogDerivedDataCache: Unable to find inner node CompressedPak for hierarchical cache Hierarchy.
[2024.07.28-10.51.54:142][  0]LogDerivedDataCache: Display: Pak cache opened for reading ../../../Engine/DerivedDataCache/Compressed.ddp.
[2024.07.28-10.51.54:142][  0]LogDerivedDataCache: FDerivedDataBackendGraph:  EnterprisePak pak cache file ../../../Enterprise/DerivedDataCache/Compressed.ddp not found, will not use a pak cache.
[2024.07.28-10.51.54:142][  0]LogDerivedDataCache: Unable to find inner node EnterprisePak for hierarchical cache Hierarchy.
[2024.07.28-10.51.54:150][  0]LogDerivedDataCache: Speed tests for C:/Users/nanim/AppData/Local/UnrealEngine/Common/DerivedDataCache took 0.01 seconds
[2024.07.28-10.51.54:151][  0]LogDerivedDataCache: Display: Performance to C:/Users/nanim/AppData/Local/UnrealEngine/Common/DerivedDataCache: Latency=0.04ms. RandomReadSpeed=753.70MBs, RandomWriteSpeed=148.22MBs. Assigned SpeedClass 'Local'
[2024.07.28-10.51.54:151][  0]LogDerivedDataCache: Using Local data cache path C:/Users/nanim/AppData/Local/UnrealEngine/Common/DerivedDataCache: Writable
[2024.07.28-10.51.54:152][  0]LogDerivedDataCache: Shared data cache path not found in *engine.ini, will not use an Shared cache.
[2024.07.28-10.51.54:152][  0]LogDerivedDataCache: Unable to find inner node Shared for hierarchical cache Hierarchy.
[2024.07.28-10.51.54:177][  0]LogSlate: Using FreeType 2.10.0
[2024.07.28-10.51.54:178][  0]LogSlate: SlateFontServices - WITH_FREETYPE: 1, WITH_HARFBUZZ: 1
[2024.07.28-10.51.54:198][  0]LogAssetRegistry: FAssetRegistry took 0.0022 seconds to start up
[2024.07.28-10.51.54:340][  0]LogInit: Selected Device Profile: [Windows]
[2024.07.28-10.51.54:341][  0]LogInit: Active device profile: [0000018069C69400][0000018069F40400 49] Windows
[2024.07.28-10.51.54:341][  0]LogInit: Profiles: [0000018069C69400][0000018069F40400 49] Windows, [0000018069C06A00][0000018069F44540 49] WindowsNoEditor, [0000018069C6B100][00000180616AA680 49] WindowsServer, [0000018069C13F00][00000180616AE7C0 49] WindowsClient, [0000018069C07C00][00000180616B2900 49] IOS, [0000018069C11700][00000180616BAA80 49] iPadAir, [0000018069C06200][00000180616BEC00 49] iPadAir2, [0000018069BB0400][00000180616C6EC0 49] IPadPro, [0000018069BB0500][00000180616C2F00 49] iPadAir3, [0000018069C11900][00000180616CB080 49] iPadAir4, [0000018069BB3000][00000180616CF200 49] iPadMini2, [0000018069C13D00][00000180616D3380 49] iPadMini3, [0000018069BB0B00][00000180616D7500 49] iPadMini4, [0000018069C10A00][00000180616DB680 49] iPadMini5, [0000018069B9FC00][00000180616E3940 49] iPhone6, [0000018069B9FD00][00000180616DF980 49] iPodTouch6, [0000018069C6A500][0000018067AD00C0 49] iPhone7, [0000018069C6A300][0000018067ACC100 49] iPodTouch7, [0000018069B9C600][0000018067AD4280 49] iPhone5S, [0000018069BB2E00][0000018067AD8400 49] iPhone6Plus, [0000018069B9DF00][0000018067ADC580 49] iPhone6S, [0000018069BB1300][0000018067AE0700 49] iPhone6SPlus, [0000018069C69300][00000180616B6840 49] iPhone7Plus, [0000018069BB2A00][0000018067AE4980 49] iPhoneSE, [0000018069C68B00][0000018067AE8AC0 49] iPhone8, [0000018069BB2400][0000018067AF0C40 49] iPhone8Plus, [0000018069C68100][0000018067AF4DC0 49] iPhoneX, [0000018069BB1000][0000018067AF8F40 49] iPhoneXS, [0000018069C69800][0000018067AFD0C0 49] iPhoneXSMax, [0000018069BB3800][0000018067B01240 49] iPhoneXR, [0000018069C6AD00][0000018067B053C0 49] iPhone11, [0000018069BB1F00][0000018067B09540 49] iPhone11Pro, [0000018069C6B600][0000018067B0D6C0 49] iPhone11ProMax, [0000018069BB1A00][0000018067B11840 49] iPhoneSE2, [0000018069C69F00][00000180679639C0 49] iPhone12Mini, [0000018069BB0900][0000018067967B40 49] iPhone12, [0000018069C69000][000001806796A140 49] iPhone12Pro, [0000018069BB1C00][000001806796E2C0 49] iPhone12ProMax, [0000018069C69B00][0000018067972440 49] iPadPro105, [0000018069BB0A00][00000180679765C0 49] iPadPro129, [0000018069C6A700][000001806797A740 49] iPadPro97, [0000018069BB0C00][000001806797E8C0 49] iPadPro2_129, [0000018069C6AE00][0000018067AECA00 49] iPad5, [0000018069BB1E00][0000018067982B40 49] iPad6, [0000018069C6A100][0000018067986C80 49] iPad7, [0000018069BB2F00][000001806798ADC0 49] iPad8, [0000018069C68D00][0000018067992F40 49] iPadPro11, [0000018069BB3A00][00000180679970C0 49] iPadPro2_11, [0000018069C68400][000001806799B240 49] iPadPro3_129, [0000018069BB1900][000001806799F3C0 49] iPadPro4_129, [0000018069C6B700][00000180679A3540 49] AppleTV, [0000018069BB3900][00000180679A76C0 49] AppleTV4K, [0000018069C6A800][00000180679AB840 49] TVOS, [0000018069BB2500][0000018067AA39C0 49] Mac, [0000018069C6B800][0000018067AA7B40 49] MacClient, [0000018069BB1B00][0000018067AAA140 49] MacNoEditor, [0000018069C68600][0000018067AAE2C0 49] MacServer, [0000018069BB3400][0000018067AB6440 49] Linux, [0000018069C68200][0000018067ABE5C0 49] LinuxAArch64, [0000018069BB0300][0000018061C1E740 49] LinuxNoEditor, [0000018069C6BC00][0000018061C228C0 49] LinuxAArch64NoEditor, [0000018069BB1100][0000018061C26A40 49] LinuxClient, [0000018069C6AF00][000001806798EB80 49] LinuxAArch64Client, [0000018069BB0F00][0000018061C2ACC0 49] LinuxServer, [0000018069C69700][0000018061C3AE00 49] LinuxAArch64Server, [0000018069BB2800][0000018061C42F40 49] Android, [0000018069C11B00][0000018061C4B0C0 49] Android_Low, [0000018069B9C900][0000018061C4F240 49] Android_Mid, [0000018069C11E00][000001806A4CB3C0 49] Android_High, [0000018069B9D900][0000018061C5B540 49] Android_Default, [0000018069C12B00][0000018061C6F6C0 49] Android_Adreno4xx, [0000018069B9D100][0000018067A97840 49] Android_Adreno5xx_Low, [0000018069C12100][0000018067A9B9C0 49] Android_Adreno5xx, [0000018069B9D600][0000018067A9FB40 49] Android_Adreno6xx, [0000018069C10B00][0000018061BDA140 49] Android_Adreno6xx_Vulkan, [0000018069B9C300][0000018061BDE2C0 49] Android_Mali_T6xx, [0000018069C13C00][0000018061BE2440 49] Android_Mali_T7xx, [0000018069B9E600][00000180619B45C0 49] Android_Mali_T8xx, [0000018069C10C00][0000018061BE6740 49] Android_Mali_G71, [0000018069B9F100][000001806A0068C0 49] Android_Mali_G72, [0000018069C10900][000001806A00AA40 49] Android_Mali_G72_Vulkan, [0000018069B9F700][000001806A04ABC0 49] Android_Mali_G76, [0000018069C12900][000001806A05AD40 49] Android_Mali_G76_Vulkan, [0000018069B9D800][0000018061C46E80 49] Android_Mali_G77, [0000018069C13900][000001806A05EFC0 49] Android_Mali_G77_Vulkan, [0000018069B9F000][000001806A063100 49] Android_Mali_G78, [0000018069C10500][000001806A06B280 49] Android_Mali_G78_Vulkan, [0000018069B9CB00][000001806A2F5400 49] Android_Mali_G710, [0000018069C13B00][000001806A2F9580 49] Android_Mali_G710_Vulkan, [0000018069B9CF00][000001806A073700 49] Android_Vulkan_SM5, [0000018069C12000][000001806A077880 49] Android_PowerVR_G6xxx, [0000018069B9C200][000001806A4E1A00 49] Android_PowerVR_GT7xxx, [0000018069C10F00][000001806A4E5B80 49] Android_PowerVR_GE8xxx, [0000018069B9ED00][0000018069F48180 49] Android_PowerVR_GM9xxx, [0000018069BB3200][0000018069F6A300 49] Android_PowerVR_GM9xxx_Vulkan, [0000018069B9FF00][0000018069F92480 49] Android_TegraK1, [0000018069BB3100][000001806A6FC600 49] Android_Unknown_Vulkan, [0000018069B9CD00][000001806A700780 49] Lumin, [0000018069BB1800][000001806A704900 49] Lumin_Desktop, [0000018069B9C400][000001806A708A80 49] HoloLens, 
[2024.07.28-10.51.54:480][  0]LogMeshReduction: Using QuadricMeshReduction for automatic static mesh reduction
[2024.07.28-10.51.54:480][  0]LogMeshReduction: Using SimplygonMeshReduction for automatic skeletal mesh reduction
[2024.07.28-10.51.54:481][  0]LogMeshReduction: Using ProxyLODMeshReduction for automatic mesh merging
[2024.07.28-10.51.54:481][  0]LogMeshReduction: No distributed automatic mesh merging module available
[2024.07.28-10.51.54:481][  0]LogMeshMerging: No distributed automatic mesh merging module available
[2024.07.28-10.51.54:499][  0]LogNetVersion: InsectHeaven 1.0.0, NetCL: 17155196, EngineNetVer: 17, GameNetVer: 0 (Checksum: 3375795940)
[2024.07.28-10.51.54:734][  0]LogTexture: Default maximum texture size for cubemaps generated from long-lat sources has been changed from 512 to unlimited. In order to preserve old behaiour for '/Engine/MapTemplates/Sky/DaylightAmbientCubemap.DaylightAmbientCubemap', its maximum texture size has been explicitly set to 512.
[2024.07.28-10.51.54:763][  0]LogHMD: PokeAHoleMaterial loaded successfully
[2024.07.28-10.51.54:767][  0]LogUObjectArray: 17178 objects as part of root set at end of initial load.
[2024.07.28-10.51.54:767][  0]LogUObjectAllocator: 4302048 out of 0 bytes used by permanent object pool.
[2024.07.28-10.51.54:767][  0]LogUObjectArray: CloseDisregardForGC: 0/0 objects in disregard for GC pool
[2024.07.28-10.51.55:351][  0]LogNiagaraDebuggerClient: Niagara Debugger Client Initialized | Session: C1F6A69E4BA6D45EDA25E1AE6F14E3F9 | Instance: 4178F5014DFC7EDC9B492D8ABEAE7FD5 (DESKTOP-NS5ONMH-19492).
[2024.07.28-10.51.55:624][  0]LogPython: Using Python 3.7.7
[2024.07.28-10.51.55:943][  0]LogTcpMessaging: Initializing TcpMessaging bridge
[2024.07.28-10.51.55:953][  0]LogUdpMessaging: Initializing bridge on interface 0.0.0.0:0 to multicast group 230.0.0.1:6666.
[2024.07.28-10.51.56:965][  0]LogOpenImageDenoise: OIDN starting up
[2024.07.28-10.51.56:976][  0]SourceControl: 소스 컨트롤이 꺼졌습니다.
[2024.07.28-10.51.56:976][  0]SourceControl: 소스 컨트롤이 꺼졌습니다.
[2024.07.28-10.51.56:985][  0]SourceControl: 소스 컨트롤이 꺼졌습니다.
[2024.07.28-10.51.56:994][  0]SourceControl: 소스 컨트롤이 꺼졌습니다.
[2024.07.28-10.51.57:013][  0]SourceControl: 소스 컨트롤이 꺼졌습니다.
[2024.07.28-10.51.57:028][  0]LogUProjectInfo: Found projects:
[2024.07.28-10.51.57:143][  0]LogAndroidPermission: UAndroidPermissionCallbackProxy::GetInstance
[2024.07.28-10.51.57:180][  0]LogAudioCaptureCore: Display: No Audio Capture implementations found. Audio input will be silent.
[2024.07.28-10.51.57:180][  0]LogAudioCaptureCore: Display: No Audio Capture implementations found. Audio input will be silent.
[2024.07.28-10.51.57:407][  0]LogCollectionManager: Loaded 0 collections in 0.001362 seconds
[2024.07.28-10.51.57:459][  0]LogFileCache: Scanning file cache for directory 'C:/Users/nanim/GitHub/InsectHeaven/InsectHeaven/Saved/Collections/' took 0.00s
[2024.07.28-10.51.57:459][  0]LogFileCache: Scanning file cache for directory 'C:/Users/nanim/GitHub/InsectHeaven/InsectHeaven/Content/Developers/nanim/Collections/' took 0.00s
[2024.07.28-10.51.57:459][  0]LogFileCache: Scanning file cache for directory 'C:/Users/nanim/GitHub/InsectHeaven/InsectHeaven/Content/Collections/' took 0.00s
[2024.07.28-10.51.57:459][  0]LogOcInput: OculusInput pre-init called
[2024.07.28-10.51.57:665][  0]LogClass: Warning: ObjectProperty FDialogueClip::formerAction is not initialized properly. Module:InsectHeaven File:Library/Dialogue/DialogueEditToolWidget.h
[2024.07.28-10.51.57:666][  0]LogClass: Warning: ObjectProperty FDialogueClip::nowAction is not initialized properly. Module:InsectHeaven File:Library/Dialogue/DialogueEditToolWidget.h
[2024.07.28-10.51.57:666][  0]LogClass: Display: IntProperty FCharacter_2D::Name is not initialized properly. Module:InsectHeaven File:Table/DataStruct/Character_2D.h
[2024.07.28-10.51.57:666][  0]LogClass: Display: IntProperty FCharacter_2D::ImageID is not initialized properly. Module:InsectHeaven File:Table/DataStruct/Character_2D.h
[2024.07.28-10.51.57:666][  0]LogClass: Display: IntProperty FResource_Widget::PathFile is not initialized properly. Module:InsectHeaven File:Table/DataStruct/Resource_Widget.h
[2024.07.28-10.51.57:666][  0]LogClass: Display: IntProperty FScript_Local::Test is not initialized properly. Module:InsectHeaven File:Table/DataStruct/Script_Local.h
[2024.07.28-10.51.57:667][  0]LogClass: Display: 6 Uninitialized script struct members found including 2 object properties
[2024.07.28-10.51.57:667][  0]LogAutomationTest: Warning: ObjectProperty FDialogueClip::formerAction is not initialized properly. Module:InsectHeaven File:Library/Dialogue/DialogueEditToolWidget.h
[2024.07.28-10.51.57:667][  0]LogAutomationTest: Warning: ObjectProperty FDialogueClip::nowAction is not initialized properly. Module:InsectHeaven File:Library/Dialogue/DialogueEditToolWidget.h
[2024.07.28-10.51.57:668][  0]LogEngine: Initializing Engine...
[2024.07.28-10.51.57:675][  0]LogHMD: Failed to enumerate extensions. Please check that you have a valid OpenXR runtime installed.
[2024.07.28-10.51.57:676][  0]LogHMD: Failed to initialize OpenVR with code 110
[2024.07.28-10.51.57:676][  0]LogMagicLeap: Warning: VR disabled because ZI is not enabled.  To enable, in the editor, Edit -> Project Settings -> Plugins -> Magic Leap Plugin -> Enable Zero Iteration
[2024.07.28-10.51.57:676][  0]LogStats: UGameplayTagsManager::InitializeManager -  0.000 s
[2024.07.28-10.51.57:759][  0]LogInit: Initializing FReadOnlyCVARCache
[2024.07.28-10.51.57:772][  0]LogAIModule: Creating AISystem for world Untitled
[2024.07.28-10.51.57:772][  0]LogAudio: Display: Initializing Audio Device Manager...
[2024.07.28-10.51.57:780][  0]LogAudio: Display: Loading Default Audio Settings Objects...
[2024.07.28-10.51.57:780][  0]LogAudio: Display: No default SoundConcurrencyObject specified (or failed to load).
[2024.07.28-10.51.57:781][  0]LogAudio: Display: Audio Device Manager Initialized
[2024.07.28-10.51.57:781][  0]LogAudio: Display: Creating Audio Device:                 Id: 1, Scope: Shared, Realtime: True
[2024.07.28-10.51.57:781][  0]LogAudioMixer: Display: Audio Mixer Platform Settings:
[2024.07.28-10.51.57:781][  0]LogAudioMixer: Display: 	Sample Rate:						  48000
[2024.07.28-10.51.57:781][  0]LogAudioMixer: Display: 	Callback Buffer Frame Size Requested: 1024
[2024.07.28-10.51.57:781][  0]LogAudioMixer: Display: 	Callback Buffer Frame Size To Use:	  1024
[2024.07.28-10.51.57:781][  0]LogAudioMixer: Display: 	Number of buffers to queue:			  2
[2024.07.28-10.51.57:781][  0]LogAudioMixer: Display: 	Max Channels (voices):				  32
[2024.07.28-10.51.57:782][  0]LogAudioMixer: Display: 	Number of Async Source Workers:		  0
[2024.07.28-10.51.57:782][  0]LogAudio: Display: AudioDevice MaxSources: 32
[2024.07.28-10.51.57:782][  0]LogAudio: Display: Audio Spatialization Plugin: None (built-in).
[2024.07.28-10.51.57:782][  0]LogAudio: Display: Audio Reverb Plugin: None (built-in).
[2024.07.28-10.51.57:782][  0]LogAudio: Display: Audio Occlusion Plugin: None (built-in).
[2024.07.28-10.51.57:782][  0]LogAudioMixer: Display: Initializing audio mixer.
[2024.07.28-10.51.57:822][  0]LogAudioMixer: Display: 0: FrontLeft
[2024.07.28-10.51.57:822][  0]LogAudioMixer: Display: 1: FrontRight
[2024.07.28-10.51.57:867][  0]LogAudioMixer: Display: Using Audio Device 스피커(ABKO N550)
[2024.07.28-10.51.57:869][  0]LogAudioMixer: Display: Initializing Sound Submixes...
[2024.07.28-10.51.57:871][  0]LogAudioMixer: Display: Creating Master Submix 'MasterSubmixDefault'
[2024.07.28-10.51.57:871][  0]LogAudioMixer: Display: Creating Master Submix 'MasterReverbSubmixDefault'
[2024.07.28-10.51.57:872][  0]LogAudioMixer: Display: Creating Master Submix 'MasterEQSubmixDefault'
[2024.07.28-10.51.57:872][  0]LogAudioMixer: FMixerPlatformXAudio2::StartAudioStream() called
[2024.07.28-10.51.57:872][  0]LogAudioMixer: Display: Output buffers initialized: Frames=1024, Channels=2, Samples=2048
[2024.07.28-10.51.57:873][  0]LogAudioMixer: Display: Starting AudioMixerPlatformInterface::RunInternal()
[2024.07.28-10.51.57:873][  0]LogAudioMixer: Display: FMixerPlatformXAudio2::SubmitBuffer() called for the first time
[2024.07.28-10.51.57:873][  0]LogInit: FAudioDevice initialized.
[2024.07.28-10.51.57:873][  0]LogAudio: Display: Audio Device (ID: 1) registered with world 'Untitled'.
[2024.07.28-10.51.57:874][  0]LogNetVersion: Set ProjectVersion to 1.0.0.0. Version Checksum will be recalculated on next use.
[2024.07.28-10.51.58:175][  0]LogDerivedDataCache: Saved boot cache 0.30s 94MB C:/Users/nanim/AppData/Local/UnrealEngine/4.27/DerivedDataCache/Boot.ddc.
[2024.07.28-10.51.58:175][  0]LogInit: Texture streaming: Enabled
[2024.07.28-10.51.58:201][  0]LogAnalytics: Display: [UEEditor.Rocket.Release] APIServer = https://datarouter.ol.epicgames.com/. AppVersion = 4.27.2-18319896+++UE4+Release-4.27
[2024.07.28-10.51.58:210][  0]LogEngineSessionManager: EngineSessionManager initialized
[2024.07.28-10.51.58:210][  0]LogEditorSessionSummary: Verbose: Initializing EditorSessionSummaryWriter for editor session tracking
[2024.07.28-10.51.58:213][  0]LogEditorSessionSummary: EditorSessionSummaryWriter initialized
[2024.07.28-10.51.58:242][  0]LogInit: Transaction tracking system initialized
[2024.07.28-10.51.58:289][  0]BlueprintLog: New page: 에디터 로드
[2024.07.28-10.51.58:418][  0]LocalizationService: 현지화 서비스가 비활성화되었습니다.
[2024.07.28-10.51.58:484][  0]TimingProfiler: Initialize
[2024.07.28-10.51.58:484][  0]TimingProfiler: OnSessionChanged
[2024.07.28-10.51.58:484][  0]LoadingProfiler: Initialize
[2024.07.28-10.51.58:484][  0]LoadingProfiler: OnSessionChanged
[2024.07.28-10.51.58:484][  0]NetworkingProfiler: Initialize
[2024.07.28-10.51.58:485][  0]NetworkingProfiler: OnSessionChanged
[2024.07.28-10.51.58:485][  0]MemoryProfiler: Initialize
[2024.07.28-10.51.58:485][  0]MemoryProfiler: OnSessionChanged
[2024.07.28-10.51.58:664][  0]LogCook: Display: CookSettings for Memory: MemoryMaxUsedVirtual 0MiB, MemoryMaxUsedPhysical 16384MiB, MemoryMinFreeVirtual 0MiB, MemoryMinFreePhysical 1024MiB
[2024.07.28-10.51.58:664][  0]LogCook: Display: Mobile HDR setting 1
[2024.07.28-10.51.59:051][  0]LogFileCache: Scanning file cache for directory 'C:/Users/nanim/GitHub/InsectHeaven/InsectHeaven/Content/' took 0.01s
[2024.07.28-10.51.59:176][  0]LogInit: Display: Engine is initialized. Leaving FEngineLoop::Init()
[2024.07.28-10.51.59:180][  0]SourceControl: 소스 컨트롤이 꺼졌습니다.
[2024.07.28-10.51.59:180][  0]LogUnrealEdMisc: Loading editor; pre map load, took 8.815
[2024.07.28-10.51.59:180][  0]Cmd: MAP LOAD FILE="../../../../../Users/nanim/GitHub/InsectHeaven/InsectHeaven/Content/Scene/EmptyMainLevel.umap" TEMPLATE=0 SHOWPROGRESS=1 FEATURELEVEL=3
[2024.07.28-10.51.59:181][  0]LightingResults: New page: 라이팅 빌드
[2024.07.28-10.51.59:182][  0]LogWorld: UWorld::CleanupWorld for Untitled, bSessionEnded=true, bCleanupResources=true
[2024.07.28-10.51.59:182][  0]LogSlate: InvalidateAllWidgets triggered.  All widgets were invalidated
[2024.07.28-10.51.59:182][  0]MapCheck: New page: 맵 체크
[2024.07.28-10.51.59:182][  0]LightingResults: New page: 라이팅 빌드
[2024.07.28-10.51.59:189][  0]LogAudio: Display: Audio Device unregistered from world 'None'.
[2024.07.28-10.51.59:191][  0]LogUObjectHash: Compacting FUObjectHashTables data took   0.48ms
[2024.07.28-10.51.59:194][  0]LogAudio: Display: Audio Device (ID: 1) registered with world 'EmptyMainLevel'.
[2024.07.28-10.51.59:195][  0]LogAIModule: Creating AISystem for world EmptyMainLevel
[2024.07.28-10.51.59:195][  0]LogEditorServer: Finished looking for orphan Actors (0.000 secs)
[2024.07.28-10.51.59:199][  0]LogUObjectHash: Compacting FUObjectHashTables data took   0.36ms
[2024.07.28-10.51.59:199][  0]Cmd: MAP CHECKDEP NOCLEARLOG
[2024.07.28-10.51.59:199][  0]MapCheck: 맵 체크 완료: 오류 0 회, 경고 0 회, 소요 시간 0.124ms.
[2024.07.28-10.51.59:199][  0]LogFileHelpers: Loading map 'EmptyMainLevel' took 0.019
[2024.07.28-10.51.59:203][  0]LogUnrealEdMisc: Total Editor Startup Time, took 8.838
[2024.07.28-10.51.59:307][  0]LogSlate: Updating window title bar state: overlay mode, drag disabled, window buttons hidden, title bar hidden
[2024.07.28-10.51.59:311][  0]LogSlate: Updating window title bar state: overlay mode, drag disabled, window buttons hidden, title bar hidden
[2024.07.28-10.51.59:314][  0]LogSlate: Updating window title bar state: overlay mode, drag disabled, window buttons hidden, title bar hidden
[2024.07.28-10.51.59:317][  0]LogSlate: Updating window title bar state: overlay mode, drag disabled, window buttons hidden, title bar hidden
[2024.07.28-10.51.59:329][  0]LogNativeClassHierarchy: Verbose: Native class hierarchy populated in 0.0068 seconds. Added 3868 classes and 945 folders.
[2024.07.28-10.51.59:331][  0]LogNativeClassHierarchy: Verbose: Native class hierarchy updated for 'WidgetCarousel' in 0.0002 seconds. Added 0 classes and 0 folders.
[2024.07.28-10.51.59:333][  0]LogPakFile: PakFile PrimaryIndexSize=187
[2024.07.28-10.51.59:333][  0]LogPakFile: PakFile PathHashIndexSize=101
[2024.07.28-10.51.59:333][  0]LogPakFile: PakFile FullDirectoryIndexSize=148
[2024.07.28-10.51.59:333][  0]LogShaderLibrary: Display: ShaderCodeLibraryPakFileMountedCallback: PakFile 'C:/Program Files/UE_4.27/FeaturePacks/FP_FirstPerson.upack' (chunk index -1, root 'root:/') mounted
[2024.07.28-10.51.59:334][  0]LogShaderLibrary: Display: ShaderCodeLibraryPakFileMountedCallback: pending pak file info (ChunkID:-1 Root:root:/ File:C:/Program Files/UE_4.27/FeaturePacks/FP_FirstPerson.upack)
[2024.07.28-10.51.59:334][  0]LogPakFile: OnPakFileMounted2Time == 0.000297
[2024.07.28-10.51.59:334][  0]LogPakFile: PakFile PrimaryIndexSize=189
[2024.07.28-10.51.59:335][  0]LogPakFile: PakFile PathHashIndexSize=101
[2024.07.28-10.51.59:335][  0]LogPakFile: PakFile FullDirectoryIndexSize=152
[2024.07.28-10.51.59:335][  0]LogShaderLibrary: Display: ShaderCodeLibraryPakFileMountedCallback: PakFile 'C:/Program Files/UE_4.27/FeaturePacks/FP_FirstPersonBP.upack' (chunk index -1, root 'root:/') mounted
[2024.07.28-10.51.59:335][  0]LogShaderLibrary: Display: ShaderCodeLibraryPakFileMountedCallback: pending pak file info (ChunkID:-1 Root:root:/ File:C:/Program Files/UE_4.27/FeaturePacks/FP_FirstPersonBP.upack)
[2024.07.28-10.51.59:335][  0]LogPakFile: OnPakFileMounted2Time == 0.000274
[2024.07.28-10.51.59:336][  0]LogPakFile: PakFile PrimaryIndexSize=191
[2024.07.28-10.51.59:336][  0]LogPakFile: PakFile PathHashIndexSize=101
[2024.07.28-10.51.59:336][  0]LogPakFile: PakFile FullDirectoryIndexSize=160
[2024.07.28-10.51.59:336][  0]LogShaderLibrary: Display: ShaderCodeLibraryPakFileMountedCallback: PakFile 'C:/Program Files/UE_4.27/FeaturePacks/MobileStarterContent.upack' (chunk index -1, root 'root:/') mounted
[2024.07.28-10.51.59:336][  0]LogShaderLibrary: Display: ShaderCodeLibraryPakFileMountedCallback: pending pak file info (ChunkID:-1 Root:root:/ File:C:/Program Files/UE_4.27/FeaturePacks/MobileStarterContent.upack)
[2024.07.28-10.51.59:337][  0]LogPakFile: OnPakFileMounted2Time == 0.000242
[2024.07.28-10.51.59:337][  0]LogPakFile: PakFile PrimaryIndexSize=185
[2024.07.28-10.51.59:337][  0]LogPakFile: PakFile PathHashIndexSize=101
[2024.07.28-10.51.59:337][  0]LogPakFile: PakFile FullDirectoryIndexSize=148
[2024.07.28-10.51.59:337][  0]LogShaderLibrary: Display: ShaderCodeLibraryPakFileMountedCallback: PakFile 'C:/Program Files/UE_4.27/FeaturePacks/StarterContent.upack' (chunk index -1, root 'root:/') mounted
[2024.07.28-10.51.59:338][  0]LogShaderLibrary: Display: ShaderCodeLibraryPakFileMountedCallback: pending pak file info (ChunkID:-1 Root:root:/ File:C:/Program Files/UE_4.27/FeaturePacks/StarterContent.upack)
[2024.07.28-10.51.59:338][  0]LogPakFile: OnPakFileMounted2Time == 0.000263
[2024.07.28-10.51.59:338][  0]LogPakFile: PakFile PrimaryIndexSize=190
[2024.07.28-10.51.59:339][  0]LogPakFile: PakFile PathHashIndexSize=101
[2024.07.28-10.51.59:339][  0]LogPakFile: PakFile FullDirectoryIndexSize=154
[2024.07.28-10.51.59:339][  0]LogShaderLibrary: Display: ShaderCodeLibraryPakFileMountedCallback: PakFile 'C:/Program Files/UE_4.27/FeaturePacks/TP_2DSideScroller.upack' (chunk index -1, root 'root:/') mounted
[2024.07.28-10.51.59:339][  0]LogShaderLibrary: Display: ShaderCodeLibraryPakFileMountedCallback: pending pak file info (ChunkID:-1 Root:root:/ File:C:/Program Files/UE_4.27/FeaturePacks/TP_2DSideScroller.upack)
[2024.07.28-10.51.59:339][  0]LogPakFile: OnPakFileMounted2Time == 0.000275
[2024.07.28-10.51.59:340][  0]LogPakFile: PakFile PrimaryIndexSize=192
[2024.07.28-10.51.59:340][  0]LogPakFile: PakFile PathHashIndexSize=101
[2024.07.28-10.51.59:340][  0]LogPakFile: PakFile FullDirectoryIndexSize=158
[2024.07.28-10.51.59:340][  0]LogShaderLibrary: Display: ShaderCodeLibraryPakFileMountedCallback: PakFile 'C:/Program Files/UE_4.27/FeaturePacks/TP_2DSideScrollerBP.upack' (chunk index -1, root 'root:/') mounted
[2024.07.28-10.51.59:340][  0]LogShaderLibrary: Display: ShaderCodeLibraryPakFileMountedCallback: pending pak file info (ChunkID:-1 Root:root:/ File:C:/Program Files/UE_4.27/FeaturePacks/TP_2DSideScrollerBP.upack)
[2024.07.28-10.51.59:340][  0]LogPakFile: OnPakFileMounted2Time == 0.000185
[2024.07.28-10.51.59:341][  0]LogPakFile: PakFile PrimaryIndexSize=182
[2024.07.28-10.51.59:341][  0]LogPakFile: PakFile PathHashIndexSize=101
[2024.07.28-10.51.59:341][  0]LogPakFile: PakFile FullDirectoryIndexSize=138
[2024.07.28-10.51.59:341][  0]LogShaderLibrary: Display: ShaderCodeLibraryPakFileMountedCallback: PakFile 'C:/Program Files/UE_4.27/FeaturePacks/TP_Flying.upack' (chunk index -1, root 'root:/') mounted
[2024.07.28-10.51.59:341][  0]LogShaderLibrary: Display: ShaderCodeLibraryPakFileMountedCallback: pending pak file info (ChunkID:-1 Root:root:/ File:C:/Program Files/UE_4.27/FeaturePacks/TP_Flying.upack)
[2024.07.28-10.51.59:341][  0]LogPakFile: OnPakFileMounted2Time == 0.000326
[2024.07.28-10.51.59:342][  0]LogPakFile: PakFile PrimaryIndexSize=184
[2024.07.28-10.51.59:342][  0]LogPakFile: PakFile PathHashIndexSize=101
[2024.07.28-10.51.59:342][  0]LogPakFile: PakFile FullDirectoryIndexSize=142
[2024.07.28-10.51.59:342][  0]LogShaderLibrary: Display: ShaderCodeLibraryPakFileMountedCallback: PakFile 'C:/Program Files/UE_4.27/FeaturePacks/TP_FlyingBP.upack' (chunk index -1, root 'root:/') mounted
[2024.07.28-10.51.59:342][  0]LogShaderLibrary: Display: ShaderCodeLibraryPakFileMountedCallback: pending pak file info (ChunkID:-1 Root:root:/ File:C:/Program Files/UE_4.27/FeaturePacks/TP_FlyingBP.upack)
[2024.07.28-10.51.59:342][  0]LogPakFile: OnPakFileMounted2Time == 0.000264
[2024.07.28-10.51.59:343][  0]LogPakFile: PakFile PrimaryIndexSize=188
[2024.07.28-10.51.59:343][  0]LogPakFile: PakFile PathHashIndexSize=101
[2024.07.28-10.51.59:343][  0]LogPakFile: PakFile FullDirectoryIndexSize=150
[2024.07.28-10.51.59:343][  0]LogShaderLibrary: Display: ShaderCodeLibraryPakFileMountedCallback: PakFile 'C:/Program Files/UE_4.27/FeaturePacks/TP_HandheldARBP.upack' (chunk index -1, root 'root:/') mounted
[2024.07.28-10.51.59:343][  0]LogShaderLibrary: Display: ShaderCodeLibraryPakFileMountedCallback: pending pak file info (ChunkID:-1 Root:root:/ File:C:/Program Files/UE_4.27/FeaturePacks/TP_HandheldARBP.upack)
[2024.07.28-10.51.59:344][  0]LogPakFile: OnPakFileMounted2Time == 0.000275
[2024.07.28-10.51.59:344][  0]LogPakFile: PakFile PrimaryIndexSize=182
[2024.07.28-10.51.59:344][  0]LogPakFile: PakFile PathHashIndexSize=101
[2024.07.28-10.51.59:344][  0]LogPakFile: PakFile FullDirectoryIndexSize=138
[2024.07.28-10.51.59:345][  0]LogShaderLibrary: Display: ShaderCodeLibraryPakFileMountedCallback: PakFile 'C:/Program Files/UE_4.27/FeaturePacks/TP_Puzzle.upack' (chunk index -1, root 'root:/') mounted
[2024.07.28-10.51.59:345][  0]LogShaderLibrary: Display: ShaderCodeLibraryPakFileMountedCallback: pending pak file info (ChunkID:-1 Root:root:/ File:C:/Program Files/UE_4.27/FeaturePacks/TP_Puzzle.upack)
[2024.07.28-10.51.59:345][  0]LogPakFile: OnPakFileMounted2Time == 0.000215
[2024.07.28-10.51.59:345][  0]LogPakFile: PakFile PrimaryIndexSize=184
[2024.07.28-10.51.59:345][  0]LogPakFile: PakFile PathHashIndexSize=101
[2024.07.28-10.51.59:346][  0]LogPakFile: PakFile FullDirectoryIndexSize=142
[2024.07.28-10.51.59:346][  0]LogShaderLibrary: Display: ShaderCodeLibraryPakFileMountedCallback: PakFile 'C:/Program Files/UE_4.27/FeaturePacks/TP_PuzzleBP.upack' (chunk index -1, root 'root:/') mounted
[2024.07.28-10.51.59:346][  0]LogShaderLibrary: Display: ShaderCodeLibraryPakFileMountedCallback: pending pak file info (ChunkID:-1 Root:root:/ File:C:/Program Files/UE_4.27/FeaturePacks/TP_PuzzleBP.upack)
[2024.07.28-10.51.59:346][  0]LogPakFile: OnPakFileMounted2Time == 0.000274
[2024.07.28-10.51.59:347][  0]LogPakFile: PakFile PrimaryIndexSize=183
[2024.07.28-10.51.59:347][  0]LogPakFile: PakFile PathHashIndexSize=101
[2024.07.28-10.51.59:347][  0]LogPakFile: PakFile FullDirectoryIndexSize=140
[2024.07.28-10.51.59:347][  0]LogShaderLibrary: Display: ShaderCodeLibraryPakFileMountedCallback: PakFile 'C:/Program Files/UE_4.27/FeaturePacks/TP_Rolling.upack' (chunk index -1, root 'root:/') mounted
[2024.07.28-10.51.59:347][  0]LogShaderLibrary: Display: ShaderCodeLibraryPakFileMountedCallback: pending pak file info (ChunkID:-1 Root:root:/ File:C:/Program Files/UE_4.27/FeaturePacks/TP_Rolling.upack)
[2024.07.28-10.51.59:347][  0]LogPakFile: OnPakFileMounted2Time == 0.000256
[2024.07.28-10.51.59:348][  0]LogPakFile: PakFile PrimaryIndexSize=185
[2024.07.28-10.51.59:348][  0]LogPakFile: PakFile PathHashIndexSize=101
[2024.07.28-10.51.59:348][  0]LogPakFile: PakFile FullDirectoryIndexSize=144
[2024.07.28-10.51.59:349][  0]LogShaderLibrary: Display: ShaderCodeLibraryPakFileMountedCallback: PakFile 'C:/Program Files/UE_4.27/FeaturePacks/TP_RollingBP.upack' (chunk index -1, root 'root:/') mounted
[2024.07.28-10.51.59:349][  0]LogShaderLibrary: Display: ShaderCodeLibraryPakFileMountedCallback: pending pak file info (ChunkID:-1 Root:root:/ File:C:/Program Files/UE_4.27/FeaturePacks/TP_RollingBP.upack)
[2024.07.28-10.51.59:349][  0]LogPakFile: OnPakFileMounted2Time == 0.000237
[2024.07.28-10.51.59:350][  0]LogPakFile: PakFile PrimaryIndexSize=188
[2024.07.28-10.51.59:350][  0]LogPakFile: PakFile PathHashIndexSize=101
[2024.07.28-10.51.59:350][  0]LogPakFile: PakFile FullDirectoryIndexSize=150
[2024.07.28-10.51.59:350][  0]LogShaderLibrary: Display: ShaderCodeLibraryPakFileMountedCallback: PakFile 'C:/Program Files/UE_4.27/FeaturePacks/TP_SideScroller.upack' (chunk index -1, root 'root:/') mounted
[2024.07.28-10.51.59:350][  0]LogShaderLibrary: Display: ShaderCodeLibraryPakFileMountedCallback: pending pak file info (ChunkID:-1 Root:root:/ File:C:/Program Files/UE_4.27/FeaturePacks/TP_SideScroller.upack)
[2024.07.28-10.51.59:350][  0]LogPakFile: OnPakFileMounted2Time == 0.000272
[2024.07.28-10.51.59:351][  0]LogPakFile: PakFile PrimaryIndexSize=190
[2024.07.28-10.51.59:351][  0]LogPakFile: PakFile PathHashIndexSize=101
[2024.07.28-10.51.59:351][  0]LogPakFile: PakFile FullDirectoryIndexSize=154
[2024.07.28-10.51.59:351][  0]LogShaderLibrary: Display: ShaderCodeLibraryPakFileMountedCallback: PakFile 'C:/Program Files/UE_4.27/FeaturePacks/TP_SideScrollerBP.upack' (chunk index -1, root 'root:/') mounted
[2024.07.28-10.51.59:351][  0]LogShaderLibrary: Display: ShaderCodeLibraryPakFileMountedCallback: pending pak file info (ChunkID:-1 Root:root:/ File:C:/Program Files/UE_4.27/FeaturePacks/TP_SideScrollerBP.upack)
[2024.07.28-10.51.59:351][  0]LogPakFile: OnPakFileMounted2Time == 0.000270
[2024.07.28-10.51.59:352][  0]LogPakFile: PakFile PrimaryIndexSize=187
[2024.07.28-10.51.59:352][  0]LogPakFile: PakFile PathHashIndexSize=101
[2024.07.28-10.51.59:352][  0]LogPakFile: PakFile FullDirectoryIndexSize=148
[2024.07.28-10.51.59:352][  0]LogShaderLibrary: Display: ShaderCodeLibraryPakFileMountedCallback: PakFile 'C:/Program Files/UE_4.27/FeaturePacks/TP_ThirdPerson.upack' (chunk index -1, root 'root:/') mounted
[2024.07.28-10.51.59:352][  0]LogShaderLibrary: Display: ShaderCodeLibraryPakFileMountedCallback: pending pak file info (ChunkID:-1 Root:root:/ File:C:/Program Files/UE_4.27/FeaturePacks/TP_ThirdPerson.upack)
[2024.07.28-10.51.59:352][  0]LogPakFile: OnPakFileMounted2Time == 0.000279
[2024.07.28-10.51.59:353][  0]LogPakFile: PakFile PrimaryIndexSize=189
[2024.07.28-10.51.59:353][  0]LogPakFile: PakFile PathHashIndexSize=101
[2024.07.28-10.51.59:353][  0]LogPakFile: PakFile FullDirectoryIndexSize=152
[2024.07.28-10.51.59:354][  0]LogShaderLibrary: Display: ShaderCodeLibraryPakFileMountedCallback: PakFile 'C:/Program Files/UE_4.27/FeaturePacks/TP_ThirdPersonBP.upack' (chunk index -1, root 'root:/') mounted
[2024.07.28-10.51.59:354][  0]LogShaderLibrary: Display: ShaderCodeLibraryPakFileMountedCallback: pending pak file info (ChunkID:-1 Root:root:/ File:C:/Program Files/UE_4.27/FeaturePacks/TP_ThirdPersonBP.upack)
[2024.07.28-10.51.59:354][  0]LogPakFile: OnPakFileMounted2Time == 0.000267
[2024.07.28-10.51.59:355][  0]LogPakFile: PakFile PrimaryIndexSize=183
[2024.07.28-10.51.59:355][  0]LogPakFile: PakFile PathHashIndexSize=101
[2024.07.28-10.51.59:355][  0]LogPakFile: PakFile FullDirectoryIndexSize=140
[2024.07.28-10.51.59:355][  0]LogShaderLibrary: Display: ShaderCodeLibraryPakFileMountedCallback: PakFile 'C:/Program Files/UE_4.27/FeaturePacks/TP_TopDown.upack' (chunk index -1, root 'root:/') mounted
[2024.07.28-10.51.59:355][  0]LogShaderLibrary: Display: ShaderCodeLibraryPakFileMountedCallback: pending pak file info (ChunkID:-1 Root:root:/ File:C:/Program Files/UE_4.27/FeaturePacks/TP_TopDown.upack)
[2024.07.28-10.51.59:355][  0]LogPakFile: OnPakFileMounted2Time == 0.000245
[2024.07.28-10.51.59:356][  0]LogPakFile: PakFile PrimaryIndexSize=185
[2024.07.28-10.51.59:356][  0]LogPakFile: PakFile PathHashIndexSize=101
[2024.07.28-10.51.59:356][  0]LogPakFile: PakFile FullDirectoryIndexSize=144
[2024.07.28-10.51.59:356][  0]LogShaderLibrary: Display: ShaderCodeLibraryPakFileMountedCallback: PakFile 'C:/Program Files/UE_4.27/FeaturePacks/TP_TopDownBP.upack' (chunk index -1, root 'root:/') mounted
[2024.07.28-10.51.59:356][  0]LogShaderLibrary: Display: ShaderCodeLibraryPakFileMountedCallback: pending pak file info (ChunkID:-1 Root:root:/ File:C:/Program Files/UE_4.27/FeaturePacks/TP_TopDownBP.upack)
[2024.07.28-10.51.59:356][  0]LogPakFile: OnPakFileMounted2Time == 0.000247
[2024.07.28-10.51.59:357][  0]LogPakFile: PakFile PrimaryIndexSize=185
[2024.07.28-10.51.59:357][  0]LogPakFile: PakFile PathHashIndexSize=101
[2024.07.28-10.51.59:357][  0]LogPakFile: PakFile FullDirectoryIndexSize=144
[2024.07.28-10.51.59:357][  0]LogShaderLibrary: Display: ShaderCodeLibraryPakFileMountedCallback: PakFile 'C:/Program Files/UE_4.27/FeaturePacks/TP_TwinStick.upack' (chunk index -1, root 'root:/') mounted
[2024.07.28-10.51.59:357][  0]LogShaderLibrary: Display: ShaderCodeLibraryPakFileMountedCallback: pending pak file info (ChunkID:-1 Root:root:/ File:C:/Program Files/UE_4.27/FeaturePacks/TP_TwinStick.upack)
[2024.07.28-10.51.59:357][  0]LogPakFile: OnPakFileMounted2Time == 0.000258
[2024.07.28-10.51.59:358][  0]LogPakFile: PakFile PrimaryIndexSize=187
[2024.07.28-10.51.59:358][  0]LogPakFile: PakFile PathHashIndexSize=101
[2024.07.28-10.51.59:358][  0]LogPakFile: PakFile FullDirectoryIndexSize=148
[2024.07.28-10.51.59:358][  0]LogShaderLibrary: Display: ShaderCodeLibraryPakFileMountedCallback: PakFile 'C:/Program Files/UE_4.27/FeaturePacks/TP_TwinStickBP.upack' (chunk index -1, root 'root:/') mounted
[2024.07.28-10.51.59:358][  0]LogShaderLibrary: Display: ShaderCodeLibraryPakFileMountedCallback: pending pak file info (ChunkID:-1 Root:root:/ File:C:/Program Files/UE_4.27/FeaturePacks/TP_TwinStickBP.upack)
[2024.07.28-10.51.59:358][  0]LogPakFile: OnPakFileMounted2Time == 0.000262
[2024.07.28-10.51.59:359][  0]LogPakFile: PakFile PrimaryIndexSize=183
[2024.07.28-10.51.59:359][  0]LogPakFile: PakFile PathHashIndexSize=101
[2024.07.28-10.51.59:359][  0]LogPakFile: PakFile FullDirectoryIndexSize=140
[2024.07.28-10.51.59:359][  0]LogShaderLibrary: Display: ShaderCodeLibraryPakFileMountedCallback: PakFile 'C:/Program Files/UE_4.27/FeaturePacks/TP_Vehicle.upack' (chunk index -1, root 'root:/') mounted
[2024.07.28-10.51.59:359][  0]LogShaderLibrary: Display: ShaderCodeLibraryPakFileMountedCallback: pending pak file info (ChunkID:-1 Root:root:/ File:C:/Program Files/UE_4.27/FeaturePacks/TP_Vehicle.upack)
[2024.07.28-10.51.59:360][  0]LogPakFile: OnPakFileMounted2Time == 0.000362
[2024.07.28-10.51.59:360][  0]LogPakFile: PakFile PrimaryIndexSize=186
[2024.07.28-10.51.59:360][  0]LogPakFile: PakFile PathHashIndexSize=101
[2024.07.28-10.51.59:360][  0]LogPakFile: PakFile FullDirectoryIndexSize=146
[2024.07.28-10.51.59:361][  0]LogShaderLibrary: Display: ShaderCodeLibraryPakFileMountedCallback: PakFile 'C:/Program Files/UE_4.27/FeaturePacks/TP_VehicleAdv.upack' (chunk index -1, root 'root:/') mounted
[2024.07.28-10.51.59:361][  0]LogShaderLibrary: Display: ShaderCodeLibraryPakFileMountedCallback: pending pak file info (ChunkID:-1 Root:root:/ File:C:/Program Files/UE_4.27/FeaturePacks/TP_VehicleAdv.upack)
[2024.07.28-10.51.59:361][  0]LogPakFile: OnPakFileMounted2Time == 0.000273
[2024.07.28-10.51.59:362][  0]LogPakFile: PakFile PrimaryIndexSize=188
[2024.07.28-10.51.59:362][  0]LogPakFile: PakFile PathHashIndexSize=101
[2024.07.28-10.51.59:362][  0]LogPakFile: PakFile FullDirectoryIndexSize=150
[2024.07.28-10.51.59:362][  0]LogShaderLibrary: Display: ShaderCodeLibraryPakFileMountedCallback: PakFile 'C:/Program Files/UE_4.27/FeaturePacks/TP_VehicleAdvBP.upack' (chunk index -1, root 'root:/') mounted
[2024.07.28-10.51.59:362][  0]LogShaderLibrary: Display: ShaderCodeLibraryPakFileMountedCallback: pending pak file info (ChunkID:-1 Root:root:/ File:C:/Program Files/UE_4.27/FeaturePacks/TP_VehicleAdvBP.upack)
[2024.07.28-10.51.59:362][  0]LogPakFile: OnPakFileMounted2Time == 0.000324
[2024.07.28-10.51.59:363][  0]LogPakFile: PakFile PrimaryIndexSize=185
[2024.07.28-10.51.59:363][  0]LogPakFile: PakFile PathHashIndexSize=101
[2024.07.28-10.51.59:363][  0]LogPakFile: PakFile FullDirectoryIndexSize=144
[2024.07.28-10.51.59:363][  0]LogShaderLibrary: Display: ShaderCodeLibraryPakFileMountedCallback: PakFile 'C:/Program Files/UE_4.27/FeaturePacks/TP_VehicleBP.upack' (chunk index -1, root 'root:/') mounted
[2024.07.28-10.51.59:363][  0]LogShaderLibrary: Display: ShaderCodeLibraryPakFileMountedCallback: pending pak file info (ChunkID:-1 Root:root:/ File:C:/Program Files/UE_4.27/FeaturePacks/TP_VehicleBP.upack)
[2024.07.28-10.51.59:364][  0]LogPakFile: OnPakFileMounted2Time == 0.000322
[2024.07.28-10.51.59:364][  0]LogPakFile: PakFile PrimaryIndexSize=192
[2024.07.28-10.51.59:364][  0]LogPakFile: PakFile PathHashIndexSize=101
[2024.07.28-10.51.59:365][  0]LogPakFile: PakFile FullDirectoryIndexSize=158
[2024.07.28-10.51.59:365][  0]LogShaderLibrary: Display: ShaderCodeLibraryPakFileMountedCallback: PakFile 'C:/Program Files/UE_4.27/FeaturePacks/TP_VirtualRealityBP.upack' (chunk index -1, root 'root:/') mounted
[2024.07.28-10.51.59:365][  0]LogShaderLibrary: Display: ShaderCodeLibraryPakFileMountedCallback: pending pak file info (ChunkID:-1 Root:root:/ File:C:/Program Files/UE_4.27/FeaturePacks/TP_VirtualRealityBP.upack)
[2024.07.28-10.51.59:365][  0]LogPakFile: OnPakFileMounted2Time == 0.000202
[2024.07.28-10.51.59:412][  0]LogNativeClassHierarchy: Verbose: Native class hierarchy updated for 'AddContentDialog' in 0.0002 seconds. Added 0 classes and 0 folders.
[2024.07.28-10.51.59:413][  0]LogNativeClassHierarchy: Verbose: Native class hierarchy updated for 'SceneOutliner' in 0.0002 seconds. Added 2 classes and 0 folders.
[2024.07.28-10.51.59:446][  0]LogSlate: Took 0.000316 seconds to synchronously load lazily loaded font '../../../Engine/Content/Slate/Fonts/Roboto-Regular.ttf' (155K)
[2024.07.28-10.51.59:447][  0]LogSlate: Took 0.000234 seconds to synchronously load lazily loaded font '../../../Engine/Content/Editor/Slate/Fonts/FontAwesome.ttf' (139K)
[2024.07.28-10.51.59:449][  0]LogSlate: Took 0.000947 seconds to synchronously load lazily loaded font '../../../Engine/Content/Editor/Slate/Fonts/NanumGothic.ttf' (4243K)
[2024.07.28-10.51.59:450][  0]LogSlate: Took 0.000865 seconds to synchronously load lazily loaded font '../../../Engine/Content/Editor/Slate/Fonts/NanumGothicBold.ttf' (4188K)
[2024.07.28-10.51.59:450][  0]LogSlate: Took 0.000163 seconds to synchronously load lazily loaded font '../../../Engine/Content/Slate/Fonts/Roboto-Bold.ttf' (160K)
[2024.07.28-10.51.59:502][  0]LogRenderer: Reallocating scene render targets to support 1208x572 Format 10 NumSamples 1 (Frame:1).
[2024.07.28-10.51.59:553][  0]LogNativeClassHierarchy: Verbose: Native class hierarchy updated for 'HierarchicalLODOutliner' in 0.0002 seconds. Added 0 classes and 0 folders.
[2024.07.28-10.51.59:553][  0]LogLoad: (Engine Initialization) Total time: 9.19 seconds
[2024.07.28-10.51.59:553][  0]LogLoad: (Engine Initialization) Total Blueprint compile time: 0.00 seconds
[2024.07.28-10.51.59:590][  0]LogAssetRegistry: Asset discovery search completed in 5.3921 seconds
[2024.07.28-10.51.59:595][  0]LogCollectionManager: Fixed up redirectors for 0 collections in 0.000003 seconds (updated 0 objects)
[2024.07.28-10.51.59:596][  0]LogContentStreaming: Texture pool size now 1000 MB
[2024.07.28-10.51.59:902][  1]LogFileCache: Retrieving MD5 hashes for directory 'C:/Users/nanim/GitHub/InsectHeaven/InsectHeaven/Content/' took 0.33s
[2024.07.28-10.52.02:580][142]LogSlate: Took 0.000219 seconds to synchronously load lazily loaded font '../../../Engine/Content/Slate/Fonts/Roboto-Light.ttf' (167K)
[2024.07.28-10.52.04:819][360]LogEditorClassViewer: Warning: Class /Engine/Tutorial/InWorldBlueprintEditing/TutorialAssets/IWBE_Blutility.IWBE_Blutility_C has parent /Script/Blutility.PlacedEditorUtilityBase, but this parent is not found. The Class will not be shown in ClassViewer.
[2024.07.28-10.53.28:036][501]LogSlate: Window '위젯 리플렉터' being destroyed
[2024.07.28-10.53.28:042][501]LogSlate: Window '위젯 리플렉터' being destroyed
